        -:    0:Source:/usr/include/c++/9/bits/stl_algo.h
        -:    0:Graph:/home/edd993/CLionProjects/hdr_generator/cmake-build-debug/CMakeFiles/hdr_generator.dir/main.cpp.gcno
        -:    0:Data:/home/edd993/CLionProjects/hdr_generator/cmake-build-debug/CMakeFiles/hdr_generator.dir/main.cpp.gcda
        -:    0:Runs:1
        -:    1:// Algorithm implementation -*- C++ -*-
        -:    2:
        -:    3:// Copyright (C) 2001-2019 Free Software Foundation, Inc.
        -:    4://
        -:    5:// This file is part of the GNU ISO C++ Library.  This library is free
        -:    6:// software; you can redistribute it and/or modify it under the
        -:    7:// terms of the GNU General Public License as published by the
        -:    8:// Free Software Foundation; either version 3, or (at your option)
        -:    9:// any later version.
        -:   10:
        -:   11:// This library is distributed in the hope that it will be useful,
        -:   12:// but WITHOUT ANY WARRANTY; without even the implied warranty of
        -:   13:// MERCHANTABILITY or FITNESS FOR A PARTICULAR PURPOSE.  See the
        -:   14:// GNU General Public License for more details.
        -:   15:
        -:   16:// Under Section 7 of GPL version 3, you are granted additional
        -:   17:// permissions described in the GCC Runtime Library Exception, version
        -:   18:// 3.1, as published by the Free Software Foundation.
        -:   19:
        -:   20:// You should have received a copy of the GNU General Public License and
        -:   21:// a copy of the GCC Runtime Library Exception along with this program;
        -:   22:// see the files COPYING3 and COPYING.RUNTIME respectively.  If not, see
        -:   23:// <http://www.gnu.org/licenses/>.
        -:   24:
        -:   25:/*
        -:   26: *
        -:   27: * Copyright (c) 1994
        -:   28: * Hewlett-Packard Company
        -:   29: *
        -:   30: * Permission to use, copy, modify, distribute and sell this software
        -:   31: * and its documentation for any purpose is hereby granted without fee,
        -:   32: * provided that the above copyright notice appear in all copies and
        -:   33: * that both that copyright notice and this permission notice appear
        -:   34: * in supporting documentation.  Hewlett-Packard Company makes no
        -:   35: * representations about the suitability of this software for any
        -:   36: * purpose.  It is provided "as is" without express or implied warranty.
        -:   37: *
        -:   38: *
        -:   39: * Copyright (c) 1996
        -:   40: * Silicon Graphics Computer Systems, Inc.
        -:   41: *
        -:   42: * Permission to use, copy, modify, distribute and sell this software
        -:   43: * and its documentation for any purpose is hereby granted without fee,
        -:   44: * provided that the above copyright notice appear in all copies and
        -:   45: * that both that copyright notice and this permission notice appear
        -:   46: * in supporting documentation.  Silicon Graphics makes no
        -:   47: * representations about the suitability of this software for any
        -:   48: * purpose.  It is provided "as is" without express or implied warranty.
        -:   49: */
        -:   50:
        -:   51:/** @file bits/stl_algo.h
        -:   52: *  This is an internal header file, included by other library headers.
        -:   53: *  Do not attempt to use it directly. @headername{algorithm}
        -:   54: */
        -:   55:
        -:   56:#ifndef _STL_ALGO_H
        -:   57:#define _STL_ALGO_H 1
        -:   58:
        -:   59:#include <cstdlib>	     // for rand
        -:   60:#include <bits/algorithmfwd.h>
        -:   61:#include <bits/stl_heap.h>
        -:   62:#include <bits/stl_tempbuf.h>  // for _Temporary_buffer
        -:   63:#include <bits/predefined_ops.h>
        -:   64:
        -:   65:#if __cplusplus >= 201103L
        -:   66:#include <bits/uniform_int_dist.h>
        -:   67:#endif
        -:   68:
        -:   69:// See concept_check.h for the __glibcxx_*_requires macros.
        -:   70:
        -:   71:namespace std _GLIBCXX_VISIBILITY(default)
        -:   72:{
        -:   73:_GLIBCXX_BEGIN_NAMESPACE_VERSION
        -:   74:
        -:   75:  /// Swaps the median value of *__a, *__b and *__c under __comp to *__result
        -:   76:  template<typename _Iterator, typename _Compare>
        -:   77:    void
    #####:   78:    __move_median_to_first(_Iterator __result,_Iterator __a, _Iterator __b,
        -:   79:			   _Iterator __c, _Compare __comp)
        -:   80:    {
    #####:   81:      if (__comp(__a, __b))
        -:   82:	{
    #####:   83:	  if (__comp(__b, __c))
    #####:   84:	    std::iter_swap(__result, __b);
    #####:   85:	  else if (__comp(__a, __c))
    #####:   86:	    std::iter_swap(__result, __c);
        -:   87:	  else
    #####:   88:	    std::iter_swap(__result, __a);
        -:   89:	}
    #####:   90:      else if (__comp(__a, __c))
    #####:   91:	std::iter_swap(__result, __a);
    #####:   92:      else if (__comp(__b, __c))
    #####:   93:	std::iter_swap(__result, __c);
        -:   94:      else
    #####:   95:	std::iter_swap(__result, __b);
    #####:   96:    }
------------------
_ZSt22__move_median_to_firstIN9__gnu_cxx17__normal_iteratorIPfSt6vectorIfSaIfEEEENS0_5__ops15_Iter_less_iterEEvT_S9_S9_S9_T0_:
    #####:   78:    __move_median_to_first(_Iterator __result,_Iterator __a, _Iterator __b,
        -:   79:			   _Iterator __c, _Compare __comp)
        -:   80:    {
    #####:   81:      if (__comp(__a, __b))
    %%%%%:   81-block  0
        -:   82:	{
    #####:   83:	  if (__comp(__b, __c))
    %%%%%:   83-block  0
    #####:   84:	    std::iter_swap(__result, __b);
    %%%%%:   84-block  0
    #####:   85:	  else if (__comp(__a, __c))
    %%%%%:   85-block  0
    #####:   86:	    std::iter_swap(__result, __c);
    %%%%%:   86-block  0
        -:   87:	  else
    #####:   88:	    std::iter_swap(__result, __a);
    %%%%%:   88-block  0
        -:   89:	}
    #####:   90:      else if (__comp(__a, __c))
    %%%%%:   90-block  0
    #####:   91:	std::iter_swap(__result, __a);
    %%%%%:   91-block  0
    #####:   92:      else if (__comp(__b, __c))
    %%%%%:   92-block  0
    #####:   93:	std::iter_swap(__result, __c);
    %%%%%:   93-block  0
        -:   94:      else
    #####:   95:	std::iter_swap(__result, __b);
    %%%%%:   95-block  0
    #####:   96:    }
------------------
_ZSt22__move_median_to_firstIN9__gnu_cxx17__normal_iteratorIPPN3pic5ImageESt6vectorIS4_SaIS4_EEEENS0_5__ops15_Iter_comp_iterIZNS2_26ImaveVecSortByExposureTimeERS8_EUlPKS3_SE_E_EEEvT_SH_SH_SH_T0_:
    #####:   78:    __move_median_to_first(_Iterator __result,_Iterator __a, _Iterator __b,
        -:   79:			   _Iterator __c, _Compare __comp)
        -:   80:    {
    #####:   81:      if (__comp(__a, __b))
    %%%%%:   81-block  0
    %%%%%:   81-block  1
        -:   82:	{
    #####:   83:	  if (__comp(__b, __c))
    %%%%%:   83-block  0
    %%%%%:   83-block  1
    #####:   84:	    std::iter_swap(__result, __b);
    %%%%%:   84-block  0
    #####:   85:	  else if (__comp(__a, __c))
    %%%%%:   85-block  0
    %%%%%:   85-block  1
    %%%%%:   85-block  2
    #####:   86:	    std::iter_swap(__result, __c);
    %%%%%:   86-block  0
        -:   87:	  else
    #####:   88:	    std::iter_swap(__result, __a);
    %%%%%:   88-block  0
        -:   89:	}
    #####:   90:      else if (__comp(__a, __c))
    %%%%%:   90-block  0
    %%%%%:   90-block  1
    #####:   91:	std::iter_swap(__result, __a);
    %%%%%:   91-block  0
    #####:   92:      else if (__comp(__b, __c))
    %%%%%:   92-block  0
    %%%%%:   92-block  1
    %%%%%:   92-block  2
    #####:   93:	std::iter_swap(__result, __c);
    %%%%%:   93-block  0
        -:   94:      else
    #####:   95:	std::iter_swap(__result, __b);
    %%%%%:   95-block  0
    #####:   96:    }
------------------
_ZSt22__move_median_to_firstIPfN9__gnu_cxx5__ops15_Iter_less_iterEEvT_S4_S4_S4_T0_:
    #####:   78:    __move_median_to_first(_Iterator __result,_Iterator __a, _Iterator __b,
        -:   79:			   _Iterator __c, _Compare __comp)
        -:   80:    {
    #####:   81:      if (__comp(__a, __b))
    %%%%%:   81-block  0
        -:   82:	{
    #####:   83:	  if (__comp(__b, __c))
    %%%%%:   83-block  0
    #####:   84:	    std::iter_swap(__result, __b);
    #####:   85:	  else if (__comp(__a, __c))
    %%%%%:   85-block  0
    #####:   86:	    std::iter_swap(__result, __c);
        -:   87:	  else
    #####:   88:	    std::iter_swap(__result, __a);
        -:   89:	}
    #####:   90:      else if (__comp(__a, __c))
    %%%%%:   90-block  0
    #####:   91:	std::iter_swap(__result, __a);
    #####:   92:      else if (__comp(__b, __c))
    %%%%%:   92-block  0
    #####:   93:	std::iter_swap(__result, __c);
        -:   94:      else
    #####:   95:	std::iter_swap(__result, __b);
    #####:   96:    }
------------------
        -:   97:
        -:   98:  /// This is an overload used by find algos for the Input Iterator case.
        -:   99:  template<typename _InputIterator, typename _Predicate>
        -:  100:    inline _InputIterator
        -:  101:    __find_if(_InputIterator __first, _InputIterator __last,
        -:  102:	      _Predicate __pred, input_iterator_tag)
        -:  103:    {
        -:  104:      while (__first != __last && !__pred(__first))
        -:  105:	++__first;
        -:  106:      return __first;
        -:  107:    }
        -:  108:
        -:  109:  /// This is an overload used by find algos for the RAI case.
        -:  110:  template<typename _RandomAccessIterator, typename _Predicate>
        -:  111:    _RandomAccessIterator
        -:  112:    __find_if(_RandomAccessIterator __first, _RandomAccessIterator __last,
        -:  113:	      _Predicate __pred, random_access_iterator_tag)
        -:  114:    {
        -:  115:      typename iterator_traits<_RandomAccessIterator>::difference_type
        -:  116:	__trip_count = (__last - __first) >> 2;
        -:  117:
        -:  118:      for (; __trip_count > 0; --__trip_count)
        -:  119:	{
        -:  120:	  if (__pred(__first))
        -:  121:	    return __first;
        -:  122:	  ++__first;
        -:  123:
        -:  124:	  if (__pred(__first))
        -:  125:	    return __first;
        -:  126:	  ++__first;
        -:  127:
        -:  128:	  if (__pred(__first))
        -:  129:	    return __first;
        -:  130:	  ++__first;
        -:  131:
        -:  132:	  if (__pred(__first))
        -:  133:	    return __first;
        -:  134:	  ++__first;
        -:  135:	}
        -:  136:
        -:  137:      switch (__last - __first)
        -:  138:	{
        -:  139:	case 3:
        -:  140:	  if (__pred(__first))
        -:  141:	    return __first;
        -:  142:	  ++__first;
        -:  143:	case 2:
        -:  144:	  if (__pred(__first))
        -:  145:	    return __first;
        -:  146:	  ++__first;
        -:  147:	case 1:
        -:  148:	  if (__pred(__first))
        -:  149:	    return __first;
        -:  150:	  ++__first;
        -:  151:	case 0:
        -:  152:	default:
        -:  153:	  return __last;
        -:  154:	}
        -:  155:    }
        -:  156:
        -:  157:  template<typename _Iterator, typename _Predicate>
        -:  158:    inline _Iterator
        -:  159:    __find_if(_Iterator __first, _Iterator __last, _Predicate __pred)
        -:  160:    {
        -:  161:      return __find_if(__first, __last, __pred,
        -:  162:		       std::__iterator_category(__first));
        -:  163:    }
        -:  164:
        -:  165:  /// Provided for stable_partition to use.
        -:  166:  template<typename _InputIterator, typename _Predicate>
        -:  167:    inline _InputIterator
        -:  168:    __find_if_not(_InputIterator __first, _InputIterator __last,
        -:  169:		  _Predicate __pred)
        -:  170:    {
        -:  171:      return std::__find_if(__first, __last,
        -:  172:			    __gnu_cxx::__ops::__negate(__pred),
        -:  173:			    std::__iterator_category(__first));
        -:  174:    }
        -:  175:
        -:  176:  /// Like find_if_not(), but uses and updates a count of the
        -:  177:  /// remaining range length instead of comparing against an end
        -:  178:  /// iterator.
        -:  179:  template<typename _InputIterator, typename _Predicate, typename _Distance>
        -:  180:    _InputIterator
        -:  181:    __find_if_not_n(_InputIterator __first, _Distance& __len, _Predicate __pred)
        -:  182:    {
        -:  183:      for (; __len; --__len,  (void) ++__first)
        -:  184:	if (!__pred(__first))
        -:  185:	  break;
        -:  186:      return __first;
        -:  187:    }
        -:  188:
        -:  189:  // set_difference
        -:  190:  // set_intersection
        -:  191:  // set_symmetric_difference
        -:  192:  // set_union
        -:  193:  // for_each
        -:  194:  // find
        -:  195:  // find_if
        -:  196:  // find_first_of
        -:  197:  // adjacent_find
        -:  198:  // count
        -:  199:  // count_if
        -:  200:  // search
        -:  201:
        -:  202:  template<typename _ForwardIterator1, typename _ForwardIterator2,
        -:  203:	   typename _BinaryPredicate>
        -:  204:    _ForwardIterator1
        -:  205:    __search(_ForwardIterator1 __first1, _ForwardIterator1 __last1,
        -:  206:	     _ForwardIterator2 __first2, _ForwardIterator2 __last2,
        -:  207:	     _BinaryPredicate  __predicate)
        -:  208:    {
        -:  209:      // Test for empty ranges
        -:  210:      if (__first1 == __last1 || __first2 == __last2)
        -:  211:	return __first1;
        -:  212:
        -:  213:      // Test for a pattern of length 1.
        -:  214:      _ForwardIterator2 __p1(__first2);
        -:  215:      if (++__p1 == __last2)
        -:  216:	return std::__find_if(__first1, __last1,
        -:  217:		__gnu_cxx::__ops::__iter_comp_iter(__predicate, __first2));
        -:  218:
        -:  219:      // General case.
        -:  220:      _ForwardIterator2 __p;
        -:  221:      _ForwardIterator1 __current = __first1;
        -:  222:
        -:  223:      for (;;)
        -:  224:	{
        -:  225:	  __first1 =
        -:  226:	    std::__find_if(__first1, __last1,
        -:  227:		__gnu_cxx::__ops::__iter_comp_iter(__predicate, __first2));
        -:  228:
        -:  229:	  if (__first1 == __last1)
        -:  230:	    return __last1;
        -:  231:
        -:  232:	  __p = __p1;
        -:  233:	  __current = __first1;
        -:  234:	  if (++__current == __last1)
        -:  235:	    return __last1;
        -:  236:
        -:  237:	  while (__predicate(__current, __p))
        -:  238:	    {
        -:  239:	      if (++__p == __last2)
        -:  240:		return __first1;
        -:  241:	      if (++__current == __last1)
        -:  242:		return __last1;
        -:  243:	    }
        -:  244:	  ++__first1;
        -:  245:	}
        -:  246:      return __first1;
        -:  247:    }
        -:  248:
        -:  249:  // search_n
        -:  250:
        -:  251:  /**
        -:  252:   *  This is an helper function for search_n overloaded for forward iterators.
        -:  253:  */
        -:  254:  template<typename _ForwardIterator, typename _Integer,
        -:  255:	   typename _UnaryPredicate>
        -:  256:    _ForwardIterator
        -:  257:    __search_n_aux(_ForwardIterator __first, _ForwardIterator __last,
        -:  258:		   _Integer __count, _UnaryPredicate __unary_pred,
        -:  259:		   std::forward_iterator_tag)
        -:  260:    {
        -:  261:      __first = std::__find_if(__first, __last, __unary_pred);
        -:  262:      while (__first != __last)
        -:  263:	{
        -:  264:	  typename iterator_traits<_ForwardIterator>::difference_type
        -:  265:	    __n = __count;
        -:  266:	  _ForwardIterator __i = __first;
        -:  267:	  ++__i;
        -:  268:	  while (__i != __last && __n != 1 && __unary_pred(__i))
        -:  269:	    {
        -:  270:	      ++__i;
        -:  271:	      --__n;
        -:  272:	    }
        -:  273:	  if (__n == 1)
        -:  274:	    return __first;
        -:  275:	  if (__i == __last)
        -:  276:	    return __last;
        -:  277:	  __first = std::__find_if(++__i, __last, __unary_pred);
        -:  278:	}
        -:  279:      return __last;
        -:  280:    }
        -:  281:
        -:  282:  /**
        -:  283:   *  This is an helper function for search_n overloaded for random access
        -:  284:   *  iterators.
        -:  285:  */
        -:  286:  template<typename _RandomAccessIter, typename _Integer,
        -:  287:	   typename _UnaryPredicate>
        -:  288:    _RandomAccessIter
        -:  289:    __search_n_aux(_RandomAccessIter __first, _RandomAccessIter __last,
        -:  290:		   _Integer __count, _UnaryPredicate __unary_pred,
        -:  291:		   std::random_access_iterator_tag)
        -:  292:    {
        -:  293:      typedef typename std::iterator_traits<_RandomAccessIter>::difference_type
        -:  294:	_DistanceType;
        -:  295:
        -:  296:      _DistanceType __tailSize = __last - __first;
        -:  297:      _DistanceType __remainder = __count;
        -:  298:
        -:  299:      while (__remainder <= __tailSize) // the main loop...
        -:  300:	{
        -:  301:	  __first += __remainder;
        -:  302:	  __tailSize -= __remainder;
        -:  303:	  // __first here is always pointing to one past the last element of
        -:  304:	  // next possible match.
        -:  305:	  _RandomAccessIter __backTrack = __first; 
        -:  306:	  while (__unary_pred(--__backTrack))
        -:  307:	    {
        -:  308:	      if (--__remainder == 0)
        -:  309:		return (__first - __count); // Success
        -:  310:	    }
        -:  311:	  __remainder = __count + 1 - (__first - __backTrack);
        -:  312:	}
        -:  313:      return __last; // Failure
        -:  314:    }
        -:  315:
        -:  316:  template<typename _ForwardIterator, typename _Integer,
        -:  317:	   typename _UnaryPredicate>
        -:  318:    _ForwardIterator
        -:  319:    __search_n(_ForwardIterator __first, _ForwardIterator __last,
        -:  320:	       _Integer __count,
        -:  321:	       _UnaryPredicate __unary_pred)
        -:  322:    {
        -:  323:      if (__count <= 0)
        -:  324:	return __first;
        -:  325:
        -:  326:      if (__count == 1)
        -:  327:	return std::__find_if(__first, __last, __unary_pred);
        -:  328:
        -:  329:      return std::__search_n_aux(__first, __last, __count, __unary_pred,
        -:  330:				 std::__iterator_category(__first));
        -:  331:    }
        -:  332:
        -:  333:  // find_end for forward iterators.
        -:  334:  template<typename _ForwardIterator1, typename _ForwardIterator2,
        -:  335:	   typename _BinaryPredicate>
        -:  336:    _ForwardIterator1
        -:  337:    __find_end(_ForwardIterator1 __first1, _ForwardIterator1 __last1,
        -:  338:	       _ForwardIterator2 __first2, _ForwardIterator2 __last2,
        -:  339:	       forward_iterator_tag, forward_iterator_tag,
        -:  340:	       _BinaryPredicate __comp)
        -:  341:    {
        -:  342:      if (__first2 == __last2)
        -:  343:	return __last1;
        -:  344:
        -:  345:      _ForwardIterator1 __result = __last1;
        -:  346:      while (1)
        -:  347:	{
        -:  348:	  _ForwardIterator1 __new_result
        -:  349:	    = std::__search(__first1, __last1, __first2, __last2, __comp);
        -:  350:	  if (__new_result == __last1)
        -:  351:	    return __result;
        -:  352:	  else
        -:  353:	    {
        -:  354:	      __result = __new_result;
        -:  355:	      __first1 = __new_result;
        -:  356:	      ++__first1;
        -:  357:	    }
        -:  358:	}
        -:  359:    }
        -:  360:
        -:  361:  // find_end for bidirectional iterators (much faster).
        -:  362:  template<typename _BidirectionalIterator1, typename _BidirectionalIterator2,
        -:  363:	   typename _BinaryPredicate>
        -:  364:    _BidirectionalIterator1
        -:  365:    __find_end(_BidirectionalIterator1 __first1,
        -:  366:	       _BidirectionalIterator1 __last1,
        -:  367:	       _BidirectionalIterator2 __first2,
        -:  368:	       _BidirectionalIterator2 __last2,
        -:  369:	       bidirectional_iterator_tag, bidirectional_iterator_tag,
        -:  370:	       _BinaryPredicate __comp)
        -:  371:    {
        -:  372:      // concept requirements
        -:  373:      __glibcxx_function_requires(_BidirectionalIteratorConcept<
        -:  374:				  _BidirectionalIterator1>)
        -:  375:      __glibcxx_function_requires(_BidirectionalIteratorConcept<
        -:  376:				  _BidirectionalIterator2>)
        -:  377:
        -:  378:      typedef reverse_iterator<_BidirectionalIterator1> _RevIterator1;
        -:  379:      typedef reverse_iterator<_BidirectionalIterator2> _RevIterator2;
        -:  380:
        -:  381:      _RevIterator1 __rlast1(__first1);
        -:  382:      _RevIterator2 __rlast2(__first2);
        -:  383:      _RevIterator1 __rresult = std::__search(_RevIterator1(__last1), __rlast1,
        -:  384:					      _RevIterator2(__last2), __rlast2,
        -:  385:					      __comp);
        -:  386:
        -:  387:      if (__rresult == __rlast1)
        -:  388:	return __last1;
        -:  389:      else
        -:  390:	{
        -:  391:	  _BidirectionalIterator1 __result = __rresult.base();
        -:  392:	  std::advance(__result, -std::distance(__first2, __last2));
        -:  393:	  return __result;
        -:  394:	}
        -:  395:    }
        -:  396:
        -:  397:  /**
        -:  398:   *  @brief  Find last matching subsequence in a sequence.
        -:  399:   *  @ingroup non_mutating_algorithms
        -:  400:   *  @param  __first1  Start of range to search.
        -:  401:   *  @param  __last1   End of range to search.
        -:  402:   *  @param  __first2  Start of sequence to match.
        -:  403:   *  @param  __last2   End of sequence to match.
        -:  404:   *  @return   The last iterator @c i in the range
        -:  405:   *  @p [__first1,__last1-(__last2-__first2)) such that @c *(i+N) ==
        -:  406:   *  @p *(__first2+N) for each @c N in the range @p
        -:  407:   *  [0,__last2-__first2), or @p __last1 if no such iterator exists.
        -:  408:   *
        -:  409:   *  Searches the range @p [__first1,__last1) for a sub-sequence that
        -:  410:   *  compares equal value-by-value with the sequence given by @p
        -:  411:   *  [__first2,__last2) and returns an iterator to the __first
        -:  412:   *  element of the sub-sequence, or @p __last1 if the sub-sequence
        -:  413:   *  is not found.  The sub-sequence will be the last such
        -:  414:   *  subsequence contained in [__first1,__last1).
        -:  415:   *
        -:  416:   *  Because the sub-sequence must lie completely within the range @p
        -:  417:   *  [__first1,__last1) it must start at a position less than @p
        -:  418:   *  __last1-(__last2-__first2) where @p __last2-__first2 is the
        -:  419:   *  length of the sub-sequence.  This means that the returned
        -:  420:   *  iterator @c i will be in the range @p
        -:  421:   *  [__first1,__last1-(__last2-__first2))
        -:  422:  */
        -:  423:  template<typename _ForwardIterator1, typename _ForwardIterator2>
        -:  424:    inline _ForwardIterator1
        -:  425:    find_end(_ForwardIterator1 __first1, _ForwardIterator1 __last1,
        -:  426:	     _ForwardIterator2 __first2, _ForwardIterator2 __last2)
        -:  427:    {
        -:  428:      // concept requirements
        -:  429:      __glibcxx_function_requires(_ForwardIteratorConcept<_ForwardIterator1>)
        -:  430:      __glibcxx_function_requires(_ForwardIteratorConcept<_ForwardIterator2>)
        -:  431:      __glibcxx_function_requires(_EqualOpConcept<
        -:  432:	    typename iterator_traits<_ForwardIterator1>::value_type,
        -:  433:	    typename iterator_traits<_ForwardIterator2>::value_type>)
        -:  434:      __glibcxx_requires_valid_range(__first1, __last1);
        -:  435:      __glibcxx_requires_valid_range(__first2, __last2);
        -:  436:
        -:  437:      return std::__find_end(__first1, __last1, __first2, __last2,
        -:  438:			     std::__iterator_category(__first1),
        -:  439:			     std::__iterator_category(__first2),
        -:  440:			     __gnu_cxx::__ops::__iter_equal_to_iter());
        -:  441:    }
        -:  442:
        -:  443:  /**
        -:  444:   *  @brief  Find last matching subsequence in a sequence using a predicate.
        -:  445:   *  @ingroup non_mutating_algorithms
        -:  446:   *  @param  __first1  Start of range to search.
        -:  447:   *  @param  __last1   End of range to search.
        -:  448:   *  @param  __first2  Start of sequence to match.
        -:  449:   *  @param  __last2   End of sequence to match.
        -:  450:   *  @param  __comp    The predicate to use.
        -:  451:   *  @return The last iterator @c i in the range @p
        -:  452:   *  [__first1,__last1-(__last2-__first2)) such that @c
        -:  453:   *  predicate(*(i+N), @p (__first2+N)) is true for each @c N in the
        -:  454:   *  range @p [0,__last2-__first2), or @p __last1 if no such iterator
        -:  455:   *  exists.
        -:  456:   *
        -:  457:   *  Searches the range @p [__first1,__last1) for a sub-sequence that
        -:  458:   *  compares equal value-by-value with the sequence given by @p
        -:  459:   *  [__first2,__last2) using comp as a predicate and returns an
        -:  460:   *  iterator to the first element of the sub-sequence, or @p __last1
        -:  461:   *  if the sub-sequence is not found.  The sub-sequence will be the
        -:  462:   *  last such subsequence contained in [__first,__last1).
        -:  463:   *
        -:  464:   *  Because the sub-sequence must lie completely within the range @p
        -:  465:   *  [__first1,__last1) it must start at a position less than @p
        -:  466:   *  __last1-(__last2-__first2) where @p __last2-__first2 is the
        -:  467:   *  length of the sub-sequence.  This means that the returned
        -:  468:   *  iterator @c i will be in the range @p
        -:  469:   *  [__first1,__last1-(__last2-__first2))
        -:  470:  */
        -:  471:  template<typename _ForwardIterator1, typename _ForwardIterator2,
        -:  472:	   typename _BinaryPredicate>
        -:  473:    inline _ForwardIterator1
        -:  474:    find_end(_ForwardIterator1 __first1, _ForwardIterator1 __last1,
        -:  475:	     _ForwardIterator2 __first2, _ForwardIterator2 __last2,
        -:  476:	     _BinaryPredicate __comp)
        -:  477:    {
        -:  478:      // concept requirements
        -:  479:      __glibcxx_function_requires(_ForwardIteratorConcept<_ForwardIterator1>)
        -:  480:      __glibcxx_function_requires(_ForwardIteratorConcept<_ForwardIterator2>)
        -:  481:      __glibcxx_function_requires(_BinaryPredicateConcept<_BinaryPredicate,
        -:  482:	    typename iterator_traits<_ForwardIterator1>::value_type,
        -:  483:	    typename iterator_traits<_ForwardIterator2>::value_type>)
        -:  484:      __glibcxx_requires_valid_range(__first1, __last1);
        -:  485:      __glibcxx_requires_valid_range(__first2, __last2);
        -:  486:
        -:  487:      return std::__find_end(__first1, __last1, __first2, __last2,
        -:  488:			     std::__iterator_category(__first1),
        -:  489:			     std::__iterator_category(__first2),
        -:  490:			     __gnu_cxx::__ops::__iter_comp_iter(__comp));
        -:  491:    }
        -:  492:
        -:  493:#if __cplusplus >= 201103L
        -:  494:  /**
        -:  495:   *  @brief  Checks that a predicate is true for all the elements
        -:  496:   *          of a sequence.
        -:  497:   *  @ingroup non_mutating_algorithms
        -:  498:   *  @param  __first   An input iterator.
        -:  499:   *  @param  __last    An input iterator.
        -:  500:   *  @param  __pred    A predicate.
        -:  501:   *  @return  True if the check is true, false otherwise.
        -:  502:   *
        -:  503:   *  Returns true if @p __pred is true for each element in the range
        -:  504:   *  @p [__first,__last), and false otherwise.
        -:  505:  */
        -:  506:  template<typename _InputIterator, typename _Predicate>
        -:  507:    inline bool
        -:  508:    all_of(_InputIterator __first, _InputIterator __last, _Predicate __pred)
        -:  509:    { return __last == std::find_if_not(__first, __last, __pred); }
        -:  510:
        -:  511:  /**
        -:  512:   *  @brief  Checks that a predicate is false for all the elements
        -:  513:   *          of a sequence.
        -:  514:   *  @ingroup non_mutating_algorithms
        -:  515:   *  @param  __first   An input iterator.
        -:  516:   *  @param  __last    An input iterator.
        -:  517:   *  @param  __pred    A predicate.
        -:  518:   *  @return  True if the check is true, false otherwise.
        -:  519:   *
        -:  520:   *  Returns true if @p __pred is false for each element in the range
        -:  521:   *  @p [__first,__last), and false otherwise.
        -:  522:  */
        -:  523:  template<typename _InputIterator, typename _Predicate>
        -:  524:    inline bool
        -:  525:    none_of(_InputIterator __first, _InputIterator __last, _Predicate __pred)
        -:  526:    { return __last == _GLIBCXX_STD_A::find_if(__first, __last, __pred); }
        -:  527:
        -:  528:  /**
        -:  529:   *  @brief  Checks that a predicate is false for at least an element
        -:  530:   *          of a sequence.
        -:  531:   *  @ingroup non_mutating_algorithms
        -:  532:   *  @param  __first   An input iterator.
        -:  533:   *  @param  __last    An input iterator.
        -:  534:   *  @param  __pred    A predicate.
        -:  535:   *  @return  True if the check is true, false otherwise.
        -:  536:   *
        -:  537:   *  Returns true if an element exists in the range @p
        -:  538:   *  [__first,__last) such that @p __pred is true, and false
        -:  539:   *  otherwise.
        -:  540:  */
        -:  541:  template<typename _InputIterator, typename _Predicate>
        -:  542:    inline bool
        -:  543:    any_of(_InputIterator __first, _InputIterator __last, _Predicate __pred)
        -:  544:    { return !std::none_of(__first, __last, __pred); }
        -:  545:
        -:  546:  /**
        -:  547:   *  @brief  Find the first element in a sequence for which a
        -:  548:   *          predicate is false.
        -:  549:   *  @ingroup non_mutating_algorithms
        -:  550:   *  @param  __first  An input iterator.
        -:  551:   *  @param  __last   An input iterator.
        -:  552:   *  @param  __pred   A predicate.
        -:  553:   *  @return   The first iterator @c i in the range @p [__first,__last)
        -:  554:   *  such that @p __pred(*i) is false, or @p __last if no such iterator exists.
        -:  555:  */
        -:  556:  template<typename _InputIterator, typename _Predicate>
        -:  557:    inline _InputIterator
        -:  558:    find_if_not(_InputIterator __first, _InputIterator __last,
        -:  559:		_Predicate __pred)
        -:  560:    {
        -:  561:      // concept requirements
        -:  562:      __glibcxx_function_requires(_InputIteratorConcept<_InputIterator>)
        -:  563:      __glibcxx_function_requires(_UnaryPredicateConcept<_Predicate,
        -:  564:	      typename iterator_traits<_InputIterator>::value_type>)
        -:  565:      __glibcxx_requires_valid_range(__first, __last);
        -:  566:      return std::__find_if_not(__first, __last,
        -:  567:				__gnu_cxx::__ops::__pred_iter(__pred));
        -:  568:    }
        -:  569:
        -:  570:  /**
        -:  571:   *  @brief  Checks whether the sequence is partitioned.
        -:  572:   *  @ingroup mutating_algorithms
        -:  573:   *  @param  __first  An input iterator.
        -:  574:   *  @param  __last   An input iterator.
        -:  575:   *  @param  __pred   A predicate.
        -:  576:   *  @return  True if the range @p [__first,__last) is partioned by @p __pred,
        -:  577:   *  i.e. if all elements that satisfy @p __pred appear before those that
        -:  578:   *  do not.
        -:  579:  */
        -:  580:  template<typename _InputIterator, typename _Predicate>
        -:  581:    inline bool
        -:  582:    is_partitioned(_InputIterator __first, _InputIterator __last,
        -:  583:		   _Predicate __pred)
        -:  584:    {
        -:  585:      __first = std::find_if_not(__first, __last, __pred);
        -:  586:      if (__first == __last)
        -:  587:	return true;
        -:  588:      ++__first;
        -:  589:      return std::none_of(__first, __last, __pred);
        -:  590:    }
        -:  591:
        -:  592:  /**
        -:  593:   *  @brief  Find the partition point of a partitioned range.
        -:  594:   *  @ingroup mutating_algorithms
        -:  595:   *  @param  __first   An iterator.
        -:  596:   *  @param  __last    Another iterator.
        -:  597:   *  @param  __pred    A predicate.
        -:  598:   *  @return  An iterator @p mid such that @p all_of(__first, mid, __pred)
        -:  599:   *           and @p none_of(mid, __last, __pred) are both true.
        -:  600:  */
        -:  601:  template<typename _ForwardIterator, typename _Predicate>
        -:  602:    _ForwardIterator
        -:  603:    partition_point(_ForwardIterator __first, _ForwardIterator __last,
        -:  604:		    _Predicate __pred)
        -:  605:    {
        -:  606:      // concept requirements
        -:  607:      __glibcxx_function_requires(_ForwardIteratorConcept<_ForwardIterator>)
        -:  608:      __glibcxx_function_requires(_UnaryPredicateConcept<_Predicate,
        -:  609:	      typename iterator_traits<_ForwardIterator>::value_type>)
        -:  610:
        -:  611:      // A specific debug-mode test will be necessary...
        -:  612:      __glibcxx_requires_valid_range(__first, __last);
        -:  613:
        -:  614:      typedef typename iterator_traits<_ForwardIterator>::difference_type
        -:  615:	_DistanceType;
        -:  616:
        -:  617:      _DistanceType __len = std::distance(__first, __last);
        -:  618:      _DistanceType __half;
        -:  619:      _ForwardIterator __middle;
        -:  620:
        -:  621:      while (__len > 0)
        -:  622:	{
        -:  623:	  __half = __len >> 1;
        -:  624:	  __middle = __first;
        -:  625:	  std::advance(__middle, __half);
        -:  626:	  if (__pred(*__middle))
        -:  627:	    {
        -:  628:	      __first = __middle;
        -:  629:	      ++__first;
        -:  630:	      __len = __len - __half - 1;
        -:  631:	    }
        -:  632:	  else
        -:  633:	    __len = __half;
        -:  634:	}
        -:  635:      return __first;
        -:  636:    }
        -:  637:#endif
        -:  638:
        -:  639:  template<typename _InputIterator, typename _OutputIterator,
        -:  640:	   typename _Predicate>
        -:  641:    _OutputIterator
        -:  642:    __remove_copy_if(_InputIterator __first, _InputIterator __last,
        -:  643:		     _OutputIterator __result, _Predicate __pred)
        -:  644:    {
        -:  645:      for (; __first != __last; ++__first)
        -:  646:	if (!__pred(__first))
        -:  647:	  {
        -:  648:	    *__result = *__first;
        -:  649:	    ++__result;
        -:  650:	  }
        -:  651:      return __result;
        -:  652:    }
        -:  653:
        -:  654:  /**
        -:  655:   *  @brief Copy a sequence, removing elements of a given value.
        -:  656:   *  @ingroup mutating_algorithms
        -:  657:   *  @param  __first   An input iterator.
        -:  658:   *  @param  __last    An input iterator.
        -:  659:   *  @param  __result  An output iterator.
        -:  660:   *  @param  __value   The value to be removed.
        -:  661:   *  @return   An iterator designating the end of the resulting sequence.
        -:  662:   *
        -:  663:   *  Copies each element in the range @p [__first,__last) not equal
        -:  664:   *  to @p __value to the range beginning at @p __result.
        -:  665:   *  remove_copy() is stable, so the relative order of elements that
        -:  666:   *  are copied is unchanged.
        -:  667:  */
        -:  668:  template<typename _InputIterator, typename _OutputIterator, typename _Tp>
        -:  669:    inline _OutputIterator
        -:  670:    remove_copy(_InputIterator __first, _InputIterator __last,
        -:  671:		_OutputIterator __result, const _Tp& __value)
        -:  672:    {
        -:  673:      // concept requirements
        -:  674:      __glibcxx_function_requires(_InputIteratorConcept<_InputIterator>)
        -:  675:      __glibcxx_function_requires(_OutputIteratorConcept<_OutputIterator,
        -:  676:	    typename iterator_traits<_InputIterator>::value_type>)
        -:  677:      __glibcxx_function_requires(_EqualOpConcept<
        -:  678:	    typename iterator_traits<_InputIterator>::value_type, _Tp>)
        -:  679:      __glibcxx_requires_valid_range(__first, __last);
        -:  680:
        -:  681:      return std::__remove_copy_if(__first, __last, __result,
        -:  682:	__gnu_cxx::__ops::__iter_equals_val(__value));
        -:  683:    }
        -:  684:
        -:  685:  /**
        -:  686:   *  @brief Copy a sequence, removing elements for which a predicate is true.
        -:  687:   *  @ingroup mutating_algorithms
        -:  688:   *  @param  __first   An input iterator.
        -:  689:   *  @param  __last    An input iterator.
        -:  690:   *  @param  __result  An output iterator.
        -:  691:   *  @param  __pred    A predicate.
        -:  692:   *  @return   An iterator designating the end of the resulting sequence.
        -:  693:   *
        -:  694:   *  Copies each element in the range @p [__first,__last) for which
        -:  695:   *  @p __pred returns false to the range beginning at @p __result.
        -:  696:   *
        -:  697:   *  remove_copy_if() is stable, so the relative order of elements that are
        -:  698:   *  copied is unchanged.
        -:  699:  */
        -:  700:  template<typename _InputIterator, typename _OutputIterator,
        -:  701:	   typename _Predicate>
        -:  702:    inline _OutputIterator
        -:  703:    remove_copy_if(_InputIterator __first, _InputIterator __last,
        -:  704:		   _OutputIterator __result, _Predicate __pred)
        -:  705:    {
        -:  706:      // concept requirements
        -:  707:      __glibcxx_function_requires(_InputIteratorConcept<_InputIterator>)
        -:  708:      __glibcxx_function_requires(_OutputIteratorConcept<_OutputIterator,
        -:  709:	    typename iterator_traits<_InputIterator>::value_type>)
        -:  710:      __glibcxx_function_requires(_UnaryPredicateConcept<_Predicate,
        -:  711:	    typename iterator_traits<_InputIterator>::value_type>)
        -:  712:      __glibcxx_requires_valid_range(__first, __last);
        -:  713:
        -:  714:      return std::__remove_copy_if(__first, __last, __result,
        -:  715:				   __gnu_cxx::__ops::__pred_iter(__pred));
        -:  716:    }
        -:  717:
        -:  718:#if __cplusplus >= 201103L
        -:  719:  /**
        -:  720:   *  @brief Copy the elements of a sequence for which a predicate is true.
        -:  721:   *  @ingroup mutating_algorithms
        -:  722:   *  @param  __first   An input iterator.
        -:  723:   *  @param  __last    An input iterator.
        -:  724:   *  @param  __result  An output iterator.
        -:  725:   *  @param  __pred    A predicate.
        -:  726:   *  @return   An iterator designating the end of the resulting sequence.
        -:  727:   *
        -:  728:   *  Copies each element in the range @p [__first,__last) for which
        -:  729:   *  @p __pred returns true to the range beginning at @p __result.
        -:  730:   *
        -:  731:   *  copy_if() is stable, so the relative order of elements that are
        -:  732:   *  copied is unchanged.
        -:  733:  */
        -:  734:  template<typename _InputIterator, typename _OutputIterator,
        -:  735:	   typename _Predicate>
        -:  736:    _OutputIterator
        -:  737:    copy_if(_InputIterator __first, _InputIterator __last,
        -:  738:	    _OutputIterator __result, _Predicate __pred)
        -:  739:    {
        -:  740:      // concept requirements
        -:  741:      __glibcxx_function_requires(_InputIteratorConcept<_InputIterator>)
        -:  742:      __glibcxx_function_requires(_OutputIteratorConcept<_OutputIterator,
        -:  743:	    typename iterator_traits<_InputIterator>::value_type>)
        -:  744:      __glibcxx_function_requires(_UnaryPredicateConcept<_Predicate,
        -:  745:	    typename iterator_traits<_InputIterator>::value_type>)
        -:  746:      __glibcxx_requires_valid_range(__first, __last);
        -:  747:
        -:  748:      for (; __first != __last; ++__first)
        -:  749:	if (__pred(*__first))
        -:  750:	  {
        -:  751:	    *__result = *__first;
        -:  752:	    ++__result;
        -:  753:	  }
        -:  754:      return __result;
        -:  755:    }
        -:  756:
        -:  757:  template<typename _InputIterator, typename _Size, typename _OutputIterator>
        -:  758:    _OutputIterator
        -:  759:    __copy_n(_InputIterator __first, _Size __n,
        -:  760:	     _OutputIterator __result, input_iterator_tag)
        -:  761:    {
        -:  762:      if (__n > 0)
        -:  763:	{
        -:  764:	  while (true)
        -:  765:	    {
        -:  766:	      *__result = *__first;
        -:  767:	      ++__result;
        -:  768:	      if (--__n > 0)
        -:  769:		++__first;
        -:  770:	      else
        -:  771:		break;
        -:  772:	    }
        -:  773:	}
        -:  774:      return __result;
        -:  775:    }
        -:  776:
        -:  777:  template<typename _RandomAccessIterator, typename _Size,
        -:  778:	   typename _OutputIterator>
        -:  779:    inline _OutputIterator
        -:  780:    __copy_n(_RandomAccessIterator __first, _Size __n,
        -:  781:	     _OutputIterator __result, random_access_iterator_tag)
        -:  782:    { return std::copy(__first, __first + __n, __result); }
        -:  783:
        -:  784:  /**
        -:  785:   *  @brief Copies the range [first,first+n) into [result,result+n).
        -:  786:   *  @ingroup mutating_algorithms
        -:  787:   *  @param  __first  An input iterator.
        -:  788:   *  @param  __n      The number of elements to copy.
        -:  789:   *  @param  __result An output iterator.
        -:  790:   *  @return  result+n.
        -:  791:   *
        -:  792:   *  This inline function will boil down to a call to @c memmove whenever
        -:  793:   *  possible.  Failing that, if random access iterators are passed, then the
        -:  794:   *  loop count will be known (and therefore a candidate for compiler
        -:  795:   *  optimizations such as unrolling).
        -:  796:  */
        -:  797:  template<typename _InputIterator, typename _Size, typename _OutputIterator>
        -:  798:    inline _OutputIterator
        -:  799:    copy_n(_InputIterator __first, _Size __n, _OutputIterator __result)
        -:  800:    {
        -:  801:      // concept requirements
        -:  802:      __glibcxx_function_requires(_InputIteratorConcept<_InputIterator>)
        -:  803:      __glibcxx_function_requires(_OutputIteratorConcept<_OutputIterator,
        -:  804:	    typename iterator_traits<_InputIterator>::value_type>)
        -:  805:
        -:  806:      return std::__copy_n(__first, __n, __result,
        -:  807:			   std::__iterator_category(__first));
        -:  808:    }
        -:  809:
        -:  810:  /**
        -:  811:   *  @brief Copy the elements of a sequence to separate output sequences
        -:  812:   *         depending on the truth value of a predicate.
        -:  813:   *  @ingroup mutating_algorithms
        -:  814:   *  @param  __first   An input iterator.
        -:  815:   *  @param  __last    An input iterator.
        -:  816:   *  @param  __out_true   An output iterator.
        -:  817:   *  @param  __out_false  An output iterator.
        -:  818:   *  @param  __pred    A predicate.
        -:  819:   *  @return   A pair designating the ends of the resulting sequences.
        -:  820:   *
        -:  821:   *  Copies each element in the range @p [__first,__last) for which
        -:  822:   *  @p __pred returns true to the range beginning at @p out_true
        -:  823:   *  and each element for which @p __pred returns false to @p __out_false.
        -:  824:  */
        -:  825:  template<typename _InputIterator, typename _OutputIterator1,
        -:  826:	   typename _OutputIterator2, typename _Predicate>
        -:  827:    pair<_OutputIterator1, _OutputIterator2>
        -:  828:    partition_copy(_InputIterator __first, _InputIterator __last,
        -:  829:		   _OutputIterator1 __out_true, _OutputIterator2 __out_false,
        -:  830:		   _Predicate __pred)
        -:  831:    {
        -:  832:      // concept requirements
        -:  833:      __glibcxx_function_requires(_InputIteratorConcept<_InputIterator>)
        -:  834:      __glibcxx_function_requires(_OutputIteratorConcept<_OutputIterator1,
        -:  835:	    typename iterator_traits<_InputIterator>::value_type>)
        -:  836:      __glibcxx_function_requires(_OutputIteratorConcept<_OutputIterator2,
        -:  837:	    typename iterator_traits<_InputIterator>::value_type>)
        -:  838:      __glibcxx_function_requires(_UnaryPredicateConcept<_Predicate,
        -:  839:	    typename iterator_traits<_InputIterator>::value_type>)
        -:  840:      __glibcxx_requires_valid_range(__first, __last);
        -:  841:      
        -:  842:      for (; __first != __last; ++__first)
        -:  843:	if (__pred(*__first))
        -:  844:	  {
        -:  845:	    *__out_true = *__first;
        -:  846:	    ++__out_true;
        -:  847:	  }
        -:  848:	else
        -:  849:	  {
        -:  850:	    *__out_false = *__first;
        -:  851:	    ++__out_false;
        -:  852:	  }
        -:  853:
        -:  854:      return pair<_OutputIterator1, _OutputIterator2>(__out_true, __out_false);
        -:  855:    }
        -:  856:#endif
        -:  857:
        -:  858:  template<typename _ForwardIterator, typename _Predicate>
        -:  859:    _ForwardIterator
        -:  860:    __remove_if(_ForwardIterator __first, _ForwardIterator __last,
        -:  861:		_Predicate __pred)
        -:  862:    {
        -:  863:      __first = std::__find_if(__first, __last, __pred);
        -:  864:      if (__first == __last)
        -:  865:	return __first;
        -:  866:      _ForwardIterator __result = __first;
        -:  867:      ++__first;
        -:  868:      for (; __first != __last; ++__first)
        -:  869:	if (!__pred(__first))
        -:  870:	  {
        -:  871:	    *__result = _GLIBCXX_MOVE(*__first);
        -:  872:	    ++__result;
        -:  873:	  }
        -:  874:      return __result;
        -:  875:    }
        -:  876:
        -:  877:  /**
        -:  878:   *  @brief Remove elements from a sequence.
        -:  879:   *  @ingroup mutating_algorithms
        -:  880:   *  @param  __first  An input iterator.
        -:  881:   *  @param  __last   An input iterator.
        -:  882:   *  @param  __value  The value to be removed.
        -:  883:   *  @return   An iterator designating the end of the resulting sequence.
        -:  884:   *
        -:  885:   *  All elements equal to @p __value are removed from the range
        -:  886:   *  @p [__first,__last).
        -:  887:   *
        -:  888:   *  remove() is stable, so the relative order of elements that are
        -:  889:   *  not removed is unchanged.
        -:  890:   *
        -:  891:   *  Elements between the end of the resulting sequence and @p __last
        -:  892:   *  are still present, but their value is unspecified.
        -:  893:  */
        -:  894:  template<typename _ForwardIterator, typename _Tp>
        -:  895:    inline _ForwardIterator
        -:  896:    remove(_ForwardIterator __first, _ForwardIterator __last,
        -:  897:	   const _Tp& __value)
        -:  898:    {
        -:  899:      // concept requirements
        -:  900:      __glibcxx_function_requires(_Mutable_ForwardIteratorConcept<
        -:  901:				  _ForwardIterator>)
        -:  902:      __glibcxx_function_requires(_EqualOpConcept<
        -:  903:	    typename iterator_traits<_ForwardIterator>::value_type, _Tp>)
        -:  904:      __glibcxx_requires_valid_range(__first, __last);
        -:  905:
        -:  906:      return std::__remove_if(__first, __last,
        -:  907:		__gnu_cxx::__ops::__iter_equals_val(__value));
        -:  908:    }
        -:  909:
        -:  910:  /**
        -:  911:   *  @brief Remove elements from a sequence using a predicate.
        -:  912:   *  @ingroup mutating_algorithms
        -:  913:   *  @param  __first  A forward iterator.
        -:  914:   *  @param  __last   A forward iterator.
        -:  915:   *  @param  __pred   A predicate.
        -:  916:   *  @return   An iterator designating the end of the resulting sequence.
        -:  917:   *
        -:  918:   *  All elements for which @p __pred returns true are removed from the range
        -:  919:   *  @p [__first,__last).
        -:  920:   *
        -:  921:   *  remove_if() is stable, so the relative order of elements that are
        -:  922:   *  not removed is unchanged.
        -:  923:   *
        -:  924:   *  Elements between the end of the resulting sequence and @p __last
        -:  925:   *  are still present, but their value is unspecified.
        -:  926:  */
        -:  927:  template<typename _ForwardIterator, typename _Predicate>
        -:  928:    inline _ForwardIterator
        -:  929:    remove_if(_ForwardIterator __first, _ForwardIterator __last,
        -:  930:	      _Predicate __pred)
        -:  931:    {
        -:  932:      // concept requirements
        -:  933:      __glibcxx_function_requires(_Mutable_ForwardIteratorConcept<
        -:  934:				  _ForwardIterator>)
        -:  935:      __glibcxx_function_requires(_UnaryPredicateConcept<_Predicate,
        -:  936:	    typename iterator_traits<_ForwardIterator>::value_type>)
        -:  937:      __glibcxx_requires_valid_range(__first, __last);
        -:  938:
        -:  939:      return std::__remove_if(__first, __last,
        -:  940:			      __gnu_cxx::__ops::__pred_iter(__pred));
        -:  941:    }
        -:  942:
        -:  943:  template<typename _ForwardIterator, typename _BinaryPredicate>
        -:  944:    _ForwardIterator
        -:  945:    __adjacent_find(_ForwardIterator __first, _ForwardIterator __last,
        -:  946:		    _BinaryPredicate __binary_pred)
        -:  947:    {
        -:  948:      if (__first == __last)
        -:  949:	return __last;
        -:  950:      _ForwardIterator __next = __first;
        -:  951:      while (++__next != __last)
        -:  952:	{
        -:  953:	  if (__binary_pred(__first, __next))
        -:  954:	    return __first;
        -:  955:	  __first = __next;
        -:  956:	}
        -:  957:      return __last;
        -:  958:    }
        -:  959:
        -:  960:  template<typename _ForwardIterator, typename _BinaryPredicate>
        -:  961:    _ForwardIterator
        -:  962:    __unique(_ForwardIterator __first, _ForwardIterator __last,
        -:  963:	     _BinaryPredicate __binary_pred)
        -:  964:    {
        -:  965:      // Skip the beginning, if already unique.
        -:  966:      __first = std::__adjacent_find(__first, __last, __binary_pred);
        -:  967:      if (__first == __last)
        -:  968:	return __last;
        -:  969:
        -:  970:      // Do the real copy work.
        -:  971:      _ForwardIterator __dest = __first;
        -:  972:      ++__first;
        -:  973:      while (++__first != __last)
        -:  974:	if (!__binary_pred(__dest, __first))
        -:  975:	  *++__dest = _GLIBCXX_MOVE(*__first);
        -:  976:      return ++__dest;
        -:  977:    }
        -:  978:
        -:  979:  /**
        -:  980:   *  @brief Remove consecutive duplicate values from a sequence.
        -:  981:   *  @ingroup mutating_algorithms
        -:  982:   *  @param  __first  A forward iterator.
        -:  983:   *  @param  __last   A forward iterator.
        -:  984:   *  @return  An iterator designating the end of the resulting sequence.
        -:  985:   *
        -:  986:   *  Removes all but the first element from each group of consecutive
        -:  987:   *  values that compare equal.
        -:  988:   *  unique() is stable, so the relative order of elements that are
        -:  989:   *  not removed is unchanged.
        -:  990:   *  Elements between the end of the resulting sequence and @p __last
        -:  991:   *  are still present, but their value is unspecified.
        -:  992:  */
        -:  993:  template<typename _ForwardIterator>
        -:  994:    inline _ForwardIterator
        -:  995:    unique(_ForwardIterator __first, _ForwardIterator __last)
        -:  996:    {
        -:  997:      // concept requirements
        -:  998:      __glibcxx_function_requires(_Mutable_ForwardIteratorConcept<
        -:  999:				  _ForwardIterator>)
        -: 1000:      __glibcxx_function_requires(_EqualityComparableConcept<
        -: 1001:		     typename iterator_traits<_ForwardIterator>::value_type>)
        -: 1002:      __glibcxx_requires_valid_range(__first, __last);
        -: 1003:
        -: 1004:      return std::__unique(__first, __last,
        -: 1005:			   __gnu_cxx::__ops::__iter_equal_to_iter());
        -: 1006:    }
        -: 1007:
        -: 1008:  /**
        -: 1009:   *  @brief Remove consecutive values from a sequence using a predicate.
        -: 1010:   *  @ingroup mutating_algorithms
        -: 1011:   *  @param  __first        A forward iterator.
        -: 1012:   *  @param  __last         A forward iterator.
        -: 1013:   *  @param  __binary_pred  A binary predicate.
        -: 1014:   *  @return  An iterator designating the end of the resulting sequence.
        -: 1015:   *
        -: 1016:   *  Removes all but the first element from each group of consecutive
        -: 1017:   *  values for which @p __binary_pred returns true.
        -: 1018:   *  unique() is stable, so the relative order of elements that are
        -: 1019:   *  not removed is unchanged.
        -: 1020:   *  Elements between the end of the resulting sequence and @p __last
        -: 1021:   *  are still present, but their value is unspecified.
        -: 1022:  */
        -: 1023:  template<typename _ForwardIterator, typename _BinaryPredicate>
        -: 1024:    inline _ForwardIterator
        -: 1025:    unique(_ForwardIterator __first, _ForwardIterator __last,
        -: 1026:	   _BinaryPredicate __binary_pred)
        -: 1027:    {
        -: 1028:      // concept requirements
        -: 1029:      __glibcxx_function_requires(_Mutable_ForwardIteratorConcept<
        -: 1030:				  _ForwardIterator>)
        -: 1031:      __glibcxx_function_requires(_BinaryPredicateConcept<_BinaryPredicate,
        -: 1032:		typename iterator_traits<_ForwardIterator>::value_type,
        -: 1033:		typename iterator_traits<_ForwardIterator>::value_type>)
        -: 1034:      __glibcxx_requires_valid_range(__first, __last);
        -: 1035:
        -: 1036:      return std::__unique(__first, __last,
        -: 1037:			   __gnu_cxx::__ops::__iter_comp_iter(__binary_pred));
        -: 1038:    }
        -: 1039:
        -: 1040:  /**
        -: 1041:   *  This is an uglified
        -: 1042:   *  unique_copy(_InputIterator, _InputIterator, _OutputIterator,
        -: 1043:   *              _BinaryPredicate)
        -: 1044:   *  overloaded for forward iterators and output iterator as result.
        -: 1045:  */
        -: 1046:  template<typename _ForwardIterator, typename _OutputIterator,
        -: 1047:	   typename _BinaryPredicate>
        -: 1048:    _OutputIterator
        -: 1049:    __unique_copy(_ForwardIterator __first, _ForwardIterator __last,
        -: 1050:		  _OutputIterator __result, _BinaryPredicate __binary_pred,
        -: 1051:		  forward_iterator_tag, output_iterator_tag)
        -: 1052:    {
        -: 1053:      // concept requirements -- iterators already checked
        -: 1054:      __glibcxx_function_requires(_BinaryPredicateConcept<_BinaryPredicate,
        -: 1055:	  typename iterator_traits<_ForwardIterator>::value_type,
        -: 1056:	  typename iterator_traits<_ForwardIterator>::value_type>)
        -: 1057:
        -: 1058:      _ForwardIterator __next = __first;
        -: 1059:      *__result = *__first;
        -: 1060:      while (++__next != __last)
        -: 1061:	if (!__binary_pred(__first, __next))
        -: 1062:	  {
        -: 1063:	    __first = __next;
        -: 1064:	    *++__result = *__first;
        -: 1065:	  }
        -: 1066:      return ++__result;
        -: 1067:    }
        -: 1068:
        -: 1069:  /**
        -: 1070:   *  This is an uglified
        -: 1071:   *  unique_copy(_InputIterator, _InputIterator, _OutputIterator,
        -: 1072:   *              _BinaryPredicate)
        -: 1073:   *  overloaded for input iterators and output iterator as result.
        -: 1074:  */
        -: 1075:  template<typename _InputIterator, typename _OutputIterator,
        -: 1076:	   typename _BinaryPredicate>
        -: 1077:    _OutputIterator
        -: 1078:    __unique_copy(_InputIterator __first, _InputIterator __last,
        -: 1079:		  _OutputIterator __result, _BinaryPredicate __binary_pred,
        -: 1080:		  input_iterator_tag, output_iterator_tag)
        -: 1081:    {
        -: 1082:      // concept requirements -- iterators already checked
        -: 1083:      __glibcxx_function_requires(_BinaryPredicateConcept<_BinaryPredicate,
        -: 1084:	  typename iterator_traits<_InputIterator>::value_type,
        -: 1085:	  typename iterator_traits<_InputIterator>::value_type>)
        -: 1086:
        -: 1087:      typename iterator_traits<_InputIterator>::value_type __value = *__first;
        -: 1088:      __decltype(__gnu_cxx::__ops::__iter_comp_val(__binary_pred))
        -: 1089:	__rebound_pred
        -: 1090:	= __gnu_cxx::__ops::__iter_comp_val(__binary_pred);
        -: 1091:      *__result = __value;
        -: 1092:      while (++__first != __last)
        -: 1093:	if (!__rebound_pred(__first, __value))
        -: 1094:	  {
        -: 1095:	    __value = *__first;
        -: 1096:	    *++__result = __value;
        -: 1097:	  }
        -: 1098:      return ++__result;
        -: 1099:    }
        -: 1100:
        -: 1101:  /**
        -: 1102:   *  This is an uglified
        -: 1103:   *  unique_copy(_InputIterator, _InputIterator, _OutputIterator,
        -: 1104:   *              _BinaryPredicate)
        -: 1105:   *  overloaded for input iterators and forward iterator as result.
        -: 1106:  */
        -: 1107:  template<typename _InputIterator, typename _ForwardIterator,
        -: 1108:	   typename _BinaryPredicate>
        -: 1109:    _ForwardIterator
        -: 1110:    __unique_copy(_InputIterator __first, _InputIterator __last,
        -: 1111:		  _ForwardIterator __result, _BinaryPredicate __binary_pred,
        -: 1112:		  input_iterator_tag, forward_iterator_tag)
        -: 1113:    {
        -: 1114:      // concept requirements -- iterators already checked
        -: 1115:      __glibcxx_function_requires(_BinaryPredicateConcept<_BinaryPredicate,
        -: 1116:	  typename iterator_traits<_ForwardIterator>::value_type,
        -: 1117:	  typename iterator_traits<_InputIterator>::value_type>)
        -: 1118:      *__result = *__first;
        -: 1119:      while (++__first != __last)
        -: 1120:	if (!__binary_pred(__result, __first))
        -: 1121:	  *++__result = *__first;
        -: 1122:      return ++__result;
        -: 1123:    }
        -: 1124:
        -: 1125:  /**
        -: 1126:   *  This is an uglified reverse(_BidirectionalIterator,
        -: 1127:   *                              _BidirectionalIterator)
        -: 1128:   *  overloaded for bidirectional iterators.
        -: 1129:  */
        -: 1130:  template<typename _BidirectionalIterator>
        -: 1131:    void
        -: 1132:    __reverse(_BidirectionalIterator __first, _BidirectionalIterator __last,
        -: 1133:	      bidirectional_iterator_tag)
        -: 1134:    {
        -: 1135:      while (true)
        -: 1136:	if (__first == __last || __first == --__last)
        -: 1137:	  return;
        -: 1138:	else
        -: 1139:	  {
        -: 1140:	    std::iter_swap(__first, __last);
        -: 1141:	    ++__first;
        -: 1142:	  }
        -: 1143:    }
        -: 1144:
        -: 1145:  /**
        -: 1146:   *  This is an uglified reverse(_BidirectionalIterator,
        -: 1147:   *                              _BidirectionalIterator)
        -: 1148:   *  overloaded for random access iterators.
        -: 1149:  */
        -: 1150:  template<typename _RandomAccessIterator>
        -: 1151:    void
        -: 1152:    __reverse(_RandomAccessIterator __first, _RandomAccessIterator __last,
        -: 1153:	      random_access_iterator_tag)
        -: 1154:    {
        -: 1155:      if (__first == __last)
        -: 1156:	return;
        -: 1157:      --__last;
        -: 1158:      while (__first < __last)
        -: 1159:	{
        -: 1160:	  std::iter_swap(__first, __last);
        -: 1161:	  ++__first;
        -: 1162:	  --__last;
        -: 1163:	}
        -: 1164:    }
        -: 1165:
        -: 1166:  /**
        -: 1167:   *  @brief Reverse a sequence.
        -: 1168:   *  @ingroup mutating_algorithms
        -: 1169:   *  @param  __first  A bidirectional iterator.
        -: 1170:   *  @param  __last   A bidirectional iterator.
        -: 1171:   *  @return   reverse() returns no value.
        -: 1172:   *
        -: 1173:   *  Reverses the order of the elements in the range @p [__first,__last),
        -: 1174:   *  so that the first element becomes the last etc.
        -: 1175:   *  For every @c i such that @p 0<=i<=(__last-__first)/2), @p reverse()
        -: 1176:   *  swaps @p *(__first+i) and @p *(__last-(i+1))
        -: 1177:  */
        -: 1178:  template<typename _BidirectionalIterator>
        -: 1179:    inline void
        -: 1180:    reverse(_BidirectionalIterator __first, _BidirectionalIterator __last)
        -: 1181:    {
        -: 1182:      // concept requirements
        -: 1183:      __glibcxx_function_requires(_Mutable_BidirectionalIteratorConcept<
        -: 1184:				  _BidirectionalIterator>)
        -: 1185:      __glibcxx_requires_valid_range(__first, __last);
        -: 1186:      std::__reverse(__first, __last, std::__iterator_category(__first));
        -: 1187:    }
        -: 1188:
        -: 1189:  /**
        -: 1190:   *  @brief Copy a sequence, reversing its elements.
        -: 1191:   *  @ingroup mutating_algorithms
        -: 1192:   *  @param  __first   A bidirectional iterator.
        -: 1193:   *  @param  __last    A bidirectional iterator.
        -: 1194:   *  @param  __result  An output iterator.
        -: 1195:   *  @return  An iterator designating the end of the resulting sequence.
        -: 1196:   *
        -: 1197:   *  Copies the elements in the range @p [__first,__last) to the
        -: 1198:   *  range @p [__result,__result+(__last-__first)) such that the
        -: 1199:   *  order of the elements is reversed.  For every @c i such that @p
        -: 1200:   *  0<=i<=(__last-__first), @p reverse_copy() performs the
        -: 1201:   *  assignment @p *(__result+(__last-__first)-1-i) = *(__first+i).
        -: 1202:   *  The ranges @p [__first,__last) and @p
        -: 1203:   *  [__result,__result+(__last-__first)) must not overlap.
        -: 1204:  */
        -: 1205:  template<typename _BidirectionalIterator, typename _OutputIterator>
        -: 1206:    _OutputIterator
        -: 1207:    reverse_copy(_BidirectionalIterator __first, _BidirectionalIterator __last,
        -: 1208:		 _OutputIterator __result)
        -: 1209:    {
        -: 1210:      // concept requirements
        -: 1211:      __glibcxx_function_requires(_BidirectionalIteratorConcept<
        -: 1212:				  _BidirectionalIterator>)
        -: 1213:      __glibcxx_function_requires(_OutputIteratorConcept<_OutputIterator,
        -: 1214:		typename iterator_traits<_BidirectionalIterator>::value_type>)
        -: 1215:      __glibcxx_requires_valid_range(__first, __last);
        -: 1216:
        -: 1217:      while (__first != __last)
        -: 1218:	{
        -: 1219:	  --__last;
        -: 1220:	  *__result = *__last;
        -: 1221:	  ++__result;
        -: 1222:	}
        -: 1223:      return __result;
        -: 1224:    }
        -: 1225:
        -: 1226:  /**
        -: 1227:   *  This is a helper function for the rotate algorithm specialized on RAIs.
        -: 1228:   *  It returns the greatest common divisor of two integer values.
        -: 1229:  */
        -: 1230:  template<typename _EuclideanRingElement>
        -: 1231:    _EuclideanRingElement
        -: 1232:    __gcd(_EuclideanRingElement __m, _EuclideanRingElement __n)
        -: 1233:    {
        -: 1234:      while (__n != 0)
        -: 1235:	{
        -: 1236:	  _EuclideanRingElement __t = __m % __n;
        -: 1237:	  __m = __n;
        -: 1238:	  __n = __t;
        -: 1239:	}
        -: 1240:      return __m;
        -: 1241:    }
        -: 1242:
        -: 1243:  inline namespace _V2
        -: 1244:  {
        -: 1245:
        -: 1246:  /// This is a helper function for the rotate algorithm.
        -: 1247:  template<typename _ForwardIterator>
        -: 1248:    _ForwardIterator
        -: 1249:    __rotate(_ForwardIterator __first,
        -: 1250:	     _ForwardIterator __middle,
        -: 1251:	     _ForwardIterator __last,
        -: 1252:	     forward_iterator_tag)
        -: 1253:    {
        -: 1254:      if (__first == __middle)
        -: 1255:	return __last;
        -: 1256:      else if (__last == __middle)
        -: 1257:	return __first;
        -: 1258:
        -: 1259:      _ForwardIterator __first2 = __middle;
        -: 1260:      do
        -: 1261:	{
        -: 1262:	  std::iter_swap(__first, __first2);
        -: 1263:	  ++__first;
        -: 1264:	  ++__first2;
        -: 1265:	  if (__first == __middle)
        -: 1266:	    __middle = __first2;
        -: 1267:	}
        -: 1268:      while (__first2 != __last);
        -: 1269:
        -: 1270:      _ForwardIterator __ret = __first;
        -: 1271:
        -: 1272:      __first2 = __middle;
        -: 1273:
        -: 1274:      while (__first2 != __last)
        -: 1275:	{
        -: 1276:	  std::iter_swap(__first, __first2);
        -: 1277:	  ++__first;
        -: 1278:	  ++__first2;
        -: 1279:	  if (__first == __middle)
        -: 1280:	    __middle = __first2;
        -: 1281:	  else if (__first2 == __last)
        -: 1282:	    __first2 = __middle;
        -: 1283:	}
        -: 1284:      return __ret;
        -: 1285:    }
        -: 1286:
        -: 1287:   /// This is a helper function for the rotate algorithm.
        -: 1288:  template<typename _BidirectionalIterator>
        -: 1289:    _BidirectionalIterator
        -: 1290:    __rotate(_BidirectionalIterator __first,
        -: 1291:	     _BidirectionalIterator __middle,
        -: 1292:	     _BidirectionalIterator __last,
        -: 1293:	      bidirectional_iterator_tag)
        -: 1294:    {
        -: 1295:      // concept requirements
        -: 1296:      __glibcxx_function_requires(_Mutable_BidirectionalIteratorConcept<
        -: 1297:				  _BidirectionalIterator>)
        -: 1298:
        -: 1299:      if (__first == __middle)
        -: 1300:	return __last;
        -: 1301:      else if (__last == __middle)
        -: 1302:	return __first;
        -: 1303:
        -: 1304:      std::__reverse(__first,  __middle, bidirectional_iterator_tag());
        -: 1305:      std::__reverse(__middle, __last,   bidirectional_iterator_tag());
        -: 1306:
        -: 1307:      while (__first != __middle && __middle != __last)
        -: 1308:	{
        -: 1309:	  std::iter_swap(__first, --__last);
        -: 1310:	  ++__first;
        -: 1311:	}
        -: 1312:
        -: 1313:      if (__first == __middle)
        -: 1314:	{
        -: 1315:	  std::__reverse(__middle, __last,   bidirectional_iterator_tag());
        -: 1316:	  return __last;
        -: 1317:	}
        -: 1318:      else
        -: 1319:	{
        -: 1320:	  std::__reverse(__first,  __middle, bidirectional_iterator_tag());
        -: 1321:	  return __first;
        -: 1322:	}
        -: 1323:    }
        -: 1324:
        -: 1325:  /// This is a helper function for the rotate algorithm.
        -: 1326:  template<typename _RandomAccessIterator>
        -: 1327:    _RandomAccessIterator
        -: 1328:    __rotate(_RandomAccessIterator __first,
        -: 1329:	     _RandomAccessIterator __middle,
        -: 1330:	     _RandomAccessIterator __last,
        -: 1331:	     random_access_iterator_tag)
        -: 1332:    {
        -: 1333:      // concept requirements
        -: 1334:      __glibcxx_function_requires(_Mutable_RandomAccessIteratorConcept<
        -: 1335:				  _RandomAccessIterator>)
        -: 1336:
        -: 1337:      if (__first == __middle)
        -: 1338:	return __last;
        -: 1339:      else if (__last == __middle)
        -: 1340:	return __first;
        -: 1341:
        -: 1342:      typedef typename iterator_traits<_RandomAccessIterator>::difference_type
        -: 1343:	_Distance;
        -: 1344:      typedef typename iterator_traits<_RandomAccessIterator>::value_type
        -: 1345:	_ValueType;
        -: 1346:
        -: 1347:      _Distance __n = __last   - __first;
        -: 1348:      _Distance __k = __middle - __first;
        -: 1349:
        -: 1350:      if (__k == __n - __k)
        -: 1351:	{
        -: 1352:	  std::swap_ranges(__first, __middle, __middle);
        -: 1353:	  return __middle;
        -: 1354:	}
        -: 1355:
        -: 1356:      _RandomAccessIterator __p = __first;
        -: 1357:      _RandomAccessIterator __ret = __first + (__last - __middle);
        -: 1358:
        -: 1359:      for (;;)
        -: 1360:	{
        -: 1361:	  if (__k < __n - __k)
        -: 1362:	    {
        -: 1363:	      if (__is_pod(_ValueType) && __k == 1)
        -: 1364:		{
        -: 1365:		  _ValueType __t = _GLIBCXX_MOVE(*__p);
        -: 1366:		  _GLIBCXX_MOVE3(__p + 1, __p + __n, __p);
        -: 1367:		  *(__p + __n - 1) = _GLIBCXX_MOVE(__t);
        -: 1368:		  return __ret;
        -: 1369:		}
        -: 1370:	      _RandomAccessIterator __q = __p + __k;
        -: 1371:	      for (_Distance __i = 0; __i < __n - __k; ++ __i)
        -: 1372:		{
        -: 1373:		  std::iter_swap(__p, __q);
        -: 1374:		  ++__p;
        -: 1375:		  ++__q;
        -: 1376:		}
        -: 1377:	      __n %= __k;
        -: 1378:	      if (__n == 0)
        -: 1379:		return __ret;
        -: 1380:	      std::swap(__n, __k);
        -: 1381:	      __k = __n - __k;
        -: 1382:	    }
        -: 1383:	  else
        -: 1384:	    {
        -: 1385:	      __k = __n - __k;
        -: 1386:	      if (__is_pod(_ValueType) && __k == 1)
        -: 1387:		{
        -: 1388:		  _ValueType __t = _GLIBCXX_MOVE(*(__p + __n - 1));
        -: 1389:		  _GLIBCXX_MOVE_BACKWARD3(__p, __p + __n - 1, __p + __n);
        -: 1390:		  *__p = _GLIBCXX_MOVE(__t);
        -: 1391:		  return __ret;
        -: 1392:		}
        -: 1393:	      _RandomAccessIterator __q = __p + __n;
        -: 1394:	      __p = __q - __k;
        -: 1395:	      for (_Distance __i = 0; __i < __n - __k; ++ __i)
        -: 1396:		{
        -: 1397:		  --__p;
        -: 1398:		  --__q;
        -: 1399:		  std::iter_swap(__p, __q);
        -: 1400:		}
        -: 1401:	      __n %= __k;
        -: 1402:	      if (__n == 0)
        -: 1403:		return __ret;
        -: 1404:	      std::swap(__n, __k);
        -: 1405:	    }
        -: 1406:	}
        -: 1407:    }
        -: 1408:
        -: 1409:   // _GLIBCXX_RESOLVE_LIB_DEFECTS
        -: 1410:   // DR 488. rotate throws away useful information
        -: 1411:  /**
        -: 1412:   *  @brief Rotate the elements of a sequence.
        -: 1413:   *  @ingroup mutating_algorithms
        -: 1414:   *  @param  __first   A forward iterator.
        -: 1415:   *  @param  __middle  A forward iterator.
        -: 1416:   *  @param  __last    A forward iterator.
        -: 1417:   *  @return  first + (last - middle).
        -: 1418:   *
        -: 1419:   *  Rotates the elements of the range @p [__first,__last) by 
        -: 1420:   *  @p (__middle - __first) positions so that the element at @p __middle
        -: 1421:   *  is moved to @p __first, the element at @p __middle+1 is moved to
        -: 1422:   *  @p __first+1 and so on for each element in the range
        -: 1423:   *  @p [__first,__last).
        -: 1424:   *
        -: 1425:   *  This effectively swaps the ranges @p [__first,__middle) and
        -: 1426:   *  @p [__middle,__last).
        -: 1427:   *
        -: 1428:   *  Performs
        -: 1429:   *   @p *(__first+(n+(__last-__middle))%(__last-__first))=*(__first+n)
        -: 1430:   *  for each @p n in the range @p [0,__last-__first).
        -: 1431:  */
        -: 1432:  template<typename _ForwardIterator>
        -: 1433:    inline _ForwardIterator
        -: 1434:    rotate(_ForwardIterator __first, _ForwardIterator __middle,
        -: 1435:	   _ForwardIterator __last)
        -: 1436:    {
        -: 1437:      // concept requirements
        -: 1438:      __glibcxx_function_requires(_Mutable_ForwardIteratorConcept<
        -: 1439:				  _ForwardIterator>)
        -: 1440:      __glibcxx_requires_valid_range(__first, __middle);
        -: 1441:      __glibcxx_requires_valid_range(__middle, __last);
        -: 1442:
        -: 1443:      return std::__rotate(__first, __middle, __last,
        -: 1444:			   std::__iterator_category(__first));
        -: 1445:    }
        -: 1446:
        -: 1447:  } // namespace _V2
        -: 1448:
        -: 1449:  /**
        -: 1450:   *  @brief Copy a sequence, rotating its elements.
        -: 1451:   *  @ingroup mutating_algorithms
        -: 1452:   *  @param  __first   A forward iterator.
        -: 1453:   *  @param  __middle  A forward iterator.
        -: 1454:   *  @param  __last    A forward iterator.
        -: 1455:   *  @param  __result  An output iterator.
        -: 1456:   *  @return   An iterator designating the end of the resulting sequence.
        -: 1457:   *
        -: 1458:   *  Copies the elements of the range @p [__first,__last) to the
        -: 1459:   *  range beginning at @result, rotating the copied elements by 
        -: 1460:   *  @p (__middle-__first) positions so that the element at @p __middle
        -: 1461:   *  is moved to @p __result, the element at @p __middle+1 is moved
        -: 1462:   *  to @p __result+1 and so on for each element in the range @p
        -: 1463:   *  [__first,__last).
        -: 1464:   *
        -: 1465:   *  Performs 
        -: 1466:   *  @p *(__result+(n+(__last-__middle))%(__last-__first))=*(__first+n)
        -: 1467:   *  for each @p n in the range @p [0,__last-__first).
        -: 1468:  */
        -: 1469:  template<typename _ForwardIterator, typename _OutputIterator>
        -: 1470:    inline _OutputIterator
        -: 1471:    rotate_copy(_ForwardIterator __first, _ForwardIterator __middle,
        -: 1472:		_ForwardIterator __last, _OutputIterator __result)
        -: 1473:    {
        -: 1474:      // concept requirements
        -: 1475:      __glibcxx_function_requires(_ForwardIteratorConcept<_ForwardIterator>)
        -: 1476:      __glibcxx_function_requires(_OutputIteratorConcept<_OutputIterator,
        -: 1477:		typename iterator_traits<_ForwardIterator>::value_type>)
        -: 1478:      __glibcxx_requires_valid_range(__first, __middle);
        -: 1479:      __glibcxx_requires_valid_range(__middle, __last);
        -: 1480:
        -: 1481:      return std::copy(__first, __middle,
        -: 1482:		       std::copy(__middle, __last, __result));
        -: 1483:    }
        -: 1484:
        -: 1485:  /// This is a helper function...
        -: 1486:  template<typename _ForwardIterator, typename _Predicate>
        -: 1487:    _ForwardIterator
        -: 1488:    __partition(_ForwardIterator __first, _ForwardIterator __last,
        -: 1489:		_Predicate __pred, forward_iterator_tag)
        -: 1490:    {
        -: 1491:      if (__first == __last)
        -: 1492:	return __first;
        -: 1493:
        -: 1494:      while (__pred(*__first))
        -: 1495:	if (++__first == __last)
        -: 1496:	  return __first;
        -: 1497:
        -: 1498:      _ForwardIterator __next = __first;
        -: 1499:
        -: 1500:      while (++__next != __last)
        -: 1501:	if (__pred(*__next))
        -: 1502:	  {
        -: 1503:	    std::iter_swap(__first, __next);
        -: 1504:	    ++__first;
        -: 1505:	  }
        -: 1506:
        -: 1507:      return __first;
        -: 1508:    }
        -: 1509:
        -: 1510:  /// This is a helper function...
        -: 1511:  template<typename _BidirectionalIterator, typename _Predicate>
        -: 1512:    _BidirectionalIterator
        -: 1513:    __partition(_BidirectionalIterator __first, _BidirectionalIterator __last,
        -: 1514:		_Predicate __pred, bidirectional_iterator_tag)
        -: 1515:    {
        -: 1516:      while (true)
        -: 1517:	{
        -: 1518:	  while (true)
        -: 1519:	    if (__first == __last)
        -: 1520:	      return __first;
        -: 1521:	    else if (__pred(*__first))
        -: 1522:	      ++__first;
        -: 1523:	    else
        -: 1524:	      break;
        -: 1525:	  --__last;
        -: 1526:	  while (true)
        -: 1527:	    if (__first == __last)
        -: 1528:	      return __first;
        -: 1529:	    else if (!bool(__pred(*__last)))
        -: 1530:	      --__last;
        -: 1531:	    else
        -: 1532:	      break;
        -: 1533:	  std::iter_swap(__first, __last);
        -: 1534:	  ++__first;
        -: 1535:	}
        -: 1536:    }
        -: 1537:
        -: 1538:  // partition
        -: 1539:
        -: 1540:  /// This is a helper function...
        -: 1541:  /// Requires __first != __last and !__pred(__first)
[...]
        -: 5506:	  }
        -: 5507:	else
        -: 5508:	  {
        -: 5509:	    ++__first1;
        -: 5510:	    ++__first2;
        -: 5511:	  }
        -: 5512:      return std::copy(__first2, __last2, 
        -: 5513:		       std::copy(__first1, __last1, __result));
        -: 5514:    }
        -: 5515:
        -: 5516:  /**
        -: 5517:   *  @brief  Return the symmetric difference of two sorted ranges.
        -: 5518:   *  @ingroup set_algorithms
        -: 5519:   *  @param  __first1  Start of first range.
        -: 5520:   *  @param  __last1   End of first range.
        -: 5521:   *  @param  __first2  Start of second range.
        -: 5522:   *  @param  __last2   End of second range.
        -: 5523:   *  @param  __result  Start of output range.
        -: 5524:   *  @return  End of the output range.
        -: 5525:   *  @ingroup set_algorithms
        -: 5526:   *
        -: 5527:   *  This operation iterates over both ranges, copying elements present in
        -: 5528:   *  one range but not the other in order to the output range.  Iterators
        -: 5529:   *  increment for each range.  When the current element of one range is less
        -: 5530:   *  than the other, that element is copied and the iterator advances.  If an
        -: 5531:   *  element is contained in both ranges, no elements are copied and both
        -: 5532:   *  ranges advance.  The output range may not overlap either input range.
        -: 5533:  */
        -: 5534:  template<typename _InputIterator1, typename _InputIterator2,
        -: 5535:	   typename _OutputIterator>
        -: 5536:    inline _OutputIterator
        -: 5537:    set_symmetric_difference(_InputIterator1 __first1, _InputIterator1 __last1,
        -: 5538:			     _InputIterator2 __first2, _InputIterator2 __last2,
        -: 5539:			     _OutputIterator __result)
        -: 5540:    {
        -: 5541:      // concept requirements
        -: 5542:      __glibcxx_function_requires(_InputIteratorConcept<_InputIterator1>)
        -: 5543:      __glibcxx_function_requires(_InputIteratorConcept<_InputIterator2>)
        -: 5544:      __glibcxx_function_requires(_OutputIteratorConcept<_OutputIterator,
        -: 5545:	    typename iterator_traits<_InputIterator1>::value_type>)
        -: 5546:      __glibcxx_function_requires(_OutputIteratorConcept<_OutputIterator,
        -: 5547:	    typename iterator_traits<_InputIterator2>::value_type>)
        -: 5548:      __glibcxx_function_requires(_LessThanOpConcept<
        -: 5549:	    typename iterator_traits<_InputIterator1>::value_type,
        -: 5550:	    typename iterator_traits<_InputIterator2>::value_type>)
        -: 5551:      __glibcxx_function_requires(_LessThanOpConcept<
        -: 5552:	    typename iterator_traits<_InputIterator2>::value_type,
        -: 5553:	    typename iterator_traits<_InputIterator1>::value_type>)	
        -: 5554:      __glibcxx_requires_sorted_set(__first1, __last1, __first2);
        -: 5555:      __glibcxx_requires_sorted_set(__first2, __last2, __first1);
        -: 5556:      __glibcxx_requires_irreflexive2(__first1, __last1);
        -: 5557:      __glibcxx_requires_irreflexive2(__first2, __last2);
        -: 5558:
        -: 5559:      return _GLIBCXX_STD_A::__set_symmetric_difference(__first1, __last1,
        -: 5560:					__first2, __last2, __result,
        -: 5561:					__gnu_cxx::__ops::__iter_less_iter());
        -: 5562:    }
        -: 5563:
        -: 5564:  /**
        -: 5565:   *  @brief  Return the symmetric difference of two sorted ranges using
        -: 5566:   *  comparison functor.
        -: 5567:   *  @ingroup set_algorithms
        -: 5568:   *  @param  __first1  Start of first range.
        -: 5569:   *  @param  __last1   End of first range.
        -: 5570:   *  @param  __first2  Start of second range.
        -: 5571:   *  @param  __last2   End of second range.
        -: 5572:   *  @param  __result  Start of output range.
        -: 5573:   *  @param  __comp    The comparison functor.
        -: 5574:   *  @return  End of the output range.
        -: 5575:   *  @ingroup set_algorithms
        -: 5576:   *
        -: 5577:   *  This operation iterates over both ranges, copying elements present in
        -: 5578:   *  one range but not the other in order to the output range.  Iterators
        -: 5579:   *  increment for each range.  When the current element of one range is less
        -: 5580:   *  than the other according to @p comp, that element is copied and the
        -: 5581:   *  iterator advances.  If an element is contained in both ranges according
        -: 5582:   *  to @p __comp, no elements are copied and both ranges advance.  The output
        -: 5583:   *  range may not overlap either input range.
        -: 5584:  */
        -: 5585:  template<typename _InputIterator1, typename _InputIterator2,
        -: 5586:	   typename _OutputIterator, typename _Compare>
        -: 5587:    inline _OutputIterator
        -: 5588:    set_symmetric_difference(_InputIterator1 __first1, _InputIterator1 __last1,
        -: 5589:			     _InputIterator2 __first2, _InputIterator2 __last2,
        -: 5590:			     _OutputIterator __result,
        -: 5591:			     _Compare __comp)
        -: 5592:    {
        -: 5593:      // concept requirements
        -: 5594:      __glibcxx_function_requires(_InputIteratorConcept<_InputIterator1>)
        -: 5595:      __glibcxx_function_requires(_InputIteratorConcept<_InputIterator2>)
        -: 5596:      __glibcxx_function_requires(_OutputIteratorConcept<_OutputIterator,
        -: 5597:	    typename iterator_traits<_InputIterator1>::value_type>)
        -: 5598:      __glibcxx_function_requires(_OutputIteratorConcept<_OutputIterator,
        -: 5599:	    typename iterator_traits<_InputIterator2>::value_type>)
        -: 5600:      __glibcxx_function_requires(_BinaryPredicateConcept<_Compare,
        -: 5601:	    typename iterator_traits<_InputIterator1>::value_type,
        -: 5602:	    typename iterator_traits<_InputIterator2>::value_type>)
        -: 5603:      __glibcxx_function_requires(_BinaryPredicateConcept<_Compare,
        -: 5604:	    typename iterator_traits<_InputIterator2>::value_type,
        -: 5605:	    typename iterator_traits<_InputIterator1>::value_type>)
        -: 5606:      __glibcxx_requires_sorted_set_pred(__first1, __last1, __first2, __comp);
        -: 5607:      __glibcxx_requires_sorted_set_pred(__first2, __last2, __first1, __comp);
        -: 5608:      __glibcxx_requires_irreflexive_pred2(__first1, __last1, __comp);
        -: 5609:      __glibcxx_requires_irreflexive_pred2(__first2, __last2, __comp);
        -: 5610:
        -: 5611:      return _GLIBCXX_STD_A::__set_symmetric_difference(__first1, __last1,
        -: 5612:				__first2, __last2, __result,
        -: 5613:				__gnu_cxx::__ops::__iter_comp_iter(__comp));
        -: 5614:    }
        -: 5615:
        -: 5616:  template<typename _ForwardIterator, typename _Compare>
        -: 5617:    _GLIBCXX14_CONSTEXPR
        -: 5618:    _ForwardIterator
        -: 5619:    __min_element(_ForwardIterator __first, _ForwardIterator __last,
        -: 5620:		  _Compare __comp)
        -: 5621:    {
        -: 5622:      if (__first == __last)
        -: 5623:	return __first;
        -: 5624:      _ForwardIterator __result = __first;
        -: 5625:      while (++__first != __last)
        -: 5626:	if (__comp(__first, __result))
        -: 5627:	  __result = __first;
        -: 5628:      return __result;
        -: 5629:    }
        -: 5630:
        -: 5631:  /**
        -: 5632:   *  @brief  Return the minimum element in a range.
        -: 5633:   *  @ingroup sorting_algorithms
        -: 5634:   *  @param  __first  Start of range.
        -: 5635:   *  @param  __last   End of range.
        -: 5636:   *  @return  Iterator referencing the first instance of the smallest value.
        -: 5637:  */
        -: 5638:  template<typename _ForwardIterator>
        -: 5639:    _GLIBCXX14_CONSTEXPR
        -: 5640:    _ForwardIterator
        -: 5641:    inline min_element(_ForwardIterator __first, _ForwardIterator __last)
        -: 5642:    {
        -: 5643:      // concept requirements
        -: 5644:      __glibcxx_function_requires(_ForwardIteratorConcept<_ForwardIterator>)
        -: 5645:      __glibcxx_function_requires(_LessThanComparableConcept<
        -: 5646:	    typename iterator_traits<_ForwardIterator>::value_type>)
        -: 5647:      __glibcxx_requires_valid_range(__first, __last);
        -: 5648:      __glibcxx_requires_irreflexive(__first, __last);
        -: 5649:
        -: 5650:      return _GLIBCXX_STD_A::__min_element(__first, __last,
        -: 5651:				__gnu_cxx::__ops::__iter_less_iter());
        -: 5652:    }
        -: 5653:
        -: 5654:  /**
        -: 5655:   *  @brief  Return the minimum element in a range using comparison functor.
        -: 5656:   *  @ingroup sorting_algorithms
        -: 5657:   *  @param  __first  Start of range.
        -: 5658:   *  @param  __last   End of range.
        -: 5659:   *  @param  __comp   Comparison functor.
        -: 5660:   *  @return  Iterator referencing the first instance of the smallest value
        -: 5661:   *  according to __comp.
        -: 5662:  */
        -: 5663:  template<typename _ForwardIterator, typename _Compare>
        -: 5664:    _GLIBCXX14_CONSTEXPR
        -: 5665:    inline _ForwardIterator
        -: 5666:    min_element(_ForwardIterator __first, _ForwardIterator __last,
        -: 5667:		_Compare __comp)
        -: 5668:    {
        -: 5669:      // concept requirements
        -: 5670:      __glibcxx_function_requires(_ForwardIteratorConcept<_ForwardIterator>)
        -: 5671:      __glibcxx_function_requires(_BinaryPredicateConcept<_Compare,
        -: 5672:	    typename iterator_traits<_ForwardIterator>::value_type,
        -: 5673:	    typename iterator_traits<_ForwardIterator>::value_type>)
        -: 5674:      __glibcxx_requires_valid_range(__first, __last);
        -: 5675:      __glibcxx_requires_irreflexive_pred(__first, __last, __comp);
        -: 5676:
        -: 5677:      return _GLIBCXX_STD_A::__min_element(__first, __last,
        -: 5678:				__gnu_cxx::__ops::__iter_comp_iter(__comp));
        -: 5679:    }
        -: 5680:
        -: 5681:  template<typename _ForwardIterator, typename _Compare>
        -: 5682:    _GLIBCXX14_CONSTEXPR
        -: 5683:    _ForwardIterator
        -: 5684:    __max_element(_ForwardIterator __first, _ForwardIterator __last,
        -: 5685:		  _Compare __comp)
        -: 5686:    {
        -: 5687:      if (__first == __last) return __first;
        -: 5688:      _ForwardIterator __result = __first;
        -: 5689:      while (++__first != __last)
        -: 5690:	if (__comp(__result, __first))
        -: 5691:	  __result = __first;
        -: 5692:      return __result;
        -: 5693:    }
        -: 5694:
        -: 5695:  /**
        -: 5696:   *  @brief  Return the maximum element in a range.
        -: 5697:   *  @ingroup sorting_algorithms
        -: 5698:   *  @param  __first  Start of range.
        -: 5699:   *  @param  __last   End of range.
        -: 5700:   *  @return  Iterator referencing the first instance of the largest value.
        -: 5701:  */
        -: 5702:  template<typename _ForwardIterator>
        -: 5703:    _GLIBCXX14_CONSTEXPR
        -: 5704:    inline _ForwardIterator
        -: 5705:    max_element(_ForwardIterator __first, _ForwardIterator __last)
        -: 5706:    {
        -: 5707:      // concept requirements
        -: 5708:      __glibcxx_function_requires(_ForwardIteratorConcept<_ForwardIterator>)
        -: 5709:      __glibcxx_function_requires(_LessThanComparableConcept<
        -: 5710:	    typename iterator_traits<_ForwardIterator>::value_type>)
        -: 5711:      __glibcxx_requires_valid_range(__first, __last);
        -: 5712:      __glibcxx_requires_irreflexive(__first, __last);
        -: 5713:
        -: 5714:      return _GLIBCXX_STD_A::__max_element(__first, __last,
        -: 5715:				__gnu_cxx::__ops::__iter_less_iter());
        -: 5716:    }
        -: 5717:
        -: 5718:  /**
        -: 5719:   *  @brief  Return the maximum element in a range using comparison functor.
        -: 5720:   *  @ingroup sorting_algorithms
        -: 5721:   *  @param  __first  Start of range.
        -: 5722:   *  @param  __last   End of range.
        -: 5723:   *  @param  __comp   Comparison functor.
        -: 5724:   *  @return  Iterator referencing the first instance of the largest value
        -: 5725:   *  according to __comp.
        -: 5726:  */
        -: 5727:  template<typename _ForwardIterator, typename _Compare>
        -: 5728:    _GLIBCXX14_CONSTEXPR
        -: 5729:    inline _ForwardIterator
        -: 5730:    max_element(_ForwardIterator __first, _ForwardIterator __last,
        -: 5731:		_Compare __comp)
        -: 5732:    {
        -: 5733:      // concept requirements
        -: 5734:      __glibcxx_function_requires(_ForwardIteratorConcept<_ForwardIterator>)
        -: 5735:      __glibcxx_function_requires(_BinaryPredicateConcept<_Compare,
        -: 5736:	    typename iterator_traits<_ForwardIterator>::value_type,
        -: 5737:	    typename iterator_traits<_ForwardIterator>::value_type>)
        -: 5738:      __glibcxx_requires_valid_range(__first, __last);
        -: 5739:      __glibcxx_requires_irreflexive_pred(__first, __last, __comp);
        -: 5740:
        -: 5741:      return _GLIBCXX_STD_A::__max_element(__first, __last,
        -: 5742:				__gnu_cxx::__ops::__iter_comp_iter(__comp));
        -: 5743:    }
        -: 5744:
        -: 5745:#if __cplusplus >= 201402L
        -: 5746:  /// Reservoir sampling algorithm.
        -: 5747:  template<typename _InputIterator, typename _RandomAccessIterator,
        -: 5748:           typename _Size, typename _UniformRandomBitGenerator>
        -: 5749:    _RandomAccessIterator
        -: 5750:    __sample(_InputIterator __first, _InputIterator __last, input_iterator_tag,
        -: 5751:	     _RandomAccessIterator __out, random_access_iterator_tag,
        -: 5752:	     _Size __n, _UniformRandomBitGenerator&& __g)
        -: 5753:    {
        -: 5754:      using __distrib_type = uniform_int_distribution<_Size>;
        -: 5755:      using __param_type = typename __distrib_type::param_type;
        -: 5756:      __distrib_type __d{};
        -: 5757:      _Size __sample_sz = 0;
        -: 5758:      while (__first != __last && __sample_sz != __n)
        -: 5759:	{
        -: 5760:	  __out[__sample_sz++] = *__first;
        -: 5761:	  ++__first;
        -: 5762:	}
        -: 5763:      for (auto __pop_sz = __sample_sz; __first != __last;
        -: 5764:	  ++__first, (void) ++__pop_sz)
        -: 5765:	{
        -: 5766:	  const auto __k = __d(__g, __param_type{0, __pop_sz});
        -: 5767:	  if (__k < __n)
        -: 5768:	    __out[__k] = *__first;
        -: 5769:	}
        -: 5770:      return __out + __sample_sz;
        -: 5771:    }
        -: 5772:
        -: 5773:  /// Selection sampling algorithm.
        -: 5774:  template<typename _ForwardIterator, typename _OutputIterator, typename _Cat,
        -: 5775:           typename _Size, typename _UniformRandomBitGenerator>
        -: 5776:    _OutputIterator
        -: 5777:    __sample(_ForwardIterator __first, _ForwardIterator __last,
        -: 5778:	     forward_iterator_tag,
        -: 5779:	     _OutputIterator __out, _Cat,
        -: 5780:	     _Size __n, _UniformRandomBitGenerator&& __g)
        -: 5781:    {
        -: 5782:      using __distrib_type = uniform_int_distribution<_Size>;
        -: 5783:      using __param_type = typename __distrib_type::param_type;
        -: 5784:      using _USize = make_unsigned_t<_Size>;
        -: 5785:      using _Gen = remove_reference_t<_UniformRandomBitGenerator>;
        -: 5786:      using __uc_type = common_type_t<typename _Gen::result_type, _USize>;
        -: 5787:
        -: 5788:      __distrib_type __d{};
        -: 5789:      _Size __unsampled_sz = std::distance(__first, __last);
        -: 5790:      __n = std::min(__n, __unsampled_sz);
        -: 5791:
        -: 5792:      // If possible, we use __gen_two_uniform_ints to efficiently produce
        -: 5793:      // two random numbers using a single distribution invocation:
        -: 5794:
        -: 5795:      const __uc_type __urngrange = __g.max() - __g.min();
        -: 5796:      if (__urngrange / __uc_type(__unsampled_sz) >= __uc_type(__unsampled_sz))
        -: 5797:        // I.e. (__urngrange >= __unsampled_sz * __unsampled_sz) but without
        -: 5798:	// wrapping issues.
        -: 5799:        {
        -: 5800:	  while (__n != 0 && __unsampled_sz >= 2)
        -: 5801:	    {
        -: 5802:	      const pair<_Size, _Size> __p =
        -: 5803:		__gen_two_uniform_ints(__unsampled_sz, __unsampled_sz - 1, __g);
        -: 5804:
        -: 5805:	      --__unsampled_sz;
        -: 5806:	      if (__p.first < __n)
        -: 5807:		{
        -: 5808:		  *__out++ = *__first;
        -: 5809:		  --__n;
        -: 5810:		}
        -: 5811:
        -: 5812:	      ++__first;
        -: 5813:
        -: 5814:	      if (__n == 0) break;
        -: 5815:
        -: 5816:	      --__unsampled_sz;
        -: 5817:	      if (__p.second < __n)
        -: 5818:		{
        -: 5819:		  *__out++ = *__first;
        -: 5820:		  --__n;
        -: 5821:		}
        -: 5822:
        -: 5823:	      ++__first;
        -: 5824:	    }
        -: 5825:        }
        -: 5826:
        -: 5827:      // The loop above is otherwise equivalent to this one-at-a-time version:
        -: 5828:
        -: 5829:      for (; __n != 0; ++__first)
        -: 5830:	if (__d(__g, __param_type{0, --__unsampled_sz}) < __n)
        -: 5831:	  {
        -: 5832:	    *__out++ = *__first;
        -: 5833:	    --__n;
        -: 5834:	  }
        -: 5835:      return __out;
        -: 5836:    }
        -: 5837:
        -: 5838:#if __cplusplus > 201402L
        -: 5839:#define __cpp_lib_sample 201603
        -: 5840:  /// Take a random sample from a population.
        -: 5841:  template<typename _PopulationIterator, typename _SampleIterator,
        -: 5842:           typename _Distance, typename _UniformRandomBitGenerator>
        -: 5843:    _SampleIterator
        -: 5844:    sample(_PopulationIterator __first, _PopulationIterator __last,
        -: 5845:	   _SampleIterator __out, _Distance __n,
        -: 5846:	   _UniformRandomBitGenerator&& __g)
        -: 5847:    {
        -: 5848:      using __pop_cat = typename
        -: 5849:	std::iterator_traits<_PopulationIterator>::iterator_category;
        -: 5850:      using __samp_cat = typename
        -: 5851:	std::iterator_traits<_SampleIterator>::iterator_category;
        -: 5852:
        -: 5853:      static_assert(
        -: 5854:	  __or_<is_convertible<__pop_cat, forward_iterator_tag>,
        -: 5855:		is_convertible<__samp_cat, random_access_iterator_tag>>::value,
        -: 5856:	  "output range must use a RandomAccessIterator when input range"
        -: 5857:	  " does not meet the ForwardIterator requirements");
        -: 5858:
        -: 5859:      static_assert(is_integral<_Distance>::value,
        -: 5860:		    "sample size must be an integer type");
        -: 5861:
        -: 5862:      typename iterator_traits<_PopulationIterator>::difference_type __d = __n;
        -: 5863:      return _GLIBCXX_STD_A::
        -: 5864:	__sample(__first, __last, __pop_cat{}, __out, __samp_cat{}, __d,
        -: 5865:		 std::forward<_UniformRandomBitGenerator>(__g));
        -: 5866:    }
        -: 5867:#endif // C++17
        -: 5868:#endif // C++14
        -: 5869:
        -: 5870:_GLIBCXX_END_NAMESPACE_ALGO
        -: 5871:_GLIBCXX_END_NAMESPACE_VERSION
        -: 5872:} // namespace std
        -: 5873:
        -: 5874:#endif /* _STL_ALGO_H */
