        -:    0:Source:/home/edd993/CLionProjects/hdr_generator/include/filtering/filter_gaussian_3d.hpp
        -:    0:Graph:/home/edd993/CLionProjects/hdr_generator/cmake-build-debug/CMakeFiles/hdr_generator.dir/main.cpp.gcno
        -:    0:Data:/home/edd993/CLionProjects/hdr_generator/cmake-build-debug/CMakeFiles/hdr_generator.dir/main.cpp.gcda
        -:    0:Runs:1
        -:    1:/*
        -:    2:
        -:    3:PICCANTE
        -:    4:The hottest HDR imaging library!
        -:    5:http://vcg.isti.cnr.it/piccante
        -:    6:
        -:    7:Copyright (C) 2014
        -:    8:Visual Computing Laboratory - ISTI CNR
        -:    9:http://vcg.isti.cnr.it
        -:   10:First author: Francesco Banterle
        -:   11:
        -:   12:This Source Code Form is subject to the terms of the Mozilla Public
        -:   13:License, v. 2.0. If a copy of the MPL was not distributed with this
        -:   14:file, You can obtain one at http://mozilla.org/MPL/2.0/.
        -:   15:
        -:   16:*/
        -:   17:
        -:   18:#ifndef PIC_FILTERING_FILTER_GAUSSIAN_3D_HPP
        -:   19:#define PIC_FILTERING_FILTER_GAUSSIAN_3D_HPP
        -:   20:
        -:   21:#include "../filtering/filter_npasses.hpp"
        -:   22:#include "../filtering/filter_gaussian_1d.hpp"
        -:   23:
        -:   24:namespace pic {
        -:   25:
        -:   26:/**
        -:   27: * @brief The FilterGaussian3D class
        -:   28: */
        -:   29:class FilterGaussian3D: public FilterNPasses
        -:   30:{
        -:   31:    FilterGaussian1D *gaussianFilter;
        -:   32:
        -:   33:public:
        -:   34:    /**
        -:   35:     * @brief FilterGaussian3D
        -:   36:     */
        -:   37:    FilterGaussian3D()
        -:   38:    {
        -:   39:        gaussianFilter = NULL;
        -:   40:    }
        -:   41:
        -:   42:    /**
        -:   43:     * @brief FilterGaussian3D
        -:   44:     * @param sigma
        -:   45:     */
    #####:   46:    FilterGaussian3D(float sigma)
    #####:   47:    {
    %%%%%:   47-block  0
    $$$$$:   47-block  1
        -:   48:        //Gaussian filter
    #####:   49:        gaussianFilter = new FilterGaussian1D(sigma);
    %%%%%:   49-block  0
    %%%%%:   49-block  1
    $$$$$:   49-block  2
        -:   50:
    #####:   51:        insertFilter((Filter *)gaussianFilter);
    %%%%%:   51-block  0
    #####:   52:        insertFilter((Filter *)gaussianFilter);
    %%%%%:   52-block  0
    #####:   53:        insertFilter((Filter *)gaussianFilter);
    %%%%%:   53-block  0
    #####:   54:    }
    %%%%%:   54-block  0
        -:   55:
    #####:   56:    ~FilterGaussian3D()
    #####:   57:    {
    %%%%%:   57-block  0
    #####:   58:        if(gaussianFilter != NULL) {
    %%%%%:   58-block  0
    #####:   59:            delete gaussianFilter;
    %%%%%:   59-block  0
        -:   60:        }
    #####:   61:    }
        -:   62:
        -:   63:    /**
        -:   64:     * @brief execute
        -:   65:     * @param imgIn
        -:   66:     * @param imgOut
        -:   67:     * @param sigma
        -:   68:     * @return
        -:   69:     */
        -:   70:    static Image *execute(Image *imgIn, Image *imgOut, float sigma)
        -:   71:    {
        -:   72:        FilterGaussian3D filter(sigma);
        -:   73:        Image *ret = filter.Process(Single(imgIn), imgOut);
        -:   74:        return ret;
        -:   75:    }
        -:   76:
        -:   77:    /**
        -:   78:     * @brief execute
        -:   79:     * @param nameIn
        -:   80:     * @param nameOut
        -:   81:     * @param sigma
        -:   82:     * @return
        -:   83:     */
        -:   84:    static Image *execute(std::string nameIn, std::string nameOut, float sigma)
        -:   85:    {
        -:   86:        Image imgIn(nameIn);
        -:   87:        Image *imgOut = execute(&imgIn, NULL, sigma);
        -:   88:        imgOut->Write(nameOut);
        -:   89:        return imgOut;
        -:   90:    }
        -:   91:};
        -:   92:
        -:   93:} // end namespace pic
        -:   94:
        -:   95:#endif /* PIC_FILTERING_FILTER_GAUSSIAN_3D_HPP */
        -:   96:
