        -:    0:Source:/home/edd993/CLionProjects/hdr_generator/stb/stb_image.h
        -:    0:Graph:/home/edd993/CLionProjects/hdr_generator/cmake-build-debug/CMakeFiles/hdr_generator.dir/main.cpp.gcno
        -:    0:Data:/home/edd993/CLionProjects/hdr_generator/cmake-build-debug/CMakeFiles/hdr_generator.dir/main.cpp.gcda
        -:    0:Runs:1
        -:    1:/* stb_image - v2.25 - public domain image loader - http://nothings.org/stb
        -:    2:                                  no warranty implied; use at your own risk
        -:    3:
        -:    4:   Do this:
        -:    5:      #define STB_IMAGE_IMPLEMENTATION
        -:    6:   before you include this file in *one* C or C++ file to create the implementation.
        -:    7:
        -:    8:   // i.e. it should look like this:
        -:    9:   #include ...
        -:   10:   #include ...
        -:   11:   #include ...
        -:   12:   #define STB_IMAGE_IMPLEMENTATION
        -:   13:   #include "stb_image.h"
        -:   14:
        -:   15:   You can #define STBI_ASSERT(x) before the #include to avoid using assert.h.
        -:   16:   And #define STBI_MALLOC, STBI_REALLOC, and STBI_FREE to avoid using malloc,realloc,free
        -:   17:
        -:   18:
        -:   19:   QUICK NOTES:
        -:   20:      Primarily of interest to game developers and other people who can
        -:   21:          avoid problematic images and only need the trivial interface
        -:   22:
        -:   23:      JPEG baseline & progressive (12 bpc/arithmetic not supported, same as stock IJG lib)
        -:   24:      PNG 1/2/4/8/16-bit-per-channel
        -:   25:
        -:   26:      TGA (not sure what subset, if a subset)
        -:   27:      BMP non-1bpp, non-RLE
        -:   28:      PSD (composited view only, no extra channels, 8/16 bit-per-channel)
        -:   29:
        -:   30:      GIF (*comp always reports as 4-channel)
        -:   31:      HDR (radiance rgbE format)
        -:   32:      PIC (Softimage PIC)
        -:   33:      PNM (PPM and PGM binary only)
        -:   34:
        -:   35:      Animated GIF still needs a proper API, but here's one way to do it:
        -:   36:          http://gist.github.com/urraka/685d9a6340b26b830d49
        -:   37:
        -:   38:      - decode from memory or through FILE (define STBI_NO_STDIO to remove code)
        -:   39:      - decode from arbitrary I/O callbacks
        -:   40:      - SIMD acceleration on x86/x64 (SSE2) and ARM (NEON)
        -:   41:
        -:   42:   Full documentation under "DOCUMENTATION" below.
        -:   43:
        -:   44:
        -:   45:LICENSE
        -:   46:
        -:   47:  See end of file for license information.
        -:   48:
        -:   49:RECENT REVISION HISTORY:
        -:   50:
        -:   51:      2.25  (2020-02-02) fix warnings
        -:   52:      2.24  (2020-02-02) fix warnings; thread-local failure_reason and flip_vertically
        -:   53:      2.23  (2019-08-11) fix clang static analysis warning
        -:   54:      2.22  (2019-03-04) gif fixes, fix warnings
        -:   55:      2.21  (2019-02-25) fix typo in comment
        -:   56:      2.20  (2019-02-07) support utf8 filenames in Windows; fix warnings and platform ifdefs
        -:   57:      2.19  (2018-02-11) fix warning
        -:   58:      2.18  (2018-01-30) fix warnings
        -:   59:      2.17  (2018-01-29) bugfix, 1-bit BMP, 16-bitness query, fix warnings
        -:   60:      2.16  (2017-07-23) all functions have 16-bit variants; optimizations; bugfixes
        -:   61:      2.15  (2017-03-18) fix png-1,2,4; all Imagenet JPGs; no runtime SSE detection on GCC
        -:   62:      2.14  (2017-03-03) remove deprecated STBI_JPEG_OLD; fixes for Imagenet JPGs
        -:   63:      2.13  (2016-12-04) experimental 16-bit API, only for PNG so far; fixes
        -:   64:      2.12  (2016-04-02) fix typo in 2.11 PSD fix that caused crashes
        -:   65:      2.11  (2016-04-02) 16-bit PNGS; enable SSE2 in non-gcc x64
        -:   66:                         RGB-format JPEG; remove white matting in PSD;
        -:   67:                         allocate large structures on the stack;
        -:   68:                         correct channel count for PNG & BMP
        -:   69:      2.10  (2016-01-22) avoid warning introduced in 2.09
        -:   70:      2.09  (2016-01-16) 16-bit TGA; comments in PNM files; STBI_REALLOC_SIZED
        -:   71:
        -:   72:   See end of file for full revision history.
        -:   73:
        -:   74:
        -:   75: ============================    Contributors    =========================
        -:   76:
        -:   77: Image formats                          Extensions, features
        -:   78:    Sean Barrett (jpeg, png, bmp)          Jetro Lauha (stbi_info)
        -:   79:    Nicolas Schulz (hdr, psd)              Martin "SpartanJ" Golini (stbi_info)
        -:   80:    Jonathan Dummer (tga)                  James "moose2000" Brown (iPhone PNG)
        -:   81:    Jean-Marc Lienher (gif)                Ben "Disch" Wenger (io callbacks)
        -:   82:    Tom Seddon (pic)                       Omar Cornut (1/2/4-bit PNG)
        -:   83:    Thatcher Ulrich (psd)                  Nicolas Guillemot (vertical flip)
        -:   84:    Ken Miller (pgm, ppm)                  Richard Mitton (16-bit PSD)
        -:   85:    github:urraka (animated gif)           Junggon Kim (PNM comments)
        -:   86:    Christopher Forseth (animated gif)     Daniel Gibson (16-bit TGA)
        -:   87:                                           socks-the-fox (16-bit PNG)
        -:   88:                                           Jeremy Sawicki (handle all ImageNet JPGs)
        -:   89: Optimizations & bugfixes                  Mikhail Morozov (1-bit BMP)
        -:   90:    Fabian "ryg" Giesen                    Anael Seghezzi (is-16-bit query)
        -:   91:    Arseny Kapoulkine
        -:   92:    John-Mark Allen
        -:   93:    Carmelo J Fdez-Aguera
        -:   94:
        -:   95: Bug & warning fixes
        -:   96:    Marc LeBlanc            David Woo          Guillaume George   Martins Mozeiko
        -:   97:    Christpher Lloyd        Jerry Jansson      Joseph Thomson     Phil Jordan
        -:   98:    Dave Moore              Roy Eltham         Hayaki Saito       Nathan Reed
        -:   99:    Won Chun                Luke Graham        Johan Duparc       Nick Verigakis
        -:  100:    the Horde3D community   Thomas Ruf         Ronny Chevalier    github:rlyeh
        -:  101:    Janez Zemva             John Bartholomew   Michal Cichon      github:romigrou
        -:  102:    Jonathan Blow           Ken Hamada         Tero Hanninen      github:svdijk
        -:  103:    Laurent Gomila          Cort Stratton      Sergio Gonzalez    github:snagar
        -:  104:    Aruelien Pocheville     Thibault Reuille   Cass Everitt       github:Zelex
        -:  105:    Ryamond Barbiero        Paul Du Bois       Engin Manap        github:grim210
        -:  106:    Aldo Culquicondor       Philipp Wiesemann  Dale Weiler        github:sammyhw
        -:  107:    Oriol Ferrer Mesia      Josh Tobin         Matthew Gregan     github:phprus
        -:  108:    Julian Raschke          Gregory Mullen     Baldur Karlsson    github:poppolopoppo
        -:  109:    Christian Floisand      Kevin Schmidt      JR Smith           github:darealshinji
        -:  110:    Brad Weinberger         Matvey Cherevko                       github:Michaelangel007
        -:  111:    Blazej Dariusz Roszkowski                  Alexander Veselov
        -:  112:*/
        -:  113:
        -:  114:#ifndef STBI_INCLUDE_STB_IMAGE_H
        -:  115:#define STBI_INCLUDE_STB_IMAGE_H
        -:  116:
        -:  117:// DOCUMENTATION
        -:  118://
        -:  119:// Limitations:
        -:  120://    - no 12-bit-per-channel JPEG
        -:  121://    - no JPEGs with arithmetic coding
        -:  122://    - GIF always returns *comp=4
        -:  123://
        -:  124:// Basic usage (see HDR discussion below for HDR usage):
        -:  125://    int x,y,n;
        -:  126://    unsigned char *data = stbi_load(filename, &x, &y, &n, 0);
        -:  127://    // ... process data if not NULL ...
        -:  128://    // ... x = width, y = height, n = # 8-bit components per pixel ...
        -:  129://    // ... replace '0' with '1'..'4' to force that many components per pixel
        -:  130://    // ... but 'n' will always be the number that it would have been if you said 0
        -:  131://    stbi_image_free(data)
        -:  132://
        -:  133:// Standard parameters:
        -:  134://    int *x                 -- outputs image width in pixels
        -:  135://    int *y                 -- outputs image height in pixels
        -:  136://    int *channels_in_file  -- outputs # of image components in image file
        -:  137://    int desired_channels   -- if non-zero, # of image components requested in result
        -:  138://
        -:  139:// The return value from an image loader is an 'unsigned char *' which points
        -:  140:// to the pixel data, or NULL on an allocation failure or if the image is
        -:  141:// corrupt or invalid. The pixel data consists of *y scanlines of *x pixels,
        -:  142:// with each pixel consisting of N interleaved 8-bit components; the first
        -:  143:// pixel pointed to is top-left-most in the image. There is no padding between
        -:  144:// image scanlines or between pixels, regardless of format. The number of
        -:  145:// components N is 'desired_channels' if desired_channels is non-zero, or
        -:  146:// *channels_in_file otherwise. If desired_channels is non-zero,
        -:  147:// *channels_in_file has the number of components that _would_ have been
        -:  148:// output otherwise. E.g. if you set desired_channels to 4, you will always
        -:  149:// get RGBA output, but you can check *channels_in_file to see if it's trivially
        -:  150:// opaque because e.g. there were only 3 channels in the source image.
        -:  151://
        -:  152:// An output image with N components has the following components interleaved
        -:  153:// in this order in each pixel:
        -:  154://
        -:  155://     N=#comp     components
        -:  156://       1           grey
        -:  157://       2           grey, alpha
        -:  158://       3           red, green, blue
        -:  159://       4           red, green, blue, alpha
        -:  160://
        -:  161:// If image loading fails for any reason, the return value will be NULL,
        -:  162:// and *x, *y, *channels_in_file will be unchanged. The function
        -:  163:// stbi_failure_reason() can be queried for an extremely brief, end-user
        -:  164:// unfriendly explanation of why the load failed. Define STBI_NO_FAILURE_STRINGS
        -:  165:// to avoid compiling these strings at all, and STBI_FAILURE_USERMSG to get slightly
        -:  166:// more user-friendly ones.
        -:  167://
        -:  168:// Paletted PNG, BMP, GIF, and PIC images are automatically depalettized.
        -:  169://
        -:  170:// ===========================================================================
        -:  171://
        -:  172:// UNICODE:
        -:  173://
        -:  174://   If compiling for Windows and you wish to use Unicode filenames, compile
        -:  175://   with
        -:  176://       #define STBI_WINDOWS_UTF8
        -:  177://   and pass utf8-encoded filenames. Call stbi_convert_wchar_to_utf8 to convert
        -:  178://   Windows wchar_t filenames to utf8.
        -:  179://
        -:  180:// ===========================================================================
        -:  181://
        -:  182:// Philosophy
        -:  183://
        -:  184:// stb libraries are designed with the following priorities:
        -:  185://
        -:  186://    1. easy to use
        -:  187://    2. easy to maintain
        -:  188://    3. good performance
        -:  189://
        -:  190:// Sometimes I let "good performance" creep up in priority over "easy to maintain",
        -:  191:// and for best performance I may provide less-easy-to-use APIs that give higher
        -:  192:// performance, in addition to the easy-to-use ones. Nevertheless, it's important
        -:  193:// to keep in mind that from the standpoint of you, a client of this library,
        -:  194:// all you care about is #1 and #3, and stb libraries DO NOT emphasize #3 above all.
        -:  195://
        -:  196:// Some secondary priorities arise directly from the first two, some of which
        -:  197:// provide more explicit reasons why performance can't be emphasized.
        -:  198://
        -:  199://    - Portable ("ease of use")
        -:  200://    - Small source code footprint ("easy to maintain")
        -:  201://    - No dependencies ("ease of use")
        -:  202://
        -:  203:// ===========================================================================
        -:  204://
        -:  205:// I/O callbacks
        -:  206://
        -:  207:// I/O callbacks allow you to read from arbitrary sources, like packaged
        -:  208:// files or some other source. Data read from callbacks are processed
        -:  209:// through a small internal buffer (currently 128 bytes) to try to reduce
        -:  210:// overhead.
        -:  211://
        -:  212:// The three functions you must define are "read" (reads some bytes of data),
        -:  213:// "skip" (skips some bytes of data), "eof" (reports if the stream is at the end).
        -:  214://
        -:  215:// ===========================================================================
        -:  216://
        -:  217:// SIMD support
        -:  218://
        -:  219:// The JPEG decoder will try to automatically use SIMD kernels on x86 when
        -:  220:// supported by the compiler. For ARM Neon support, you must explicitly
        -:  221:// request it.
        -:  222://
        -:  223:// (The old do-it-yourself SIMD API is no longer supported in the current
        -:  224:// code.)
        -:  225://
        -:  226:// On x86, SSE2 will automatically be used when available based on a run-time
        -:  227:// test; if not, the generic C versions are used as a fall-back. On ARM targets,
        -:  228:// the typical path is to have separate builds for NEON and non-NEON devices
        -:  229:// (at least this is true for iOS and Android). Therefore, the NEON support is
        -:  230:// toggled by a build flag: define STBI_NEON to get NEON loops.
        -:  231://
        -:  232:// If for some reason you do not want to use any of SIMD code, or if
        -:  233:// you have issues compiling it, you can disable it entirely by
        -:  234:// defining STBI_NO_SIMD.
        -:  235://
        -:  236:// ===========================================================================
        -:  237://
        -:  238:// HDR image support   (disable by defining STBI_NO_HDR)
        -:  239://
        -:  240:// stb_image supports loading HDR images in general, and currently the Radiance
        -:  241:// .HDR file format specifically. You can still load any file through the existing
        -:  242:// interface; if you attempt to load an HDR file, it will be automatically remapped
        -:  243:// to LDR, assuming gamma 2.2 and an arbitrary scale factor defaulting to 1;
        -:  244:// both of these constants can be reconfigured through this interface:
        -:  245://
        -:  246://     stbi_hdr_to_ldr_gamma(2.2f);
        -:  247://     stbi_hdr_to_ldr_scale(1.0f);
        -:  248://
        -:  249:// (note, do not use _inverse_ constants; stbi_image will invert them
        -:  250:// appropriately).
        -:  251://
        -:  252:// Additionally, there is a new, parallel interface for loading files as
        -:  253:// (linear) floats to preserve the full dynamic range:
        -:  254://
        -:  255://    float *data = stbi_loadf(filename, &x, &y, &n, 0);
        -:  256://
        -:  257:// If you load LDR images through this interface, those images will
        -:  258:// be promoted to floating point values, run through the inverse of
        -:  259:// constants corresponding to the above:
        -:  260://
        -:  261://     stbi_ldr_to_hdr_scale(1.0f);
        -:  262://     stbi_ldr_to_hdr_gamma(2.2f);
        -:  263://
        -:  264:// Finally, given a filename (or an open file or memory block--see header
        -:  265:// file for details) containing image data, you can query for the "most
        -:  266:// appropriate" interface to use (that is, whether the image is HDR or
        -:  267:// not), using:
        -:  268://
        -:  269://     stbi_is_hdr(char *filename);
        -:  270://
        -:  271:// ===========================================================================
        -:  272://
        -:  273:// iPhone PNG support:
        -:  274://
        -:  275:// By default we convert iphone-formatted PNGs back to RGB, even though
        -:  276:// they are internally encoded differently. You can disable this conversion
        -:  277:// by calling stbi_convert_iphone_png_to_rgb(0), in which case
        -:  278:// you will always just get the native iphone "format" through (which
        -:  279:// is BGR stored in RGB).
        -:  280://
        -:  281:// Call stbi_set_unpremultiply_on_load(1) as well to force a divide per
        -:  282:// pixel to remove any premultiplied alpha *only* if the image file explicitly
        -:  283:// says there's premultiplied data (currently only happens in iPhone images,
        -:  284:// and only if iPhone convert-to-rgb processing is on).
        -:  285://
        -:  286:// ===========================================================================
        -:  287://
        -:  288:// ADDITIONAL CONFIGURATION
        -:  289://
        -:  290://  - You can suppress implementation of any of the decoders to reduce
        -:  291://    your code footprint by #defining one or more of the following
        -:  292://    symbols before creating the implementation.
        -:  293://
        -:  294://        STBI_NO_JPEG
        -:  295://        STBI_NO_PNG
        -:  296://        STBI_NO_BMP
        -:  297://        STBI_NO_PSD
        -:  298://        STBI_NO_TGA
        -:  299://        STBI_NO_GIF
        -:  300://        STBI_NO_HDR
        -:  301://        STBI_NO_PIC
        -:  302://        STBI_NO_PNM   (.ppm and .pgm)
        -:  303://
        -:  304://  - You can request *only* certain decoders and suppress all other ones
        -:  305://    (this will be more forward-compatible, as addition of new decoders
        -:  306://    doesn't require you to disable them explicitly):
        -:  307://
        -:  308://        STBI_ONLY_JPEG
        -:  309://        STBI_ONLY_PNG
        -:  310://        STBI_ONLY_BMP
        -:  311://        STBI_ONLY_PSD
        -:  312://        STBI_ONLY_TGA
        -:  313://        STBI_ONLY_GIF
        -:  314://        STBI_ONLY_HDR
        -:  315://        STBI_ONLY_PIC
        -:  316://        STBI_ONLY_PNM   (.ppm and .pgm)
        -:  317://
        -:  318://   - If you use STBI_NO_PNG (or _ONLY_ without PNG), and you still
        -:  319://     want the zlib decoder to be available, #define STBI_SUPPORT_ZLIB
        -:  320://
        -:  321:
        -:  322:
        -:  323:#ifndef STBI_NO_STDIO
        -:  324:#include <stdio.h>
        -:  325:#endif // STBI_NO_STDIO
        -:  326:
        -:  327:#define STBI_VERSION 1
        -:  328:
        -:  329:enum
        -:  330:{
        -:  331:   STBI_default = 0, // only used for desired_channels
        -:  332:
        -:  333:   STBI_grey       = 1,
        -:  334:   STBI_grey_alpha = 2,
        -:  335:   STBI_rgb        = 3,
        -:  336:   STBI_rgb_alpha  = 4
        -:  337:};
        -:  338:
        -:  339:#include <stdlib.h>
        -:  340:typedef unsigned char stbi_uc;
        -:  341:typedef unsigned short stbi_us;
        -:  342:
        -:  343:#ifdef __cplusplus
        -:  344:extern "C" {
        -:  345:#endif
        -:  346:
        -:  347:#ifndef STBIDEF
        -:  348:#ifdef STB_IMAGE_STATIC
        -:  349:#define STBIDEF static
        -:  350:#else
        -:  351:#define STBIDEF extern
        -:  352:#endif
        -:  353:#endif
        -:  354:
        -:  355://////////////////////////////////////////////////////////////////////////////
        -:  356://
        -:  357:// PRIMARY API - works on images of any type
        -:  358://
        -:  359:
        -:  360://
        -:  361:// load image by filename, open file, or memory buffer
        -:  362://
        -:  363:
        -:  364:typedef struct
        -:  365:{
        -:  366:   int      (*read)  (void *user,char *data,int size);   // fill 'data' with 'size' bytes.  return number of bytes actually read
        -:  367:   void     (*skip)  (void *user,int n);                 // skip the next 'n' bytes, or 'unget' the last -n bytes if negative
        -:  368:   int      (*eof)   (void *user);                       // returns nonzero if we are at end of file/data
        -:  369:} stbi_io_callbacks;
        -:  370:
        -:  371:////////////////////////////////////
        -:  372://
        -:  373:// 8-bits-per-channel interface
        -:  374://
        -:  375:
        -:  376:STBIDEF stbi_uc *stbi_load_from_memory   (stbi_uc           const *buffer, int len   , int *x, int *y, int *channels_in_file, int desired_channels);
        -:  377:STBIDEF stbi_uc *stbi_load_from_callbacks(stbi_io_callbacks const *clbk  , void *user, int *x, int *y, int *channels_in_file, int desired_channels);
        -:  378:
        -:  379:#ifndef STBI_NO_STDIO
        -:  380:STBIDEF stbi_uc *stbi_load            (char const *filename, int *x, int *y, int *channels_in_file, int desired_channels);
        -:  381:STBIDEF stbi_uc *stbi_load_from_file  (FILE *f, int *x, int *y, int *channels_in_file, int desired_channels);
        -:  382:// for stbi_load_from_file, file pointer is left pointing immediately after image
        -:  383:#endif
        -:  384:
        -:  385:#ifndef STBI_NO_GIF
        -:  386:STBIDEF stbi_uc *stbi_load_gif_from_memory(stbi_uc const *buffer, int len, int **delays, int *x, int *y, int *z, int *comp, int req_comp);
        -:  387:#endif
        -:  388:
        -:  389:#ifdef STBI_WINDOWS_UTF8
        -:  390:STBIDEF int stbi_convert_wchar_to_utf8(char *buffer, size_t bufferlen, const wchar_t* input);
        -:  391:#endif
        -:  392:
        -:  393:////////////////////////////////////
        -:  394://
        -:  395:// 16-bits-per-channel interface
        -:  396://
        -:  397:
        -:  398:STBIDEF stbi_us *stbi_load_16_from_memory   (stbi_uc const *buffer, int len, int *x, int *y, int *channels_in_file, int desired_channels);
        -:  399:STBIDEF stbi_us *stbi_load_16_from_callbacks(stbi_io_callbacks const *clbk, void *user, int *x, int *y, int *channels_in_file, int desired_channels);
        -:  400:
        -:  401:#ifndef STBI_NO_STDIO
        -:  402:STBIDEF stbi_us *stbi_load_16          (char const *filename, int *x, int *y, int *channels_in_file, int desired_channels);
        -:  403:STBIDEF stbi_us *stbi_load_from_file_16(FILE *f, int *x, int *y, int *channels_in_file, int desired_channels);
        -:  404:#endif
        -:  405:
        -:  406:////////////////////////////////////
        -:  407://
        -:  408:// float-per-channel interface
        -:  409://
        -:  410:#ifndef STBI_NO_LINEAR
        -:  411:   STBIDEF float *stbi_loadf_from_memory     (stbi_uc const *buffer, int len, int *x, int *y, int *channels_in_file, int desired_channels);
        -:  412:   STBIDEF float *stbi_loadf_from_callbacks  (stbi_io_callbacks const *clbk, void *user, int *x, int *y,  int *channels_in_file, int desired_channels);
        -:  413:
        -:  414:   #ifndef STBI_NO_STDIO
        -:  415:   STBIDEF float *stbi_loadf            (char const *filename, int *x, int *y, int *channels_in_file, int desired_channels);
        -:  416:   STBIDEF float *stbi_loadf_from_file  (FILE *f, int *x, int *y, int *channels_in_file, int desired_channels);
        -:  417:   #endif
        -:  418:#endif
        -:  419:
        -:  420:#ifndef STBI_NO_HDR
        -:  421:   STBIDEF void   stbi_hdr_to_ldr_gamma(float gamma);
        -:  422:   STBIDEF void   stbi_hdr_to_ldr_scale(float scale);
        -:  423:#endif // STBI_NO_HDR
        -:  424:
        -:  425:#ifndef STBI_NO_LINEAR
        -:  426:   STBIDEF void   stbi_ldr_to_hdr_gamma(float gamma);
        -:  427:   STBIDEF void   stbi_ldr_to_hdr_scale(float scale);
        -:  428:#endif // STBI_NO_LINEAR
        -:  429:
        -:  430:// stbi_is_hdr is always defined, but always returns false if STBI_NO_HDR
        -:  431:STBIDEF int    stbi_is_hdr_from_callbacks(stbi_io_callbacks const *clbk, void *user);
        -:  432:STBIDEF int    stbi_is_hdr_from_memory(stbi_uc const *buffer, int len);
        -:  433:#ifndef STBI_NO_STDIO
        -:  434:STBIDEF int      stbi_is_hdr          (char const *filename);
        -:  435:STBIDEF int      stbi_is_hdr_from_file(FILE *f);
        -:  436:#endif // STBI_NO_STDIO
        -:  437:
        -:  438:
        -:  439:// get a VERY brief reason for failure
        -:  440:// on most compilers (and ALL modern mainstream compilers) this is threadsafe
        -:  441:STBIDEF const char *stbi_failure_reason  (void);
        -:  442:
        -:  443:// free the loaded image -- this is just free()
        -:  444:STBIDEF void     stbi_image_free      (void *retval_from_stbi_load);
        -:  445:
        -:  446:// get image dimensions & components without fully decoding
        -:  447:STBIDEF int      stbi_info_from_memory(stbi_uc const *buffer, int len, int *x, int *y, int *comp);
        -:  448:STBIDEF int      stbi_info_from_callbacks(stbi_io_callbacks const *clbk, void *user, int *x, int *y, int *comp);
        -:  449:STBIDEF int      stbi_is_16_bit_from_memory(stbi_uc const *buffer, int len);
        -:  450:STBIDEF int      stbi_is_16_bit_from_callbacks(stbi_io_callbacks const *clbk, void *user);
        -:  451:
        -:  452:#ifndef STBI_NO_STDIO
        -:  453:STBIDEF int      stbi_info               (char const *filename,     int *x, int *y, int *comp);
        -:  454:STBIDEF int      stbi_info_from_file     (FILE *f,                  int *x, int *y, int *comp);
        -:  455:STBIDEF int      stbi_is_16_bit          (char const *filename);
        -:  456:STBIDEF int      stbi_is_16_bit_from_file(FILE *f);
        -:  457:#endif
        -:  458:
        -:  459:
        -:  460:
        -:  461:// for image formats that explicitly notate that they have premultiplied alpha,
        -:  462:// we just return the colors as stored in the file. set this flag to force
        -:  463:// unpremultiplication. results are undefined if the unpremultiply overflow.
        -:  464:STBIDEF void stbi_set_unpremultiply_on_load(int flag_true_if_should_unpremultiply);
        -:  465:
        -:  466:// indicate whether we should process iphone images back to canonical format,
        -:  467:// or just pass them through "as-is"
        -:  468:STBIDEF void stbi_convert_iphone_png_to_rgb(int flag_true_if_should_convert);
        -:  469:
        -:  470:// flip the image vertically, so the first pixel in the output array is the bottom left
        -:  471:STBIDEF void stbi_set_flip_vertically_on_load(int flag_true_if_should_flip);
        -:  472:
        -:  473:// as above, but only applies to images loaded on the thread that calls the function
        -:  474:// this function is only available if your compiler supports thread-local variables;
        -:  475:// calling it will fail to link if your compiler doesn't
        -:  476:STBIDEF void stbi_set_flip_vertically_on_load_thread(int flag_true_if_should_flip);
        -:  477:
        -:  478:// ZLIB client - used by PNG, available for other purposes
        -:  479:
        -:  480:STBIDEF char *stbi_zlib_decode_malloc_guesssize(const char *buffer, int len, int initial_size, int *outlen);
        -:  481:STBIDEF char *stbi_zlib_decode_malloc_guesssize_headerflag(const char *buffer, int len, int initial_size, int *outlen, int parse_header);
        -:  482:STBIDEF char *stbi_zlib_decode_malloc(const char *buffer, int len, int *outlen);
        -:  483:STBIDEF int   stbi_zlib_decode_buffer(char *obuffer, int olen, const char *ibuffer, int ilen);
        -:  484:
        -:  485:STBIDEF char *stbi_zlib_decode_noheader_malloc(const char *buffer, int len, int *outlen);
        -:  486:STBIDEF int   stbi_zlib_decode_noheader_buffer(char *obuffer, int olen, const char *ibuffer, int ilen);
        -:  487:
        -:  488:
        -:  489:#ifdef __cplusplus
        -:  490:}
        -:  491:#endif
        -:  492:
        -:  493://
        -:  494://
        -:  495:////   end header file   /////////////////////////////////////////////////////
        -:  496:#endif // STBI_INCLUDE_STB_IMAGE_H
        -:  497:
        -:  498:#ifdef STB_IMAGE_IMPLEMENTATION
        -:  499:
        -:  500:#if defined(STBI_ONLY_JPEG) || defined(STBI_ONLY_PNG) || defined(STBI_ONLY_BMP) \
        -:  501:  || defined(STBI_ONLY_TGA) || defined(STBI_ONLY_GIF) || defined(STBI_ONLY_PSD) \
        -:  502:  || defined(STBI_ONLY_HDR) || defined(STBI_ONLY_PIC) || defined(STBI_ONLY_PNM) \
        -:  503:  || defined(STBI_ONLY_ZLIB)
        -:  504:   #ifndef STBI_ONLY_JPEG
        -:  505:   #define STBI_NO_JPEG
        -:  506:   #endif
        -:  507:   #ifndef STBI_ONLY_PNG
        -:  508:   #define STBI_NO_PNG
        -:  509:   #endif
        -:  510:   #ifndef STBI_ONLY_BMP
        -:  511:   #define STBI_NO_BMP
        -:  512:   #endif
        -:  513:   #ifndef STBI_ONLY_PSD
        -:  514:   #define STBI_NO_PSD
        -:  515:   #endif
        -:  516:   #ifndef STBI_ONLY_TGA
        -:  517:   #define STBI_NO_TGA
        -:  518:   #endif
        -:  519:   #ifndef STBI_ONLY_GIF
        -:  520:   #define STBI_NO_GIF
        -:  521:   #endif
        -:  522:   #ifndef STBI_ONLY_HDR
        -:  523:   #define STBI_NO_HDR
        -:  524:   #endif
        -:  525:   #ifndef STBI_ONLY_PIC
        -:  526:   #define STBI_NO_PIC
        -:  527:   #endif
        -:  528:   #ifndef STBI_ONLY_PNM
        -:  529:   #define STBI_NO_PNM
        -:  530:   #endif
        -:  531:#endif
        -:  532:
        -:  533:#if defined(STBI_NO_PNG) && !defined(STBI_SUPPORT_ZLIB) && !defined(STBI_NO_ZLIB)
        -:  534:#define STBI_NO_ZLIB
        -:  535:#endif
        -:  536:
        -:  537:
        -:  538:#include <stdarg.h>
        -:  539:#include <stddef.h> // ptrdiff_t on osx
        -:  540:#include <stdlib.h>
        -:  541:#include <string.h>
        -:  542:#include <limits.h>
        -:  543:
        -:  544:#if !defined(STBI_NO_LINEAR) || !defined(STBI_NO_HDR)
        -:  545:#include <math.h>  // ldexp, pow
        -:  546:#endif
        -:  547:
        -:  548:#ifndef STBI_NO_STDIO
        -:  549:#include <stdio.h>
        -:  550:#endif
        -:  551:
        -:  552:#ifndef STBI_ASSERT
        -:  553:#include <assert.h>
        -:  554:#define STBI_ASSERT(x) assert(x)
        -:  555:#endif
        -:  556:
        -:  557:#ifdef __cplusplus
        -:  558:#define STBI_EXTERN extern "C"
        -:  559:#else
        -:  560:#define STBI_EXTERN extern
        -:  561:#endif
        -:  562:
        -:  563:
        -:  564:#ifndef _MSC_VER
        -:  565:   #ifdef __cplusplus
        -:  566:   #define stbi_inline inline
        -:  567:   #else
        -:  568:   #define stbi_inline
        -:  569:   #endif
        -:  570:#else
        -:  571:   #define stbi_inline __forceinline
        -:  572:#endif
        -:  573:
        -:  574:#ifndef STBI_NO_THREAD_LOCALS
        -:  575:   #if defined(__cplusplus) &&  __cplusplus >= 201103L
        -:  576:      #define STBI_THREAD_LOCAL       thread_local
        -:  577:   #elif defined (__STDC_VERSION__) && __STDC_VERSION__ >= 201112L
        -:  578:      #define STBI_THREAD_LOCAL       _Thread_local
        -:  579:   #elif defined(__GNUC__)
        -:  580:      #define STBI_THREAD_LOCAL       __thread
        -:  581:   #elif defined(_MSC_VER)
        -:  582:      #define STBI_THREAD_LOCAL       __declspec(thread)
        -:  583:#endif
        -:  584:#endif
        -:  585:
        -:  586:#ifdef _MSC_VER
        -:  587:typedef unsigned short stbi__uint16;
        -:  588:typedef   signed short stbi__int16;
        -:  589:typedef unsigned int   stbi__uint32;
        -:  590:typedef   signed int   stbi__int32;
        -:  591:#else
        -:  592:#include <stdint.h>
        -:  593:typedef uint16_t stbi__uint16;
        -:  594:typedef int16_t  stbi__int16;
        -:  595:typedef uint32_t stbi__uint32;
        -:  596:typedef int32_t  stbi__int32;
        -:  597:#endif
        -:  598:
        -:  599:// should produce compiler error if size is wrong
        -:  600:typedef unsigned char validate_uint32[sizeof(stbi__uint32)==4 ? 1 : -1];
        -:  601:
        -:  602:#ifdef _MSC_VER
        -:  603:#define STBI_NOTUSED(v)  (void)(v)
        -:  604:#else
        -:  605:#define STBI_NOTUSED(v)  (void)sizeof(v)
        -:  606:#endif
        -:  607:
        -:  608:#ifdef _MSC_VER
        -:  609:#define STBI_HAS_LROTL
        -:  610:#endif
        -:  611:
        -:  612:#ifdef STBI_HAS_LROTL
        -:  613:   #define stbi_lrot(x,y)  _lrotl(x,y)
        -:  614:#else
        -:  615:   #define stbi_lrot(x,y)  (((x) << (y)) | ((x) >> (32 - (y))))
        -:  616:#endif
        -:  617:
        -:  618:#if defined(STBI_MALLOC) && defined(STBI_FREE) && (defined(STBI_REALLOC) || defined(STBI_REALLOC_SIZED))
        -:  619:// ok
        -:  620:#elif !defined(STBI_MALLOC) && !defined(STBI_FREE) && !defined(STBI_REALLOC) && !defined(STBI_REALLOC_SIZED)
        -:  621:// ok
        -:  622:#else
        -:  623:#error "Must define all or none of STBI_MALLOC, STBI_FREE, and STBI_REALLOC (or STBI_REALLOC_SIZED)."
        -:  624:#endif
        -:  625:
        -:  626:#ifndef STBI_MALLOC
        -:  627:#define STBI_MALLOC(sz)           malloc(sz)
        -:  628:#define STBI_REALLOC(p,newsz)     realloc(p,newsz)
        -:  629:#define STBI_FREE(p)              free(p)
        -:  630:#endif
        -:  631:
        -:  632:#ifndef STBI_REALLOC_SIZED
        -:  633:#define STBI_REALLOC_SIZED(p,oldsz,newsz) STBI_REALLOC(p,newsz)
        -:  634:#endif
        -:  635:
        -:  636:// x86/x64 detection
        -:  637:#if defined(__x86_64__) || defined(_M_X64)
        -:  638:#define STBI__X64_TARGET
        -:  639:#elif defined(__i386) || defined(_M_IX86)
        -:  640:#define STBI__X86_TARGET
        -:  641:#endif
        -:  642:
        -:  643:#if defined(__GNUC__) && defined(STBI__X86_TARGET) && !defined(__SSE2__) && !defined(STBI_NO_SIMD)
        -:  644:// gcc doesn't support sse2 intrinsics unless you compile with -msse2,
        -:  645:// which in turn means it gets to use SSE2 everywhere. This is unfortunate,
        -:  646:// but previous attempts to provide the SSE2 functions with runtime
        -:  647:// detection caused numerous issues. The way architecture extensions are
        -:  648:// exposed in GCC/Clang is, sadly, not really suited for one-file libs.
        -:  649:// New behavior: if compiled with -msse2, we use SSE2 without any
        -:  650:// detection; if not, we don't use it at all.
        -:  651:#define STBI_NO_SIMD
        -:  652:#endif
        -:  653:
        -:  654:#if defined(__MINGW32__) && defined(STBI__X86_TARGET) && !defined(STBI_MINGW_ENABLE_SSE2) && !defined(STBI_NO_SIMD)
        -:  655:// Note that __MINGW32__ doesn't actually mean 32-bit, so we have to avoid STBI__X64_TARGET
        -:  656://
        -:  657:// 32-bit MinGW wants ESP to be 16-byte aligned, but this is not in the
        -:  658:// Windows ABI and VC++ as well as Windows DLLs don't maintain that invariant.
        -:  659:// As a result, enabling SSE2 on 32-bit MinGW is dangerous when not
        -:  660:// simultaneously enabling "-mstackrealign".
        -:  661://
        -:  662:// See https://github.com/nothings/stb/issues/81 for more information.
        -:  663://
        -:  664:// So default to no SSE2 on 32-bit MinGW. If you've read this far and added
        -:  665:// -mstackrealign to your build settings, feel free to #define STBI_MINGW_ENABLE_SSE2.
        -:  666:#define STBI_NO_SIMD
        -:  667:#endif
        -:  668:
        -:  669:#if !defined(STBI_NO_SIMD) && (defined(STBI__X86_TARGET) || defined(STBI__X64_TARGET))
        -:  670:#define STBI_SSE2
        -:  671:#include <emmintrin.h>
        -:  672:
        -:  673:#ifdef _MSC_VER
        -:  674:
        -:  675:#if _MSC_VER >= 1400  // not VC6
        -:  676:#include <intrin.h> // __cpuid
        -:  677:static int stbi__cpuid3(void)
        -:  678:{
        -:  679:   int info[4];
        -:  680:   __cpuid(info,1);
        -:  681:   return info[3];
        -:  682:}
        -:  683:#else
        -:  684:static int stbi__cpuid3(void)
        -:  685:{
        -:  686:   int res;
        -:  687:   __asm {
        -:  688:      mov  eax,1
        -:  689:      cpuid
        -:  690:      mov  res,edx
        -:  691:   }
        -:  692:   return res;
        -:  693:}
        -:  694:#endif
        -:  695:
        -:  696:#define STBI_SIMD_ALIGN(type, name) __declspec(align(16)) type name
        -:  697:
        -:  698:#if !defined(STBI_NO_JPEG) && defined(STBI_SSE2)
        -:  699:static int stbi__sse2_available(void)
        -:  700:{
        -:  701:   int info3 = stbi__cpuid3();
        -:  702:   return ((info3 >> 26) & 1) != 0;
        -:  703:}
        -:  704:#endif
        -:  705:
        -:  706:#else // assume GCC-style if not VC++
        -:  707:#define STBI_SIMD_ALIGN(type, name) type name __attribute__((aligned(16)))
        -:  708:
        -:  709:#if !defined(STBI_NO_JPEG) && defined(STBI_SSE2)
        7:  710:static int stbi__sse2_available(void)
        -:  711:{
        -:  712:   // If we're even attempting to compile this on GCC/Clang, that means
        -:  713:   // -msse2 is on, which means the compiler is allowed to use SSE2
        -:  714:   // instructions at will, and so are we.
        7:  715:   return 1;
        -:  716:}
        -:  717:#endif
        -:  718:
        -:  719:#endif
        -:  720:#endif
        -:  721:
        -:  722:// ARM NEON
        -:  723:#if defined(STBI_NO_SIMD) && defined(STBI_NEON)
        -:  724:#undef STBI_NEON
        -:  725:#endif
        -:  726:
        -:  727:#ifdef STBI_NEON
        -:  728:#include <arm_neon.h>
        -:  729:// assume GCC or Clang on ARM targets
        -:  730:#define STBI_SIMD_ALIGN(type, name) type name __attribute__((aligned(16)))
        -:  731:#endif
        -:  732:
        -:  733:#ifndef STBI_SIMD_ALIGN
        -:  734:#define STBI_SIMD_ALIGN(type, name) type name
        -:  735:#endif
        -:  736:
        -:  737:///////////////////////////////////////////////
        -:  738://
        -:  739://  stbi__context struct and start_xxx functions
        -:  740:
        -:  741:// stbi__context structure is our basic context used by all images, so it
        -:  742:// contains all the IO context, plus some basic image information
        -:  743:typedef struct
        -:  744:{
        -:  745:   stbi__uint32 img_x, img_y;
        -:  746:   int img_n, img_out_n;
        -:  747:
        -:  748:   stbi_io_callbacks io;
        -:  749:   void *io_user_data;
        -:  750:
        -:  751:   int read_from_callbacks;
        -:  752:   int buflen;
        -:  753:   stbi_uc buffer_start[128];
        -:  754:
        -:  755:   stbi_uc *img_buffer, *img_buffer_end;
        -:  756:   stbi_uc *img_buffer_original, *img_buffer_original_end;
        -:  757:} stbi__context;
        -:  758:
        -:  759:
        -:  760:static void stbi__refill_buffer(stbi__context *s);
        -:  761:
        -:  762:// initialize a memory-decode context
        -:  763:static void stbi__start_mem(stbi__context *s, stbi_uc const *buffer, int len)
        -:  764:{
        -:  765:   s->io.read = NULL;
        -:  766:   s->read_from_callbacks = 0;
        -:  767:   s->img_buffer = s->img_buffer_original = (stbi_uc *) buffer;
        -:  768:   s->img_buffer_end = s->img_buffer_original_end = (stbi_uc *) buffer+len;
        -:  769:}
        -:  770:
        -:  771:// initialize a callback-based context
       14:  772:static void stbi__start_callbacks(stbi__context *s, stbi_io_callbacks *c, void *user)
        -:  773:{
       14:  774:   s->io = *c;
       14:  775:   s->io_user_data = user;
       14:  776:   s->buflen = sizeof(s->buffer_start);
       14:  777:   s->read_from_callbacks = 1;
       14:  778:   s->img_buffer_original = s->buffer_start;
       28:  779:   stbi__refill_buffer(s);
       14:  780:   s->img_buffer_original_end = s->img_buffer_end;
       14:  781:}
        -:  782:
        -:  783:#ifndef STBI_NO_STDIO
        -:  784:
    14017:  785:static int stbi__stdio_read(void *user, char *data, int size)
        -:  786:{
    14017:  787:   return (int) fread(data,1,size,(FILE*) user);
    14017:  787-block  0
        -:  788:}
        -:  789:
       42:  790:static void stbi__stdio_skip(void *user, int n)
        -:  791:{
       42:  792:   fseek((FILE*) user, n, SEEK_CUR);
       42:  792-block  0
       42:  793:}
        -:  794:
    #####:  795:static int stbi__stdio_eof(void *user)
        -:  796:{
    #####:  797:   return feof((FILE*) user);
    %%%%%:  797-block  0
        -:  798:}
        -:  799:
        -:  800:static stbi_io_callbacks stbi__stdio_callbacks =
        -:  801:{
        -:  802:   stbi__stdio_read,
        -:  803:   stbi__stdio_skip,
        -:  804:   stbi__stdio_eof,
        -:  805:};
        -:  806:
       14:  807:static void stbi__start_file(stbi__context *s, FILE *f)
        -:  808:{
       14:  809:   stbi__start_callbacks(s, &stbi__stdio_callbacks, (void *) f);
        -:  810:}
        -:  811:
        -:  812://static void stop_file(stbi__context *s) { }
        -:  813:
        -:  814:#endif // !STBI_NO_STDIO
        -:  815:
       7*:  816:static void stbi__rewind(stbi__context *s)
        -:  817:{
        -:  818:   // conceptually rewind SHOULD rewind to the beginning of the stream,
        -:  819:   // but we just rewind to the beginning of the initial buffer, because
        -:  820:   // we only use it after doing 'test', which only ever looks at at most 92 bytes
       7*:  821:   s->img_buffer = s->img_buffer_original;
       7*:  822:   s->img_buffer_end = s->img_buffer_original_end;
    #####:  823:}
        -:  824:
        -:  825:enum
        -:  826:{
        -:  827:   STBI_ORDER_RGB,
        -:  828:   STBI_ORDER_BGR
        -:  829:};
        -:  830:
        -:  831:typedef struct
        -:  832:{
        -:  833:   int bits_per_channel;
        -:  834:   int num_channels;
        -:  835:   int channel_order;
        -:  836:} stbi__result_info;
        -:  837:
        -:  838:#ifndef STBI_NO_JPEG
        -:  839:static int      stbi__jpeg_test(stbi__context *s);
        -:  840:static void    *stbi__jpeg_load(stbi__context *s, int *x, int *y, int *comp, int req_comp, stbi__result_info *ri);
        -:  841:static int      stbi__jpeg_info(stbi__context *s, int *x, int *y, int *comp);
        -:  842:#endif
        -:  843:
        -:  844:#ifndef STBI_NO_PNG
        -:  845:static int      stbi__png_test(stbi__context *s);
        -:  846:static void    *stbi__png_load(stbi__context *s, int *x, int *y, int *comp, int req_comp, stbi__result_info *ri);
        -:  847:static int      stbi__png_info(stbi__context *s, int *x, int *y, int *comp);
        -:  848:static int      stbi__png_is16(stbi__context *s);
        -:  849:#endif
        -:  850:
        -:  851:#ifndef STBI_NO_BMP
        -:  852:static int      stbi__bmp_test(stbi__context *s);
        -:  853:static void    *stbi__bmp_load(stbi__context *s, int *x, int *y, int *comp, int req_comp, stbi__result_info *ri);
        -:  854:static int      stbi__bmp_info(stbi__context *s, int *x, int *y, int *comp);
        -:  855:#endif
        -:  856:
        -:  857:#ifndef STBI_NO_TGA
        -:  858:static int      stbi__tga_test(stbi__context *s);
        -:  859:static void    *stbi__tga_load(stbi__context *s, int *x, int *y, int *comp, int req_comp, stbi__result_info *ri);
        -:  860:static int      stbi__tga_info(stbi__context *s, int *x, int *y, int *comp);
        -:  861:#endif
        -:  862:
        -:  863:#ifndef STBI_NO_PSD
        -:  864:static int      stbi__psd_test(stbi__context *s);
        -:  865:static void    *stbi__psd_load(stbi__context *s, int *x, int *y, int *comp, int req_comp, stbi__result_info *ri, int bpc);
        -:  866:static int      stbi__psd_info(stbi__context *s, int *x, int *y, int *comp);
        -:  867:static int      stbi__psd_is16(stbi__context *s);
        -:  868:#endif
        -:  869:
        -:  870:#ifndef STBI_NO_HDR
        -:  871:static int      stbi__hdr_test(stbi__context *s);
        -:  872:static float   *stbi__hdr_load(stbi__context *s, int *x, int *y, int *comp, int req_comp, stbi__result_info *ri);
        -:  873:static int      stbi__hdr_info(stbi__context *s, int *x, int *y, int *comp);
        -:  874:#endif
        -:  875:
        -:  876:#ifndef STBI_NO_PIC
        -:  877:static int      stbi__pic_test(stbi__context *s);
        -:  878:static void    *stbi__pic_load(stbi__context *s, int *x, int *y, int *comp, int req_comp, stbi__result_info *ri);
        -:  879:static int      stbi__pic_info(stbi__context *s, int *x, int *y, int *comp);
        -:  880:#endif
        -:  881:
        -:  882:#ifndef STBI_NO_GIF
        -:  883:static int      stbi__gif_test(stbi__context *s);
        -:  884:static void    *stbi__gif_load(stbi__context *s, int *x, int *y, int *comp, int req_comp, stbi__result_info *ri);
        -:  885:static void    *stbi__load_gif_main(stbi__context *s, int **delays, int *x, int *y, int *z, int *comp, int req_comp);
        -:  886:static int      stbi__gif_info(stbi__context *s, int *x, int *y, int *comp);
        -:  887:#endif
        -:  888:
        -:  889:#ifndef STBI_NO_PNM
        -:  890:static int      stbi__pnm_test(stbi__context *s);
        -:  891:static void    *stbi__pnm_load(stbi__context *s, int *x, int *y, int *comp, int req_comp, stbi__result_info *ri);
        -:  892:static int      stbi__pnm_info(stbi__context *s, int *x, int *y, int *comp);
        -:  893:#endif
        -:  894:
        -:  895:static
        -:  896:#ifdef STBI_THREAD_LOCAL
        -:  897:STBI_THREAD_LOCAL
        -:  898:#endif
        -:  899:const char *stbi__g_failure_reason;
        -:  900:
        -:  901:STBIDEF const char *stbi_failure_reason(void)
        -:  902:{
        -:  903:   return stbi__g_failure_reason;
        -:  904:}
        -:  905:
        -:  906:#ifndef STBI_NO_FAILURE_STRINGS
    #####:  907:static int stbi__err(const char *str)
        -:  908:{
    #####:  909:   stbi__g_failure_reason = str;
    #####:  910:   return 0;
        -:  911:}
        -:  912:#endif
        -:  913:
      63*:  914:static void *stbi__malloc(size_t size)
        -:  915:{
      63*:  916:    return STBI_MALLOC(size);
        -:  917:}
        -:  918:
        -:  919:// stb_image uses ints pervasively, including for offset calculations.
        -:  920:// therefore the largest decoded image size we can support with the
        -:  921:// current code, even on 64-bit targets, is INT_MAX. this is not a
        -:  922:// significant limitation for the intended use case.
        -:  923://
        -:  924:// we do, however, need to make sure our size calculations don't
        -:  925:// overflow. hence a few helper functions for size calculations that
        -:  926:// multiply integers together, making sure that they're non-negative
        -:  927:// and no overflow occurs.
        -:  928:
        -:  929:// return 1 if the sum is valid, 0 on overflow.
        -:  930:// negative terms are considered invalid.
      35*:  931:static int stbi__addsizes_valid(int a, int b)
        -:  932:{
      35*:  933:   if (b < 0) return 0;
        -:  934:   // now 0 <= b <= INT_MAX, hence also
        -:  935:   // 0 <= INT_MAX - b <= INTMAX.
        -:  936:   // And "a + b <= INT_MAX" (which might overflow) is the
        -:  937:   // same as a <= INT_MAX - b (no overflow)
      35*:  938:   return a <= INT_MAX - b;
        -:  939:}
        -:  940:
        -:  941:// returns 1 if the product is valid, 0 on overflow.
        -:  942:// negative factors are considered invalid.
      49*:  943:static int stbi__mul2sizes_valid(int a, int b)
        -:  944:{
      49*:  945:   if (a < 0 || b < 0) return 0;
      49*:  946:   if (b == 0) return 1; // mul-by-0 is always safe
       21:  946-block  0
    %%%%%:  946-block  1
    %%%%%:  946-block  2
    %%%%%:  946-block  3
       14:  946-block  4
       14:  946-block  5
        -:  947:   // portable way to check for no overflows in a*b
      49*:  948:   return a <= INT_MAX/b;
        -:  949:}
        -:  950:
        -:  951:#if !defined(STBI_NO_JPEG) || !defined(STBI_NO_PNG) || !defined(STBI_NO_TGA) || !defined(STBI_NO_HDR)
        -:  952:// returns 1 if "a*b + add" has no negative terms/factors and doesn't overflow
       21:  953:static int stbi__mad2sizes_valid(int a, int b, int add)
        -:  954:{
       21:  955:   return stbi__mul2sizes_valid(a, b) && stbi__addsizes_valid(a*b, add);
       21:  955-block  0
       21:  955-block  1
       21:  955-block  2
        -:  956:}
        -:  957:#endif
        -:  958:
        -:  959:// returns 1 if "a*b*c + add" has no negative terms/factors and doesn't overflow
       14:  960:static int stbi__mad3sizes_valid(int a, int b, int c, int add)
        -:  961:{
       42:  962:   return stbi__mul2sizes_valid(a, b) && stbi__mul2sizes_valid(a*b, c) &&
       14:  962-block  0
       14:  962-block  1
       14:  962-block  2
       14:  962-block  3
       14:  963:      stbi__addsizes_valid(a*b*c, add);
       14:  963-block  0
       14:  963-block  1
        -:  964:}
        -:  965:
        -:  966:// returns 1 if "a*b*c*d + add" has no negative terms/factors and doesn't overflow
        -:  967:#if !defined(STBI_NO_LINEAR) || !defined(STBI_NO_HDR)
    #####:  968:static int stbi__mad4sizes_valid(int a, int b, int c, int d, int add)
        -:  969:{
    #####:  970:   return stbi__mul2sizes_valid(a, b) && stbi__mul2sizes_valid(a*b, c) &&
    %%%%%:  970-block  0
    %%%%%:  970-block  1
    %%%%%:  970-block  2
    #####:  971:      stbi__mul2sizes_valid(a*b*c, d) && stbi__addsizes_valid(a*b*c*d, add);
    %%%%%:  971-block  0
    %%%%%:  971-block  1
    %%%%%:  971-block  2
    %%%%%:  971-block  3
    %%%%%:  971-block  4
        -:  972:}
        -:  973:#endif
        -:  974:
        -:  975:#if !defined(STBI_NO_JPEG) || !defined(STBI_NO_PNG) || !defined(STBI_NO_TGA) || !defined(STBI_NO_HDR)
        -:  976:// mallocs with size overflow checking
       21:  977:static void *stbi__malloc_mad2(int a, int b, int add)
        -:  978:{
       21:  979:   if (!stbi__mad2sizes_valid(a, b, add)) return NULL;
       21:  979-block  0
       21:  980:   return stbi__malloc(a*b + add);
       21:  980-block  0
        -:  981:}
        -:  982:#endif
        -:  983:
        7:  984:static void *stbi__malloc_mad3(int a, int b, int c, int add)
        -:  985:{
        7:  986:   if (!stbi__mad3sizes_valid(a, b, c, add)) return NULL;
        7:  986-block  0
        7:  987:   return stbi__malloc(a*b*c + add);
        7:  987-block  0
        -:  988:}
        -:  989:
        -:  990:#if !defined(STBI_NO_LINEAR) || !defined(STBI_NO_HDR)
    #####:  991:static void *stbi__malloc_mad4(int a, int b, int c, int d, int add)
        -:  992:{
    #####:  993:   if (!stbi__mad4sizes_valid(a, b, c, d, add)) return NULL;
    %%%%%:  993-block  0
    #####:  994:   return stbi__malloc(a*b*c*d + add);
    %%%%%:  994-block  0
        -:  995:}
        -:  996:#endif
        -:  997:
        -:  998:// stbi__err - error
        -:  999:// stbi__errpf - error returning pointer to float
        -: 1000:// stbi__errpuc - error returning pointer to unsigned char
        -: 1001:
        -: 1002:#ifdef STBI_NO_FAILURE_STRINGS
        -: 1003:   #define stbi__err(x,y)  0
        -: 1004:#elif defined(STBI_FAILURE_USERMSG)
        -: 1005:   #define stbi__err(x,y)  stbi__err(y)
        -: 1006:#else
        -: 1007:   #define stbi__err(x,y)  stbi__err(x)
        -: 1008:#endif
        -: 1009:
        -: 1010:#define stbi__errpf(x,y)   ((float *)(size_t) (stbi__err(x,y)?NULL:NULL))
        -: 1011:#define stbi__errpuc(x,y)  ((unsigned char *)(size_t) (stbi__err(x,y)?NULL:NULL))
        -: 1012:
        -: 1013:STBIDEF void stbi_image_free(void *retval_from_stbi_load)
        -: 1014:{
        -: 1015:   STBI_FREE(retval_from_stbi_load);
        -: 1016:}
        -: 1017:
        -: 1018:#ifndef STBI_NO_LINEAR
        -: 1019:static float   *stbi__ldr_to_hdr(stbi_uc *data, int x, int y, int comp);
        -: 1020:#endif
        -: 1021:
        -: 1022:#ifndef STBI_NO_HDR
        -: 1023:static stbi_uc *stbi__hdr_to_ldr(float   *data, int x, int y, int comp);
        -: 1024:#endif
        -: 1025:
        -: 1026:static int stbi__vertically_flip_on_load_global = 0;
        -: 1027:
        -: 1028:STBIDEF void stbi_set_flip_vertically_on_load(int flag_true_if_should_flip)
        -: 1029:{
        -: 1030:   stbi__vertically_flip_on_load_global = flag_true_if_should_flip;
        -: 1031:}
        -: 1032:
        -: 1033:#ifndef STBI_THREAD_LOCAL
        -: 1034:#define stbi__vertically_flip_on_load  stbi__vertically_flip_on_load_global
        -: 1035:#else
        -: 1036:static STBI_THREAD_LOCAL int stbi__vertically_flip_on_load_local, stbi__vertically_flip_on_load_set;
        -: 1037:
        -: 1038:STBIDEF void stbi_set_flip_vertically_on_load_thread(int flag_true_if_should_flip)
        -: 1039:{
        -: 1040:   stbi__vertically_flip_on_load_local = flag_true_if_should_flip;
        -: 1041:   stbi__vertically_flip_on_load_set = 1;
        -: 1042:}
        -: 1043:
        -: 1044:#define stbi__vertically_flip_on_load  (stbi__vertically_flip_on_load_set       \
        -: 1045:                                         ? stbi__vertically_flip_on_load_local  \
        -: 1046:                                         : stbi__vertically_flip_on_load_global)
        -: 1047:#endif // STBI_THREAD_LOCAL
        -: 1048:
        7: 1049:static void *stbi__load_main(stbi__context *s, int *x, int *y, int *comp, int req_comp, stbi__result_info *ri, int bpc)
        -: 1050:{
        7: 1051:   memset(ri, 0, sizeof(*ri)); // make sure it's initialized if we add new fields
        7: 1051-block  0
        7: 1052:   ri->bits_per_channel = 8; // default is 8 so most paths don't have to be changed
        7: 1053:   ri->channel_order = STBI_ORDER_RGB; // all current input & output are this, but this is here so we can add BGR order
        7: 1054:   ri->num_channels = 0;
        -: 1055:
        -: 1056:   #ifndef STBI_NO_JPEG
        7: 1057:   if (stbi__jpeg_test(s)) return stbi__jpeg_load(s,x,y,comp,req_comp, ri);
        7: 1057-block  0
        7: 1057-block  1
        -: 1058:   #endif
        -: 1059:   #ifndef STBI_NO_PNG
    #####: 1060:   if (stbi__png_test(s))  return stbi__png_load(s,x,y,comp,req_comp, ri);
    %%%%%: 1060-block  0
        -: 1061:   #endif
        -: 1062:   #ifndef STBI_NO_BMP
    #####: 1063:   if (stbi__bmp_test(s))  return stbi__bmp_load(s,x,y,comp,req_comp, ri);
    %%%%%: 1063-block  0
        -: 1064:   #endif
        -: 1065:   #ifndef STBI_NO_GIF
    #####: 1066:   if (stbi__gif_test(s))  return stbi__gif_load(s,x,y,comp,req_comp, ri);
    %%%%%: 1066-block  0
        -: 1067:   #endif
        -: 1068:   #ifndef STBI_NO_PSD
    #####: 1069:   if (stbi__psd_test(s))  return stbi__psd_load(s,x,y,comp,req_comp, ri, bpc);
    %%%%%: 1069-block  0
        -: 1070:   #else
        -: 1071:   STBI_NOTUSED(bpc);
        -: 1072:   #endif
        -: 1073:   #ifndef STBI_NO_PIC
    #####: 1074:   if (stbi__pic_test(s))  return stbi__pic_load(s,x,y,comp,req_comp, ri);
    %%%%%: 1074-block  0
        -: 1075:   #endif
        -: 1076:   #ifndef STBI_NO_PNM
    #####: 1077:   if (stbi__pnm_test(s))  return stbi__pnm_load(s,x,y,comp,req_comp, ri);
    %%%%%: 1077-block  0
    %%%%%: 1077-block  1
        -: 1078:   #endif
        -: 1079:
        -: 1080:   #ifndef STBI_NO_HDR
    #####: 1081:   if (stbi__hdr_test(s)) {
    %%%%%: 1081-block  0
    #####: 1082:      float *hdr = stbi__hdr_load(s, x,y,comp,req_comp, ri);
    %%%%%: 1082-block  0
    #####: 1083:      return stbi__hdr_to_ldr(hdr, *x, *y, req_comp ? req_comp : *comp);
    %%%%%: 1083-block  0
    %%%%%: 1083-block  1
        -: 1084:   }
        -: 1085:   #endif
        -: 1086:
        -: 1087:   #ifndef STBI_NO_TGA
        -: 1088:   // test tga last because it's a crappy test!
    #####: 1089:   if (stbi__tga_test(s))
    %%%%%: 1089-block  0
    #####: 1090:      return stbi__tga_load(s,x,y,comp,req_comp, ri);
    %%%%%: 1090-block  0
        -: 1091:   #endif
        -: 1092:
    #####: 1093:   return stbi__errpuc("unknown image type", "Image not of any known type, or corrupt");
    %%%%%: 1093-block  0
        -: 1094:}
        -: 1095:
    #####: 1096:static stbi_uc *stbi__convert_16_to_8(stbi__uint16 *orig, int w, int h, int channels)
        -: 1097:{
    #####: 1098:   int i;
    #####: 1099:   int img_len = w * h * channels;
    #####: 1100:   stbi_uc *reduced;
        -: 1101:
    #####: 1102:   reduced = (stbi_uc *) stbi__malloc(img_len);
    #####: 1103:   if (reduced == NULL) return stbi__errpuc("outofmem", "Out of memory");
    %%%%%: 1103-block  0
    %%%%%: 1103-block  1
        -: 1104:
    #####: 1105:   for (i = 0; i < img_len; ++i)
    %%%%%: 1105-block  0
    #####: 1106:      reduced[i] = (stbi_uc)((orig[i] >> 8) & 0xFF); // top half of each byte is sufficient approx of 16->8 bit scaling
    %%%%%: 1106-block  0
        -: 1107:
    #####: 1108:   STBI_FREE(orig);
    #####: 1109:   return reduced;
    %%%%%: 1109-block  0
        -: 1110:}
        -: 1111:
        -: 1112:static stbi__uint16 *stbi__convert_8_to_16(stbi_uc *orig, int w, int h, int channels)
        -: 1113:{
        -: 1114:   int i;
        -: 1115:   int img_len = w * h * channels;
        -: 1116:   stbi__uint16 *enlarged;
        -: 1117:
        -: 1118:   enlarged = (stbi__uint16 *) stbi__malloc(img_len*2);
        -: 1119:   if (enlarged == NULL) return (stbi__uint16 *) stbi__errpuc("outofmem", "Out of memory");
        -: 1120:
        -: 1121:   for (i = 0; i < img_len; ++i)
        -: 1122:      enlarged[i] = (stbi__uint16)((orig[i] << 8) + orig[i]); // replicate to high and low byte, maps 0->0, 255->0xffff
        -: 1123:
        -: 1124:   STBI_FREE(orig);
        -: 1125:   return enlarged;
        -: 1126:}
        -: 1127:
    #####: 1128:static void stbi__vertical_flip(void *image, int w, int h, int bytes_per_pixel)
        -: 1129:{
    #####: 1130:   int row;
    #####: 1131:   size_t bytes_per_row = (size_t)w * bytes_per_pixel;
    #####: 1132:   stbi_uc temp[2048];
    #####: 1133:   stbi_uc *bytes = (stbi_uc *)image;
        -: 1134:
    #####: 1135:   for (row = 0; row < (h>>1); row++) {
    %%%%%: 1135-block  0
    %%%%%: 1135-block  1
    %%%%%: 1135-block  2
    #####: 1136:      stbi_uc *row0 = bytes + row*bytes_per_row;
    #####: 1137:      stbi_uc *row1 = bytes + (h - row - 1)*bytes_per_row;
        -: 1138:      // swap row0 with row1
    #####: 1139:      size_t bytes_left = bytes_per_row;
    %%%%%: 1139-block  0
    #####: 1140:      while (bytes_left) {
    %%%%%: 1140-block  0
    #####: 1141:         size_t bytes_copy = (bytes_left < sizeof(temp)) ? bytes_left : sizeof(temp);
    #####: 1142:         memcpy(temp, row0, bytes_copy);
    %%%%%: 1142-block  0
    #####: 1143:         memcpy(row0, row1, bytes_copy);
    #####: 1144:         memcpy(row1, temp, bytes_copy);
    #####: 1145:         row0 += bytes_copy;
    #####: 1146:         row1 += bytes_copy;
    #####: 1147:         bytes_left -= bytes_copy;
    %%%%%: 1147-block  0
        -: 1148:      }
        -: 1149:   }
    #####: 1150:}
        -: 1151:
        -: 1152:#ifndef STBI_NO_GIF
        -: 1153:static void stbi__vertical_flip_slices(void *image, int w, int h, int z, int bytes_per_pixel)
        -: 1154:{
        -: 1155:   int slice;
        -: 1156:   int slice_size = w * h * bytes_per_pixel;
        -: 1157:
        -: 1158:   stbi_uc *bytes = (stbi_uc *)image;
        -: 1159:   for (slice = 0; slice < z; ++slice) {
        -: 1160:      stbi__vertical_flip(bytes, w, h, bytes_per_pixel);
        -: 1161:      bytes += slice_size;
        -: 1162:   }
        -: 1163:}
        -: 1164:#endif
        -: 1165:
        7: 1166:static unsigned char *stbi__load_and_postprocess_8bit(stbi__context *s, int *x, int *y, int *comp, int req_comp)
        -: 1167:{
        7: 1168:   stbi__result_info ri;
        7: 1169:   void *result = stbi__load_main(s, x, y, comp, req_comp, &ri, 8);
        7: 1169-block  0
        -: 1170:
        7: 1171:   if (result == NULL)
        -: 1172:      return NULL;
        -: 1173:
        7: 1174:   if (ri.bits_per_channel != 8) {
        7: 1174-block  0
    #####: 1175:      STBI_ASSERT(ri.bits_per_channel == 16);
    %%%%%: 1175-block  0
    %%%%%: 1175-block  1
    #####: 1176:      result = stbi__convert_16_to_8((stbi__uint16 *) result, *x, *y, req_comp == 0 ? *comp : req_comp);
    %%%%%: 1176-block  0
    %%%%%: 1176-block  1
    %%%%%: 1176-block  2
    #####: 1177:      ri.bits_per_channel = 8;
        -: 1178:   }
        -: 1179:
        -: 1180:   // @TODO: move stbi__convert_format to here
        -: 1181:
       7*: 1182:   if (stbi__vertically_flip_on_load) {
        7: 1182-block  0
    %%%%%: 1182-block  1
        7: 1182-block  2
        7: 1182-block  3
    #####: 1183:      int channels = req_comp ? req_comp : *comp;
    %%%%%: 1183-block  0
    %%%%%: 1183-block  1
    #####: 1184:      stbi__vertical_flip(result, *x, *y, channels * sizeof(stbi_uc));
    %%%%%: 1184-block  0
        -: 1185:   }
        -: 1186:
        -: 1187:   return (unsigned char *) result;
        -: 1188:}
        -: 1189:
        -: 1190:static stbi__uint16 *stbi__load_and_postprocess_16bit(stbi__context *s, int *x, int *y, int *comp, int req_comp)
        -: 1191:{
        -: 1192:   stbi__result_info ri;
        -: 1193:   void *result = stbi__load_main(s, x, y, comp, req_comp, &ri, 16);
        -: 1194:
        -: 1195:   if (result == NULL)
        -: 1196:      return NULL;
        -: 1197:
        -: 1198:   if (ri.bits_per_channel != 16) {
        -: 1199:      STBI_ASSERT(ri.bits_per_channel == 8);
        -: 1200:      result = stbi__convert_8_to_16((stbi_uc *) result, *x, *y, req_comp == 0 ? *comp : req_comp);
        -: 1201:      ri.bits_per_channel = 16;
        -: 1202:   }
        -: 1203:
        -: 1204:   // @TODO: move stbi__convert_format16 to here
        -: 1205:   // @TODO: special case RGB-to-Y (and RGBA-to-YA) for 8-bit-to-16-bit case to keep more precision
        -: 1206:
        -: 1207:   if (stbi__vertically_flip_on_load) {
        -: 1208:      int channels = req_comp ? req_comp : *comp;
        -: 1209:      stbi__vertical_flip(result, *x, *y, channels * sizeof(stbi__uint16));
        -: 1210:   }
        -: 1211:
        -: 1212:   return (stbi__uint16 *) result;
        -: 1213:}
        -: 1214:
        -: 1215:#if !defined(STBI_NO_HDR) && !defined(STBI_NO_LINEAR)
        -: 1216:static void stbi__float_postprocess(float *result, int *x, int *y, int *comp, int req_comp)
        -: 1217:{
        -: 1218:   if (stbi__vertically_flip_on_load && result != NULL) {
        -: 1219:      int channels = req_comp ? req_comp : *comp;
        -: 1220:      stbi__vertical_flip(result, *x, *y, channels * sizeof(float));
        -: 1221:   }
        -: 1222:}
        -: 1223:#endif
        -: 1224:
        -: 1225:#ifndef STBI_NO_STDIO
        -: 1226:
        -: 1227:#if defined(_MSC_VER) && defined(STBI_WINDOWS_UTF8)
        -: 1228:STBI_EXTERN __declspec(dllimport) int __stdcall MultiByteToWideChar(unsigned int cp, unsigned long flags, const char *str, int cbmb, wchar_t *widestr, int cchwide);
        -: 1229:STBI_EXTERN __declspec(dllimport) int __stdcall WideCharToMultiByte(unsigned int cp, unsigned long flags, const wchar_t *widestr, int cchwide, char *str, int cbmb, const char *defchar, int *used_default);
        -: 1230:#endif
        -: 1231:
        -: 1232:#if defined(_MSC_VER) && defined(STBI_WINDOWS_UTF8)
        -: 1233:STBIDEF int stbi_convert_wchar_to_utf8(char *buffer, size_t bufferlen, const wchar_t* input)
        -: 1234:{
        -: 1235:	return WideCharToMultiByte(65001 /* UTF8 */, 0, input, -1, buffer, (int) bufferlen, NULL, NULL);
        -: 1236:}
        -: 1237:#endif
        -: 1238:
       14: 1239:static FILE *stbi__fopen(char const *filename, char const *mode)
        -: 1240:{
       14: 1241:   FILE *f;
        -: 1242:#if defined(_MSC_VER) && defined(STBI_WINDOWS_UTF8)
        -: 1243:   wchar_t wMode[64];
        -: 1244:   wchar_t wFilename[1024];
        -: 1245:	if (0 == MultiByteToWideChar(65001 /* UTF8 */, 0, filename, -1, wFilename, sizeof(wFilename)))
        -: 1246:      return 0;
        -: 1247:
        -: 1248:	if (0 == MultiByteToWideChar(65001 /* UTF8 */, 0, mode, -1, wMode, sizeof(wMode)))
        -: 1249:      return 0;
        -: 1250:
        -: 1251:#if _MSC_VER >= 1400
        -: 1252:	if (0 != _wfopen_s(&f, wFilename, wMode))
        -: 1253:		f = 0;
        -: 1254:#else
        -: 1255:   f = _wfopen(wFilename, wMode);
        -: 1256:#endif
        -: 1257:
        -: 1258:#elif defined(_MSC_VER) && _MSC_VER >= 1400
        -: 1259:   if (0 != fopen_s(&f, filename, mode))
        -: 1260:      f=0;
        -: 1261:#else
       28: 1262:   f = fopen(filename, mode);
        -: 1263:#endif
       14: 1264:   return f;
        -: 1265:}
        -: 1266:
        -: 1267:
        7: 1268:STBIDEF stbi_uc *stbi_load(char const *filename, int *x, int *y, int *comp, int req_comp)
        -: 1269:{
        7: 1270:   FILE *f = stbi__fopen(filename, "rb");
        7: 1270-block  0
        7: 1271:   unsigned char *result;
       7*: 1272:   if (!f) return stbi__errpuc("can't fopen", "Unable to open file");
    %%%%%: 1272-block  0
        7: 1273:   result = stbi_load_from_file(f,x,y,comp,req_comp);
        7: 1273-block  0
        7: 1274:   fclose(f);
        7: 1275:   return result;
        -: 1276:}
        -: 1277:
        7: 1278:STBIDEF stbi_uc *stbi_load_from_file(FILE *f, int *x, int *y, int *comp, int req_comp)
        -: 1279:{
        7: 1280:   unsigned char *result;
        7: 1281:   stbi__context s;
        7: 1282:   stbi__start_file(&s,f);
        7: 1282-block  0
        7: 1283:   result = stbi__load_and_postprocess_8bit(&s,x,y,comp,req_comp);
        7: 1284:   if (result) {
        -: 1285:      // need to 'unget' all the characters in the IO buffer
        7: 1286:      fseek(f, - (int) (s.img_buffer_end - s.img_buffer), SEEK_CUR);
        7: 1286-block  0
        -: 1287:   }
        7: 1288:   return result;
        -: 1289:}
        -: 1290:
        -: 1291:STBIDEF stbi__uint16 *stbi_load_from_file_16(FILE *f, int *x, int *y, int *comp, int req_comp)
        -: 1292:{
        -: 1293:   stbi__uint16 *result;
        -: 1294:   stbi__context s;
        -: 1295:   stbi__start_file(&s,f);
        -: 1296:   result = stbi__load_and_postprocess_16bit(&s,x,y,comp,req_comp);
        -: 1297:   if (result) {
        -: 1298:      // need to 'unget' all the characters in the IO buffer
        -: 1299:      fseek(f, - (int) (s.img_buffer_end - s.img_buffer), SEEK_CUR);
        -: 1300:   }
        -: 1301:   return result;
        -: 1302:}
        -: 1303:
        -: 1304:STBIDEF stbi_us *stbi_load_16(char const *filename, int *x, int *y, int *comp, int req_comp)
        -: 1305:{
        -: 1306:   FILE *f = stbi__fopen(filename, "rb");
        -: 1307:   stbi__uint16 *result;
        -: 1308:   if (!f) return (stbi_us *) stbi__errpuc("can't fopen", "Unable to open file");
        -: 1309:   result = stbi_load_from_file_16(f,x,y,comp,req_comp);
        -: 1310:   fclose(f);
        -: 1311:   return result;
        -: 1312:}
        -: 1313:
        -: 1314:
        -: 1315:#endif //!STBI_NO_STDIO
        -: 1316:
        -: 1317:STBIDEF stbi_us *stbi_load_16_from_memory(stbi_uc const *buffer, int len, int *x, int *y, int *channels_in_file, int desired_channels)
        -: 1318:{
        -: 1319:   stbi__context s;
        -: 1320:   stbi__start_mem(&s,buffer,len);
        -: 1321:   return stbi__load_and_postprocess_16bit(&s,x,y,channels_in_file,desired_channels);
        -: 1322:}
        -: 1323:
        -: 1324:STBIDEF stbi_us *stbi_load_16_from_callbacks(stbi_io_callbacks const *clbk, void *user, int *x, int *y, int *channels_in_file, int desired_channels)
        -: 1325:{
        -: 1326:   stbi__context s;
        -: 1327:   stbi__start_callbacks(&s, (stbi_io_callbacks *)clbk, user);
        -: 1328:   return stbi__load_and_postprocess_16bit(&s,x,y,channels_in_file,desired_channels);
        -: 1329:}
        -: 1330:
        -: 1331:STBIDEF stbi_uc *stbi_load_from_memory(stbi_uc const *buffer, int len, int *x, int *y, int *comp, int req_comp)
        -: 1332:{
        -: 1333:   stbi__context s;
        -: 1334:   stbi__start_mem(&s,buffer,len);
        -: 1335:   return stbi__load_and_postprocess_8bit(&s,x,y,comp,req_comp);
        -: 1336:}
        -: 1337:
        -: 1338:STBIDEF stbi_uc *stbi_load_from_callbacks(stbi_io_callbacks const *clbk, void *user, int *x, int *y, int *comp, int req_comp)
        -: 1339:{
        -: 1340:   stbi__context s;
        -: 1341:   stbi__start_callbacks(&s, (stbi_io_callbacks *) clbk, user);
        -: 1342:   return stbi__load_and_postprocess_8bit(&s,x,y,comp,req_comp);
        -: 1343:}
        -: 1344:
        -: 1345:#ifndef STBI_NO_GIF
        -: 1346:STBIDEF stbi_uc *stbi_load_gif_from_memory(stbi_uc const *buffer, int len, int **delays, int *x, int *y, int *z, int *comp, int req_comp)
        -: 1347:{
        -: 1348:   unsigned char *result;
        -: 1349:   stbi__context s;
        -: 1350:   stbi__start_mem(&s,buffer,len);
        -: 1351:
        -: 1352:   result = (unsigned char*) stbi__load_gif_main(&s, delays, x, y, z, comp, req_comp);
        -: 1353:   if (stbi__vertically_flip_on_load) {
        -: 1354:      stbi__vertical_flip_slices( result, *x, *y, *z, *comp );
        -: 1355:   }
        -: 1356:
        -: 1357:   return result;
        -: 1358:}
        -: 1359:#endif
        -: 1360:
        -: 1361:#ifndef STBI_NO_LINEAR
        -: 1362:static float *stbi__loadf_main(stbi__context *s, int *x, int *y, int *comp, int req_comp)
        -: 1363:{
        -: 1364:   unsigned char *data;
        -: 1365:   #ifndef STBI_NO_HDR
        -: 1366:   if (stbi__hdr_test(s)) {
        -: 1367:      stbi__result_info ri;
        -: 1368:      float *hdr_data = stbi__hdr_load(s,x,y,comp,req_comp, &ri);
        -: 1369:      if (hdr_data)
        -: 1370:         stbi__float_postprocess(hdr_data,x,y,comp,req_comp);
        -: 1371:      return hdr_data;
        -: 1372:   }
        -: 1373:   #endif
        -: 1374:   data = stbi__load_and_postprocess_8bit(s, x, y, comp, req_comp);
        -: 1375:   if (data)
        -: 1376:      return stbi__ldr_to_hdr(data, *x, *y, req_comp ? req_comp : *comp);
        -: 1377:   return stbi__errpf("unknown image type", "Image not of any known type, or corrupt");
        -: 1378:}
        -: 1379:
        -: 1380:STBIDEF float *stbi_loadf_from_memory(stbi_uc const *buffer, int len, int *x, int *y, int *comp, int req_comp)
        -: 1381:{
        -: 1382:   stbi__context s;
        -: 1383:   stbi__start_mem(&s,buffer,len);
        -: 1384:   return stbi__loadf_main(&s,x,y,comp,req_comp);
        -: 1385:}
        -: 1386:
        -: 1387:STBIDEF float *stbi_loadf_from_callbacks(stbi_io_callbacks const *clbk, void *user, int *x, int *y, int *comp, int req_comp)
        -: 1388:{
        -: 1389:   stbi__context s;
        -: 1390:   stbi__start_callbacks(&s, (stbi_io_callbacks *) clbk, user);
        -: 1391:   return stbi__loadf_main(&s,x,y,comp,req_comp);
        -: 1392:}
        -: 1393:
        -: 1394:#ifndef STBI_NO_STDIO
        -: 1395:STBIDEF float *stbi_loadf(char const *filename, int *x, int *y, int *comp, int req_comp)
        -: 1396:{
        -: 1397:   float *result;
        -: 1398:   FILE *f = stbi__fopen(filename, "rb");
        -: 1399:   if (!f) return stbi__errpf("can't fopen", "Unable to open file");
        -: 1400:   result = stbi_loadf_from_file(f,x,y,comp,req_comp);
        -: 1401:   fclose(f);
        -: 1402:   return result;
        -: 1403:}
        -: 1404:
        -: 1405:STBIDEF float *stbi_loadf_from_file(FILE *f, int *x, int *y, int *comp, int req_comp)
        -: 1406:{
        -: 1407:   stbi__context s;
        -: 1408:   stbi__start_file(&s,f);
        -: 1409:   return stbi__loadf_main(&s,x,y,comp,req_comp);
        -: 1410:}
        -: 1411:#endif // !STBI_NO_STDIO
        -: 1412:
        -: 1413:#endif // !STBI_NO_LINEAR
        -: 1414:
        -: 1415:// these is-hdr-or-not is defined independent of whether STBI_NO_LINEAR is
        -: 1416:// defined, for API simplicity; if STBI_NO_LINEAR is defined, it always
        -: 1417:// reports false!
        -: 1418:
        -: 1419:STBIDEF int stbi_is_hdr_from_memory(stbi_uc const *buffer, int len)
        -: 1420:{
        -: 1421:   #ifndef STBI_NO_HDR
        -: 1422:   stbi__context s;
        -: 1423:   stbi__start_mem(&s,buffer,len);
        -: 1424:   return stbi__hdr_test(&s);
        -: 1425:   #else
        -: 1426:   STBI_NOTUSED(buffer);
        -: 1427:   STBI_NOTUSED(len);
        -: 1428:   return 0;
        -: 1429:   #endif
        -: 1430:}
        -: 1431:
        -: 1432:#ifndef STBI_NO_STDIO
        -: 1433:STBIDEF int      stbi_is_hdr          (char const *filename)
        -: 1434:{
        -: 1435:   FILE *f = stbi__fopen(filename, "rb");
        -: 1436:   int result=0;
        -: 1437:   if (f) {
        -: 1438:      result = stbi_is_hdr_from_file(f);
        -: 1439:      fclose(f);
        -: 1440:   }
        -: 1441:   return result;
        -: 1442:}
        -: 1443:
        -: 1444:STBIDEF int stbi_is_hdr_from_file(FILE *f)
        -: 1445:{
        -: 1446:   #ifndef STBI_NO_HDR
        -: 1447:   long pos = ftell(f);
        -: 1448:   int res;
        -: 1449:   stbi__context s;
        -: 1450:   stbi__start_file(&s,f);
        -: 1451:   res = stbi__hdr_test(&s);
        -: 1452:   fseek(f, pos, SEEK_SET);
        -: 1453:   return res;
        -: 1454:   #else
        -: 1455:   STBI_NOTUSED(f);
        -: 1456:   return 0;
        -: 1457:   #endif
        -: 1458:}
        -: 1459:#endif // !STBI_NO_STDIO
        -: 1460:
        -: 1461:STBIDEF int      stbi_is_hdr_from_callbacks(stbi_io_callbacks const *clbk, void *user)
        -: 1462:{
        -: 1463:   #ifndef STBI_NO_HDR
        -: 1464:   stbi__context s;
        -: 1465:   stbi__start_callbacks(&s, (stbi_io_callbacks *) clbk, user);
        -: 1466:   return stbi__hdr_test(&s);
        -: 1467:   #else
        -: 1468:   STBI_NOTUSED(clbk);
        -: 1469:   STBI_NOTUSED(user);
        -: 1470:   return 0;
        -: 1471:   #endif
        -: 1472:}
        -: 1473:
        -: 1474:#ifndef STBI_NO_LINEAR
        -: 1475:static float stbi__l2h_gamma=2.2f, stbi__l2h_scale=1.0f;
        -: 1476:
        -: 1477:STBIDEF void   stbi_ldr_to_hdr_gamma(float gamma) { stbi__l2h_gamma = gamma; }
        -: 1478:STBIDEF void   stbi_ldr_to_hdr_scale(float scale) { stbi__l2h_scale = scale; }
        -: 1479:#endif
        -: 1480:
        -: 1481:static float stbi__h2l_gamma_i=1.0f/2.2f, stbi__h2l_scale_i=1.0f;
        -: 1482:
        -: 1483:STBIDEF void   stbi_hdr_to_ldr_gamma(float gamma) { stbi__h2l_gamma_i = 1/gamma; }
        -: 1484:STBIDEF void   stbi_hdr_to_ldr_scale(float scale) { stbi__h2l_scale_i = 1/scale; }
        -: 1485:
        -: 1486:
        -: 1487://////////////////////////////////////////////////////////////////////////////
        -: 1488://
        -: 1489:// Common code used by all image loaders
        -: 1490://
        -: 1491:
        -: 1492:enum
        -: 1493:{
        -: 1494:   STBI__SCAN_load=0,
        -: 1495:   STBI__SCAN_type,
        -: 1496:   STBI__SCAN_header
        -: 1497:};
        -: 1498:
    14017: 1499:static void stbi__refill_buffer(stbi__context *s)
        -: 1500:{
       14: 1501:   int n = (s->io.read)(s->io_user_data,(char*)s->buffer_start,s->buflen);
       14: 1501-block  0
    14017: 1502:   if (n == 0) {
        -: 1503:      // at end of file, treat same as if from memory, but need to handle case
        -: 1504:      // where s->img_buffer isn't pointing to safe memory, e.g. 0-byte file
    #####: 1505:      s->read_from_callbacks = 0;
    #####: 1506:      s->img_buffer = s->buffer_start;
    #####: 1507:      s->img_buffer_end = s->buffer_start+1;
    #####: 1508:      *s->img_buffer = 0;
    %%%%%: 1508-block  0
    %%%%%: 1508-block  1
        -: 1509:   } else {
    14017: 1510:      s->img_buffer = s->buffer_start;
    14017: 1511:      s->img_buffer_end = s->buffer_start + n;
    14003: 1511-block  0
       14: 1511-block  1
        -: 1512:   }
        -: 1513:}
        -: 1514:
  1788090: 1515:stbi_inline static stbi_uc stbi__get8(stbi__context *s)
        -: 1516:{
  1788090: 1517:   if (s->img_buffer < s->img_buffer_end)
  1788090: 1517-block  0
  1774087: 1518:      return *s->img_buffer++;
  1774087: 1518-block  0
    14003: 1519:   if (s->read_from_callbacks) {
    14003: 1519-block  0
    14003: 1520:      stbi__refill_buffer(s);
    14003: 1520-block  0
    14003: 1521:      return *s->img_buffer++;
    14003: 1521-block  0
        -: 1522:   }
        -: 1523:   return 0;
        -: 1524:}
        -: 1525:
        -: 1526:#if defined(STBI_NO_JPEG) && defined(STBI_NO_HDR) && defined(STBI_NO_PIC) && defined(STBI_NO_PNM)
        -: 1527:// nothing
        -: 1528:#else
    #####: 1529:stbi_inline static int stbi__at_eof(stbi__context *s)
        -: 1530:{
    #####: 1531:   if (s->io.read) {
    #####: 1532:      if (!(s->io.eof)(s->io_user_data)) return 0;
    %%%%%: 1532-block  0
    %%%%%: 1532-block  1
    %%%%%: 1532-block  2
    %%%%%: 1532-block  3
    %%%%%: 1532-block  4
    %%%%%: 1532-block  5
    %%%%%: 1532-block  6
    %%%%%: 1532-block  7
    %%%%%: 1532-block  8
    %%%%%: 1532-block  9
    %%%%%: 1532-block 10
    %%%%%: 1532-block 11
    %%%%%: 1532-block 12
    %%%%%: 1532-block 13
        -: 1533:      // if feof() is true, check if buffer = end
        -: 1534:      // special case: we've only got the special 0 character at the end
    #####: 1535:      if (s->read_from_callbacks == 0) return 1;
    %%%%%: 1535-block  0
    %%%%%: 1535-block  1
    %%%%%: 1535-block  2
    %%%%%: 1535-block  3
    %%%%%: 1535-block  4
    %%%%%: 1535-block  5
    %%%%%: 1535-block  6
    %%%%%: 1535-block  7
[...]
        7: 7359:STBIDEF int stbi_info(char const *filename, int *x, int *y, int *comp)
        -: 7360:{
        7: 7361:    FILE *f = stbi__fopen(filename, "rb");
        7: 7361-block  0
        7: 7362:    int result;
       7*: 7363:    if (!f) return stbi__err("can't fopen", "Unable to open file");
    %%%%%: 7363-block  0
        7: 7364:    result = stbi_info_from_file(f, x, y, comp);
        7: 7364-block  0
        7: 7365:    fclose(f);
        7: 7366:    return result;
        -: 7367:}
        -: 7368:
        7: 7369:STBIDEF int stbi_info_from_file(FILE *f, int *x, int *y, int *comp)
        -: 7370:{
        7: 7371:   int r;
        7: 7372:   stbi__context s;
        7: 7373:   long pos = ftell(f);
        7: 7373-block  0
        7: 7374:   stbi__start_file(&s, f);
        7: 7375:   r = stbi__info_main(&s,x,y,comp);
        7: 7376:   fseek(f,pos,SEEK_SET);
        7: 7377:   return r;
        -: 7378:}
        -: 7379:
        -: 7380:STBIDEF int stbi_is_16_bit(char const *filename)
        -: 7381:{
        -: 7382:    FILE *f = stbi__fopen(filename, "rb");
        -: 7383:    int result;
        -: 7384:    if (!f) return stbi__err("can't fopen", "Unable to open file");
        -: 7385:    result = stbi_is_16_bit_from_file(f);
        -: 7386:    fclose(f);
        -: 7387:    return result;
        -: 7388:}
        -: 7389:
        -: 7390:STBIDEF int stbi_is_16_bit_from_file(FILE *f)
        -: 7391:{
        -: 7392:   int r;
        -: 7393:   stbi__context s;
        -: 7394:   long pos = ftell(f);
        -: 7395:   stbi__start_file(&s, f);
        -: 7396:   r = stbi__is_16_main(&s);
        -: 7397:   fseek(f,pos,SEEK_SET);
        -: 7398:   return r;
        -: 7399:}
        -: 7400:#endif // !STBI_NO_STDIO
        -: 7401:
        -: 7402:STBIDEF int stbi_info_from_memory(stbi_uc const *buffer, int len, int *x, int *y, int *comp)
        -: 7403:{
        -: 7404:   stbi__context s;
        -: 7405:   stbi__start_mem(&s,buffer,len);
        -: 7406:   return stbi__info_main(&s,x,y,comp);
        -: 7407:}
        -: 7408:
        -: 7409:STBIDEF int stbi_info_from_callbacks(stbi_io_callbacks const *c, void *user, int *x, int *y, int *comp)
        -: 7410:{
        -: 7411:   stbi__context s;
        -: 7412:   stbi__start_callbacks(&s, (stbi_io_callbacks *) c, user);
        -: 7413:   return stbi__info_main(&s,x,y,comp);
        -: 7414:}
        -: 7415:
        -: 7416:STBIDEF int stbi_is_16_bit_from_memory(stbi_uc const *buffer, int len)
        -: 7417:{
        -: 7418:   stbi__context s;
        -: 7419:   stbi__start_mem(&s,buffer,len);
        -: 7420:   return stbi__is_16_main(&s);
        -: 7421:}
        -: 7422:
        -: 7423:STBIDEF int stbi_is_16_bit_from_callbacks(stbi_io_callbacks const *c, void *user)
        -: 7424:{
        -: 7425:   stbi__context s;
        -: 7426:   stbi__start_callbacks(&s, (stbi_io_callbacks *) c, user);
        -: 7427:   return stbi__is_16_main(&s);
        -: 7428:}
        -: 7429:
        -: 7430:#endif // STB_IMAGE_IMPLEMENTATION
        -: 7431:
        -: 7432:/*
        -: 7433:   revision history:
        -: 7434:      2.20  (2019-02-07) support utf8 filenames in Windows; fix warnings and platform ifdefs
        -: 7435:      2.19  (2018-02-11) fix warning
        -: 7436:      2.18  (2018-01-30) fix warnings
        -: 7437:      2.17  (2018-01-29) change sbti__shiftsigned to avoid clang -O2 bug
        -: 7438:                         1-bit BMP
        -: 7439:                         *_is_16_bit api
        -: 7440:                         avoid warnings
        -: 7441:      2.16  (2017-07-23) all functions have 16-bit variants;
        -: 7442:                         STBI_NO_STDIO works again;
        -: 7443:                         compilation fixes;
        -: 7444:                         fix rounding in unpremultiply;
        -: 7445:                         optimize vertical flip;
        -: 7446:                         disable raw_len validation;
        -: 7447:                         documentation fixes
        -: 7448:      2.15  (2017-03-18) fix png-1,2,4 bug; now all Imagenet JPGs decode;
        -: 7449:                         warning fixes; disable run-time SSE detection on gcc;
        -: 7450:                         uniform handling of optional "return" values;
        -: 7451:                         thread-safe initialization of zlib tables
        -: 7452:      2.14  (2017-03-03) remove deprecated STBI_JPEG_OLD; fixes for Imagenet JPGs
        -: 7453:      2.13  (2016-11-29) add 16-bit API, only supported for PNG right now
        -: 7454:      2.12  (2016-04-02) fix typo in 2.11 PSD fix that caused crashes
        -: 7455:      2.11  (2016-04-02) allocate large structures on the stack
        -: 7456:                         remove white matting for transparent PSD
        -: 7457:                         fix reported channel count for PNG & BMP
        -: 7458:                         re-enable SSE2 in non-gcc 64-bit
        -: 7459:                         support RGB-formatted JPEG
        -: 7460:                         read 16-bit PNGs (only as 8-bit)
        -: 7461:      2.10  (2016-01-22) avoid warning introduced in 2.09 by STBI_REALLOC_SIZED
        -: 7462:      2.09  (2016-01-16) allow comments in PNM files
        -: 7463:                         16-bit-per-pixel TGA (not bit-per-component)
        -: 7464:                         info() for TGA could break due to .hdr handling
        -: 7465:                         info() for BMP to shares code instead of sloppy parse
        -: 7466:                         can use STBI_REALLOC_SIZED if allocator doesn't support realloc
        -: 7467:                         code cleanup
        -: 7468:      2.08  (2015-09-13) fix to 2.07 cleanup, reading RGB PSD as RGBA
        -: 7469:      2.07  (2015-09-13) fix compiler warnings
        -: 7470:                         partial animated GIF support
        -: 7471:                         limited 16-bpc PSD support
        -: 7472:                         #ifdef unused functions
        -: 7473:                         bug with < 92 byte PIC,PNM,HDR,TGA
        -: 7474:      2.06  (2015-04-19) fix bug where PSD returns wrong '*comp' value
        -: 7475:      2.05  (2015-04-19) fix bug in progressive JPEG handling, fix warning
        -: 7476:      2.04  (2015-04-15) try to re-enable SIMD on MinGW 64-bit
        -: 7477:      2.03  (2015-04-12) extra corruption checking (mmozeiko)
        -: 7478:                         stbi_set_flip_vertically_on_load (nguillemot)
        -: 7479:                         fix NEON support; fix mingw support
        -: 7480:      2.02  (2015-01-19) fix incorrect assert, fix warning
        -: 7481:      2.01  (2015-01-17) fix various warnings; suppress SIMD on gcc 32-bit without -msse2
        -: 7482:      2.00b (2014-12-25) fix STBI_MALLOC in progressive JPEG
        -: 7483:      2.00  (2014-12-25) optimize JPG, including x86 SSE2 & NEON SIMD (ryg)
        -: 7484:                         progressive JPEG (stb)
        -: 7485:                         PGM/PPM support (Ken Miller)
        -: 7486:                         STBI_MALLOC,STBI_REALLOC,STBI_FREE
        -: 7487:                         GIF bugfix -- seemingly never worked
        -: 7488:                         STBI_NO_*, STBI_ONLY_*
        -: 7489:      1.48  (2014-12-14) fix incorrectly-named assert()
        -: 7490:      1.47  (2014-12-14) 1/2/4-bit PNG support, both direct and paletted (Omar Cornut & stb)
        -: 7491:                         optimize PNG (ryg)
        -: 7492:                         fix bug in interlaced PNG with user-specified channel count (stb)
        -: 7493:      1.46  (2014-08-26)
        -: 7494:              fix broken tRNS chunk (colorkey-style transparency) in non-paletted PNG
        -: 7495:      1.45  (2014-08-16)
        -: 7496:              fix MSVC-ARM internal compiler error by wrapping malloc
        -: 7497:      1.44  (2014-08-07)
        -: 7498:              various warning fixes from Ronny Chevalier
        -: 7499:      1.43  (2014-07-15)
        -: 7500:              fix MSVC-only compiler problem in code changed in 1.42
        -: 7501:      1.42  (2014-07-09)
        -: 7502:              don't define _CRT_SECURE_NO_WARNINGS (affects user code)
        -: 7503:              fixes to stbi__cleanup_jpeg path
        -: 7504:              added STBI_ASSERT to avoid requiring assert.h
        -: 7505:      1.41  (2014-06-25)
        -: 7506:              fix search&replace from 1.36 that messed up comments/error messages
        -: 7507:      1.40  (2014-06-22)
        -: 7508:              fix gcc struct-initialization warning
        -: 7509:      1.39  (2014-06-15)
        -: 7510:              fix to TGA optimization when req_comp != number of components in TGA;
        -: 7511:              fix to GIF loading because BMP wasn't rewinding (whoops, no GIFs in my test suite)
        -: 7512:              add support for BMP version 5 (more ignored fields)
        -: 7513:      1.38  (2014-06-06)
        -: 7514:              suppress MSVC warnings on integer casts truncating values
        -: 7515:              fix accidental rename of 'skip' field of I/O
        -: 7516:      1.37  (2014-06-04)
        -: 7517:              remove duplicate typedef
        -: 7518:      1.36  (2014-06-03)
        -: 7519:              convert to header file single-file library
        -: 7520:              if de-iphone isn't set, load iphone images color-swapped instead of returning NULL
        -: 7521:      1.35  (2014-05-27)
        -: 7522:              various warnings
        -: 7523:              fix broken STBI_SIMD path
        -: 7524:              fix bug where stbi_load_from_file no longer left file pointer in correct place
        -: 7525:              fix broken non-easy path for 32-bit BMP (possibly never used)
        -: 7526:              TGA optimization by Arseny Kapoulkine
        -: 7527:      1.34  (unknown)
        -: 7528:              use STBI_NOTUSED in stbi__resample_row_generic(), fix one more leak in tga failure case
        -: 7529:      1.33  (2011-07-14)
        -: 7530:              make stbi_is_hdr work in STBI_NO_HDR (as specified), minor compiler-friendly improvements
        -: 7531:      1.32  (2011-07-13)
        -: 7532:              support for "info" function for all supported filetypes (SpartanJ)
        -: 7533:      1.31  (2011-06-20)
        -: 7534:              a few more leak fixes, bug in PNG handling (SpartanJ)
        -: 7535:      1.30  (2011-06-11)
        -: 7536:              added ability to load files via callbacks to accomidate custom input streams (Ben Wenger)
        -: 7537:              removed deprecated format-specific test/load functions
        -: 7538:              removed support for installable file formats (stbi_loader) -- would have been broken for IO callbacks anyway
        -: 7539:              error cases in bmp and tga give messages and don't leak (Raymond Barbiero, grisha)
        -: 7540:              fix inefficiency in decoding 32-bit BMP (David Woo)
        -: 7541:      1.29  (2010-08-16)
        -: 7542:              various warning fixes from Aurelien Pocheville
        -: 7543:      1.28  (2010-08-01)
        -: 7544:              fix bug in GIF palette transparency (SpartanJ)
        -: 7545:      1.27  (2010-08-01)
        -: 7546:              cast-to-stbi_uc to fix warnings
        -: 7547:      1.26  (2010-07-24)
        -: 7548:              fix bug in file buffering for PNG reported by SpartanJ
        -: 7549:      1.25  (2010-07-17)
        -: 7550:              refix trans_data warning (Won Chun)
        -: 7551:      1.24  (2010-07-12)
        -: 7552:              perf improvements reading from files on platforms with lock-heavy fgetc()
        -: 7553:              minor perf improvements for jpeg
        -: 7554:              deprecated type-specific functions so we'll get feedback if they're needed
        -: 7555:              attempt to fix trans_data warning (Won Chun)
        -: 7556:      1.23    fixed bug in iPhone support
        -: 7557:      1.22  (2010-07-10)
        -: 7558:              removed image *writing* support
        -: 7559:              stbi_info support from Jetro Lauha
        -: 7560:              GIF support from Jean-Marc Lienher
        -: 7561:              iPhone PNG-extensions from James Brown
        -: 7562:              warning-fixes from Nicolas Schulz and Janez Zemva (i.stbi__err. Janez (U+017D)emva)
        -: 7563:      1.21    fix use of 'stbi_uc' in header (reported by jon blow)
        -: 7564:      1.20    added support for Softimage PIC, by Tom Seddon
        -: 7565:      1.19    bug in interlaced PNG corruption check (found by ryg)
        -: 7566:      1.18  (2008-08-02)
        -: 7567:              fix a threading bug (local mutable static)
        -: 7568:      1.17    support interlaced PNG
        -: 7569:      1.16    major bugfix - stbi__convert_format converted one too many pixels
        -: 7570:      1.15    initialize some fields for thread safety
        -: 7571:      1.14    fix threadsafe conversion bug
        -: 7572:              header-file-only version (#define STBI_HEADER_FILE_ONLY before including)
        -: 7573:      1.13    threadsafe
        -: 7574:      1.12    const qualifiers in the API
        -: 7575:      1.11    Support installable IDCT, colorspace conversion routines
        -: 7576:      1.10    Fixes for 64-bit (don't use "unsigned long")
        -: 7577:              optimized upsampling by Fabian "ryg" Giesen
        -: 7578:      1.09    Fix format-conversion for PSD code (bad global variables!)
        -: 7579:      1.08    Thatcher Ulrich's PSD code integrated by Nicolas Schulz
        -: 7580:      1.07    attempt to fix C++ warning/errors again
        -: 7581:      1.06    attempt to fix C++ warning/errors again
        -: 7582:      1.05    fix TGA loading to return correct *comp and use good luminance calc
        -: 7583:      1.04    default float alpha is 1, not 255; use 'void *' for stbi_image_free
        -: 7584:      1.03    bugfixes to STBI_NO_STDIO, STBI_NO_HDR
        -: 7585:      1.02    support for (subset of) HDR files, float interface for preferred access to them
        -: 7586:      1.01    fix bug: possible bug in handling right-side up bmps... not sure
        -: 7587:              fix bug: the stbi__bmp_load() and stbi__tga_load() functions didn't work at all
        -: 7588:      1.00    interface to zlib that skips zlib header
        -: 7589:      0.99    correct handling of alpha in palette
        -: 7590:      0.98    TGA loader by lonesock; dynamically add loaders (untested)
        -: 7591:      0.97    jpeg errors on too large a file; also catch another malloc failure
        -: 7592:      0.96    fix detection of invalid v value - particleman@mollyrocket forum
        -: 7593:      0.95    during header scan, seek to markers in case of padding
        -: 7594:      0.94    STBI_NO_STDIO to disable stdio usage; rename all #defines the same
        -: 7595:      0.93    handle jpegtran output; verbose errors
        -: 7596:      0.92    read 4,8,16,24,32-bit BMP files of several formats
        -: 7597:      0.91    output 24-bit Windows 3.0 BMP files
        -: 7598:      0.90    fix a few more warnings; bump version number to approach 1.0
        -: 7599:      0.61    bugfixes due to Marc LeBlanc, Christopher Lloyd
        -: 7600:      0.60    fix compiling as c++
        -: 7601:      0.59    fix warnings: merge Dave Moore's -Wall fixes
        -: 7602:      0.58    fix bug: zlib uncompressed mode len/nlen was wrong endian
        -: 7603:      0.57    fix bug: jpg last huffman symbol before marker was >9 bits but less than 16 available
        -: 7604:      0.56    fix bug: zlib uncompressed mode len vs. nlen
        -: 7605:      0.55    fix bug: restart_interval not initialized to 0
        -: 7606:      0.54    allow NULL for 'int *comp'
        -: 7607:      0.53    fix bug in png 3->4; speedup png decoding
        -: 7608:      0.52    png handles req_comp=3,4 directly; minor cleanup; jpeg comments
        -: 7609:      0.51    obey req_comp requests, 1-component jpegs return as 1-component,
        -: 7610:              on 'test' only check type, not whether we support this variant
        -: 7611:      0.50  (2006-11-19)
        -: 7612:              first released version
        -: 7613:*/
        -: 7614:
        -: 7615:
        -: 7616:/*
        -: 7617:------------------------------------------------------------------------------
        -: 7618:This software is available under 2 licenses -- choose whichever you prefer.
        -: 7619:------------------------------------------------------------------------------
        -: 7620:ALTERNATIVE A - MIT License
        -: 7621:Copyright (c) 2017 Sean Barrett
        -: 7622:Permission is hereby granted, free of charge, to any person obtaining a copy of
        -: 7623:this software and associated documentation files (the "Software"), to deal in
        -: 7624:the Software without restriction, including without limitation the rights to
        -: 7625:use, copy, modify, merge, publish, distribute, sublicense, and/or sell copies
        -: 7626:of the Software, and to permit persons to whom the Software is furnished to do
        -: 7627:so, subject to the following conditions:
        -: 7628:The above copyright notice and this permission notice shall be included in all
        -: 7629:copies or substantial portions of the Software.
        -: 7630:THE SOFTWARE IS PROVIDED "AS IS", WITHOUT WARRANTY OF ANY KIND, EXPRESS OR
        -: 7631:IMPLIED, INCLUDING BUT NOT LIMITED TO THE WARRANTIES OF MERCHANTABILITY,
        -: 7632:FITNESS FOR A PARTICULAR PURPOSE AND NONINFRINGEMENT. IN NO EVENT SHALL THE
        -: 7633:AUTHORS OR COPYRIGHT HOLDERS BE LIABLE FOR ANY CLAIM, DAMAGES OR OTHER
        -: 7634:LIABILITY, WHETHER IN AN ACTION OF CONTRACT, TORT OR OTHERWISE, ARISING FROM,
        -: 7635:OUT OF OR IN CONNECTION WITH THE SOFTWARE OR THE USE OR OTHER DEALINGS IN THE
        -: 7636:SOFTWARE.
        -: 7637:------------------------------------------------------------------------------
        -: 7638:ALTERNATIVE B - Public Domain (www.unlicense.org)
        -: 7639:This is free and unencumbered software released into the public domain.
        -: 7640:Anyone is free to copy, modify, publish, use, compile, sell, or distribute this
        -: 7641:software, either in source code form or as a compiled binary, for any purpose,
        -: 7642:commercial or non-commercial, and by any means.
        -: 7643:In jurisdictions that recognize copyright laws, the author or authors of this
        -: 7644:software dedicate any and all copyright interest in the software to the public
        -: 7645:domain. We make this dedication for the benefit of the public at large and to
        -: 7646:the detriment of our heirs and successors. We intend this dedication to be an
        -: 7647:overt act of relinquishment in perpetuity of all present and future rights to
        -: 7648:this software under copyright law.
        -: 7649:THE SOFTWARE IS PROVIDED "AS IS", WITHOUT WARRANTY OF ANY KIND, EXPRESS OR
        -: 7650:IMPLIED, INCLUDING BUT NOT LIMITED TO THE WARRANTIES OF MERCHANTABILITY,
        -: 7651:FITNESS FOR A PARTICULAR PURPOSE AND NONINFRINGEMENT. IN NO EVENT SHALL THE
        -: 7652:AUTHORS BE LIABLE FOR ANY CLAIM, DAMAGES OR OTHER LIABILITY, WHETHER IN AN
        -: 7653:ACTION OF CONTRACT, TORT OR OTHERWISE, ARISING FROM, OUT OF OR IN CONNECTION
        -: 7654:WITH THE SOFTWARE OR THE USE OR OTHER DEALINGS IN THE SOFTWARE.
        -: 7655:------------------------------------------------------------------------------
        -: 7656:*/
