        -:    0:Source:/home/edd993/CLionProjects/hdr_generator/include/externals/Eigen/src/Core/AssignEvaluator.h
        -:    0:Graph:/home/edd993/CLionProjects/hdr_generator/cmake-build-debug/CMakeFiles/hdr_generator.dir/main.cpp.gcno
        -:    0:Data:/home/edd993/CLionProjects/hdr_generator/cmake-build-debug/CMakeFiles/hdr_generator.dir/main.cpp.gcda
        -:    0:Runs:1
        -:    1:// This file is part of Eigen, a lightweight C++ template library
        -:    2:// for linear algebra.
        -:    3://
        -:    4:// Copyright (C) 2011 Benoit Jacob <jacob.benoit.1@gmail.com>
        -:    5:// Copyright (C) 2011-2014 Gael Guennebaud <gael.guennebaud@inria.fr>
        -:    6:// Copyright (C) 2011-2012 Jitse Niesen <jitse@maths.leeds.ac.uk>
        -:    7://
        -:    8:// This Source Code Form is subject to the terms of the Mozilla
        -:    9:// Public License v. 2.0. If a copy of the MPL was not distributed
        -:   10:// with this file, You can obtain one at http://mozilla.org/MPL/2.0/.
        -:   11:
        -:   12:#ifndef EIGEN_ASSIGN_EVALUATOR_H
        -:   13:#define EIGEN_ASSIGN_EVALUATOR_H
        -:   14:
        -:   15:namespace Eigen {
        -:   16:
        -:   17:// This implementation is based on Assign.h
        -:   18:
        -:   19:namespace internal {
        -:   20:  
        -:   21:/***************************************************************************
        -:   22:* Part 1 : the logic deciding a strategy for traversal and unrolling       *
        -:   23:***************************************************************************/
        -:   24:
        -:   25:// copy_using_evaluator_traits is based on assign_traits
        -:   26:
        -:   27:template <typename DstEvaluator, typename SrcEvaluator, typename AssignFunc>
        -:   28:struct copy_using_evaluator_traits
        -:   29:{
        -:   30:  typedef typename DstEvaluator::XprType Dst;
        -:   31:  typedef typename Dst::Scalar DstScalar;
        -:   32:  
        -:   33:  enum {
        -:   34:    DstFlags = DstEvaluator::Flags,
        -:   35:    SrcFlags = SrcEvaluator::Flags
        -:   36:  };
        -:   37:  
        -:   38:public:
        -:   39:  enum {
        -:   40:    DstAlignment = DstEvaluator::Alignment,
        -:   41:    SrcAlignment = SrcEvaluator::Alignment,
        -:   42:    DstHasDirectAccess = DstFlags & DirectAccessBit,
        -:   43:    JointAlignment = EIGEN_PLAIN_ENUM_MIN(DstAlignment,SrcAlignment)
        -:   44:  };
        -:   45:
        -:   46:private:
        -:   47:  enum {
        -:   48:    InnerSize = int(Dst::IsVectorAtCompileTime) ? int(Dst::SizeAtCompileTime)
        -:   49:              : int(DstFlags)&RowMajorBit ? int(Dst::ColsAtCompileTime)
        -:   50:              : int(Dst::RowsAtCompileTime),
        -:   51:    InnerMaxSize = int(Dst::IsVectorAtCompileTime) ? int(Dst::MaxSizeAtCompileTime)
        -:   52:              : int(DstFlags)&RowMajorBit ? int(Dst::MaxColsAtCompileTime)
        -:   53:              : int(Dst::MaxRowsAtCompileTime),
        -:   54:    OuterStride = int(outer_stride_at_compile_time<Dst>::ret),
        -:   55:    MaxSizeAtCompileTime = Dst::SizeAtCompileTime
        -:   56:  };
        -:   57:
        -:   58:  // TODO distinguish between linear traversal and inner-traversals
        -:   59:  typedef typename find_best_packet<DstScalar,Dst::SizeAtCompileTime>::type LinearPacketType;
        -:   60:  typedef typename find_best_packet<DstScalar,InnerSize>::type InnerPacketType;
        -:   61:
        -:   62:  enum {
        -:   63:    LinearPacketSize = unpacket_traits<LinearPacketType>::size,
        -:   64:    InnerPacketSize = unpacket_traits<InnerPacketType>::size
        -:   65:  };
        -:   66:
        -:   67:public:
        -:   68:  enum {
        -:   69:    LinearRequiredAlignment = unpacket_traits<LinearPacketType>::alignment,
        -:   70:    InnerRequiredAlignment = unpacket_traits<InnerPacketType>::alignment
        -:   71:  };
        -:   72:
        -:   73:private:
        -:   74:  enum {
        -:   75:    DstIsRowMajor = DstFlags&RowMajorBit,
        -:   76:    SrcIsRowMajor = SrcFlags&RowMajorBit,
        -:   77:    StorageOrdersAgree = (int(DstIsRowMajor) == int(SrcIsRowMajor)),
        -:   78:    MightVectorize = bool(StorageOrdersAgree)
        -:   79:                  && (int(DstFlags) & int(SrcFlags) & ActualPacketAccessBit)
        -:   80:                  && bool(functor_traits<AssignFunc>::PacketAccess),
        -:   81:    MayInnerVectorize  = MightVectorize
        -:   82:                       && int(InnerSize)!=Dynamic && int(InnerSize)%int(InnerPacketSize)==0
        -:   83:                       && int(OuterStride)!=Dynamic && int(OuterStride)%int(InnerPacketSize)==0
        -:   84:                       && (EIGEN_UNALIGNED_VECTORIZE  || int(JointAlignment)>=int(InnerRequiredAlignment)),
        -:   85:    MayLinearize = bool(StorageOrdersAgree) && (int(DstFlags) & int(SrcFlags) & LinearAccessBit),
        -:   86:    MayLinearVectorize = bool(MightVectorize) && MayLinearize && DstHasDirectAccess
        -:   87:                       && (EIGEN_UNALIGNED_VECTORIZE || (int(DstAlignment)>=int(LinearRequiredAlignment)) || MaxSizeAtCompileTime == Dynamic),
        -:   88:      /* If the destination isn't aligned, we have to do runtime checks and we don't unroll,
        -:   89:         so it's only good for large enough sizes. */
        -:   90:    MaySliceVectorize  = bool(MightVectorize) && bool(DstHasDirectAccess)
        -:   91:                       && (int(InnerMaxSize)==Dynamic || int(InnerMaxSize)>=(EIGEN_UNALIGNED_VECTORIZE?InnerPacketSize:(3*InnerPacketSize)))
        -:   92:      /* slice vectorization can be slow, so we only want it if the slices are big, which is
        -:   93:         indicated by InnerMaxSize rather than InnerSize, think of the case of a dynamic block
        -:   94:         in a fixed-size matrix
        -:   95:         However, with EIGEN_UNALIGNED_VECTORIZE and unrolling, slice vectorization is still worth it */
        -:   96:  };
        -:   97:
        -:   98:public:
        -:   99:  enum {
        -:  100:    Traversal = int(MayLinearVectorize) && (LinearPacketSize>InnerPacketSize) ? int(LinearVectorizedTraversal)
        -:  101:              : int(MayInnerVectorize)   ? int(InnerVectorizedTraversal)
        -:  102:              : int(MayLinearVectorize)  ? int(LinearVectorizedTraversal)
        -:  103:              : int(MaySliceVectorize)   ? int(SliceVectorizedTraversal)
        -:  104:              : int(MayLinearize)        ? int(LinearTraversal)
        -:  105:                                         : int(DefaultTraversal),
        -:  106:    Vectorized = int(Traversal) == InnerVectorizedTraversal
        -:  107:              || int(Traversal) == LinearVectorizedTraversal
        -:  108:              || int(Traversal) == SliceVectorizedTraversal
        -:  109:  };
        -:  110:
        -:  111:  typedef typename conditional<int(Traversal)==LinearVectorizedTraversal, LinearPacketType, InnerPacketType>::type PacketType;
        -:  112:
        -:  113:private:
        -:  114:  enum {
        -:  115:    ActualPacketSize    = int(Traversal)==LinearVectorizedTraversal ? LinearPacketSize
        -:  116:                        : Vectorized ? InnerPacketSize
        -:  117:                        : 1,
        -:  118:    UnrollingLimit      = EIGEN_UNROLLING_LIMIT * ActualPacketSize,
        -:  119:    MayUnrollCompletely = int(Dst::SizeAtCompileTime) != Dynamic
        -:  120:                       && int(Dst::SizeAtCompileTime) * (int(DstEvaluator::CoeffReadCost)+int(SrcEvaluator::CoeffReadCost)) <= int(UnrollingLimit),
        -:  121:    MayUnrollInner      = int(InnerSize) != Dynamic
        -:  122:                       && int(InnerSize) * (int(DstEvaluator::CoeffReadCost)+int(SrcEvaluator::CoeffReadCost)) <= int(UnrollingLimit)
        -:  123:  };
        -:  124:
        -:  125:public:
        -:  126:  enum {
        -:  127:    Unrolling = (int(Traversal) == int(InnerVectorizedTraversal) || int(Traversal) == int(DefaultTraversal))
        -:  128:                ? (
        -:  129:                    int(MayUnrollCompletely) ? int(CompleteUnrolling)
        -:  130:                  : int(MayUnrollInner)      ? int(InnerUnrolling)
        -:  131:                                             : int(NoUnrolling)
        -:  132:                  )
        -:  133:              : int(Traversal) == int(LinearVectorizedTraversal)
        -:  134:                ? ( bool(MayUnrollCompletely) && ( EIGEN_UNALIGNED_VECTORIZE || (int(DstAlignment)>=int(LinearRequiredAlignment)))
        -:  135:                          ? int(CompleteUnrolling)
        -:  136:                          : int(NoUnrolling) )
        -:  137:              : int(Traversal) == int(LinearTraversal)
        -:  138:                ? ( bool(MayUnrollCompletely) ? int(CompleteUnrolling) 
        -:  139:                                              : int(NoUnrolling) )
        -:  140:#if EIGEN_UNALIGNED_VECTORIZE
        -:  141:              : int(Traversal) == int(SliceVectorizedTraversal)
        -:  142:                ? ( bool(MayUnrollInner) ? int(InnerUnrolling)
        -:  143:                                         : int(NoUnrolling) )
        -:  144:#endif
        -:  145:              : int(NoUnrolling)
        -:  146:  };
        -:  147:
        -:  148:#ifdef EIGEN_DEBUG_ASSIGN
        -:  149:  static void debug()
        -:  150:  {
        -:  151:    std::cerr << "DstXpr: " << typeid(typename DstEvaluator::XprType).name() << std::endl;
        -:  152:    std::cerr << "SrcXpr: " << typeid(typename SrcEvaluator::XprType).name() << std::endl;
        -:  153:    std::cerr.setf(std::ios::hex, std::ios::basefield);
        -:  154:    std::cerr << "DstFlags" << " = " << DstFlags << " (" << demangle_flags(DstFlags) << " )" << std::endl;
        -:  155:    std::cerr << "SrcFlags" << " = " << SrcFlags << " (" << demangle_flags(SrcFlags) << " )" << std::endl;
        -:  156:    std::cerr.unsetf(std::ios::hex);
        -:  157:    EIGEN_DEBUG_VAR(DstAlignment)
        -:  158:    EIGEN_DEBUG_VAR(SrcAlignment)
        -:  159:    EIGEN_DEBUG_VAR(LinearRequiredAlignment)
        -:  160:    EIGEN_DEBUG_VAR(InnerRequiredAlignment)
        -:  161:    EIGEN_DEBUG_VAR(JointAlignment)
        -:  162:    EIGEN_DEBUG_VAR(InnerSize)
        -:  163:    EIGEN_DEBUG_VAR(InnerMaxSize)
        -:  164:    EIGEN_DEBUG_VAR(LinearPacketSize)
        -:  165:    EIGEN_DEBUG_VAR(InnerPacketSize)
        -:  166:    EIGEN_DEBUG_VAR(ActualPacketSize)
        -:  167:    EIGEN_DEBUG_VAR(StorageOrdersAgree)
        -:  168:    EIGEN_DEBUG_VAR(MightVectorize)
        -:  169:    EIGEN_DEBUG_VAR(MayLinearize)
        -:  170:    EIGEN_DEBUG_VAR(MayInnerVectorize)
        -:  171:    EIGEN_DEBUG_VAR(MayLinearVectorize)
        -:  172:    EIGEN_DEBUG_VAR(MaySliceVectorize)
        -:  173:    std::cerr << "Traversal" << " = " << Traversal << " (" << demangle_traversal(Traversal) << ")" << std::endl;
        -:  174:    EIGEN_DEBUG_VAR(SrcEvaluator::CoeffReadCost)
        -:  175:    EIGEN_DEBUG_VAR(UnrollingLimit)
        -:  176:    EIGEN_DEBUG_VAR(MayUnrollCompletely)
        -:  177:    EIGEN_DEBUG_VAR(MayUnrollInner)
        -:  178:    std::cerr << "Unrolling" << " = " << Unrolling << " (" << demangle_unrolling(Unrolling) << ")" << std::endl;
        -:  179:    std::cerr << std::endl;
        -:  180:  }
        -:  181:#endif
        -:  182:};
        -:  183:
        -:  184:/***************************************************************************
        -:  185:* Part 2 : meta-unrollers
        -:  186:***************************************************************************/
        -:  187:
        -:  188:/************************
        -:  189:*** Default traversal ***
        -:  190:************************/
        -:  191:
        -:  192:template<typename Kernel, int Index, int Stop>
        -:  193:struct copy_using_evaluator_DefaultTraversal_CompleteUnrolling
        -:  194:{
        -:  195:  // FIXME: this is not very clean, perhaps this information should be provided by the kernel?
        -:  196:  typedef typename Kernel::DstEvaluatorType DstEvaluatorType;
        -:  197:  typedef typename DstEvaluatorType::XprType DstXprType;
        -:  198:  
        -:  199:  enum {
        -:  200:    outer = Index / DstXprType::InnerSizeAtCompileTime,
        -:  201:    inner = Index % DstXprType::InnerSizeAtCompileTime
        -:  202:  };
        -:  203:
    #####:  204:  EIGEN_DEVICE_FUNC static EIGEN_STRONG_INLINE void run(Kernel &kernel)
        -:  205:  {
    #####:  206:    kernel.assignCoeffByOuterInner(outer, inner);
    #####:  207:    copy_using_evaluator_DefaultTraversal_CompleteUnrolling<Kernel, Index+1, Stop>::run(kernel);
    #####:  208:  }
------------------
_ZN5Eigen8internal55copy_using_evaluator_DefaultTraversal_CompleteUnrollingINS0_31generic_dense_assignment_kernelINS0_9evaluatorINS_6MatrixIfLi3ELi1ELi0ELi3ELi1EEEEENS3_INS_7ProductINS4_IfLi3ELi3ELi0ELi3ELi3EEES5_Li1EEEEENS0_9assign_opIffEELi0EEELi1ELi3EE3runERSD_:
    #####:  204:  EIGEN_DEVICE_FUNC static EIGEN_STRONG_INLINE void run(Kernel &kernel)
        -:  205:  {
    #####:  206:    kernel.assignCoeffByOuterInner(outer, inner);
    #####:  207:    copy_using_evaluator_DefaultTraversal_CompleteUnrolling<Kernel, Index+1, Stop>::run(kernel);
    #####:  208:  }
------------------
_ZN5Eigen8internal55copy_using_evaluator_DefaultTraversal_CompleteUnrollingINS0_31generic_dense_assignment_kernelINS0_9evaluatorINS_6MatrixIfLi3ELi1ELi0ELi3ELi1EEEEENS3_INS_7ProductINS4_IfLi3ELi3ELi0ELi3ELi3EEES5_Li1EEEEENS0_9assign_opIffEELi0EEELi0ELi3EE3runERSD_:
    #####:  204:  EIGEN_DEVICE_FUNC static EIGEN_STRONG_INLINE void run(Kernel &kernel)
        -:  205:  {
    #####:  206:    kernel.assignCoeffByOuterInner(outer, inner);
    #####:  207:    copy_using_evaluator_DefaultTraversal_CompleteUnrolling<Kernel, Index+1, Stop>::run(kernel);
    #####:  208:  }
------------------
        -:  209:};
        -:  210:
        -:  211:template<typename Kernel, int Stop>
        -:  212:struct copy_using_evaluator_DefaultTraversal_CompleteUnrolling<Kernel, Stop, Stop>
        -:  213:{
    #####:  214:  EIGEN_DEVICE_FUNC static EIGEN_STRONG_INLINE void run(Kernel&) { }
        -:  215:};
        -:  216:
        -:  217:template<typename Kernel, int Index_, int Stop>
        -:  218:struct copy_using_evaluator_DefaultTraversal_InnerUnrolling
        -:  219:{
        -:  220:  EIGEN_DEVICE_FUNC static EIGEN_STRONG_INLINE void run(Kernel &kernel, Index outer)
        -:  221:  {
        -:  222:    kernel.assignCoeffByOuterInner(outer, Index_);
        -:  223:    copy_using_evaluator_DefaultTraversal_InnerUnrolling<Kernel, Index_+1, Stop>::run(kernel, outer);
        -:  224:  }
        -:  225:};
        -:  226:
        -:  227:template<typename Kernel, int Stop>
        -:  228:struct copy_using_evaluator_DefaultTraversal_InnerUnrolling<Kernel, Stop, Stop>
        -:  229:{
        -:  230:  EIGEN_DEVICE_FUNC static EIGEN_STRONG_INLINE void run(Kernel&, Index) { }
        -:  231:};
        -:  232:
        -:  233:/***********************
        -:  234:*** Linear traversal ***
        -:  235:***********************/
        -:  236:
        -:  237:template<typename Kernel, int Index, int Stop>
        -:  238:struct copy_using_evaluator_LinearTraversal_CompleteUnrolling
        -:  239:{
      891:  240:  EIGEN_DEVICE_FUNC static EIGEN_STRONG_INLINE void run(Kernel& kernel)
        -:  241:  {
      891:  242:    kernel.assignCoeff(Index);
      891:  243:    copy_using_evaluator_LinearTraversal_CompleteUnrolling<Kernel, Index+1, Stop>::run(kernel);
      891:  244:  }
------------------
_ZN5Eigen8internal54copy_using_evaluator_LinearTraversal_CompleteUnrollingINS0_31generic_dense_assignment_kernelINS0_9evaluatorINS_8DiagonalINS_6MatrixIfLi32ELi32ELi0ELi32ELi32EEELi0EEEEENS3_INS_14CwiseNullaryOpINS0_18scalar_constant_opIfEENS5_IfLi32ELi1ELi0ELi32ELi1EEEEEEENS0_9assign_opIffEELi0EEELi12ELi32EE3runERSH_:
       33:  240:  EIGEN_DEVICE_FUNC static EIGEN_STRONG_INLINE void run(Kernel& kernel)
        -:  241:  {
       33:  242:    kernel.assignCoeff(Index);
       33:  243:    copy_using_evaluator_LinearTraversal_CompleteUnrolling<Kernel, Index+1, Stop>::run(kernel);
       33:  243-block  0
       33:  244:  }
------------------
_ZN5Eigen8internal54copy_using_evaluator_LinearTraversal_CompleteUnrollingINS0_31generic_dense_assignment_kernelINS0_9evaluatorINS_8DiagonalINS_6MatrixIfLi32ELi32ELi0ELi32ELi32EEELi0EEEEENS3_INS_14CwiseNullaryOpINS0_18scalar_constant_opIfEENS5_IfLi32ELi1ELi0ELi32ELi1EEEEEEENS0_9assign_opIffEELi0EEELi0ELi32EE3runERSH_:
       33:  240:  EIGEN_DEVICE_FUNC static EIGEN_STRONG_INLINE void run(Kernel& kernel)
        -:  241:  {
       33:  242:    kernel.assignCoeff(Index);
       33:  243:    copy_using_evaluator_LinearTraversal_CompleteUnrolling<Kernel, Index+1, Stop>::run(kernel);
       33:  243-block  0
       33:  244:  }
------------------
_ZN5Eigen8internal54copy_using_evaluator_LinearTraversal_CompleteUnrollingINS0_31generic_dense_assignment_kernelINS0_9evaluatorINS_8DiagonalINS_6MatrixIfLi32ELi32ELi1ELi32ELi32EEELi0EEEEENS3_INS_14CwiseNullaryOpINS0_18scalar_constant_opIfEENS5_IfLi32ELi1ELi0ELi32ELi1EEEEEEENS0_9assign_opIffEELi0EEELi0ELi32EE3runERSH_:
       66:  240:  EIGEN_DEVICE_FUNC static EIGEN_STRONG_INLINE void run(Kernel& kernel)
        -:  241:  {
       66:  242:    kernel.assignCoeff(Index);
       66:  243:    copy_using_evaluator_LinearTraversal_CompleteUnrolling<Kernel, Index+1, Stop>::run(kernel);
       66:  243-block  0
       66:  244:  }
------------------
_ZN5Eigen8internal54copy_using_evaluator_LinearTraversal_CompleteUnrollingINS0_31generic_dense_assignment_kernelINS0_9evaluatorINS_8DiagonalINS_6MatrixIfLi32ELi32ELi0ELi32ELi32EEELi0EEEEENS3_INS_14CwiseNullaryOpINS0_18scalar_constant_opIfEENS5_IfLi32ELi1ELi0ELi32ELi1EEEEEEENS0_9assign_opIffEELi0EEELi3ELi32EE3runERSH_:
       33:  240:  EIGEN_DEVICE_FUNC static EIGEN_STRONG_INLINE void run(Kernel& kernel)
        -:  241:  {
       33:  242:    kernel.assignCoeff(Index);
       33:  243:    copy_using_evaluator_LinearTraversal_CompleteUnrolling<Kernel, Index+1, Stop>::run(kernel);
       33:  243-block  0
       33:  244:  }
------------------
_ZN5Eigen8internal54copy_using_evaluator_LinearTraversal_CompleteUnrollingINS0_31generic_dense_assignment_kernelINS0_9evaluatorINS_8DiagonalINS_6MatrixIfLi32ELi32ELi1ELi32ELi32EEELi0EEEEENS3_INS_14CwiseNullaryOpINS0_18scalar_constant_opIfEENS5_IfLi32ELi1ELi0ELi32ELi1EEEEEEENS0_9assign_opIffEELi0EEELi3ELi32EE3runERSH_:
       66:  240:  EIGEN_DEVICE_FUNC static EIGEN_STRONG_INLINE void run(Kernel& kernel)
        -:  241:  {
       66:  242:    kernel.assignCoeff(Index);
       66:  243:    copy_using_evaluator_LinearTraversal_CompleteUnrolling<Kernel, Index+1, Stop>::run(kernel);
       66:  243-block  0
       66:  244:  }
------------------
_ZN5Eigen8internal54copy_using_evaluator_LinearTraversal_CompleteUnrollingINS0_31generic_dense_assignment_kernelINS0_9evaluatorINS_8DiagonalINS_6MatrixIfLi32ELi32ELi0ELi32ELi32EEELi0EEEEENS3_INS_14CwiseNullaryOpINS0_18scalar_constant_opIfEENS5_IfLi32ELi1ELi0ELi32ELi1EEEEEEENS0_9assign_opIffEELi0EEELi6ELi32EE3runERSH_:
       33:  240:  EIGEN_DEVICE_FUNC static EIGEN_STRONG_INLINE void run(Kernel& kernel)
        -:  241:  {
       33:  242:    kernel.assignCoeff(Index);
       33:  243:    copy_using_evaluator_LinearTraversal_CompleteUnrolling<Kernel, Index+1, Stop>::run(kernel);
       33:  243-block  0
       33:  244:  }
------------------
_ZN5Eigen8internal54copy_using_evaluator_LinearTraversal_CompleteUnrollingINS0_31generic_dense_assignment_kernelINS0_9evaluatorINS_8DiagonalINS_6MatrixIfLi32ELi32ELi1ELi32ELi32EEELi0EEEEENS3_INS_14CwiseNullaryOpINS0_18scalar_constant_opIfEENS5_IfLi32ELi1ELi0ELi32ELi1EEEEEEENS0_9assign_opIffEELi0EEELi6ELi32EE3runERSH_:
       66:  240:  EIGEN_DEVICE_FUNC static EIGEN_STRONG_INLINE void run(Kernel& kernel)
        -:  241:  {
       66:  242:    kernel.assignCoeff(Index);
       66:  243:    copy_using_evaluator_LinearTraversal_CompleteUnrolling<Kernel, Index+1, Stop>::run(kernel);
       66:  243-block  0
       66:  244:  }
------------------
_ZN5Eigen8internal54copy_using_evaluator_LinearTraversal_CompleteUnrollingINS0_31generic_dense_assignment_kernelINS0_9evaluatorINS_8DiagonalINS_6MatrixIfLi32ELi32ELi0ELi32ELi32EEELi0EEEEENS3_INS_14CwiseNullaryOpINS0_18scalar_constant_opIfEENS5_IfLi32ELi1ELi0ELi32ELi1EEEEEEENS0_9assign_opIffEELi0EEELi9ELi32EE3runERSH_:
       33:  240:  EIGEN_DEVICE_FUNC static EIGEN_STRONG_INLINE void run(Kernel& kernel)
        -:  241:  {
       33:  242:    kernel.assignCoeff(Index);
       33:  243:    copy_using_evaluator_LinearTraversal_CompleteUnrolling<Kernel, Index+1, Stop>::run(kernel);
       33:  243-block  0
       33:  244:  }
------------------
_ZN5Eigen8internal54copy_using_evaluator_LinearTraversal_CompleteUnrollingINS0_31generic_dense_assignment_kernelINS0_9evaluatorINS_8DiagonalINS_6MatrixIfLi32ELi32ELi1ELi32ELi32EEELi0EEEEENS3_INS_14CwiseNullaryOpINS0_18scalar_constant_opIfEENS5_IfLi32ELi1ELi0ELi32ELi1EEEEEEENS0_9assign_opIffEELi0EEELi9ELi32EE3runERSH_:
       66:  240:  EIGEN_DEVICE_FUNC static EIGEN_STRONG_INLINE void run(Kernel& kernel)
        -:  241:  {
       66:  242:    kernel.assignCoeff(Index);
       66:  243:    copy_using_evaluator_LinearTraversal_CompleteUnrolling<Kernel, Index+1, Stop>::run(kernel);
       66:  243-block  0
       66:  244:  }
------------------
_ZN5Eigen8internal54copy_using_evaluator_LinearTraversal_CompleteUnrollingINS0_31generic_dense_assignment_kernelINS0_9evaluatorINS_8DiagonalINS_6MatrixIfLi32ELi32ELi1ELi32ELi32EEELi0EEEEENS3_INS_14CwiseNullaryOpINS0_18scalar_constant_opIfEENS5_IfLi32ELi1ELi0ELi32ELi1EEEEEEENS0_9assign_opIffEELi0EEELi24ELi32EE3runERSH_:
       66:  240:  EIGEN_DEVICE_FUNC static EIGEN_STRONG_INLINE void run(Kernel& kernel)
        -:  241:  {
       66:  242:    kernel.assignCoeff(Index);
       66:  243:    copy_using_evaluator_LinearTraversal_CompleteUnrolling<Kernel, Index+1, Stop>::run(kernel);
       66:  244:  }
------------------
_ZN5Eigen8internal54copy_using_evaluator_LinearTraversal_CompleteUnrollingINS0_31generic_dense_assignment_kernelINS0_9evaluatorINS_8DiagonalINS_6MatrixIfLi32ELi32ELi1ELi32ELi32EEELi0EEEEENS3_INS_14CwiseNullaryOpINS0_18scalar_constant_opIfEENS5_IfLi32ELi1ELi0ELi32ELi1EEEEEEENS0_9assign_opIffEELi0EEELi12ELi32EE3runERSH_:
       66:  240:  EIGEN_DEVICE_FUNC static EIGEN_STRONG_INLINE void run(Kernel& kernel)
        -:  241:  {
       66:  242:    kernel.assignCoeff(Index);
       66:  243:    copy_using_evaluator_LinearTraversal_CompleteUnrolling<Kernel, Index+1, Stop>::run(kernel);
       66:  243-block  0
       66:  244:  }
------------------
_ZN5Eigen8internal54copy_using_evaluator_LinearTraversal_CompleteUnrollingINS0_31generic_dense_assignment_kernelINS0_9evaluatorINS_8DiagonalINS_6MatrixIfLi32ELi32ELi0ELi32ELi32EEELi0EEEEENS3_INS_14CwiseNullaryOpINS0_18scalar_constant_opIfEENS5_IfLi32ELi1ELi0ELi32ELi1EEEEEEENS0_9assign_opIffEELi0EEELi15ELi32EE3runERSH_:
       33:  240:  EIGEN_DEVICE_FUNC static EIGEN_STRONG_INLINE void run(Kernel& kernel)
        -:  241:  {
       33:  242:    kernel.assignCoeff(Index);
       33:  243:    copy_using_evaluator_LinearTraversal_CompleteUnrolling<Kernel, Index+1, Stop>::run(kernel);
       33:  243-block  0
       33:  244:  }
------------------
_ZN5Eigen8internal54copy_using_evaluator_LinearTraversal_CompleteUnrollingINS0_31generic_dense_assignment_kernelINS0_9evaluatorINS_8DiagonalINS_6MatrixIfLi32ELi32ELi1ELi32ELi32EEELi0EEEEENS3_INS_14CwiseNullaryOpINS0_18scalar_constant_opIfEENS5_IfLi32ELi1ELi0ELi32ELi1EEEEEEENS0_9assign_opIffEELi0EEELi15ELi32EE3runERSH_:
       66:  240:  EIGEN_DEVICE_FUNC static EIGEN_STRONG_INLINE void run(Kernel& kernel)
        -:  241:  {
       66:  242:    kernel.assignCoeff(Index);
       66:  243:    copy_using_evaluator_LinearTraversal_CompleteUnrolling<Kernel, Index+1, Stop>::run(kernel);
       66:  243-block  0
       66:  244:  }
------------------
_ZN5Eigen8internal54copy_using_evaluator_LinearTraversal_CompleteUnrollingINS0_31generic_dense_assignment_kernelINS0_9evaluatorINS_8DiagonalINS_6MatrixIfLi32ELi32ELi0ELi32ELi32EEELi0EEEEENS3_INS_14CwiseNullaryOpINS0_18scalar_constant_opIfEENS5_IfLi32ELi1ELi0ELi32ELi1EEEEEEENS0_9assign_opIffEELi0EEELi18ELi32EE3runERSH_:
       33:  240:  EIGEN_DEVICE_FUNC static EIGEN_STRONG_INLINE void run(Kernel& kernel)
        -:  241:  {
       33:  242:    kernel.assignCoeff(Index);
       33:  243:    copy_using_evaluator_LinearTraversal_CompleteUnrolling<Kernel, Index+1, Stop>::run(kernel);
       33:  243-block  0
       33:  244:  }
------------------
_ZN5Eigen8internal54copy_using_evaluator_LinearTraversal_CompleteUnrollingINS0_31generic_dense_assignment_kernelINS0_9evaluatorINS_8DiagonalINS_6MatrixIfLi32ELi32ELi1ELi32ELi32EEELi0EEEEENS3_INS_14CwiseNullaryOpINS0_18scalar_constant_opIfEENS5_IfLi32ELi1ELi0ELi32ELi1EEEEEEENS0_9assign_opIffEELi0EEELi18ELi32EE3runERSH_:
       66:  240:  EIGEN_DEVICE_FUNC static EIGEN_STRONG_INLINE void run(Kernel& kernel)
        -:  241:  {
       66:  242:    kernel.assignCoeff(Index);
       66:  243:    copy_using_evaluator_LinearTraversal_CompleteUnrolling<Kernel, Index+1, Stop>::run(kernel);
       66:  243-block  0
       66:  244:  }
------------------
_ZN5Eigen8internal54copy_using_evaluator_LinearTraversal_CompleteUnrollingINS0_31generic_dense_assignment_kernelINS0_9evaluatorINS_8DiagonalINS_6MatrixIfLi32ELi32ELi0ELi32ELi32EEELi0EEEEENS3_INS_14CwiseNullaryOpINS0_18scalar_constant_opIfEENS5_IfLi32ELi1ELi0ELi32ELi1EEEEEEENS0_9assign_opIffEELi0EEELi21ELi32EE3runERSH_:
       33:  240:  EIGEN_DEVICE_FUNC static EIGEN_STRONG_INLINE void run(Kernel& kernel)
        -:  241:  {
       33:  242:    kernel.assignCoeff(Index);
       33:  243:    copy_using_evaluator_LinearTraversal_CompleteUnrolling<Kernel, Index+1, Stop>::run(kernel);
       33:  243-block  0
       33:  244:  }
------------------
_ZN5Eigen8internal54copy_using_evaluator_LinearTraversal_CompleteUnrollingINS0_31generic_dense_assignment_kernelINS0_9evaluatorINS_8DiagonalINS_6MatrixIfLi32ELi32ELi1ELi32ELi32EEELi0EEEEENS3_INS_14CwiseNullaryOpINS0_18scalar_constant_opIfEENS5_IfLi32ELi1ELi0ELi32ELi1EEEEEEENS0_9assign_opIffEELi0EEELi21ELi32EE3runERSH_:
       66:  240:  EIGEN_DEVICE_FUNC static EIGEN_STRONG_INLINE void run(Kernel& kernel)
        -:  241:  {
       66:  242:    kernel.assignCoeff(Index);
       66:  243:    copy_using_evaluator_LinearTraversal_CompleteUnrolling<Kernel, Index+1, Stop>::run(kernel);
       66:  243-block  0
       66:  244:  }
------------------
_ZN5Eigen8internal54copy_using_evaluator_LinearTraversal_CompleteUnrollingINS0_31generic_dense_assignment_kernelINS0_9evaluatorINS_8DiagonalINS_6MatrixIfLi32ELi32ELi0ELi32ELi32EEELi0EEEEENS3_INS_14CwiseNullaryOpINS0_18scalar_constant_opIfEENS5_IfLi32ELi1ELi0ELi32ELi1EEEEEEENS0_9assign_opIffEELi0EEELi24ELi32EE3runERSH_:
       33:  240:  EIGEN_DEVICE_FUNC static EIGEN_STRONG_INLINE void run(Kernel& kernel)
        -:  241:  {
       33:  242:    kernel.assignCoeff(Index);
       33:  243:    copy_using_evaluator_LinearTraversal_CompleteUnrolling<Kernel, Index+1, Stop>::run(kernel);
       33:  244:  }
------------------
        -:  245:};
        -:  246:
        -:  247:template<typename Kernel, int Stop>
        -:  248:struct copy_using_evaluator_LinearTraversal_CompleteUnrolling<Kernel, Stop, Stop>
        -:  249:{
       99:  250:  EIGEN_DEVICE_FUNC static EIGEN_STRONG_INLINE void run(Kernel&) { }
        -:  251:};
        -:  252:
        -:  253:/**************************
        -:  254:*** Inner vectorization ***
        -:  255:**************************/
        -:  256:
        -:  257:template<typename Kernel, int Index, int Stop>
        -:  258:struct copy_using_evaluator_innervec_CompleteUnrolling
        -:  259:{
        -:  260:  // FIXME: this is not very clean, perhaps this information should be provided by the kernel?
        -:  261:  typedef typename Kernel::DstEvaluatorType DstEvaluatorType;
        -:  262:  typedef typename DstEvaluatorType::XprType DstXprType;
        -:  263:  typedef typename Kernel::PacketType PacketType;
        -:  264:  
        -:  265:  enum {
        -:  266:    outer = Index / DstXprType::InnerSizeAtCompileTime,
        -:  267:    inner = Index % DstXprType::InnerSizeAtCompileTime,
        -:  268:    SrcAlignment = Kernel::AssignmentTraits::SrcAlignment,
        -:  269:    DstAlignment = Kernel::AssignmentTraits::DstAlignment
        -:  270:  };
        -:  271:
        -:  272:  EIGEN_DEVICE_FUNC static EIGEN_STRONG_INLINE void run(Kernel &kernel)
        -:  273:  {
        -:  274:    kernel.template assignPacketByOuterInner<DstAlignment, SrcAlignment, PacketType>(outer, inner);
        -:  275:    enum { NextIndex = Index + unpacket_traits<PacketType>::size };
        -:  276:    copy_using_evaluator_innervec_CompleteUnrolling<Kernel, NextIndex, Stop>::run(kernel);
        -:  277:  }
        -:  278:};
        -:  279:
        -:  280:template<typename Kernel, int Stop>
        -:  281:struct copy_using_evaluator_innervec_CompleteUnrolling<Kernel, Stop, Stop>
        -:  282:{
    #####:  283:  EIGEN_DEVICE_FUNC static EIGEN_STRONG_INLINE void run(Kernel&) { }
        -:  284:};
        -:  285:
        -:  286:template<typename Kernel, int Index_, int Stop, int SrcAlignment, int DstAlignment>
        -:  287:struct copy_using_evaluator_innervec_InnerUnrolling
        -:  288:{
        -:  289:  typedef typename Kernel::PacketType PacketType;
     6336:  290:  EIGEN_DEVICE_FUNC static EIGEN_STRONG_INLINE void run(Kernel &kernel, Index outer)
        -:  291:  {
     6336:  292:    kernel.template assignPacketByOuterInner<DstAlignment, SrcAlignment, PacketType>(outer, Index_);
        -:  293:    enum { NextIndex = Index_ + unpacket_traits<PacketType>::size };
     6336:  294:    copy_using_evaluator_innervec_InnerUnrolling<Kernel, NextIndex, Stop, SrcAlignment, DstAlignment>::run(kernel, outer);
     2112:  294-block  0
     1056:  294-block  1
     3168:  295:  }
------------------
_ZN5Eigen8internal44copy_using_evaluator_innervec_InnerUnrollingINS0_31generic_dense_assignment_kernelINS0_9evaluatorINS_6MatrixIfLi32ELi32ELi1ELi32ELi32EEEEENS3_INS_14CwiseNullaryOpINS0_18scalar_constant_opIfEES5_EEEENS0_9assign_opIffEELi0EEELi8ELi32ELi32ELi32EE3runERSE_l:
     2112:  290:  EIGEN_DEVICE_FUNC static EIGEN_STRONG_INLINE void run(Kernel &kernel, Index outer)
        -:  291:  {
     2112:  292:    kernel.template assignPacketByOuterInner<DstAlignment, SrcAlignment, PacketType>(outer, Index_);
        -:  293:    enum { NextIndex = Index_ + unpacket_traits<PacketType>::size };
     2112:  294:    copy_using_evaluator_innervec_InnerUnrolling<Kernel, NextIndex, Stop, SrcAlignment, DstAlignment>::run(kernel, outer);
     2112:  295:  }
------------------
_ZN5Eigen8internal44copy_using_evaluator_innervec_InnerUnrollingINS0_31generic_dense_assignment_kernelINS0_9evaluatorINS_6MatrixIfLi32ELi32ELi0ELi32ELi32EEEEENS3_INS_14CwiseNullaryOpINS0_18scalar_constant_opIfEES5_EEEENS0_9assign_opIffEELi0EEELi8ELi32ELi32ELi32EE3runERSE_l:
     1056:  290:  EIGEN_DEVICE_FUNC static EIGEN_STRONG_INLINE void run(Kernel &kernel, Index outer)
        -:  291:  {
     1056:  292:    kernel.template assignPacketByOuterInner<DstAlignment, SrcAlignment, PacketType>(outer, Index_);
        -:  293:    enum { NextIndex = Index_ + unpacket_traits<PacketType>::size };
     1056:  294:    copy_using_evaluator_innervec_InnerUnrolling<Kernel, NextIndex, Stop, SrcAlignment, DstAlignment>::run(kernel, outer);
     1056:  295:  }
------------------
        -:  296:};
        -:  297:
        -:  298:template<typename Kernel, int Stop, int SrcAlignment, int DstAlignment>
        -:  299:struct copy_using_evaluator_innervec_InnerUnrolling<Kernel, Stop, Stop, SrcAlignment, DstAlignment>
        -:  300:{
     3168:  301:  EIGEN_DEVICE_FUNC static EIGEN_STRONG_INLINE void run(Kernel &, Index) { }
        -:  302:};
        -:  303:
        -:  304:/***************************************************************************
        -:  305:* Part 3 : implementation of all cases
        -:  306:***************************************************************************/
        -:  307:
        -:  308:// dense_assignment_loop is based on assign_impl
        -:  309:
        -:  310:template<typename Kernel,
        -:  311:         int Traversal = Kernel::AssignmentTraits::Traversal,
        -:  312:         int Unrolling = Kernel::AssignmentTraits::Unrolling>
        -:  313:struct dense_assignment_loop;
        -:  314:
        -:  315:/************************
        -:  316:*** Default traversal ***
        -:  317:************************/
        -:  318:
        -:  319:template<typename Kernel>
        -:  320:struct dense_assignment_loop<Kernel, DefaultTraversal, NoUnrolling>
        -:  321:{
       3*:  322:  EIGEN_DEVICE_FUNC static void EIGEN_STRONG_INLINE run(Kernel &kernel)
        -:  323:  {
    1539*:  324:    for(Index outer = 0; outer < kernel.outerSize(); ++outer) {
 6296064*:  325:      for(Index inner = 0; inner < kernel.innerSize(); ++inner) {
 3147264*:  326:        kernel.assignCoeffByOuterInner(outer, inner);
        -:  327:      }
        -:  328:    }
       3*:  329:  }
------------------
_ZN5Eigen8internal21dense_assignment_loopINS0_31generic_dense_assignment_kernelINS0_9evaluatorINS_6MatrixIfLin1ELin1ELi0ELin1ELin1EEEEENS3_INS_14CwiseNullaryOpINS0_18scalar_identity_opIfEES5_EEEENS0_9assign_opIffEELi0EEELi0ELi0EE3runERSE_:
        3:  322:  EIGEN_DEVICE_FUNC static void EIGEN_STRONG_INLINE run(Kernel &kernel)
        -:  323:  {
     1539:  324:    for(Index outer = 0; outer < kernel.outerSize(); ++outer) {
        3:  324-block  0
     1536:  324-block  1
  6296064:  325:      for(Index inner = 0; inner < kernel.innerSize(); ++inner) {
  3147264:  326:        kernel.assignCoeffByOuterInner(outer, inner);
        -:  327:      }
        -:  328:    }
        3:  329:  }
------------------
_ZN5Eigen8internal21dense_assignment_loopINS0_31generic_dense_assignment_kernelINS0_9evaluatorINS_5BlockINS_6MatrixIfLin1ELin1ELi0ELin1ELin1EEELin1ELin1ELb0EEEEENS3_INS_14CwiseNullaryOpINS0_18scalar_constant_opIfEES6_EEEENS0_13mul_assign_opIffEELi0EEELi0ELi0EE3runERSG_:
    #####:  322:  EIGEN_DEVICE_FUNC static void EIGEN_STRONG_INLINE run(Kernel &kernel)
        -:  323:  {
    #####:  324:    for(Index outer = 0; outer < kernel.outerSize(); ++outer) {
    %%%%%:  324-block  0
    %%%%%:  324-block  1
    #####:  325:      for(Index inner = 0; inner < kernel.innerSize(); ++inner) {
    #####:  326:        kernel.assignCoeffByOuterInner(outer, inner);
    %%%%%:  326-block  0
        -:  327:      }
        -:  328:    }
    #####:  329:  }
------------------
_ZN5Eigen8internal21dense_assignment_loopINS0_31generic_dense_assignment_kernelINS0_9evaluatorINS_6MatrixIfLin1ELin1ELi0ELin1ELin1EEEEENS3_INS_9TransposeIKS5_EEEENS0_9assign_opIffEELi0EEELi0ELi0EE3runERSD_:
    #####:  322:  EIGEN_DEVICE_FUNC static void EIGEN_STRONG_INLINE run(Kernel &kernel)
        -:  323:  {
    #####:  324:    for(Index outer = 0; outer < kernel.outerSize(); ++outer) {
    %%%%%:  324-block  0
    %%%%%:  324-block  1
    #####:  325:      for(Index inner = 0; inner < kernel.innerSize(); ++inner) {
    #####:  326:        kernel.assignCoeffByOuterInner(outer, inner);
    %%%%%:  326-block  0
        -:  327:      }
        -:  328:    }
    #####:  329:  }
------------------
        -:  330:};
        -:  331:
        -:  332:template<typename Kernel>
        -:  333:struct dense_assignment_loop<Kernel, DefaultTraversal, CompleteUnrolling>
        -:  334:{
    #####:  335:  EIGEN_DEVICE_FUNC static EIGEN_STRONG_INLINE void run(Kernel &kernel)
        -:  336:  {
        -:  337:    typedef typename Kernel::DstEvaluatorType::XprType DstXprType;
    #####:  338:    copy_using_evaluator_DefaultTraversal_CompleteUnrolling<Kernel, 0, DstXprType::SizeAtCompileTime>::run(kernel);
        -:  339:  }
        -:  340:};
        -:  341:
        -:  342:template<typename Kernel>
        -:  343:struct dense_assignment_loop<Kernel, DefaultTraversal, InnerUnrolling>
        -:  344:{
        -:  345:  EIGEN_DEVICE_FUNC static EIGEN_STRONG_INLINE void run(Kernel &kernel)
        -:  346:  {
        -:  347:    typedef typename Kernel::DstEvaluatorType::XprType DstXprType;
        -:  348:
        -:  349:    const Index outerSize = kernel.outerSize();
        -:  350:    for(Index outer = 0; outer < outerSize; ++outer)
        -:  351:      copy_using_evaluator_DefaultTraversal_InnerUnrolling<Kernel, 0, DstXprType::InnerSizeAtCompileTime>::run(kernel, outer);
        -:  352:  }
        -:  353:};
        -:  354:
        -:  355:/***************************
        -:  356:*** Linear vectorization ***
        -:  357:***************************/
        -:  358:
        -:  359:
        -:  360:// The goal of unaligned_dense_assignment_loop is simply to factorize the handling
        -:  361:// of the non vectorizable beginning and ending parts
        -:  362:
        -:  363:template <bool IsAligned = false>
        -:  364:struct unaligned_dense_assignment_loop
        -:  365:{
        -:  366:  // if IsAligned = true, then do nothing
        -:  367:  template <typename Kernel>
    3162*:  368:  EIGEN_DEVICE_FUNC static EIGEN_STRONG_INLINE void run(Kernel&, Index, Index) {}
        -:  369:};
        -:  370:
        -:  371:template <>
        -:  372:struct unaligned_dense_assignment_loop<false>
        -:  373:{
        -:  374:  // MSVC must not inline this functions. If it does, it fails to optimize the
        -:  375:  // packet access path.
        -:  376:  // FIXME check which version exhibits this issue
        -:  377:#if EIGEN_COMP_MSVC
        -:  378:  template <typename Kernel>
        -:  379:  static EIGEN_DONT_INLINE void run(Kernel &kernel,
        -:  380:                                    Index start,
        -:  381:                                    Index end)
        -:  382:#else
        -:  383:  template <typename Kernel>
  439034*:  384:  EIGEN_DEVICE_FUNC static EIGEN_STRONG_INLINE void run(Kernel &kernel,
        -:  385:                                      Index start,
        -:  386:                                      Index end)
        -:  387:#endif
        -:  388:  {
 3816254*:  389:    for (Index index = start; index < end; ++index)
   150912:  389-block  0
   115584:  389-block  1
    40704:  389-block  2
     5376:  389-block  3
     6879:  389-block  4
     5376:  389-block  5
     6879:  389-block  6
     5376:  389-block  7
     1503:  389-block  8
    %%%%%:  389-block  9
    %%%%%:  389-block 10
    %%%%%:  389-block 11
    %%%%%:  389-block 12
    %%%%%:  389-block 13
    %%%%%:  389-block 14
    %%%%%:  389-block 15
     6903:  389-block 16
     5373:  389-block 17
     1530:  389-block 18
    %%%%%:  389-block 19
    %%%%%:  389-block 20
    %%%%%:  389-block 21
    %%%%%:  389-block 22
    %%%%%:  389-block 23
  1765623:  389-block 24
  1373178:  389-block 25
  1768701:  389-block 26
  1376256:  389-block 27
     6897:  389-block 28
     5367:  389-block 29
    %%%%%:  389-block 30
    %%%%%:  389-block 31
    %%%%%:  389-block 32
    %%%%%:  389-block 33
    %%%%%:  389-block 34
    %%%%%:  389-block 35
    %%%%%:  389-block 36
    %%%%%:  389-block 37
       18:  389-block 38
       12:  389-block 39
       27:  389-block 40
       21:  389-block 41
    %%%%%:  389-block 42
    %%%%%:  389-block 43
    %%%%%:  389-block 44
    %%%%%:  389-block 45
       21:  389-block 46
       18:  389-block 47
    %%%%%:  389-block 48
    %%%%%:  389-block 49
     6879:  389-block 50
     5376:  389-block 51
     1503:  389-block 52
    %%%%%:  389-block 53
    %%%%%:  389-block 54
    %%%%%:  389-block 55
    %%%%%:  389-block 56
    %%%%%:  389-block 57
     7662:  389-block 58
     6132:  389-block 59
     6885:  389-block 60
     5355:  389-block 61
    %%%%%:  389-block 62
    %%%%%:  389-block 63
    %%%%%:  389-block 64
    %%%%%:  389-block 65
    %%%%%:  389-block 66
    %%%%%:  389-block 67
    %%%%%:  389-block 68
    %%%%%:  389-block 69
    %%%%%:  389-block 70
    %%%%%:  389-block 71
    %%%%%:  389-block 72
    %%%%%:  389-block 73
    %%%%%:  389-block 74
    %%%%%:  389-block 75
        3:  389-block 76
    %%%%%:  389-block 77
     3466:  389-block 78
     2705:  389-block 79
     3449:  389-block 80
     2688:  389-block 81
    %%%%%:  389-block 82
    %%%%%:  389-block 83
    14854:  389-block 84
    10426:  389-block 85
    14812:  389-block 86
    10384:  389-block 87
        3:  389-block 88
    %%%%%:  389-block 89
       72:  389-block 90
    %%%%%:  389-block 91
       30:  389-block 92
       21:  389-block 93
       36:  389-block 94
    %%%%%:  389-block 95
        3:  389-block 96
    %%%%%:  389-block 97
    #####:  390:      kernel.assignCoeff(index);
    #####:  391:  }
        -:  392:};
        -:  393:
        -:  394:template<typename Kernel>
        -:  395:struct dense_assignment_loop<Kernel, LinearVectorizedTraversal, NoUnrolling>
        -:  396:{
  442196*:  397:  EIGEN_DEVICE_FUNC static EIGEN_STRONG_INLINE void run(Kernel &kernel)
        -:  398:  {
  442196*:  399:    const Index size = kernel.size();
        -:  400:    typedef typename Kernel::Scalar Scalar;
        -:  401:    typedef typename Kernel::PacketType PacketType;
        -:  402:    enum {
        -:  403:      requestedAlignment = Kernel::AssignmentTraits::LinearRequiredAlignment,
        -:  404:      packetSize = unpacket_traits<PacketType>::size,
        -:  405:      dstIsAligned = int(Kernel::AssignmentTraits::DstAlignment)>=int(requestedAlignment),
        -:  406:      dstAlignment = packet_traits<Scalar>::AlignedOnScalar ? int(requestedAlignment)
        -:  407:                                                            : int(Kernel::AssignmentTraits::DstAlignment),
        -:  408:      srcAlignment = Kernel::AssignmentTraits::JointAlignment
        -:  409:    };
  881230*:  410:    const Index alignedStart = dstIsAligned ? 0 : internal::first_aligned<requestedAlignment>(kernel.dstDataPtr(), size);
  442196*:  411:    const Index alignedEnd = alignedStart + ((size-alignedStart)/packetSize)*packetSize;
        -:  412:
93671546*:  413:    unaligned_dense_assignment_loop<dstIsAligned!=0>::run(kernel, 0, alignedStart);
        -:  414:
95592788*:  415:    for(Index index = alignedStart; index < alignedEnd; index += packetSize)
95150592*:  416:      kernel.template assignPacket<dstAlignment, srcAlignment, PacketType>(index);
        -:  417:
  442196*:  418:    unaligned_dense_assignment_loop<>::run(kernel, alignedEnd, size);
  442196*:  419:  }
------------------
_ZN5Eigen8internal21dense_assignment_loopINS0_31generic_dense_assignment_kernelINS0_9evaluatorINS_5BlockINS_6MatrixIfLin1ELin1ELi0ELin1ELin1EEELin1ELi1ELb1EEEEENS3_INS_12CwiseUnaryOpINS0_18scalar_opposite_opIfEEKS7_EEEENS0_9assign_opIffEELi0EEELi3ELi0EE3runERSH_:
      761:  397:  EIGEN_DEVICE_FUNC static EIGEN_STRONG_INLINE void run(Kernel &kernel)
        -:  398:  {
      761:  399:    const Index size = kernel.size();
        -:  400:    typedef typename Kernel::Scalar Scalar;
        -:  401:    typedef typename Kernel::PacketType PacketType;
        -:  402:    enum {
        -:  403:      requestedAlignment = Kernel::AssignmentTraits::LinearRequiredAlignment,
        -:  404:      packetSize = unpacket_traits<PacketType>::size,
        -:  405:      dstIsAligned = int(Kernel::AssignmentTraits::DstAlignment)>=int(requestedAlignment),
        -:  406:      dstAlignment = packet_traits<Scalar>::AlignedOnScalar ? int(requestedAlignment)
        -:  407:                                                            : int(Kernel::AssignmentTraits::DstAlignment),
        -:  408:      srcAlignment = Kernel::AssignmentTraits::JointAlignment
        -:  409:    };
     1522:  410:    const Index alignedStart = dstIsAligned ? 0 : internal::first_aligned<requestedAlignment>(kernel.dstDataPtr(), size);
      761:  411:    const Index alignedEnd = alignedStart + ((size-alignedStart)/packetSize)*packetSize;
      761:  411-block  0
        -:  412:
   194998:  413:    unaligned_dense_assignment_loop<dstIsAligned!=0>::run(kernel, 0, alignedStart);
        -:  414:
   194998:  415:    for(Index index = alignedStart; index < alignedEnd; index += packetSize)
   194998:  415-block  0
   194237:  415-block  1
   194237:  416:      kernel.template assignPacket<dstAlignment, srcAlignment, PacketType>(index);
        -:  417:
      761:  418:    unaligned_dense_assignment_loop<>::run(kernel, alignedEnd, size);
      761:  419:  }
------------------
_ZN5Eigen8internal21dense_assignment_loopINS0_31generic_dense_assignment_kernelINS0_9evaluatorINS_5BlockINS4_INS_6MatrixIfLin1ELin1ELi1ELin1ELin1EEELi1ELin1ELb1EEELi1ELin1ELb0EEEEENS3_INS5_IfLi1ELin1ELi1ELi1ELin1EEEEENS0_9assign_opIffEELi0EEELi3ELi0EE3runERSE_:
     1503:  397:  EIGEN_DEVICE_FUNC static EIGEN_STRONG_INLINE void run(Kernel &kernel)
        -:  398:  {
     1503:  399:    const Index size = kernel.size();
        -:  400:    typedef typename Kernel::Scalar Scalar;
        -:  401:    typedef typename Kernel::PacketType PacketType;
        -:  402:    enum {
        -:  403:      requestedAlignment = Kernel::AssignmentTraits::LinearRequiredAlignment,
        -:  404:      packetSize = unpacket_traits<PacketType>::size,
        -:  405:      dstIsAligned = int(Kernel::AssignmentTraits::DstAlignment)>=int(requestedAlignment),
        -:  406:      dstAlignment = packet_traits<Scalar>::AlignedOnScalar ? int(requestedAlignment)
        -:  407:                                                            : int(Kernel::AssignmentTraits::DstAlignment),
        -:  408:      srcAlignment = Kernel::AssignmentTraits::JointAlignment
        -:  409:    };
     3006:  410:    const Index alignedStart = dstIsAligned ? 0 : internal::first_aligned<requestedAlignment>(kernel.dstDataPtr(), size);
     1503:  411:    const Index alignedEnd = alignedStart + ((size-alignedStart)/packetSize)*packetSize;
     1503:  411-block  0
        -:  412:
     5247:  413:    unaligned_dense_assignment_loop<dstIsAligned!=0>::run(kernel, 0, alignedStart);
        -:  414:
     5247:  415:    for(Index index = alignedStart; index < alignedEnd; index += packetSize)
     5247:  415-block  0
     3744:  415-block  1
     3744:  416:      kernel.template assignPacket<dstAlignment, srcAlignment, PacketType>(index);
        -:  417:
     1503:  418:    unaligned_dense_assignment_loop<>::run(kernel, alignedEnd, size);
     1503:  419:  }
------------------
_ZN5Eigen8internal21dense_assignment_loopINS0_31generic_dense_assignment_kernelINS0_9evaluatorINS_5BlockINS4_INS_6MatrixIfLin1ELin1ELi0ELin1ELin1EEELin1ELi1ELb1EEELin1ELi1ELb0EEEEENS3_INS_14CwiseNullaryOpINS0_18scalar_constant_opIfEENS5_IfLin1ELi1ELi0ELin1ELi1EEEEEEENS0_9assign_opIffEELi0EEELi3ELi0EE3runERSI_:
    #####:  397:  EIGEN_DEVICE_FUNC static EIGEN_STRONG_INLINE void run(Kernel &kernel)
        -:  398:  {
    #####:  399:    const Index size = kernel.size();
        -:  400:    typedef typename Kernel::Scalar Scalar;
        -:  401:    typedef typename Kernel::PacketType PacketType;
        -:  402:    enum {
        -:  403:      requestedAlignment = Kernel::AssignmentTraits::LinearRequiredAlignment,
        -:  404:      packetSize = unpacket_traits<PacketType>::size,
        -:  405:      dstIsAligned = int(Kernel::AssignmentTraits::DstAlignment)>=int(requestedAlignment),
        -:  406:      dstAlignment = packet_traits<Scalar>::AlignedOnScalar ? int(requestedAlignment)
        -:  407:                                                            : int(Kernel::AssignmentTraits::DstAlignment),
        -:  408:      srcAlignment = Kernel::AssignmentTraits::JointAlignment
        -:  409:    };
    #####:  410:    const Index alignedStart = dstIsAligned ? 0 : internal::first_aligned<requestedAlignment>(kernel.dstDataPtr(), size);
    #####:  411:    const Index alignedEnd = alignedStart + ((size-alignedStart)/packetSize)*packetSize;
    %%%%%:  411-block  0
        -:  412:
    #####:  413:    unaligned_dense_assignment_loop<dstIsAligned!=0>::run(kernel, 0, alignedStart);
        -:  414:
    #####:  415:    for(Index index = alignedStart; index < alignedEnd; index += packetSize)
    %%%%%:  415-block  0
    %%%%%:  415-block  1
    #####:  416:      kernel.template assignPacket<dstAlignment, srcAlignment, PacketType>(index);
        -:  417:
    #####:  418:    unaligned_dense_assignment_loop<>::run(kernel, alignedEnd, size);
    #####:  419:  }
------------------
_ZN5Eigen8internal21dense_assignment_loopINS0_31generic_dense_assignment_kernelINS0_9evaluatorINS_5BlockINS4_INS4_INS_6MatrixIfLin1ELin1ELi0ELin1ELin1EEELin1ELi1ELb1EEELin1ELi1ELb0EEELin1ELi1ELb0EEEEENS3_INS_13CwiseBinaryOpINS0_18scalar_quotient_opIffEEKNS4_IKS8_Lin1ELi1ELb0EEEKNS_14CwiseNullaryOpINS0_18scalar_constant_opIfEEKNS5_IfLin1ELi1ELi0ELin1ELi1EEEEEEEEENS0_9assign_opIffEELi0EEELi3ELi0EE3runERSS_:
     1530:  397:  EIGEN_DEVICE_FUNC static EIGEN_STRONG_INLINE void run(Kernel &kernel)
        -:  398:  {
     1530:  399:    const Index size = kernel.size();
        -:  400:    typedef typename Kernel::Scalar Scalar;
        -:  401:    typedef typename Kernel::PacketType PacketType;
        -:  402:    enum {
        -:  403:      requestedAlignment = Kernel::AssignmentTraits::LinearRequiredAlignment,
        -:  404:      packetSize = unpacket_traits<PacketType>::size,
        -:  405:      dstIsAligned = int(Kernel::AssignmentTraits::DstAlignment)>=int(requestedAlignment),
        -:  406:      dstAlignment = packet_traits<Scalar>::AlignedOnScalar ? int(requestedAlignment)
        -:  407:                                                            : int(Kernel::AssignmentTraits::DstAlignment),
        -:  408:      srcAlignment = Kernel::AssignmentTraits::JointAlignment
        -:  409:    };
     3060:  410:    const Index alignedStart = dstIsAligned ? 0 : internal::first_aligned<requestedAlignment>(kernel.dstDataPtr(), size);
     1530:  411:    const Index alignedEnd = alignedStart + ((size-alignedStart)/packetSize)*packetSize;
     1530:  411-block  0
        -:  412:
   343101:  413:    unaligned_dense_assignment_loop<dstIsAligned!=0>::run(kernel, 0, alignedStart);
        -:  414:
   343101:  415:    for(Index index = alignedStart; index < alignedEnd; index += packetSize)
   343101:  415-block  0
   341571:  415-block  1
   341571:  416:      kernel.template assignPacket<dstAlignment, srcAlignment, PacketType>(index);
        -:  417:
     1530:  418:    unaligned_dense_assignment_loop<>::run(kernel, alignedEnd, size);
     1530:  419:  }
------------------
_ZN5Eigen8internal21dense_assignment_loopINS0_31generic_dense_assignment_kernelINS0_9evaluatorINS_3MapINS_6MatrixIiLin1ELi1ELi0ELin1ELi1EEELi0ENS_6StrideILi0ELi0EEEEEEENS3_INS_14CwiseNullaryOpINS0_18scalar_constant_opIiEES6_EEEENS0_9assign_opIiiEELi0EEELi3ELi0EE3runERSI_:
    #####:  397:  EIGEN_DEVICE_FUNC static EIGEN_STRONG_INLINE void run(Kernel &kernel)
        -:  398:  {
    #####:  399:    const Index size = kernel.size();
        -:  400:    typedef typename Kernel::Scalar Scalar;
        -:  401:    typedef typename Kernel::PacketType PacketType;
        -:  402:    enum {
        -:  403:      requestedAlignment = Kernel::AssignmentTraits::LinearRequiredAlignment,
        -:  404:      packetSize = unpacket_traits<PacketType>::size,
        -:  405:      dstIsAligned = int(Kernel::AssignmentTraits::DstAlignment)>=int(requestedAlignment),
        -:  406:      dstAlignment = packet_traits<Scalar>::AlignedOnScalar ? int(requestedAlignment)
        -:  407:                                                            : int(Kernel::AssignmentTraits::DstAlignment),
        -:  408:      srcAlignment = Kernel::AssignmentTraits::JointAlignment
        -:  409:    };
    #####:  410:    const Index alignedStart = dstIsAligned ? 0 : internal::first_aligned<requestedAlignment>(kernel.dstDataPtr(), size);
    #####:  411:    const Index alignedEnd = alignedStart + ((size-alignedStart)/packetSize)*packetSize;
    %%%%%:  411-block  0
        -:  412:
    #####:  413:    unaligned_dense_assignment_loop<dstIsAligned!=0>::run(kernel, 0, alignedStart);
        -:  414:
    #####:  415:    for(Index index = alignedStart; index < alignedEnd; index += packetSize)
    %%%%%:  415-block  0
    %%%%%:  415-block  1
    #####:  416:      kernel.template assignPacket<dstAlignment, srcAlignment, PacketType>(index);
        -:  417:
    #####:  418:    unaligned_dense_assignment_loop<>::run(kernel, alignedEnd, size);
    #####:  419:  }
------------------
_ZN5Eigen8internal21dense_assignment_loopINS0_31generic_dense_assignment_kernelINS0_9evaluatorINS_6MatrixIiLin1ELi1ELi0ELin1ELi1EEEEENS3_INS_14CwiseNullaryOpINS0_18scalar_constant_opIiEES5_EEEENS0_9assign_opIiiEELi0EEELi3ELi0EE3runERSE_:
    #####:  397:  EIGEN_DEVICE_FUNC static EIGEN_STRONG_INLINE void run(Kernel &kernel)
        -:  398:  {
    #####:  399:    const Index size = kernel.size();
        -:  400:    typedef typename Kernel::Scalar Scalar;
        -:  401:    typedef typename Kernel::PacketType PacketType;
        -:  402:    enum {
        -:  403:      requestedAlignment = Kernel::AssignmentTraits::LinearRequiredAlignment,
        -:  404:      packetSize = unpacket_traits<PacketType>::size,
        -:  405:      dstIsAligned = int(Kernel::AssignmentTraits::DstAlignment)>=int(requestedAlignment),
        -:  406:      dstAlignment = packet_traits<Scalar>::AlignedOnScalar ? int(requestedAlignment)
        -:  407:                                                            : int(Kernel::AssignmentTraits::DstAlignment),
        -:  408:      srcAlignment = Kernel::AssignmentTraits::JointAlignment
        -:  409:    };
    #####:  410:    const Index alignedStart = dstIsAligned ? 0 : internal::first_aligned<requestedAlignment>(kernel.dstDataPtr(), size);
    #####:  411:    const Index alignedEnd = alignedStart + ((size-alignedStart)/packetSize)*packetSize;
        -:  412:
    #####:  413:    unaligned_dense_assignment_loop<dstIsAligned!=0>::run(kernel, 0, alignedStart);
        -:  414:
    #####:  415:    for(Index index = alignedStart; index < alignedEnd; index += packetSize)
    %%%%%:  415-block  0
    %%%%%:  415-block  1
    %%%%%:  415-block  2
    #####:  416:      kernel.template assignPacket<dstAlignment, srcAlignment, PacketType>(index);
        -:  417:
    #####:  418:    unaligned_dense_assignment_loop<>::run(kernel, alignedEnd, size);
    #####:  419:  }
------------------
_ZN5Eigen8internal21dense_assignment_loopINS0_31generic_dense_assignment_kernelINS0_9evaluatorINS_5BlockINS4_INS_6MatrixIfLin1ELin1ELi0ELin1ELin1EEELin1ELin1ELb0EEELin1ELi1ELb1EEEEENS3_INS_13CwiseBinaryOpINS0_17scalar_product_opIffEEKNS_14CwiseNullaryOpINS0_18scalar_constant_opIfEEKNS5_IfLin1ELi1ELi0ELin1ELi1EEEEEKNS_3MapISG_Li0ENS_6StrideILi0ELi0EEEEEEEEENS0_13sub_assign_opIffEELi0EEELi3ELi0EE3runERST_:
    #####:  397:  EIGEN_DEVICE_FUNC static EIGEN_STRONG_INLINE void run(Kernel &kernel)
        -:  398:  {
    #####:  399:    const Index size = kernel.size();
        -:  400:    typedef typename Kernel::Scalar Scalar;
        -:  401:    typedef typename Kernel::PacketType PacketType;
        -:  402:    enum {
        -:  403:      requestedAlignment = Kernel::AssignmentTraits::LinearRequiredAlignment,
        -:  404:      packetSize = unpacket_traits<PacketType>::size,
        -:  405:      dstIsAligned = int(Kernel::AssignmentTraits::DstAlignment)>=int(requestedAlignment),
        -:  406:      dstAlignment = packet_traits<Scalar>::AlignedOnScalar ? int(requestedAlignment)
        -:  407:                                                            : int(Kernel::AssignmentTraits::DstAlignment),
        -:  408:      srcAlignment = Kernel::AssignmentTraits::JointAlignment
        -:  409:    };
    #####:  410:    const Index alignedStart = dstIsAligned ? 0 : internal::first_aligned<requestedAlignment>(kernel.dstDataPtr(), size);
    #####:  411:    const Index alignedEnd = alignedStart + ((size-alignedStart)/packetSize)*packetSize;
    %%%%%:  411-block  0
        -:  412:
    #####:  413:    unaligned_dense_assignment_loop<dstIsAligned!=0>::run(kernel, 0, alignedStart);
        -:  414:
    #####:  415:    for(Index index = alignedStart; index < alignedEnd; index += packetSize)
    %%%%%:  415-block  0
    %%%%%:  415-block  1
    #####:  416:      kernel.template assignPacket<dstAlignment, srcAlignment, PacketType>(index);
        -:  417:
    #####:  418:    unaligned_dense_assignment_loop<>::run(kernel, alignedEnd, size);
    #####:  419:  }
------------------
_ZN5Eigen8internal21dense_assignment_loopINS0_31generic_dense_assignment_kernelINS0_9evaluatorINS_3MapINS_6MatrixIfLin1ELi1ELi0ELin1ELi1EEELi0ENS_6StrideILi0ELi0EEEEEEENS3_INS_5BlockINSB_INS5_IfLin1ELin1ELi0ELin1ELin1EEELin1ELin1ELb0EEELin1ELi1ELb1EEEEENS0_13add_assign_opIffEELi0EEELi3ELi0EE3runERSI_:
    #####:  397:  EIGEN_DEVICE_FUNC static EIGEN_STRONG_INLINE void run(Kernel &kernel)
        -:  398:  {
    #####:  399:    const Index size = kernel.size();
        -:  400:    typedef typename Kernel::Scalar Scalar;
        -:  401:    typedef typename Kernel::PacketType PacketType;
        -:  402:    enum {
        -:  403:      requestedAlignment = Kernel::AssignmentTraits::LinearRequiredAlignment,
        -:  404:      packetSize = unpacket_traits<PacketType>::size,
        -:  405:      dstIsAligned = int(Kernel::AssignmentTraits::DstAlignment)>=int(requestedAlignment),
        -:  406:      dstAlignment = packet_traits<Scalar>::AlignedOnScalar ? int(requestedAlignment)
        -:  407:                                                            : int(Kernel::AssignmentTraits::DstAlignment),
        -:  408:      srcAlignment = Kernel::AssignmentTraits::JointAlignment
        -:  409:    };
    #####:  410:    const Index alignedStart = dstIsAligned ? 0 : internal::first_aligned<requestedAlignment>(kernel.dstDataPtr(), size);
    #####:  411:    const Index alignedEnd = alignedStart + ((size-alignedStart)/packetSize)*packetSize;
    %%%%%:  411-block  0
        -:  412:
    #####:  413:    unaligned_dense_assignment_loop<dstIsAligned!=0>::run(kernel, 0, alignedStart);
        -:  414:
    #####:  415:    for(Index index = alignedStart; index < alignedEnd; index += packetSize)
    %%%%%:  415-block  0
    %%%%%:  415-block  1
    #####:  416:      kernel.template assignPacket<dstAlignment, srcAlignment, PacketType>(index);
        -:  417:
    #####:  418:    unaligned_dense_assignment_loop<>::run(kernel, alignedEnd, size);
    #####:  419:  }
------------------
_ZN5Eigen8internal21dense_assignment_loopINS0_31generic_dense_assignment_kernelINS0_9evaluatorINS_6MatrixIfLin1ELin1ELi0ELin1ELin1EEEEENS3_INS_13CwiseBinaryOpINS0_18scalar_quotient_opIffEEKS5_KNS_14CwiseNullaryOpINS0_18scalar_constant_opIfEESA_EEEEEENS0_9assign_opIffEELi0EEELi3ELi0EE3runERSK_:
        3:  397:  EIGEN_DEVICE_FUNC static EIGEN_STRONG_INLINE void run(Kernel &kernel)
        -:  398:  {
        3:  399:    const Index size = kernel.size();
        -:  400:    typedef typename Kernel::Scalar Scalar;
        -:  401:    typedef typename Kernel::PacketType PacketType;
        -:  402:    enum {
        -:  403:      requestedAlignment = Kernel::AssignmentTraits::LinearRequiredAlignment,
        -:  404:      packetSize = unpacket_traits<PacketType>::size,
        -:  405:      dstIsAligned = int(Kernel::AssignmentTraits::DstAlignment)>=int(requestedAlignment),
        -:  406:      dstAlignment = packet_traits<Scalar>::AlignedOnScalar ? int(requestedAlignment)
        -:  407:                                                            : int(Kernel::AssignmentTraits::DstAlignment),
        -:  408:      srcAlignment = Kernel::AssignmentTraits::JointAlignment
        -:  409:    };
        3:  410:    const Index alignedStart = dstIsAligned ? 0 : internal::first_aligned<requestedAlignment>(kernel.dstDataPtr(), size);
        3:  411:    const Index alignedEnd = alignedStart + ((size-alignedStart)/packetSize)*packetSize;
        -:  412:
        3:  413:    unaligned_dense_assignment_loop<dstIsAligned!=0>::run(kernel, 0, alignedStart);
        -:  414:
   393411:  415:    for(Index index = alignedStart; index < alignedEnd; index += packetSize)
        3:  415-block  0
   393411:  415-block  1
   393408:  415-block  2
   393408:  416:      kernel.template assignPacket<dstAlignment, srcAlignment, PacketType>(index);
        -:  417:
        3:  418:    unaligned_dense_assignment_loop<>::run(kernel, alignedEnd, size);
        3:  419:  }
------------------
_ZN5Eigen8internal21dense_assignment_loopINS0_31generic_dense_assignment_kernelINS0_9evaluatorINS_6MatrixIiLin1ELi1ELi0ELin1ELi1EEEEES6_NS0_9assign_opIiiEELi0EEELi3ELi0EE3runERS9_:
    #####:  397:  EIGEN_DEVICE_FUNC static EIGEN_STRONG_INLINE void run(Kernel &kernel)
        -:  398:  {
    #####:  399:    const Index size = kernel.size();
        -:  400:    typedef typename Kernel::Scalar Scalar;
        -:  401:    typedef typename Kernel::PacketType PacketType;
        -:  402:    enum {
        -:  403:      requestedAlignment = Kernel::AssignmentTraits::LinearRequiredAlignment,
        -:  404:      packetSize = unpacket_traits<PacketType>::size,
        -:  405:      dstIsAligned = int(Kernel::AssignmentTraits::DstAlignment)>=int(requestedAlignment),
        -:  406:      dstAlignment = packet_traits<Scalar>::AlignedOnScalar ? int(requestedAlignment)
        -:  407:                                                            : int(Kernel::AssignmentTraits::DstAlignment),
        -:  408:      srcAlignment = Kernel::AssignmentTraits::JointAlignment
        -:  409:    };
    #####:  410:    const Index alignedStart = dstIsAligned ? 0 : internal::first_aligned<requestedAlignment>(kernel.dstDataPtr(), size);
    #####:  411:    const Index alignedEnd = alignedStart + ((size-alignedStart)/packetSize)*packetSize;
        -:  412:
    #####:  413:    unaligned_dense_assignment_loop<dstIsAligned!=0>::run(kernel, 0, alignedStart);
        -:  414:
    #####:  415:    for(Index index = alignedStart; index < alignedEnd; index += packetSize)
    %%%%%:  415-block  0
    %%%%%:  415-block  1
    %%%%%:  415-block  2
    #####:  416:      kernel.template assignPacket<dstAlignment, srcAlignment, PacketType>(index);
        -:  417:
    #####:  418:    unaligned_dense_assignment_loop<>::run(kernel, alignedEnd, size);
    #####:  419:  }
------------------
_ZN5Eigen8internal21dense_assignment_loopINS0_31generic_dense_assignment_kernelINS0_9evaluatorINS_6MatrixIdLin1ELi1ELi0ELin1ELi1EEEEENS3_INS_14CwiseNullaryOpINS0_18scalar_constant_opIdEES5_EEEENS0_9assign_opIddEELi0EEELi3ELi0EE3runERSE_:
    #####:  397:  EIGEN_DEVICE_FUNC static EIGEN_STRONG_INLINE void run(Kernel &kernel)
        -:  398:  {
    #####:  399:    const Index size = kernel.size();
        -:  400:    typedef typename Kernel::Scalar Scalar;
        -:  401:    typedef typename Kernel::PacketType PacketType;
        -:  402:    enum {
        -:  403:      requestedAlignment = Kernel::AssignmentTraits::LinearRequiredAlignment,
        -:  404:      packetSize = unpacket_traits<PacketType>::size,
        -:  405:      dstIsAligned = int(Kernel::AssignmentTraits::DstAlignment)>=int(requestedAlignment),
        -:  406:      dstAlignment = packet_traits<Scalar>::AlignedOnScalar ? int(requestedAlignment)
        -:  407:                                                            : int(Kernel::AssignmentTraits::DstAlignment),
        -:  408:      srcAlignment = Kernel::AssignmentTraits::JointAlignment
        -:  409:    };
    #####:  410:    const Index alignedStart = dstIsAligned ? 0 : internal::first_aligned<requestedAlignment>(kernel.dstDataPtr(), size);
    #####:  411:    const Index alignedEnd = alignedStart + ((size-alignedStart)/packetSize)*packetSize;
        -:  412:
    #####:  413:    unaligned_dense_assignment_loop<dstIsAligned!=0>::run(kernel, 0, alignedStart);
        -:  414:
    #####:  415:    for(Index index = alignedStart; index < alignedEnd; index += packetSize)
    %%%%%:  415-block  0
    %%%%%:  415-block  1
    %%%%%:  415-block  2
    #####:  416:      kernel.template assignPacket<dstAlignment, srcAlignment, PacketType>(index);
        -:  417:
    #####:  418:    unaligned_dense_assignment_loop<>::run(kernel, alignedEnd, size);
    #####:  419:  }
------------------
_ZN5Eigen8internal21dense_assignment_loopINS0_31generic_dense_assignment_kernelINS0_9evaluatorINS_5BlockINS_6MatrixIfLin1ELin1ELi0ELin1ELin1EEELin1ELi1ELb1EEEEES8_NS0_14swap_assign_opIfEELi0EEELi3ELi0EE3runERSB_:
     4428:  397:  EIGEN_DEVICE_FUNC static EIGEN_STRONG_INLINE void run(Kernel &kernel)
        -:  398:  {
     4428:  399:    const Index size = kernel.size();
        -:  400:    typedef typename Kernel::Scalar Scalar;
        -:  401:    typedef typename Kernel::PacketType PacketType;
        -:  402:    enum {
        -:  403:      requestedAlignment = Kernel::AssignmentTraits::LinearRequiredAlignment,
        -:  404:      packetSize = unpacket_traits<PacketType>::size,
        -:  405:      dstIsAligned = int(Kernel::AssignmentTraits::DstAlignment)>=int(requestedAlignment),
        -:  406:      dstAlignment = packet_traits<Scalar>::AlignedOnScalar ? int(requestedAlignment)
        -:  407:                                                            : int(Kernel::AssignmentTraits::DstAlignment),
        -:  408:      srcAlignment = Kernel::AssignmentTraits::JointAlignment
        -:  409:    };
     8856:  410:    const Index alignedStart = dstIsAligned ? 0 : internal::first_aligned<requestedAlignment>(kernel.dstDataPtr(), size);
     4428:  411:    const Index alignedEnd = alignedStart + ((size-alignedStart)/packetSize)*packetSize;
     4428:  411-block  0
        -:  412:
   854293:  413:    unaligned_dense_assignment_loop<dstIsAligned!=0>::run(kernel, 0, alignedStart);
        -:  414:
   854293:  415:    for(Index index = alignedStart; index < alignedEnd; index += packetSize)
   854293:  415-block  0
   849865:  415-block  1
   849865:  416:      kernel.template assignPacket<dstAlignment, srcAlignment, PacketType>(index);
   849865:  416-block  0
        -:  417:
     4428:  418:    unaligned_dense_assignment_loop<>::run(kernel, alignedEnd, size);
     4428:  419:  }
------------------
_ZN5Eigen8internal21dense_assignment_loopINS0_31generic_dense_assignment_kernelINS0_9evaluatorINS_6MatrixIfLin1ELi1ELi0ELin1ELi1EEEEENS3_INS_14CwiseNullaryOpINS0_18scalar_constant_opIfEES5_EEEENS0_13mul_assign_opIffEELi0EEELi3ELi0EE3runERSE_:
        3:  397:  EIGEN_DEVICE_FUNC static EIGEN_STRONG_INLINE void run(Kernel &kernel)
        -:  398:  {
        3:  399:    const Index size = kernel.size();
        -:  400:    typedef typename Kernel::Scalar Scalar;
        -:  401:    typedef typename Kernel::PacketType PacketType;
        -:  402:    enum {
        -:  403:      requestedAlignment = Kernel::AssignmentTraits::LinearRequiredAlignment,
        -:  404:      packetSize = unpacket_traits<PacketType>::size,
        -:  405:      dstIsAligned = int(Kernel::AssignmentTraits::DstAlignment)>=int(requestedAlignment),
        -:  406:      dstAlignment = packet_traits<Scalar>::AlignedOnScalar ? int(requestedAlignment)
        -:  407:                                                            : int(Kernel::AssignmentTraits::DstAlignment),
        -:  408:      srcAlignment = Kernel::AssignmentTraits::JointAlignment
        -:  409:    };
        3:  410:    const Index alignedStart = dstIsAligned ? 0 : internal::first_aligned<requestedAlignment>(kernel.dstDataPtr(), size);
        3:  411:    const Index alignedEnd = alignedStart + ((size-alignedStart)/packetSize)*packetSize;
        -:  412:
        3:  413:    unaligned_dense_assignment_loop<dstIsAligned!=0>::run(kernel, 0, alignedStart);
        -:  414:
      195:  415:    for(Index index = alignedStart; index < alignedEnd; index += packetSize)
        3:  415-block  0
      195:  415-block  1
      192:  415-block  2
      192:  416:      kernel.template assignPacket<dstAlignment, srcAlignment, PacketType>(index);
        -:  417:
        3:  418:    unaligned_dense_assignment_loop<>::run(kernel, alignedEnd, size);
        3:  419:  }
------------------
_ZN5Eigen8internal21dense_assignment_loopINS0_31generic_dense_assignment_kernelINS0_9evaluatorINS_6MatrixIfLin1ELin1ELi0ELin1ELin1EEEEENS3_INS_14CwiseNullaryOpINS0_18scalar_constant_opIfEES5_EEEENS0_9assign_opIffEELi0EEELi3ELi0EE3runERSE_:
       72:  397:  EIGEN_DEVICE_FUNC static EIGEN_STRONG_INLINE void run(Kernel &kernel)
        -:  398:  {
       72:  399:    const Index size = kernel.size();
        -:  400:    typedef typename Kernel::Scalar Scalar;
        -:  401:    typedef typename Kernel::PacketType PacketType;
        -:  402:    enum {
        -:  403:      requestedAlignment = Kernel::AssignmentTraits::LinearRequiredAlignment,
        -:  404:      packetSize = unpacket_traits<PacketType>::size,
        -:  405:      dstIsAligned = int(Kernel::AssignmentTraits::DstAlignment)>=int(requestedAlignment),
        -:  406:      dstAlignment = packet_traits<Scalar>::AlignedOnScalar ? int(requestedAlignment)
        -:  407:                                                            : int(Kernel::AssignmentTraits::DstAlignment),
        -:  408:      srcAlignment = Kernel::AssignmentTraits::JointAlignment
        -:  409:    };
       72:  410:    const Index alignedStart = dstIsAligned ? 0 : internal::first_aligned<requestedAlignment>(kernel.dstDataPtr(), size);
       72:  411:    const Index alignedEnd = alignedStart + ((size-alignedStart)/packetSize)*packetSize;
        -:  412:
       72:  413:    unaligned_dense_assignment_loop<dstIsAligned!=0>::run(kernel, 0, alignedStart);
        -:  414:
   688392:  415:    for(Index index = alignedStart; index < alignedEnd; index += packetSize)
       72:  415-block  0
   688392:  415-block  1
   688320:  415-block  2
   688320:  416:      kernel.template assignPacket<dstAlignment, srcAlignment, PacketType>(index);
        -:  417:
       72:  418:    unaligned_dense_assignment_loop<>::run(kernel, alignedEnd, size);
       72:  419:  }
------------------
_ZN5Eigen8internal21dense_assignment_loopINS0_31generic_dense_assignment_kernelINS0_9evaluatorINS_6MatrixIfLin1ELi1ELi0ELin1ELi1EEEEENS3_INS_14CwiseNullaryOpINS0_18scalar_constant_opIfEES5_EEEENS0_9assign_opIffEELi0EEELi3ELi0EE3runERSE_:
        9:  397:  EIGEN_DEVICE_FUNC static EIGEN_STRONG_INLINE void run(Kernel &kernel)
        -:  398:  {
        9:  399:    const Index size = kernel.size();
        -:  400:    typedef typename Kernel::Scalar Scalar;
        -:  401:    typedef typename Kernel::PacketType PacketType;
        -:  402:    enum {
        -:  403:      requestedAlignment = Kernel::AssignmentTraits::LinearRequiredAlignment,
        -:  404:      packetSize = unpacket_traits<PacketType>::size,
        -:  405:      dstIsAligned = int(Kernel::AssignmentTraits::DstAlignment)>=int(requestedAlignment),
        -:  406:      dstAlignment = packet_traits<Scalar>::AlignedOnScalar ? int(requestedAlignment)
        -:  407:                                                            : int(Kernel::AssignmentTraits::DstAlignment),
        -:  408:      srcAlignment = Kernel::AssignmentTraits::JointAlignment
        -:  409:    };
        9:  410:    const Index alignedStart = dstIsAligned ? 0 : internal::first_aligned<requestedAlignment>(kernel.dstDataPtr(), size);
        9:  411:    const Index alignedEnd = alignedStart + ((size-alignedStart)/packetSize)*packetSize;
        -:  412:
        9:  413:    unaligned_dense_assignment_loop<dstIsAligned!=0>::run(kernel, 0, alignedStart);
        -:  414:
     1158:  415:    for(Index index = alignedStart; index < alignedEnd; index += packetSize)
        9:  415-block  0
     1158:  415-block  1
     1149:  415-block  2
     1149:  416:      kernel.template assignPacket<dstAlignment, srcAlignment, PacketType>(index);
        -:  417:
        9:  418:    unaligned_dense_assignment_loop<>::run(kernel, alignedEnd, size);
        9:  419:  }
------------------
_ZN5Eigen8internal21dense_assignment_loopINS0_31generic_dense_assignment_kernelINS0_9evaluatorINS_6MatrixIfLin1ELin1ELi0ELin1ELin1EEEEES6_NS0_9assign_opIffEELi0EEELi3ELi0EE3runERS9_:
       36:  397:  EIGEN_DEVICE_FUNC static EIGEN_STRONG_INLINE void run(Kernel &kernel)
        -:  398:  {
       36:  399:    const Index size = kernel.size();
        -:  400:    typedef typename Kernel::Scalar Scalar;
        -:  401:    typedef typename Kernel::PacketType PacketType;
        -:  402:    enum {
        -:  403:      requestedAlignment = Kernel::AssignmentTraits::LinearRequiredAlignment,
        -:  404:      packetSize = unpacket_traits<PacketType>::size,
        -:  405:      dstIsAligned = int(Kernel::AssignmentTraits::DstAlignment)>=int(requestedAlignment),
        -:  406:      dstAlignment = packet_traits<Scalar>::AlignedOnScalar ? int(requestedAlignment)
        -:  407:                                                            : int(Kernel::AssignmentTraits::DstAlignment),
        -:  408:      srcAlignment = Kernel::AssignmentTraits::JointAlignment
        -:  409:    };
       36:  410:    const Index alignedStart = dstIsAligned ? 0 : internal::first_aligned<requestedAlignment>(kernel.dstDataPtr(), size);
       36:  411:    const Index alignedEnd = alignedStart + ((size-alignedStart)/packetSize)*packetSize;
        -:  412:
       36:  413:    unaligned_dense_assignment_loop<dstIsAligned!=0>::run(kernel, 0, alignedStart);
        -:  414:
   491748:  415:    for(Index index = alignedStart; index < alignedEnd; index += packetSize)
       36:  415-block  0
   491748:  415-block  1
   491712:  415-block  2
   491712:  416:      kernel.template assignPacket<dstAlignment, srcAlignment, PacketType>(index);
        -:  417:
       36:  418:    unaligned_dense_assignment_loop<>::run(kernel, alignedEnd, size);
       36:  419:  }
------------------
_ZN5Eigen8internal21dense_assignment_loopINS0_31generic_dense_assignment_kernelINS0_9evaluatorINS_6MatrixIfLin1ELi1ELi0ELin1ELi1EEEEES6_NS0_9assign_opIffEELi0EEELi3ELi0EE3runERS9_:
        3:  397:  EIGEN_DEVICE_FUNC static EIGEN_STRONG_INLINE void run(Kernel &kernel)
        -:  398:  {
        3:  399:    const Index size = kernel.size();
        -:  400:    typedef typename Kernel::Scalar Scalar;
        -:  401:    typedef typename Kernel::PacketType PacketType;
        -:  402:    enum {
        -:  403:      requestedAlignment = Kernel::AssignmentTraits::LinearRequiredAlignment,
        -:  404:      packetSize = unpacket_traits<PacketType>::size,
        -:  405:      dstIsAligned = int(Kernel::AssignmentTraits::DstAlignment)>=int(requestedAlignment),
        -:  406:      dstAlignment = packet_traits<Scalar>::AlignedOnScalar ? int(requestedAlignment)
        -:  407:                                                            : int(Kernel::AssignmentTraits::DstAlignment),
        -:  408:      srcAlignment = Kernel::AssignmentTraits::JointAlignment
        -:  409:    };
        3:  410:    const Index alignedStart = dstIsAligned ? 0 : internal::first_aligned<requestedAlignment>(kernel.dstDataPtr(), size);
        3:  411:    const Index alignedEnd = alignedStart + ((size-alignedStart)/packetSize)*packetSize;
        -:  412:
        3:  413:    unaligned_dense_assignment_loop<dstIsAligned!=0>::run(kernel, 0, alignedStart);
        -:  414:
      195:  415:    for(Index index = alignedStart; index < alignedEnd; index += packetSize)
        3:  415-block  0
      195:  415-block  1
      192:  415-block  2
      192:  416:      kernel.template assignPacket<dstAlignment, srcAlignment, PacketType>(index);
        -:  417:
        3:  418:    unaligned_dense_assignment_loop<>::run(kernel, alignedEnd, size);
        3:  419:  }
------------------
_ZN5Eigen8internal21dense_assignment_loopINS0_31generic_dense_assignment_kernelINS0_9evaluatorINS_5BlockINS_3MapINS_6MatrixIfLin1ELi1ELi0ELin1ELi1EEELi0ENS_6StrideILi0ELi0EEEEELin1ELi1ELb0EEEEENS3_INS_13CwiseBinaryOpINS0_17scalar_product_opIffEEKNS_14CwiseNullaryOpINS0_18scalar_constant_opIfEEKS7_EEKNS4_IKNS4_IKNS5_IKNS6_IfLin1ELin1ELi0ELin1ELin1EEELi0ENS_11OuterStrideILin1EEEEELin1ELi1ELb1EEELin1ELi1ELb0EEEEEEENS0_13add_assign_opIffEELi0EEELi3ELi0EE3runERS10_:
    35328:  397:  EIGEN_DEVICE_FUNC static EIGEN_STRONG_INLINE void run(Kernel &kernel)
        -:  398:  {
    35328:  399:    const Index size = kernel.size();
        -:  400:    typedef typename Kernel::Scalar Scalar;
        -:  401:    typedef typename Kernel::PacketType PacketType;
        -:  402:    enum {
        -:  403:      requestedAlignment = Kernel::AssignmentTraits::LinearRequiredAlignment,
        -:  404:      packetSize = unpacket_traits<PacketType>::size,
        -:  405:      dstIsAligned = int(Kernel::AssignmentTraits::DstAlignment)>=int(requestedAlignment),
        -:  406:      dstAlignment = packet_traits<Scalar>::AlignedOnScalar ? int(requestedAlignment)
        -:  407:                                                            : int(Kernel::AssignmentTraits::DstAlignment),
        -:  408:      srcAlignment = Kernel::AssignmentTraits::JointAlignment
        -:  409:    };
    70656:  410:    const Index alignedStart = dstIsAligned ? 0 : internal::first_aligned<requestedAlignment>(kernel.dstDataPtr(), size);
    35328:  411:    const Index alignedEnd = alignedStart + ((size-alignedStart)/packetSize)*packetSize;
    35328:  411-block  0
        -:  412:
    39072:  413:    unaligned_dense_assignment_loop<dstIsAligned!=0>::run(kernel, 0, alignedStart);
        -:  414:
    39072:  415:    for(Index index = alignedStart; index < alignedEnd; index += packetSize)
    39072:  415-block  0
     3744:  415-block  1
     3744:  416:      kernel.template assignPacket<dstAlignment, srcAlignment, PacketType>(index);
        -:  417:
    35328:  418:    unaligned_dense_assignment_loop<>::run(kernel, alignedEnd, size);
    35328:  419:  }
------------------
_ZN5Eigen8internal21dense_assignment_loopINS0_31generic_dense_assignment_kernelINS0_9evaluatorINS_6MatrixIfLin1ELi1ELi0ELin1ELi1EEEEENS3_INS_7ProductINS_15DiagonalWrapperIKNS_12CwiseUnaryOpINS0_17scalar_inverse_opIfEEKNS_5BlockIKS5_Lin1ELi1ELb0EEEEEEES5_Li1EEEEENS0_9assign_opIffEELi0EEELi3ELi0EE3runERSN_:
        3:  397:  EIGEN_DEVICE_FUNC static EIGEN_STRONG_INLINE void run(Kernel &kernel)
        -:  398:  {
        3:  399:    const Index size = kernel.size();
        -:  400:    typedef typename Kernel::Scalar Scalar;
        -:  401:    typedef typename Kernel::PacketType PacketType;
        -:  402:    enum {
        -:  403:      requestedAlignment = Kernel::AssignmentTraits::LinearRequiredAlignment,
        -:  404:      packetSize = unpacket_traits<PacketType>::size,
        -:  405:      dstIsAligned = int(Kernel::AssignmentTraits::DstAlignment)>=int(requestedAlignment),
        -:  406:      dstAlignment = packet_traits<Scalar>::AlignedOnScalar ? int(requestedAlignment)
[...]
    %%%%%:  734-block  0
        -:  735:
    #####:  736:  DstEvaluatorType dstEvaluator(dst);
        -:  737:    
        -:  738:  typedef generic_dense_assignment_kernel<DstEvaluatorType,SrcEvaluatorType,Functor> Kernel;
    #####:  739:  Kernel kernel(dstEvaluator, srcEvaluator, func, dst.const_cast_derived());
        -:  740:
    #####:  741:  dense_assignment_loop<Kernel>::run(kernel);
    #####:  742:}
------------------
_ZN5Eigen8internal26call_dense_assignment_loopINS_6MatrixIfLin1ELi1ELi0ELin1ELi1EEENS_7ProductINS_15DiagonalWrapperIKNS_12CwiseUnaryOpINS0_17scalar_inverse_opIfEEKNS_5BlockIKS3_Lin1ELi1ELb0EEEEEEES3_Li1EEENS0_9assign_opIffEEEEvRT_RKT0_RKT1_:
        3:  725:EIGEN_DEVICE_FUNC EIGEN_STRONG_INLINE void call_dense_assignment_loop(DstXprType& dst, const SrcXprType& src, const Functor &func)
        3:  725-block  0
        -:  726:{
        -:  727:  typedef evaluator<DstXprType> DstEvaluatorType;
        -:  728:  typedef evaluator<SrcXprType> SrcEvaluatorType;
        -:  729:
        6:  730:  SrcEvaluatorType srcEvaluator(src);
        -:  731:
        -:  732:  // NOTE To properly handle A = (A*A.transpose())/s with A rectangular,
        -:  733:  // we need to resize the destination after the source evaluator has been created.
        3:  734:  resize_if_allowed(dst, src, func);
        3:  734-block  0
        -:  735:
        3:  736:  DstEvaluatorType dstEvaluator(dst);
        -:  737:    
        -:  738:  typedef generic_dense_assignment_kernel<DstEvaluatorType,SrcEvaluatorType,Functor> Kernel;
        3:  739:  Kernel kernel(dstEvaluator, srcEvaluator, func, dst.const_cast_derived());
        -:  740:
        3:  741:  dense_assignment_loop<Kernel>::run(kernel);
        3:  742:}
------------------
_ZN5Eigen8internal26call_dense_assignment_loopINS_6MatrixIiLin1ELi1ELi0ELin1ELi1EEES3_NS0_9assign_opIiiEEEEvRT_RKT0_RKT1_:
    #####:  725:EIGEN_DEVICE_FUNC EIGEN_STRONG_INLINE void call_dense_assignment_loop(DstXprType& dst, const SrcXprType& src, const Functor &func)
    %%%%%:  725-block  0
        -:  726:{
        -:  727:  typedef evaluator<DstXprType> DstEvaluatorType;
        -:  728:  typedef evaluator<SrcXprType> SrcEvaluatorType;
        -:  729:
    #####:  730:  SrcEvaluatorType srcEvaluator(src);
        -:  731:
        -:  732:  // NOTE To properly handle A = (A*A.transpose())/s with A rectangular,
        -:  733:  // we need to resize the destination after the source evaluator has been created.
    #####:  734:  resize_if_allowed(dst, src, func);
    %%%%%:  734-block  0
        -:  735:
    #####:  736:  DstEvaluatorType dstEvaluator(dst);
        -:  737:    
        -:  738:  typedef generic_dense_assignment_kernel<DstEvaluatorType,SrcEvaluatorType,Functor> Kernel;
    #####:  739:  Kernel kernel(dstEvaluator, srcEvaluator, func, dst.const_cast_derived());
        -:  740:
    #####:  741:  dense_assignment_loop<Kernel>::run(kernel);
    #####:  742:}
------------------
_ZN5Eigen8internal26call_dense_assignment_loopINS_6MatrixIfLin1ELin1ELi0ELin1ELin1EEENS_14CwiseNullaryOpINS0_18scalar_identity_opIfEES3_EENS0_9assign_opIffEEEEvRT_RKT0_RKT1_:
        3:  725:EIGEN_DEVICE_FUNC EIGEN_STRONG_INLINE void call_dense_assignment_loop(DstXprType& dst, const SrcXprType& src, const Functor &func)
        3:  725-block  0
        -:  726:{
        -:  727:  typedef evaluator<DstXprType> DstEvaluatorType;
        -:  728:  typedef evaluator<SrcXprType> SrcEvaluatorType;
        -:  729:
        6:  730:  SrcEvaluatorType srcEvaluator(src);
        -:  731:
        -:  732:  // NOTE To properly handle A = (A*A.transpose())/s with A rectangular,
        -:  733:  // we need to resize the destination after the source evaluator has been created.
        3:  734:  resize_if_allowed(dst, src, func);
        3:  734-block  0
        -:  735:
        3:  736:  DstEvaluatorType dstEvaluator(dst);
        -:  737:    
        -:  738:  typedef generic_dense_assignment_kernel<DstEvaluatorType,SrcEvaluatorType,Functor> Kernel;
        3:  739:  Kernel kernel(dstEvaluator, srcEvaluator, func, dst.const_cast_derived());
        -:  740:
        3:  741:  dense_assignment_loop<Kernel>::run(kernel);
        3:  742:}
------------------
_ZN5Eigen8internal26call_dense_assignment_loopINS_5BlockINS2_INS_6MatrixIfLin1ELin1ELi1ELin1ELin1EEELi1ELin1ELb1EEELi1ELin1ELb0EEENS3_IfLi1ELin1ELi1ELi1ELin1EEENS0_9assign_opIffEEEEvRT_RKT0_RKT1_:
     1503:  725:EIGEN_DEVICE_FUNC EIGEN_STRONG_INLINE void call_dense_assignment_loop(DstXprType& dst, const SrcXprType& src, const Functor &func)
     1503:  725-block  0
        -:  726:{
        -:  727:  typedef evaluator<DstXprType> DstEvaluatorType;
        -:  728:  typedef evaluator<SrcXprType> SrcEvaluatorType;
        -:  729:
     3006:  730:  SrcEvaluatorType srcEvaluator(src);
        -:  731:
        -:  732:  // NOTE To properly handle A = (A*A.transpose())/s with A rectangular,
        -:  733:  // we need to resize the destination after the source evaluator has been created.
     1503:  734:  resize_if_allowed(dst, src, func);
     1503:  734-block  0
     1503:  734-block  1
        -:  735:
     1503:  736:  DstEvaluatorType dstEvaluator(dst);
     1503:  736-block  0
        -:  737:    
        -:  738:  typedef generic_dense_assignment_kernel<DstEvaluatorType,SrcEvaluatorType,Functor> Kernel;
     1503:  739:  Kernel kernel(dstEvaluator, srcEvaluator, func, dst.const_cast_derived());
        -:  740:
     1503:  741:  dense_assignment_loop<Kernel>::run(kernel);
     1503:  741-block  0
     1503:  742:}
------------------
_ZN5Eigen8internal26call_dense_assignment_loopINS_5BlockINS2_INS_6MatrixIfLin1ELin1ELi0ELin1ELin1EEELin1ELi1ELb1EEELin1ELi1ELb0EEENS_14CwiseNullaryOpINS0_18scalar_constant_opIfEENS3_IfLin1ELi1ELi0ELin1ELi1EEEEENS0_9assign_opIffEEEEvRT_RKT0_RKT1_:
    #####:  725:EIGEN_DEVICE_FUNC EIGEN_STRONG_INLINE void call_dense_assignment_loop(DstXprType& dst, const SrcXprType& src, const Functor &func)
    %%%%%:  725-block  0
        -:  726:{
        -:  727:  typedef evaluator<DstXprType> DstEvaluatorType;
        -:  728:  typedef evaluator<SrcXprType> SrcEvaluatorType;
        -:  729:
    #####:  730:  SrcEvaluatorType srcEvaluator(src);
        -:  731:
        -:  732:  // NOTE To properly handle A = (A*A.transpose())/s with A rectangular,
        -:  733:  // we need to resize the destination after the source evaluator has been created.
    #####:  734:  resize_if_allowed(dst, src, func);
    %%%%%:  734-block  0
    %%%%%:  734-block  1
        -:  735:
    #####:  736:  DstEvaluatorType dstEvaluator(dst);
    %%%%%:  736-block  0
        -:  737:    
        -:  738:  typedef generic_dense_assignment_kernel<DstEvaluatorType,SrcEvaluatorType,Functor> Kernel;
    #####:  739:  Kernel kernel(dstEvaluator, srcEvaluator, func, dst.const_cast_derived());
        -:  740:
    #####:  741:  dense_assignment_loop<Kernel>::run(kernel);
    %%%%%:  741-block  0
    #####:  742:}
------------------
        -:  743:
        -:  744:template<typename DstXprType, typename SrcXprType>
        -:  745:EIGEN_DEVICE_FUNC EIGEN_STRONG_INLINE void call_dense_assignment_loop(DstXprType& dst, const SrcXprType& src)
        -:  746:{
        -:  747:  call_dense_assignment_loop(dst, src, internal::assign_op<typename DstXprType::Scalar,typename SrcXprType::Scalar>());
        -:  748:}
        -:  749:
        -:  750:/***************************************************************************
        -:  751:* Part 6 : Generic assignment
        -:  752:***************************************************************************/
        -:  753:
        -:  754:// Based on the respective shapes of the destination and source,
        -:  755:// the class AssignmentKind determine the kind of assignment mechanism.
        -:  756:// AssignmentKind must define a Kind typedef.
        -:  757:template<typename DstShape, typename SrcShape> struct AssignmentKind;
        -:  758:
        -:  759:// Assignement kind defined in this file:
        -:  760:struct Dense2Dense {};
        -:  761:struct EigenBase2EigenBase {};
        -:  762:
        -:  763:template<typename,typename> struct AssignmentKind { typedef EigenBase2EigenBase Kind; };
        -:  764:template<> struct AssignmentKind<DenseShape,DenseShape> { typedef Dense2Dense Kind; };
        -:  765:    
        -:  766:// This is the main assignment class
        -:  767:template< typename DstXprType, typename SrcXprType, typename Functor,
        -:  768:          typename Kind = typename AssignmentKind< typename evaluator_traits<DstXprType>::Shape , typename evaluator_traits<SrcXprType>::Shape >::Kind,
        -:  769:          typename EnableIf = void>
        -:  770:struct Assignment;
        -:  771:
        -:  772:
        -:  773:// The only purpose of this call_assignment() function is to deal with noalias() / "assume-aliasing" and automatic transposition.
        -:  774:// Indeed, I (Gael) think that this concept of "assume-aliasing" was a mistake, and it makes thing quite complicated.
        -:  775:// So this intermediate function removes everything related to "assume-aliasing" such that Assignment
        -:  776:// does not has to bother about these annoying details.
        -:  777:
        -:  778:template<typename Dst, typename Src>
        -:  779:EIGEN_DEVICE_FUNC EIGEN_STRONG_INLINE
    3845*:  780:void call_assignment(Dst& dst, const Src& src)
    %%%%%:  780-block  0
    %%%%%:  780-block  1
    %%%%%:  780-block  2
    %%%%%:  780-block  3
        3:  780-block  4
        3:  780-block  5
    %%%%%:  780-block  6
    %%%%%:  780-block  7
        -:  781:{
    1539*:  782:  call_assignment(dst, src, internal::assign_op<typename Dst::Scalar,typename Src::Scalar>());
        3:  782-block  0
       33:  782-block  1
    %%%%%:  782-block  2
        -:  783:}
        -:  784:template<typename Dst, typename Src>
        -:  785:EIGEN_DEVICE_FUNC EIGEN_STRONG_INLINE
        -:  786:void call_assignment(const Dst& dst, const Src& src)
        -:  787:{
        -:  788:  call_assignment(dst, src, internal::assign_op<typename Dst::Scalar,typename Src::Scalar>());
        -:  789:}
        -:  790:                     
        -:  791:// Deal with "assume-aliasing"
        -:  792:template<typename Dst, typename Src, typename Func>
        -:  793:EIGEN_DEVICE_FUNC EIGEN_STRONG_INLINE
        -:  794:void call_assignment(Dst& dst, const Src& src, const Func& func, typename enable_if< evaluator_assume_aliasing<Src>::value, void*>::type = 0)
        -:  795:{
        -:  796:  typename plain_matrix_type<Src>::type tmp(src);
        -:  797:  call_assignment_no_alias(dst, tmp, func);
        -:  798:}
        -:  799:
        -:  800:template<typename Dst, typename Src, typename Func>
        -:  801:EIGEN_DEVICE_FUNC EIGEN_STRONG_INLINE
  437570*:  802:void call_assignment(Dst& dst, const Src& src, const Func& func, typename enable_if<!evaluator_assume_aliasing<Src>::value, void*>::type = 0)
        -:  803:{
    #####:  804:  call_assignment_no_alias(dst, src, func);
    %%%%%:  804-block  0
    %%%%%:  804-block  1
    %%%%%:  804-block  2
        -:  805:}
        -:  806:
        -:  807:// by-pass "assume-aliasing"
        -:  808:// When there is no aliasing, we require that 'dst' has been properly resized
        -:  809:template<typename Dst, template <typename> class StorageBase, typename Src, typename Func>
        -:  810:EIGEN_DEVICE_FUNC EIGEN_STRONG_INLINE
        -:  811:void call_assignment(NoAlias<Dst,StorageBase>& dst, const Src& src, const Func& func)
        -:  812:{
        -:  813:  call_assignment_no_alias(dst.expression(), src, func);
        -:  814:}
        -:  815:
        -:  816:
        -:  817:template<typename Dst, typename Src, typename Func>
        -:  818:EIGEN_DEVICE_FUNC EIGEN_STRONG_INLINE
  445280*:  819:void call_assignment_no_alias(Dst& dst, const Src& src, const Func& func)
        -:  820:{
        -:  821:  enum {
        -:  822:    NeedToTranspose = (    (int(Dst::RowsAtCompileTime) == 1 && int(Src::ColsAtCompileTime) == 1)
        -:  823:                        || (int(Dst::ColsAtCompileTime) == 1 && int(Src::RowsAtCompileTime) == 1)
        -:  824:                      ) && int(Dst::SizeAtCompileTime) != 1
        -:  825:  };
        -:  826:
        -:  827:  typedef typename internal::conditional<NeedToTranspose, Transpose<Dst>, Dst>::type ActualDstTypeCleaned;
        -:  828:  typedef typename internal::conditional<NeedToTranspose, Transpose<Dst>, Dst&>::type ActualDstType;
       3*:  829:  ActualDstType actualDst(dst);
        -:  830:  
        -:  831:  // TODO check whether this is the right place to perform these checks:
        -:  832:  EIGEN_STATIC_ASSERT_LVALUE(Dst)
        -:  833:  EIGEN_STATIC_ASSERT_SAME_MATRIX_SIZE(ActualDstTypeCleaned,Src)
        -:  834:  EIGEN_CHECK_BINARY_COMPATIBILIY(Func,typename ActualDstTypeCleaned::Scalar,typename Src::Scalar);
        -:  835:  
  439319*:  836:  Assignment<ActualDstTypeCleaned,Src,Func>::run(actualDst, src, func);
        3:  836-block  0
    %%%%%:  836-block  1
    %%%%%:  836-block  2
     1530:  836-block  3
    %%%%%:  836-block  4
       33:  836-block  5
     1503:  836-block  6
    %%%%%:  836-block  7
    %%%%%:  836-block  8
       33:  836-block  9
        3:  836-block 10
    %%%%%:  836-block 11
        3:  836-block 12
        3:  836-block 13
        3:  836-block 14
    %%%%%:  836-block 15
    %%%%%:  836-block 16
    %%%%%:  836-block 17
    %%%%%:  836-block 18
    %%%%%:  836-block 19
    %%%%%:  836-block 20
        -:  837:}
        -:  838:template<typename Dst, typename Src>
        -:  839:EIGEN_DEVICE_FUNC EIGEN_STRONG_INLINE
    #####:  840:void call_assignment_no_alias(Dst& dst, const Src& src)
    %%%%%:  840-block  0
    %%%%%:  840-block  1
        -:  841:{
    #####:  842:  call_assignment_no_alias(dst, src, internal::assign_op<typename Dst::Scalar,typename Src::Scalar>());
    %%%%%:  842-block  0
    %%%%%:  842-block  1
    %%%%%:  842-block  2
        -:  843:}
        -:  844:
        -:  845:template<typename Dst, typename Src, typename Func>
        -:  846:EIGEN_DEVICE_FUNC EIGEN_STRONG_INLINE
    #####:  847:void call_assignment_no_alias_no_transpose(Dst& dst, const Src& src, const Func& func)
        -:  848:{
        -:  849:  // TODO check whether this is the right place to perform these checks:
        -:  850:  EIGEN_STATIC_ASSERT_LVALUE(Dst)
        -:  851:  EIGEN_STATIC_ASSERT_SAME_MATRIX_SIZE(Dst,Src)
        -:  852:  EIGEN_CHECK_BINARY_COMPATIBILIY(Func,typename Dst::Scalar,typename Src::Scalar);
        -:  853:
    #####:  854:  Assignment<Dst,Src,Func>::run(dst, src, func);
        -:  855:}
        -:  856:template<typename Dst, typename Src>
        -:  857:EIGEN_DEVICE_FUNC EIGEN_STRONG_INLINE
    #####:  858:void call_assignment_no_alias_no_transpose(Dst& dst, const Src& src)
    %%%%%:  858-block  0
        -:  859:{
    #####:  860:  call_assignment_no_alias_no_transpose(dst, src, internal::assign_op<typename Dst::Scalar,typename Src::Scalar>());
    %%%%%:  860-block  0
        -:  861:}
        -:  862:
        -:  863:// forward declaration
        -:  864:template<typename Dst, typename Src> void check_for_aliasing(const Dst &dst, const Src &src);
        -:  865:
        -:  866:// Generic Dense to Dense assignment
        -:  867:// Note that the last template argument "Weak" is needed to make it possible to perform
        -:  868:// both partial specialization+SFINAE without ambiguous specialization
        -:  869:template< typename DstXprType, typename SrcXprType, typename Functor, typename Weak>
        -:  870:struct Assignment<DstXprType, SrcXprType, Functor, Dense2Dense, Weak>
        -:  871:{
        -:  872:  EIGEN_DEVICE_FUNC
    #####:  873:  static EIGEN_STRONG_INLINE void run(DstXprType &dst, const SrcXprType &src, const Functor &func)
    %%%%%:  873-block  0
        -:  874:  {
        -:  875:#ifndef EIGEN_NO_DEBUG
  439100*:  876:    internal::check_for_aliasing(dst, src);
    %%%%%:  876-block  0
    %%%%%:  876-block  1
    %%%%%:  876-block  2
     1530:  876-block  3
    %%%%%:  876-block  4
    %%%%%:  876-block  5
        3:  876-block  6
     4428:  876-block  7
        3:  876-block  8
        3:  876-block  9
        3:  876-block 10
    %%%%%:  876-block 11
    %%%%%:  876-block 12
    %%%%%:  876-block 13
        -:  877:#endif
        -:  878:    
  439100*:  879:    call_dense_assignment_loop(dst, src, func);
    %%%%%:  879-block  0
    %%%%%:  879-block  1
    %%%%%:  879-block  2
     1530:  879-block  3
    %%%%%:  879-block  4
    %%%%%:  879-block  5
        3:  879-block  6
     4428:  879-block  7
        3:  879-block  8
        3:  879-block  9
        3:  879-block 10
    %%%%%:  879-block 11
    %%%%%:  879-block 12
    %%%%%:  879-block 13
        -:  880:  }
        -:  881:};
        -:  882:
        -:  883:// Generic assignment through evalTo.
        -:  884:// TODO: not sure we have to keep that one, but it helps porting current code to new evaluator mechanism.
        -:  885:// Note that the last template argument "Weak" is needed to make it possible to perform
        -:  886:// both partial specialization+SFINAE without ambiguous specialization
        -:  887:template< typename DstXprType, typename SrcXprType, typename Functor, typename Weak>
        -:  888:struct Assignment<DstXprType, SrcXprType, Functor, EigenBase2EigenBase, Weak>
        -:  889:{
        -:  890:  EIGEN_DEVICE_FUNC
        -:  891:  static EIGEN_STRONG_INLINE void run(DstXprType &dst, const SrcXprType &src, const internal::assign_op<typename DstXprType::Scalar,typename SrcXprType::Scalar> &/*func*/)
        -:  892:  {
        -:  893:    Index dstRows = src.rows();
        -:  894:    Index dstCols = src.cols();
        -:  895:    if((dst.rows()!=dstRows) || (dst.cols()!=dstCols))
        -:  896:      dst.resize(dstRows, dstCols);
        -:  897:
        -:  898:    eigen_assert(dst.rows() == src.rows() && dst.cols() == src.cols());
        -:  899:    src.evalTo(dst);
        -:  900:  }
        -:  901:
        -:  902:  // NOTE The following two functions are templated to avoid their instanciation if not needed
        -:  903:  //      This is needed because some expressions supports evalTo only and/or have 'void' as scalar type.
        -:  904:  template<typename SrcScalarType>
        -:  905:  EIGEN_DEVICE_FUNC
        -:  906:  static EIGEN_STRONG_INLINE void run(DstXprType &dst, const SrcXprType &src, const internal::add_assign_op<typename DstXprType::Scalar,SrcScalarType> &/*func*/)
        -:  907:  {
        -:  908:    Index dstRows = src.rows();
        -:  909:    Index dstCols = src.cols();
        -:  910:    if((dst.rows()!=dstRows) || (dst.cols()!=dstCols))
        -:  911:      dst.resize(dstRows, dstCols);
        -:  912:
        -:  913:    eigen_assert(dst.rows() == src.rows() && dst.cols() == src.cols());
        -:  914:    src.addTo(dst);
        -:  915:  }
        -:  916:
        -:  917:  template<typename SrcScalarType>
        -:  918:  EIGEN_DEVICE_FUNC
        -:  919:  static EIGEN_STRONG_INLINE void run(DstXprType &dst, const SrcXprType &src, const internal::sub_assign_op<typename DstXprType::Scalar,SrcScalarType> &/*func*/)
        -:  920:  {
        -:  921:    Index dstRows = src.rows();
        -:  922:    Index dstCols = src.cols();
        -:  923:    if((dst.rows()!=dstRows) || (dst.cols()!=dstCols))
        -:  924:      dst.resize(dstRows, dstCols);
        -:  925:
        -:  926:    eigen_assert(dst.rows() == src.rows() && dst.cols() == src.cols());
        -:  927:    src.subTo(dst);
        -:  928:  }
        -:  929:};
        -:  930:
        -:  931:} // namespace internal
        -:  932:
        -:  933:} // end namespace Eigen
        -:  934:
        -:  935:#endif // EIGEN_ASSIGN_EVALUATOR_H
