        -:    0:Source:/home/edd993/CLionProjects/hdr_generator/include/externals/tinyexr/tinyexr.h
        -:    0:Graph:/home/edd993/CLionProjects/hdr_generator/cmake-build-debug/CMakeFiles/hdr_generator.dir/main.cpp.gcno
        -:    0:Data:/home/edd993/CLionProjects/hdr_generator/cmake-build-debug/CMakeFiles/hdr_generator.dir/main.cpp.gcda
        -:    0:Runs:1
        -:    1:/*
        -:    2:Copyright (c) 2014 - 2015, Syoyo Fujita
        -:    3:All rights reserved.
        -:    4:
        -:    5:Redistribution and use in source and binary forms, with or without
        -:    6:modification, are permitted provided that the following conditions are met:
        -:    7:    * Redistributions of source code must retain the above copyright
        -:    8:      notice, this list of conditions and the following disclaimer.
        -:    9:    * Redistributions in binary form must reproduce the above copyright
        -:   10:      notice, this list of conditions and the following disclaimer in the
        -:   11:      documentation and/or other materials provided with the distribution.
        -:   12:    * Neither the name of the <organization> nor the
        -:   13:      names of its contributors may be used to endorse or promote products
        -:   14:      derived from this software without specific prior written permission.
        -:   15:
        -:   16:THIS SOFTWARE IS PROVIDED BY THE COPYRIGHT HOLDERS AND CONTRIBUTORS "AS IS" AND
        -:   17:ANY EXPRESS OR IMPLIED WARRANTIES, INCLUDING, BUT NOT LIMITED TO, THE IMPLIED
        -:   18:WARRANTIES OF MERCHANTABILITY AND FITNESS FOR A PARTICULAR PURPOSE ARE
        -:   19:DISCLAIMED. IN NO EVENT SHALL <COPYRIGHT HOLDER> BE LIABLE FOR ANY
        -:   20:DIRECT, INDIRECT, INCIDENTAL, SPECIAL, EXEMPLARY, OR CONSEQUENTIAL DAMAGES
        -:   21:(INCLUDING, BUT NOT LIMITED TO, PROCUREMENT OF SUBSTITUTE GOODS OR SERVICES;
        -:   22:LOSS OF USE, DATA, OR PROFITS; OR BUSINESS INTERRUPTION) HOWEVER CAUSED AND
        -:   23:ON ANY THEORY OF LIABILITY, WHETHER IN CONTRACT, STRICT LIABILITY, OR TORT
        -:   24:(INCLUDING NEGLIGENCE OR OTHERWISE) ARISING IN ANY WAY OUT OF THE USE OF THIS
        -:   25:SOFTWARE, EVEN IF ADVISED OF THE POSSIBILITY OF SUCH DAMAGE.
        -:   26:*/
        -:   27:#ifndef __TINYEXR_H__
        -:   28:#define __TINYEXR_H__
        -:   29:
        -:   30://
        -:   31:// 
        -:   32://   Do this:
        -:   33://    #define TINYEXR_IMPLEMENTATION
        -:   34://   before you include this file in *one* C or C++ file to create the implementation.
        -:   35://
        -:   36://   // i.e. it should look like this:
        -:   37://   #include ...
        -:   38://   #include ...
        -:   39://   #include ...
        -:   40://   #define TINYEXR_IMPLEMENTATION
        -:   41://   #include "tinyexr.h"
        -:   42://
        -:   43://
        -:   44:
        -:   45:#include <stddef.h> // for size_t
        -:   46:
        -:   47:#ifdef __cplusplus
        -:   48:extern "C" {
        -:   49:#endif
        -:   50:
        -:   51:// pixel type: possible values are: UINT = 0 HALF = 1 FLOAT = 2
        -:   52:#define TINYEXR_PIXELTYPE_UINT (0)
        -:   53:#define TINYEXR_PIXELTYPE_HALF (1)
        -:   54:#define TINYEXR_PIXELTYPE_FLOAT (2)
        -:   55:
        -:   56:#define TINYEXR_MAX_ATTRIBUTES  (128)
        -:   57:
        -:   58:typedef struct _EXRAttribute {
        -:   59:  char *name; 
        -:   60:  char *type;
        -:   61:  int   size;
        -:   62:  unsigned char *value; // uint8_t*
        -:   63:} EXRAttribute;
        -:   64:
        -:   65:typedef struct _EXRImage {
        -:   66:  // Custom attributes(exludes required attributes(e.g. `channels`, `compression`, etc)
        -:   67:  EXRAttribute custom_attributes[TINYEXR_MAX_ATTRIBUTES];
        -:   68:  int num_custom_attributes;
        -:   69:
        -:   70:  int num_channels;
        -:   71:  const char **channel_names;
        -:   72:
        -:   73:  unsigned char **images; // image[channels][pixels]
        -:   74:  int *pixel_types; // Loaded pixel type(TINYEXR_PIXELTYPE_*) of `images` for
        -:   75:                    // each channel
        -:   76:
        -:   77:  int *requested_pixel_types; // Filled initially by
        -:   78:                              // ParseEXRHeaderFrom(Meomory|File), then users
        -:   79:                              // can edit it(only valid for HALF pixel type
        -:   80:                              // channel)
        -:   81:
        -:   82:  int width;
        -:   83:  int height;
        -:   84:  float pixel_aspect_ratio;
        -:   85:  int line_order;
        -:   86:  int data_window[4];
        -:   87:  int display_window[4];
        -:   88:  float screen_window_center[2];
        -:   89:  float screen_window_width;
        -:   90:} EXRImage;
        -:   91:
        -:   92:typedef struct _DeepImage {
        -:   93:  int num_channels;
        -:   94:  const char **channel_names;
        -:   95:  float ***image;     // image[channels][scanlines][samples]
        -:   96:  int **offset_table; // offset_table[scanline][offsets]
        -:   97:  int width;
        -:   98:  int height;
        -:   99:} DeepImage;
        -:  100:
        -:  101:// @deprecated { to be removed. }
        -:  102:// Loads single-frame OpenEXR image. Assume EXR image contains RGB(A) channels.
        -:  103:// Application must free image data as returned by `out_rgba`
        -:  104:// Result image format is: float x RGBA x width x hight
        -:  105:// Return 0 if success
        -:  106:// Returns error string in `err` when there's an error
        -:  107:inline int LoadEXR(float **out_rgba, int *width, int *height,
        -:  108:                   const char *filename, const char **err);
        -:  109:
        -:  110:// Parse single-frame OpenEXR header from a file and initialize `EXRImage`
        -:  111:// struct.
        -:  112:// Users then call LoadMultiChannelEXRFromFile to actually load image data into
        -:  113:// `EXRImage`
        -:  114:inline int ParseMultiChannelEXRHeaderFromFile(EXRImage *image,
        -:  115:                                              const char *filename,
        -:  116:                                              const char **err);
        -:  117:
        -:  118:// Parse single-frame OpenEXR header from a memory and initialize `EXRImage`
        -:  119:// struct.
        -:  120:// Users then call LoadMultiChannelEXRFromMemory to actually load image data
        -:  121:// into `EXRImage`
        -:  122:inline int ParseMultiChannelEXRHeaderFromMemory(EXRImage *image,
        -:  123:                                                const unsigned char *memory,
        -:  124:                                                const char **err);
        -:  125:
        -:  126:// Loads multi-channel, single-frame OpenEXR image from a file.
        -:  127:// Application must setup `ParseMultiChannelEXRHeaderFromFile` before calling
        -:  128:// `LoadMultiChannelEXRFromFile`.
        -:  129:// Application can free EXRImage using `FreeExrImage`
        -:  130:// Return 0 if success
        -:  131:// Returns error string in `err` when there's an error
        -:  132:inline int LoadMultiChannelEXRFromFile(EXRImage *image, const char *filename,
        -:  133:                                       const char **err);
        -:  134:
        -:  135:// Loads multi-channel, single-frame OpenEXR image from a memory.
        -:  136:// Application must setup `EXRImage` with `ParseMultiChannelEXRHeaderFromMemory`
        -:  137:// before calling `LoadMultiChannelEXRFromMemory`.
        -:  138:// Application can free EXRImage using `FreeExrImage`
        -:  139:// Return 0 if success
        -:  140:// Returns error string in `err` when there's an error
        -:  141:inline int LoadMultiChannelEXRFromMemory(EXRImage *image,
        -:  142:                                         const unsigned char *memory,
        -:  143:                                         const char **err);
        -:  144:
        -:  145:// Saves floating point RGBA image as OpenEXR.
        -:  146:// Image is compressed with ZIP.
        -:  147:// Return 0 if success
        -:  148:// Returns error string in `err` when there's an error
        -:  149:// extern int SaveEXR(const float *in_rgba, int width, int height,
        -:  150://                   const char *filename, const char **err);
        -:  151:
        -:  152:// Saves multi-channel, single-frame OpenEXR image to a file.
        -:  153:// Application must free EXRImage
        -:  154:// Returns 0 if success
        -:  155:// Returns error string in `err` when there's an error
        -:  156:inline int SaveMultiChannelEXRToFile(const EXRImage *image,
        -:  157:                                     const char *filename, const char **err);
        -:  158:
        -:  159:// Saves multi-channel, single-frame OpenEXR image to a memory.
        -:  160:// Application must free EXRImage
        -:  161:// Return the number of bytes if succes.
        -:  162:// Retruns 0 if success, negative number when failed.
        -:  163:// Returns error string in `err` when there's an error
        -:  164:inline size_t SaveMultiChannelEXRToMemory(const EXRImage *image,
        -:  165:                                          unsigned char **memory,
        -:  166:                                          const char **err);
        -:  167:
        -:  168:// Loads single-frame OpenEXR deep image.
        -:  169:// Application must free memory of variables in DeepImage(image, offset_table)
        -:  170:// Returns 0 if success
        -:  171:// Returns error string in `err` when there's an error
        -:  172:inline int LoadDeepEXR(DeepImage *out_image, const char *filename,
        -:  173:                       const char **err);
        -:  174:
        -:  175:// NOT YET IMPLEMENTED:
        -:  176:// Saves single-frame OpenEXR deep image.
        -:  177:// Return 0 if success
        -:  178:// Returns error string in `err` when there's an error
        -:  179:// extern int SaveDeepEXR(const DeepImage *in_image, const char *filename,
        -:  180://                       const char **err);
        -:  181:
        -:  182:// NOT YET IMPLEMENTED:
        -:  183:// Loads multi-part OpenEXR deep image.
        -:  184:// Application must free memory of variables in DeepImage(image, offset_table)
        -:  185:// extern int LoadMultiPartDeepEXR(DeepImage **out_image, int num_parts, const
        -:  186:// char *filename,
        -:  187://                       const char **err);
        -:  188:
        -:  189:// Initialize of EXRImage struct
        -:  190:inline void InitEXRImage(EXRImage *exrImage);
        -:  191:
        -:  192:// Free's internal data of EXRImage struct
        -:  193:// Returns 0 if success.
        -:  194:inline int FreeEXRImage(EXRImage *exrImage);
        -:  195:
        -:  196:// For emscripten.
        -:  197:// Parse single-frame OpenEXR header from memory.
        -:  198:// Return 0 if success
        -:  199:inline int ParseEXRHeaderFromMemory(EXRAttribute* customAttributes, int *numCustomAttributes, int *width, int *height,
        -:  200:                                    const unsigned char *memory);
        -:  201:
        -:  202:// For emscripten.
        -:  203:// Loads single-frame OpenEXR image from memory. Assume EXR image contains
        -:  204:// RGB(A) channels.
        -:  205:// `out_rgba` must have enough memory(at least sizeof(float) x 4(RGBA) x width x
        -:  206:// hight)
        -:  207:// Return 0 if success
        -:  208:// Returns error string in `err` when there's an error
        -:  209:inline int LoadEXRFromMemory(float *out_rgba, const unsigned char *memory,
        -:  210:                             const char **err);
        -:  211:
        -:  212:#ifdef __cplusplus
        -:  213:}
        -:  214:#endif
        -:  215:
        -:  216:#ifdef TINYEXR_IMPLEMENTATION
        -:  217:#include <cstdio>
        -:  218:#include <cstdlib>
        -:  219:#include <cassert>
        -:  220:#include <cstring>
        -:  221:#include <algorithm>
        -:  222:
        -:  223:#include <string>
        -:  224:#include <vector>
        -:  225:
        -:  226:#include "tinyexr.h"
        -:  227:
        -:  228:#ifdef _OPENMP
        -:  229:#include <omp.h>
        -:  230:#endif
        -:  231:
        -:  232:namespace {
        -:  233://#define MINIZ_NO_ARCHIVE_APIS
        -:  234://#define MINIZ_NO_STDIO
        -:  235:namespace miniz {
        -:  236:
        -:  237:/* miniz.c v1.15 - public domain deflate/inflate, zlib-subset, ZIP
        -:  238:   reading/writing/appending, PNG writing
        -:  239:   See "unlicense" statement at the end of this file.
        -:  240:   Rich Geldreich <richgel99@gmail.com>, last updated Oct. 13, 2013
        -:  241:   Implements RFC 1950: http://www.ietf.org/rfc/rfc1950.txt and RFC 1951:
        -:  242:   http://www.ietf.org/rfc/rfc1951.txt
        -:  243:
        -:  244:   Most API's defined in miniz.c are optional. For example, to disable the
        -:  245:   archive related functions just define
        -:  246:   MINIZ_NO_ARCHIVE_APIS, or to get rid of all stdio usage define MINIZ_NO_STDIO
        -:  247:   (see the list below for more macros).
        -:  248:
        -:  249:   * Change History
        -:  250:     10/13/13 v1.15 r4 - Interim bugfix release while I work on the next major
        -:  251:   release with Zip64 support (almost there!):
        -:  252:       - Critical fix for the MZ_ZIP_FLAG_DO_NOT_SORT_CENTRAL_DIRECTORY bug
        -:  253:   (thanks kahmyong.moon@hp.com) which could cause locate files to not find
        -:  254:   files. This bug
        -:  255:        would only have occured in earlier versions if you explicitly used this
        -:  256:   flag, OR if you used mz_zip_extract_archive_file_to_heap() or
        -:  257:   mz_zip_add_mem_to_archive_file_in_place()
        -:  258:        (which used this flag). If you can't switch to v1.15 but want to fix
        -:  259:   this bug, just remove the uses of this flag from both helper funcs (and of
        -:  260:   course don't use the flag).
        -:  261:       - Bugfix in mz_zip_reader_extract_to_mem_no_alloc() from kymoon when
        -:  262:   pUser_read_buf is not NULL and compressed size is > uncompressed size
        -:  263:       - Fixing mz_zip_reader_extract_*() funcs so they don't try to extract
        -:  264:   compressed data from directory entries, to account for weird zipfiles which
        -:  265:   contain zero-size compressed data on dir entries.
        -:  266:         Hopefully this fix won't cause any issues on weird zip archives,
        -:  267:   because it assumes the low 16-bits of zip external attributes are DOS
        -:  268:   attributes (which I believe they always are in practice).
        -:  269:       - Fixing mz_zip_reader_is_file_a_directory() so it doesn't check the
        -:  270:   internal attributes, just the filename and external attributes
        -:  271:       - mz_zip_reader_init_file() - missing MZ_FCLOSE() call if the seek failed
        -:  272:       - Added cmake support for Linux builds which builds all the examples,
        -:  273:   tested with clang v3.3 and gcc v4.6.
        -:  274:       - Clang fix for tdefl_write_image_to_png_file_in_memory() from toffaletti
        -:  275:       - Merged MZ_FORCEINLINE fix from hdeanclark
        -:  276:       - Fix <time.h> include before config #ifdef, thanks emil.brink
        -:  277:       - Added tdefl_write_image_to_png_file_in_memory_ex(): supports Y flipping
        -:  278:   (super useful for OpenGL apps), and explicit control over the compression
        -:  279:   level (so you can
        -:  280:        set it to 1 for real-time compression).
        -:  281:       - Merged in some compiler fixes from paulharris's github repro.
        -:  282:       - Retested this build under Windows (VS 2010, including static analysis),
        -:  283:   tcc  0.9.26, gcc v4.6 and clang v3.3.
        -:  284:       - Added example6.c, which dumps an image of the mandelbrot set to a PNG
        -:  285:   file.
        -:  286:       - Modified example2 to help test the
        -:  287:   MZ_ZIP_FLAG_DO_NOT_SORT_CENTRAL_DIRECTORY flag more.
        -:  288:       - In r3: Bugfix to mz_zip_writer_add_file() found during merge: Fix
        -:  289:   possible src file fclose() leak if alignment bytes+local header file write
        -:  290:   faiiled
        -:  291:                 - In r4: Minor bugfix to mz_zip_writer_add_from_zip_reader():
        -:  292:   Was pushing the wrong central dir header offset, appears harmless in this
        -:  293:   release, but it became a problem in the zip64 branch
        -:  294:     5/20/12 v1.14 - MinGW32/64 GCC 4.6.1 compiler fixes: added MZ_FORCEINLINE,
        -:  295:   #include <time.h> (thanks fermtect).
        -:  296:     5/19/12 v1.13 - From jason@cornsyrup.org and kelwert@mtu.edu - Fix
        -:  297:   mz_crc32() so it doesn't compute the wrong CRC-32's when mz_ulong is 64-bit.
        -:  298:       - Temporarily/locally slammed in "typedef unsigned long mz_ulong" and
        -:  299:   re-ran a randomized regression test on ~500k files.
        -:  300:       - Eliminated a bunch of warnings when compiling with GCC 32-bit/64.
        -:  301:       - Ran all examples, miniz.c, and tinfl.c through MSVC 2008's /analyze
        -:  302:   (static analysis) option and fixed all warnings (except for the silly
        -:  303:        "Use of the comma-operator in a tested expression.." analysis warning,
        -:  304:   which I purposely use to work around a MSVC compiler warning).
        -:  305:       - Created 32-bit and 64-bit Codeblocks projects/workspace. Built and
        -:  306:   tested Linux executables. The codeblocks workspace is compatible with
        -:  307:   Linux+Win32/x64.
        -:  308:       - Added miniz_tester solution/project, which is a useful little app
        -:  309:   derived from LZHAM's tester app that I use as part of the regression test.
        -:  310:       - Ran miniz.c and tinfl.c through another series of regression testing on
        -:  311:   ~500,000 files and archives.
        -:  312:       - Modified example5.c so it purposely disables a bunch of high-level
        -:  313:   functionality (MINIZ_NO_STDIO, etc.). (Thanks to corysama for the
        -:  314:   MINIZ_NO_STDIO bug report.)
        -:  315:       - Fix ftell() usage in examples so they exit with an error on files which
        -:  316:   are too large (a limitation of the examples, not miniz itself).
        -:  317:     4/12/12 v1.12 - More comments, added low-level example5.c, fixed a couple
        -:  318:   minor level_and_flags issues in the archive API's.
        -:  319:      level_and_flags can now be set to MZ_DEFAULT_COMPRESSION. Thanks to Bruce
        -:  320:   Dawson <bruced@valvesoftware.com> for the feedback/bug report.
        -:  321:     5/28/11 v1.11 - Added statement from unlicense.org
        -:  322:     5/27/11 v1.10 - Substantial compressor optimizations:
        -:  323:      - Level 1 is now ~4x faster than before. The L1 compressor's throughput
        -:  324:   now varies between 70-110MB/sec. on a
        -:  325:      - Core i7 (actual throughput varies depending on the type of data, and x64
        -:  326:   vs. x86).
        -:  327:      - Improved baseline L2-L9 compression perf. Also, greatly improved
        -:  328:   compression perf. issues on some file types.
        -:  329:      - Refactored the compression code for better readability and
        -:  330:   maintainability.
        -:  331:      - Added level 10 compression level (L10 has slightly better ratio than
        -:  332:   level 9, but could have a potentially large
        -:  333:       drop in throughput on some files).
        -:  334:     5/15/11 v1.09 - Initial stable release.
        -:  335:
        -:  336:   * Low-level Deflate/Inflate implementation notes:
        -:  337:
        -:  338:     Compression: Use the "tdefl" API's. The compressor supports raw, static,
        -:  339:   and dynamic blocks, lazy or
        -:  340:     greedy parsing, match length filtering, RLE-only, and Huffman-only streams.
        -:  341:   It performs and compresses
        -:  342:     approximately as well as zlib.
        -:  343:
        -:  344:     Decompression: Use the "tinfl" API's. The entire decompressor is
        -:  345:   implemented as a single function
        -:  346:     coroutine: see tinfl_decompress(). It supports decompression into a 32KB
        -:  347:   (or larger power of 2) wrapping buffer, or into a memory
        -:  348:     block large enough to hold the entire file.
        -:  349:
        -:  350:     The low-level tdefl/tinfl API's do not make any use of dynamic memory
        -:  351:   allocation.
        -:  352:
        -:  353:   * zlib-style API notes:
        -:  354:
        -:  355:     miniz.c implements a fairly large subset of zlib. There's enough
        -:  356:   functionality present for it to be a drop-in
        -:  357:     zlib replacement in many apps:
        -:  358:        The z_stream struct, optional memory allocation callbacks
        -:  359:        deflateInit/deflateInit2/deflate/deflateReset/deflateEnd/deflateBound
        -:  360:        inflateInit/inflateInit2/inflate/inflateEnd
        -:  361:        compress, compress2, compressBound, uncompress
        -:  362:        CRC-32, Adler-32 - Using modern, minimal code size, CPU cache friendly
        -:  363:   routines.
        -:  364:        Supports raw deflate streams or standard zlib streams with adler-32
        -:  365:   checking.
        -:  366:
        -:  367:     Limitations:
        -:  368:      The callback API's are not implemented yet. No support for gzip headers or
        -:  369:   zlib static dictionaries.
        -:  370:      I've tried to closely emulate zlib's various flavors of stream flushing
        -:  371:   and return status codes, but
        -:  372:      there are no guarantees that miniz.c pulls this off perfectly.
        -:  373:
        -:  374:   * PNG writing: See the tdefl_write_image_to_png_file_in_memory() function,
        -:  375:   originally written by
        -:  376:     Alex Evans. Supports 1-4 bytes/pixel images.
        -:  377:
        -:  378:   * ZIP archive API notes:
        -:  379:
        -:  380:     The ZIP archive API's where designed with simplicity and efficiency in
        -:  381:   mind, with just enough abstraction to
        -:  382:     get the job done with minimal fuss. There are simple API's to retrieve file
        -:  383:   information, read files from
        -:  384:     existing archives, create new archives, append new files to existing
        -:  385:   archives, or clone archive data from
        -:  386:     one archive to another. It supports archives located in memory or the heap,
        -:  387:   on disk (using stdio.h),
        -:  388:     or you can specify custom file read/write callbacks.
        -:  389:
        -:  390:     - Archive reading: Just call this function to read a single file from a
        -:  391:   disk archive:
        -:  392:
        -:  393:      void *mz_zip_extract_archive_file_to_heap(const char *pZip_filename, const
        -:  394:   char *pArchive_name,
        -:  395:        size_t *pSize, mz_uint zip_flags);
        -:  396:
        -:  397:     For more complex cases, use the "mz_zip_reader" functions. Upon opening an
        -:  398:   archive, the entire central
        -:  399:     directory is located and read as-is into memory, and subsequent file access
        -:  400:   only occurs when reading individual files.
        -:  401:
        -:  402:     - Archives file scanning: The simple way is to use this function to scan a
        -:  403:   loaded archive for a specific file:
        -:  404:
        -:  405:     int mz_zip_reader_locate_file(mz_zip_archive *pZip, const char *pName,
        -:  406:   const char *pComment, mz_uint flags);
        -:  407:
        -:  408:     The locate operation can optionally check file comments too, which (as one
        -:  409:   example) can be used to identify
        -:  410:     multiple versions of the same file in an archive. This function uses a
        -:  411:   simple linear search through the central
        -:  412:     directory, so it's not very fast.
        -:  413:
        -:  414:     Alternately, you can iterate through all the files in an archive (using
        -:  415:   mz_zip_reader_get_num_files()) and
        -:  416:     retrieve detailed info on each file by calling mz_zip_reader_file_stat().
        -:  417:
        -:  418:     - Archive creation: Use the "mz_zip_writer" functions. The ZIP writer
        -:  419:   immediately writes compressed file data
        -:  420:     to disk and builds an exact image of the central directory in memory. The
        -:  421:   central directory image is written
        -:  422:     all at once at the end of the archive file when the archive is finalized.
        -:  423:
        -:  424:     The archive writer can optionally align each file's local header and file
        -:  425:   data to any power of 2 alignment,
        -:  426:     which can be useful when the archive will be read from optical media. Also,
        -:  427:   the writer supports placing
        -:  428:     arbitrary data blobs at the very beginning of ZIP archives. Archives
        -:  429:   written using either feature are still
        -:  430:     readable by any ZIP tool.
        -:  431:
        -:  432:     - Archive appending: The simple way to add a single file to an archive is
        -:  433:   to call this function:
        -:  434:
        -:  435:      mz_bool mz_zip_add_mem_to_archive_file_in_place(const char *pZip_filename,
        -:  436:   const char *pArchive_name,
        -:  437:        const void *pBuf, size_t buf_size, const void *pComment, mz_uint16
        -:  438:   comment_size, mz_uint level_and_flags);
        -:  439:
        -:  440:     The archive will be created if it doesn't already exist, otherwise it'll be
        -:  441:   appended to.
        -:  442:     Note the appending is done in-place and is not an atomic operation, so if
        -:  443:   something goes wrong
        -:  444:     during the operation it's possible the archive could be left without a
        -:  445:   central directory (although the local
        -:  446:     file headers and file data will be fine, so the archive will be
        -:  447:   recoverable).
        -:  448:
        -:  449:     For more complex archive modification scenarios:
        -:  450:     1. The safest way is to use a mz_zip_reader to read the existing archive,
        -:  451:   cloning only those bits you want to
        -:  452:     preserve into a new archive using using the
        -:  453:   mz_zip_writer_add_from_zip_reader() function (which compiles the
        -:  454:     compressed file data as-is). When you're done, delete the old archive and
        -:  455:   rename the newly written archive, and
        -:  456:     you're done. This is safe but requires a bunch of temporary disk space or
        -:  457:   heap memory.
        -:  458:
        -:  459:     2. Or, you can convert an mz_zip_reader in-place to an mz_zip_writer using
        -:  460:   mz_zip_writer_init_from_reader(),
        -:  461:     append new files as needed, then finalize the archive which will write an
        -:  462:   updated central directory to the
        -:  463:     original archive. (This is basically what
        -:  464:   mz_zip_add_mem_to_archive_file_in_place() does.) There's a
        -:  465:     possibility that the archive's central directory could be lost with this
        -:  466:   method if anything goes wrong, though.
        -:  467:
        -:  468:     - ZIP archive support limitations:
        -:  469:     No zip64 or spanning support. Extraction functions can only handle
        -:  470:   unencrypted, stored or deflated files.
        -:  471:     Requires streams capable of seeking.
        -:  472:
        -:  473:   * This is a header file library, like stb_image.c. To get only a header file,
        -:  474:   either cut and paste the
        -:  475:     below header, or create miniz.h, #define MINIZ_HEADER_FILE_ONLY, and then
        -:  476:   include miniz.c from it.
        -:  477:
        -:  478:   * Important: For best perf. be sure to customize the below macros for your
        -:  479:   target platform:
        -:  480:     #define MINIZ_USE_UNALIGNED_LOADS_AND_STORES 1
        -:  481:     #define MINIZ_LITTLE_ENDIAN 1
        -:  482:     #define MINIZ_HAS_64BIT_REGISTERS 1
        -:  483:
        -:  484:   * On platforms using glibc, Be sure to "#define _LARGEFILE64_SOURCE 1" before
        -:  485:   including miniz.c to ensure miniz
        -:  486:     uses the 64-bit variants: fopen64(), stat64(), etc. Otherwise you won't be
        -:  487:   able to process large files
        -:  488:     (i.e. 32-bit stat() fails for me on files > 0x7FFFFFFF bytes).
        -:  489:*/
        -:  490:
        -:  491:#ifndef MINIZ_HEADER_INCLUDED
        -:  492:#define MINIZ_HEADER_INCLUDED
        -:  493:
        -:  494:#include <stdlib.h>
        -:  495:
        -:  496:// Defines to completely disable specific portions of miniz.c:
        -:  497:// If all macros here are defined the only functionality remaining will be
        -:  498:// CRC-32, adler-32, tinfl, and tdefl.
        -:  499:
        -:  500:// Define MINIZ_NO_STDIO to disable all usage and any functions which rely on
        -:  501:// stdio for file I/O.
        -:  502://#define MINIZ_NO_STDIO
        -:  503:
        -:  504:// If MINIZ_NO_TIME is specified then the ZIP archive functions will not be able
        -:  505:// to get the current time, or
        -:  506:// get/set file times, and the C run-time funcs that get/set times won't be
        -:  507:// called.
        -:  508:// The current downside is the times written to your archives will be from 1979.
        -:  509://#define MINIZ_NO_TIME
        -:  510:
        -:  511:// Define MINIZ_NO_ARCHIVE_APIS to disable all ZIP archive API's.
        -:  512://#define MINIZ_NO_ARCHIVE_APIS
        -:  513:
        -:  514:// Define MINIZ_NO_ARCHIVE_APIS to disable all writing related ZIP archive
        -:  515:// API's.
        -:  516://#define MINIZ_NO_ARCHIVE_WRITING_APIS
        -:  517:
        -:  518:// Define MINIZ_NO_ZLIB_APIS to remove all ZLIB-style compression/decompression
        -:  519:// API's.
        -:  520://#define MINIZ_NO_ZLIB_APIS
        -:  521:
        -:  522:// Define MINIZ_NO_ZLIB_COMPATIBLE_NAME to disable zlib names, to prevent
        -:  523:// conflicts against stock zlib.
        -:  524://#define MINIZ_NO_ZLIB_COMPATIBLE_NAMES
        -:  525:
        -:  526:// Define MINIZ_NO_MALLOC to disable all calls to malloc, free, and realloc.
        -:  527:// Note if MINIZ_NO_MALLOC is defined then the user must always provide custom
        -:  528:// user alloc/free/realloc
        -:  529:// callbacks to the zlib and archive API's, and a few stand-alone helper API's
        -:  530:// which don't provide custom user
        -:  531:// functions (such as tdefl_compress_mem_to_heap() and
        -:  532:// tinfl_decompress_mem_to_heap()) won't work.
        -:  533://#define MINIZ_NO_MALLOC
        -:  534:
        -:  535:#if defined(__TINYC__) && (defined(__linux) || defined(__linux__))
        -:  536:// TODO: Work around "error: include file 'sys\utime.h' when compiling with tcc
        -:  537:// on Linux
        -:  538:#define MINIZ_NO_TIME
        -:  539:#endif
        -:  540:
        -:  541:#if !defined(MINIZ_NO_TIME) && !defined(MINIZ_NO_ARCHIVE_APIS)
        -:  542:#include <time.h>
        -:  543:#endif
        -:  544:
        -:  545:#if defined(_M_IX86) || defined(_M_X64) || defined(__i386__) ||                \
        -:  546:    defined(__i386) || defined(__i486__) || defined(__i486) ||                 \
        -:  547:    defined(i386) || defined(__ia64__) || defined(__x86_64__)
        -:  548:// MINIZ_X86_OR_X64_CPU is only used to help set the below macros.
        -:  549:#define MINIZ_X86_OR_X64_CPU 1
        -:  550:#endif
        -:  551:
        -:  552:#if (__BYTE_ORDER__ == __ORDER_LITTLE_ENDIAN__) || MINIZ_X86_OR_X64_CPU
        -:  553:// Set MINIZ_LITTLE_ENDIAN to 1 if the processor is little endian.
        -:  554:#define MINIZ_LITTLE_ENDIAN 1
        -:  555:#endif
        -:  556:
        -:  557:#if MINIZ_X86_OR_X64_CPU
        -:  558:// Set MINIZ_USE_UNALIGNED_LOADS_AND_STORES to 1 on CPU's that permit efficient
        -:  559:// integer loads and stores from unaligned addresses.
        -:  560://#define MINIZ_USE_UNALIGNED_LOADS_AND_STORES 1
        -:  561:#define MINIZ_USE_UNALIGNED_LOADS_AND_STORES 0 // disable to suppress compiler warnings
        -:  562:#endif
        -:  563:
        -:  564:#if defined(_M_X64) || defined(_WIN64) || defined(__MINGW64__) ||              \
        -:  565:    defined(_LP64) || defined(__LP64__) || defined(__ia64__) ||                \
        -:  566:    defined(__x86_64__)
        -:  567:// Set MINIZ_HAS_64BIT_REGISTERS to 1 if operations on 64-bit integers are
        -:  568:// reasonably fast (and don't involve compiler generated calls to helper
        -:  569:// functions).
        -:  570:#define MINIZ_HAS_64BIT_REGISTERS 1
        -:  571:#endif
        -:  572:
        -:  573:#ifdef __cplusplus
        -:  574:extern "C" {
        -:  575:#endif
        -:  576:
        -:  577:// ------------------- zlib-style API Definitions.
        -:  578:
        -:  579:// For more compatibility with zlib, miniz.c uses unsigned long for some
        -:  580:// parameters/struct members. Beware: mz_ulong can be either 32 or 64-bits!
        -:  581:typedef unsigned long mz_ulong;
        -:  582:
        -:  583:// mz_free() internally uses the MZ_FREE() macro (which by default calls free()
        -:  584:// unless you've modified the MZ_MALLOC macro) to release a block allocated from
        -:  585:// the heap.
        -:  586:inline void mz_free(void *p);
        -:  587:
        -:  588:#define MZ_ADLER32_INIT (1)
        -:  589:// mz_adler32() returns the initial adler-32 value to use when called with
        -:  590:// ptr==NULL.
        -:  591:inline mz_ulong mz_adler32(mz_ulong adler, const unsigned char *ptr, size_t buf_len);
        -:  592:
        -:  593:#define MZ_CRC32_INIT (0)
        -:  594:// mz_crc32() returns the initial CRC-32 value to use when called with
        -:  595:// ptr==NULL.
        -:  596:inline mz_ulong mz_crc32(mz_ulong crc, const unsigned char *ptr, size_t buf_len);
        -:  597:
        -:  598:// Compression strategies.
        -:  599:enum {
        -:  600:  MZ_DEFAULT_STRATEGY = 0,
        -:  601:  MZ_FILTERED = 1,
        -:  602:  MZ_HUFFMAN_ONLY = 2,
        -:  603:  MZ_RLE = 3,
        -:  604:  MZ_FIXED = 4
        -:  605:};
        -:  606:
        -:  607:// Method
        -:  608:#define MZ_DEFLATED 8
        -:  609:
        -:  610:#ifndef MINIZ_NO_ZLIB_APIS
        -:  611:
        -:  612:// Heap allocation callbacks.
        -:  613:// Note that mz_alloc_func parameter types purpsosely differ from zlib's:
        -:  614:// items/size is size_t, not unsigned long.
        -:  615:typedef void *(*mz_alloc_func)(void *opaque, size_t items, size_t size);
        -:  616:typedef void (*mz_free_func)(void *opaque, void *address);
        -:  617:typedef void *(*mz_realloc_func)(void *opaque, void *address, size_t items,
        -:  618:                                 size_t size);
        -:  619:
        -:  620:#define MZ_VERSION "9.1.15"
        -:  621:#define MZ_VERNUM 0x91F0
        -:  622:#define MZ_VER_MAJOR 9
        -:  623:#define MZ_VER_MINOR 1
        -:  624:#define MZ_VER_REVISION 15
        -:  625:#define MZ_VER_SUBREVISION 0
        -:  626:
        -:  627:// Flush values. For typical usage you only need MZ_NO_FLUSH and MZ_FINISH. The
        -:  628:// other values are for advanced use (refer to the zlib docs).
        -:  629:enum {
        -:  630:  MZ_NO_FLUSH = 0,
        -:  631:  MZ_PARTIAL_FLUSH = 1,
        -:  632:  MZ_SYNC_FLUSH = 2,
        -:  633:  MZ_FULL_FLUSH = 3,
        -:  634:  MZ_FINISH = 4,
        -:  635:  MZ_BLOCK = 5
        -:  636:};
        -:  637:
        -:  638:// Return status codes. MZ_PARAM_ERROR is non-standard.
        -:  639:enum {
        -:  640:  MZ_OK = 0,
        -:  641:  MZ_STREAM_END = 1,
        -:  642:  MZ_NEED_DICT = 2,
        -:  643:  MZ_ERRNO = -1,
        -:  644:  MZ_STREAM_ERROR = -2,
        -:  645:  MZ_DATA_ERROR = -3,
        -:  646:  MZ_MEM_ERROR = -4,
        -:  647:  MZ_BUF_ERROR = -5,
        -:  648:  MZ_VERSION_ERROR = -6,
        -:  649:  MZ_PARAM_ERROR = -10000
        -:  650:};
        -:  651:
        -:  652:// Compression levels: 0-9 are the standard zlib-style levels, 10 is best
        -:  653:// possible compression (not zlib compatible, and may be very slow),
        -:  654:// MZ_DEFAULT_COMPRESSION=MZ_DEFAULT_LEVEL.
        -:  655:enum {
        -:  656:  MZ_NO_COMPRESSION = 0,
        -:  657:  MZ_BEST_SPEED = 1,
        -:  658:  MZ_BEST_COMPRESSION = 9,
        -:  659:  MZ_UBER_COMPRESSION = 10,
        -:  660:  MZ_DEFAULT_LEVEL = 6,
        -:  661:  MZ_DEFAULT_COMPRESSION = -1
        -:  662:};
        -:  663:
        -:  664:// Window bits
        -:  665:#define MZ_DEFAULT_WINDOW_BITS 15
        -:  666:
        -:  667:struct mz_internal_state;
        -:  668:
        -:  669:// Compression/decompression stream struct.
        -:  670:typedef struct mz_stream_s {
        -:  671:  const unsigned char *next_in; // pointer to next byte to read
        -:  672:  unsigned int avail_in;        // number of bytes available at next_in
        -:  673:  mz_ulong total_in;            // total number of bytes consumed so far
        -:  674:
        -:  675:  unsigned char *next_out; // pointer to next byte to write
        -:  676:  unsigned int avail_out;  // number of bytes that can be written to next_out
        -:  677:  mz_ulong total_out;      // total number of bytes produced so far
        -:  678:
        -:  679:  char *msg;                       // error msg (unused)
        -:  680:  struct mz_internal_state *state; // internal state, allocated by zalloc/zfree
        -:  681:
        -:  682:  mz_alloc_func
        -:  683:      zalloc;         // optional heap allocation function (defaults to malloc)
        -:  684:  mz_free_func zfree; // optional heap free function (defaults to free)
        -:  685:  void *opaque;       // heap alloc function user pointer
        -:  686:
        -:  687:  int data_type;     // data_type (unused)
        -:  688:  mz_ulong adler;    // adler32 of the source or uncompressed data
        -:  689:  mz_ulong reserved; // not used
        -:  690:} mz_stream;
        -:  691:
        -:  692:typedef mz_stream *mz_streamp;
        -:  693:
        -:  694:// Returns the version string of miniz.c.
        -:  695:const char *mz_version(void);
        -:  696:
        -:  697:// mz_deflateInit() initializes a compressor with default options:
        -:  698:// Parameters:
        -:  699://  pStream must point to an initialized mz_stream struct.
        -:  700://  level must be between [MZ_NO_COMPRESSION, MZ_BEST_COMPRESSION].
        -:  701://  level 1 enables a specially optimized compression function that's been
        -:  702://  optimized purely for performance, not ratio.
        -:  703://  (This special func. is currently only enabled when
        -:  704://  MINIZ_USE_UNALIGNED_LOADS_AND_STORES and MINIZ_LITTLE_ENDIAN are defined.)
        -:  705:// Return values:
        -:  706://  MZ_OK on success.
        -:  707://  MZ_STREAM_ERROR if the stream is bogus.
        -:  708://  MZ_PARAM_ERROR if the input parameters are bogus.
        -:  709://  MZ_MEM_ERROR on out of memory.
        -:  710:int mz_deflateInit(mz_streamp pStream, int level);
        -:  711:
        -:  712:// mz_deflateInit2() is like mz_deflate(), except with more control:
        -:  713:// Additional parameters:
        -:  714://   method must be MZ_DEFLATED
        -:  715://   window_bits must be MZ_DEFAULT_WINDOW_BITS (to wrap the deflate stream with
        -:  716://   zlib header/adler-32 footer) or -MZ_DEFAULT_WINDOW_BITS (raw deflate/no
        -:  717://   header or footer)
        -:  718://   mem_level must be between [1, 9] (it's checked but ignored by miniz.c)
        -:  719:int mz_deflateInit2(mz_streamp pStream, int level, int method, int window_bits,
        -:  720:                    int mem_level, int strategy);
        -:  721:
        -:  722:// Quickly resets a compressor without having to reallocate anything. Same as
        -:  723:// calling mz_deflateEnd() followed by mz_deflateInit()/mz_deflateInit2().
        -:  724:int mz_deflateReset(mz_streamp pStream);
        -:  725:
        -:  726:// mz_deflate() compresses the input to output, consuming as much of the input
        -:  727:// and producing as much output as possible.
        -:  728:// Parameters:
        -:  729://   pStream is the stream to read from and write to. You must initialize/update
        -:  730://   the next_in, avail_in, next_out, and avail_out members.
        -:  731://   flush may be MZ_NO_FLUSH, MZ_PARTIAL_FLUSH/MZ_SYNC_FLUSH, MZ_FULL_FLUSH, or
        -:  732://   MZ_FINISH.
        -:  733:// Return values:
        -:  734://   MZ_OK on success (when flushing, or if more input is needed but not
        -:  735://   available, and/or there's more output to be written but the output buffer
        -:  736://   is full).
        -:  737://   MZ_STREAM_END if all input has been consumed and all output bytes have been
        -:  738://   written. Don't call mz_deflate() on the stream anymore.
        -:  739://   MZ_STREAM_ERROR if the stream is bogus.
        -:  740://   MZ_PARAM_ERROR if one of the parameters is invalid.
        -:  741://   MZ_BUF_ERROR if no forward progress is possible because the input and/or
        -:  742://   output buffers are empty. (Fill up the input buffer or free up some output
        -:  743://   space and try again.)
        -:  744:int mz_deflate(mz_streamp pStream, int flush);
        -:  745:
        -:  746:// mz_deflateEnd() deinitializes a compressor:
        -:  747:// Return values:
        -:  748://  MZ_OK on success.
        -:  749://  MZ_STREAM_ERROR if the stream is bogus.
        -:  750:int mz_deflateEnd(mz_streamp pStream);
        -:  751:
        -:  752:// mz_deflateBound() returns a (very) conservative upper bound on the amount of
        -:  753:// data that could be generated by deflate(), assuming flush is set to only
        -:  754:// MZ_NO_FLUSH or MZ_FINISH.
        -:  755:mz_ulong mz_deflateBound(mz_streamp pStream, mz_ulong source_len);
        -:  756:
        -:  757:// Single-call compression functions mz_compress() and mz_compress2():
        -:  758:// Returns MZ_OK on success, or one of the error codes from mz_deflate() on
        -:  759:// failure.
        -:  760:int mz_compress(unsigned char *pDest, mz_ulong *pDest_len,
        -:  761:                const unsigned char *pSource, mz_ulong source_len);
        -:  762:int mz_compress2(unsigned char *pDest, mz_ulong *pDest_len,
        -:  763:                 const unsigned char *pSource, mz_ulong source_len, int level);
        -:  764:
        -:  765:// mz_compressBound() returns a (very) conservative upper bound on the amount of
        -:  766:// data that could be generated by calling mz_compress().
        -:  767:mz_ulong mz_compressBound(mz_ulong source_len);
        -:  768:
        -:  769:// Initializes a decompressor.
        -:  770:int mz_inflateInit(mz_streamp pStream);
        -:  771:
        -:  772:// mz_inflateInit2() is like mz_inflateInit() with an additional option that
        -:  773:// controls the window size and whether or not the stream has been wrapped with
        -:  774:// a zlib header/footer:
        -:  775:// window_bits must be MZ_DEFAULT_WINDOW_BITS (to parse zlib header/footer) or
        -:  776:// -MZ_DEFAULT_WINDOW_BITS (raw deflate).
        -:  777:int mz_inflateInit2(mz_streamp pStream, int window_bits);
        -:  778:
        -:  779:// Decompresses the input stream to the output, consuming only as much of the
        -:  780:// input as needed, and writing as much to the output as possible.
        -:  781:// Parameters:
        -:  782://   pStream is the stream to read from and write to. You must initialize/update
        -:  783://   the next_in, avail_in, next_out, and avail_out members.
        -:  784://   flush may be MZ_NO_FLUSH, MZ_SYNC_FLUSH, or MZ_FINISH.
        -:  785://   On the first call, if flush is MZ_FINISH it's assumed the input and output
        -:  786://   buffers are both sized large enough to decompress the entire stream in a
        -:  787://   single call (this is slightly faster).
        -:  788://   MZ_FINISH implies that there are no more source bytes available beside
        -:  789://   what's already in the input buffer, and that the output buffer is large
        -:  790://   enough to hold the rest of the decompressed data.
        -:  791:// Return values:
        -:  792://   MZ_OK on success. Either more input is needed but not available, and/or
        -:  793://   there's more output to be written but the output buffer is full.
        -:  794://   MZ_STREAM_END if all needed input has been consumed and all output bytes
        -:  795://   have been written. For zlib streams, the adler-32 of the decompressed data
        -:  796://   has also been verified.
        -:  797://   MZ_STREAM_ERROR if the stream is bogus.
        -:  798://   MZ_DATA_ERROR if the deflate stream is invalid.
        -:  799://   MZ_PARAM_ERROR if one of the parameters is invalid.
        -:  800://   MZ_BUF_ERROR if no forward progress is possible because the input buffer is
        -:  801://   empty but the inflater needs more input to continue, or if the output
        -:  802://   buffer is not large enough. Call mz_inflate() again
        -:  803://   with more input data, or with more room in the output buffer (except when
        -:  804://   using single call decompression, described above).
        -:  805:int mz_inflate(mz_streamp pStream, int flush);
        -:  806:
        -:  807:// Deinitializes a decompressor.
        -:  808:int mz_inflateEnd(mz_streamp pStream);
        -:  809:
        -:  810:// Single-call decompression.
        -:  811:// Returns MZ_OK on success, or one of the error codes from mz_inflate() on
        -:  812:// failure.
        -:  813:int mz_uncompress(unsigned char *pDest, mz_ulong *pDest_len,
        -:  814:                  const unsigned char *pSource, mz_ulong source_len);
        -:  815:
        -:  816:// Returns a string description of the specified error code, or NULL if the
        -:  817:// error code is invalid.
        -:  818:const char *mz_error(int err);
        -:  819:
        -:  820:// Redefine zlib-compatible names to miniz equivalents, so miniz.c can be used
        -:  821:// as a drop-in replacement for the subset of zlib that miniz.c supports.
        -:  822:// Define MINIZ_NO_ZLIB_COMPATIBLE_NAMES to disable zlib-compatibility if you
        -:  823:// use zlib in the same project.
        -:  824:#ifndef MINIZ_NO_ZLIB_COMPATIBLE_NAMES
        -:  825:typedef unsigned char Byte;
        -:  826:typedef unsigned int uInt;
        -:  827:typedef mz_ulong uLong;
        -:  828:typedef Byte Bytef;
        -:  829:typedef uInt uIntf;
        -:  830:typedef char charf;
        -:  831:typedef int intf;
        -:  832:typedef void *voidpf;
        -:  833:typedef uLong uLongf;
        -:  834:typedef void *voidp;
        -:  835:typedef void *const voidpc;
        -:  836:#define Z_NULL 0
        -:  837:#define Z_NO_FLUSH MZ_NO_FLUSH
        -:  838:#define Z_PARTIAL_FLUSH MZ_PARTIAL_FLUSH
        -:  839:#define Z_SYNC_FLUSH MZ_SYNC_FLUSH
        -:  840:#define Z_FULL_FLUSH MZ_FULL_FLUSH
        -:  841:#define Z_FINISH MZ_FINISH
        -:  842:#define Z_BLOCK MZ_BLOCK
        -:  843:#define Z_OK MZ_OK
        -:  844:#define Z_STREAM_END MZ_STREAM_END
        -:  845:#define Z_NEED_DICT MZ_NEED_DICT
        -:  846:#define Z_ERRNO MZ_ERRNO
        -:  847:#define Z_STREAM_ERROR MZ_STREAM_ERROR
        -:  848:#define Z_DATA_ERROR MZ_DATA_ERROR
        -:  849:#define Z_MEM_ERROR MZ_MEM_ERROR
        -:  850:#define Z_BUF_ERROR MZ_BUF_ERROR
        -:  851:#define Z_VERSION_ERROR MZ_VERSION_ERROR
        -:  852:#define Z_PARAM_ERROR MZ_PARAM_ERROR
        -:  853:#define Z_NO_COMPRESSION MZ_NO_COMPRESSION
        -:  854:#define Z_BEST_SPEED MZ_BEST_SPEED
        -:  855:#define Z_BEST_COMPRESSION MZ_BEST_COMPRESSION
        -:  856:#define Z_DEFAULT_COMPRESSION MZ_DEFAULT_COMPRESSION
        -:  857:#define Z_DEFAULT_STRATEGY MZ_DEFAULT_STRATEGY
        -:  858:#define Z_FILTERED MZ_FILTERED
        -:  859:#define Z_HUFFMAN_ONLY MZ_HUFFMAN_ONLY
        -:  860:#define Z_RLE MZ_RLE
        -:  861:#define Z_FIXED MZ_FIXED
        -:  862:#define Z_DEFLATED MZ_DEFLATED
        -:  863:#define Z_DEFAULT_WINDOW_BITS MZ_DEFAULT_WINDOW_BITS
        -:  864:#define alloc_func mz_alloc_func
        -:  865:#define free_func mz_free_func
        -:  866:#define internal_state mz_internal_state
        -:  867:#define z_stream mz_stream
        -:  868:#define deflateInit mz_deflateInit
        -:  869:#define deflateInit2 mz_deflateInit2
        -:  870:#define deflateReset mz_deflateReset
        -:  871:#define deflate mz_deflate
        -:  872:#define deflateEnd mz_deflateEnd
        -:  873:#define deflateBound mz_deflateBound
        -:  874:#define compress mz_compress
        -:  875:#define compress2 mz_compress2
        -:  876:#define compressBound mz_compressBound
        -:  877:#define inflateInit mz_inflateInit
        -:  878:#define inflateInit2 mz_inflateInit2
        -:  879:#define inflate mz_inflate
        -:  880:#define inflateEnd mz_inflateEnd
        -:  881:#define uncompress mz_uncompress
        -:  882:#define crc32 mz_crc32
        -:  883:#define adler32 mz_adler32
        -:  884:#define MAX_WBITS 15
        -:  885:#define MAX_MEM_LEVEL 9
        -:  886:#define zError mz_error
        -:  887:#define ZLIB_VERSION MZ_VERSION
        -:  888:#define ZLIB_VERNUM MZ_VERNUM
        -:  889:#define ZLIB_VER_MAJOR MZ_VER_MAJOR
        -:  890:#define ZLIB_VER_MINOR MZ_VER_MINOR
        -:  891:#define ZLIB_VER_REVISION MZ_VER_REVISION
        -:  892:#define ZLIB_VER_SUBREVISION MZ_VER_SUBREVISION
        -:  893:#define zlibVersion mz_version
        -:  894:#define zlib_version mz_version()
        -:  895:#endif // #ifndef MINIZ_NO_ZLIB_COMPATIBLE_NAMES
        -:  896:
        -:  897:#endif // MINIZ_NO_ZLIB_APIS
        -:  898:
        -:  899:// ------------------- Types and macros
        -:  900:
        -:  901:typedef unsigned char mz_uint8;
        -:  902:typedef signed short mz_int16;
        -:  903:typedef unsigned short mz_uint16;
        -:  904:typedef unsigned int mz_uint32;
        -:  905:typedef unsigned int mz_uint;
        -:  906:typedef long long mz_int64;
        -:  907:typedef unsigned long long mz_uint64;
        -:  908:typedef int mz_bool;
        -:  909:
        -:  910:#define MZ_FALSE (0)
        -:  911:#define MZ_TRUE (1)
        -:  912:
        -:  913:// An attempt to work around MSVC's spammy "warning C4127: conditional
        -:  914:// expression is constant" message.
        -:  915:#ifdef _MSC_VER
        -:  916:#define MZ_MACRO_END while (0, 0)
        -:  917:#else
        -:  918:#define MZ_MACRO_END while (0)
        -:  919:#endif
        -:  920:
        -:  921:// ------------------- ZIP archive reading/writing
        -:  922:
        -:  923:#ifndef MINIZ_NO_ARCHIVE_APIS
        -:  924:
        -:  925:enum {
        -:  926:  MZ_ZIP_MAX_IO_BUF_SIZE = 64 * 1024,
        -:  927:  MZ_ZIP_MAX_ARCHIVE_FILENAME_SIZE = 260,
        -:  928:  MZ_ZIP_MAX_ARCHIVE_FILE_COMMENT_SIZE = 256
        -:  929:};
        -:  930:
        -:  931:typedef struct {
        -:  932:  mz_uint32 m_file_index;
        -:  933:  mz_uint32 m_central_dir_ofs;
        -:  934:  mz_uint16 m_version_made_by;
        -:  935:  mz_uint16 m_version_needed;
        -:  936:  mz_uint16 m_bit_flag;
        -:  937:  mz_uint16 m_method;
        -:  938:#ifndef MINIZ_NO_TIME
        -:  939:  time_t m_time;
        -:  940:#endif
        -:  941:  mz_uint32 m_crc32;
        -:  942:  mz_uint64 m_comp_size;
        -:  943:  mz_uint64 m_uncomp_size;
        -:  944:  mz_uint16 m_internal_attr;
        -:  945:  mz_uint32 m_external_attr;
        -:  946:  mz_uint64 m_local_header_ofs;
        -:  947:  mz_uint32 m_comment_size;
        -:  948:  char m_filename[MZ_ZIP_MAX_ARCHIVE_FILENAME_SIZE];
        -:  949:  char m_comment[MZ_ZIP_MAX_ARCHIVE_FILE_COMMENT_SIZE];
        -:  950:} mz_zip_archive_file_stat;
        -:  951:
        -:  952:typedef size_t (*mz_file_read_func)(void *pOpaque, mz_uint64 file_ofs,
        -:  953:                                    void *pBuf, size_t n);
        -:  954:typedef size_t (*mz_file_write_func)(void *pOpaque, mz_uint64 file_ofs,
        -:  955:                                     const void *pBuf, size_t n);
        -:  956:
        -:  957:struct mz_zip_internal_state_tag;
        -:  958:typedef struct mz_zip_internal_state_tag mz_zip_internal_state;
        -:  959:
        -:  960:typedef enum {
        -:  961:  MZ_ZIP_MODE_INVALID = 0,
        -:  962:  MZ_ZIP_MODE_READING = 1,
        -:  963:  MZ_ZIP_MODE_WRITING = 2,
        -:  964:  MZ_ZIP_MODE_WRITING_HAS_BEEN_FINALIZED = 3
        -:  965:} mz_zip_mode;
        -:  966:
        -:  967:typedef struct mz_zip_archive_tag {
        -:  968:  mz_uint64 m_archive_size;
        -:  969:  mz_uint64 m_central_directory_file_ofs;
        -:  970:  mz_uint m_total_files;
        -:  971:  mz_zip_mode m_zip_mode;
        -:  972:
        -:  973:  mz_uint m_file_offset_alignment;
        -:  974:
        -:  975:  mz_alloc_func m_pAlloc;
        -:  976:  mz_free_func m_pFree;
        -:  977:  mz_realloc_func m_pRealloc;
        -:  978:  void *m_pAlloc_opaque;
        -:  979:
        -:  980:  mz_file_read_func m_pRead;
        -:  981:  mz_file_write_func m_pWrite;
        -:  982:  void *m_pIO_opaque;
        -:  983:
        -:  984:  mz_zip_internal_state *m_pState;
        -:  985:
        -:  986:} mz_zip_archive;
        -:  987:
        -:  988:typedef enum {
        -:  989:  MZ_ZIP_FLAG_CASE_SENSITIVE = 0x0100,
        -:  990:  MZ_ZIP_FLAG_IGNORE_PATH = 0x0200,
        -:  991:  MZ_ZIP_FLAG_COMPRESSED_DATA = 0x0400,
        -:  992:  MZ_ZIP_FLAG_DO_NOT_SORT_CENTRAL_DIRECTORY = 0x0800
        -:  993:} mz_zip_flags;
        -:  994:
        -:  995:// ZIP archive reading
        -:  996:
        -:  997:// Inits a ZIP archive reader.
        -:  998:// These functions read and validate the archive's central directory.
        -:  999:inline mz_bool mz_zip_reader_init(mz_zip_archive *pZip, mz_uint64 size,
        -: 1000:                           mz_uint32 flags);
        -: 1001:inline mz_bool mz_zip_reader_init_mem(mz_zip_archive *pZip, const void *pMem,
        -: 1002:                               size_t size, mz_uint32 flags);
        -: 1003:
        -: 1004:#ifndef MINIZ_NO_STDIO
        -: 1005:inline mz_bool mz_zip_reader_init_file(mz_zip_archive *pZip, const char *pFilename,
        -: 1006:                                mz_uint32 flags);
        -: 1007:#endif
        -: 1008:
        -: 1009:// Returns the total number of files in the archive.
        -: 1010:inline mz_uint mz_zip_reader_get_num_files(mz_zip_archive *pZip);
        -: 1011:
        -: 1012:// Returns detailed information about an archive file entry.
        -: 1013:inline mz_bool mz_zip_reader_file_stat(mz_zip_archive *pZip, mz_uint file_index,
        -: 1014:                                mz_zip_archive_file_stat *pStat);
        -: 1015:
        -: 1016:// Determines if an archive file entry is a directory entry.
        -: 1017:inline mz_bool mz_zip_reader_is_file_a_directory(mz_zip_archive *pZip,
        -: 1018:                                          mz_uint file_index);
        -: 1019:inline mz_bool mz_zip_reader_is_file_encrypted(mz_zip_archive *pZip,
        -: 1020:                                        mz_uint file_index);
        -: 1021:
        -: 1022:// Retrieves the filename of an archive file entry.
        -: 1023:// Returns the number of bytes written to pFilename, or if filename_buf_size is
        -: 1024:// 0 this function returns the number of bytes needed to fully store the
        -: 1025:// filename.
        -: 1026:inline mz_uint mz_zip_reader_get_filename(mz_zip_archive *pZip, mz_uint file_index,
        -: 1027:                                   char *pFilename, mz_uint filename_buf_size);
        -: 1028:
        -: 1029:// Attempts to locates a file in the archive's central directory.
        -: 1030:// Valid flags: MZ_ZIP_FLAG_CASE_SENSITIVE, MZ_ZIP_FLAG_IGNORE_PATH
        -: 1031:// Returns -1 if the file cannot be found.
        -: 1032:inline int mz_zip_reader_locate_file(mz_zip_archive *pZip, const char *pName,
        -: 1033:                              const char *pComment, mz_uint flags);
        -: 1034:
        -: 1035:// Extracts a archive file to a memory buffer using no memory allocation.
        -: 1036:inline mz_bool mz_zip_reader_extract_to_mem_no_alloc(mz_zip_archive *pZip,
        -: 1037:                                              mz_uint file_index, void *pBuf,
        -: 1038:                                              size_t buf_size, mz_uint flags,
        -: 1039:                                              void *pUser_read_buf,
        -: 1040:                                              size_t user_read_buf_size);
        -: 1041:inline mz_bool mz_zip_reader_extract_file_to_mem_no_alloc(
        -: 1042:    mz_zip_archive *pZip, const char *pFilename, void *pBuf, size_t buf_size,
        -: 1043:    mz_uint flags, void *pUser_read_buf, size_t user_read_buf_size);
        -: 1044:
        -: 1045:// Extracts a archive file to a memory buffer.
        -: 1046:inline mz_bool mz_zip_reader_extract_to_mem(mz_zip_archive *pZip, mz_uint file_index,
        -: 1047:                                     void *pBuf, size_t buf_size,
        -: 1048:                                     mz_uint flags);
        -: 1049:inline mz_bool mz_zip_reader_extract_file_to_mem(mz_zip_archive *pZip,
        -: 1050:                                          const char *pFilename, void *pBuf,
        -: 1051:                                          size_t buf_size, mz_uint flags);
        -: 1052:
        -: 1053:// Extracts a archive file to a dynamically allocated heap buffer.
        -: 1054:inline void *mz_zip_reader_extract_to_heap(mz_zip_archive *pZip, mz_uint file_index,
        -: 1055:                                    size_t *pSize, mz_uint flags);
        -: 1056:inline void *mz_zip_reader_extract_file_to_heap(mz_zip_archive *pZip,
        -: 1057:                                         const char *pFilename, size_t *pSize,
        -: 1058:                                         mz_uint flags);
        -: 1059:
        -: 1060:// Extracts a archive file using a callback function to output the file's data.
        -: 1061:inline mz_bool mz_zip_reader_extract_to_callback(mz_zip_archive *pZip,
        -: 1062:                                          mz_uint file_index,
        -: 1063:                                          mz_file_write_func pCallback,
        -: 1064:                                          void *pOpaque, mz_uint flags);
        -: 1065:inline mz_bool mz_zip_reader_extract_file_to_callback(mz_zip_archive *pZip,
        -: 1066:                                               const char *pFilename,
        -: 1067:                                               mz_file_write_func pCallback,
        -: 1068:                                               void *pOpaque, mz_uint flags);
        -: 1069:
        -: 1070:#ifndef MINIZ_NO_STDIO
        -: 1071:// Extracts a archive file to a disk file and sets its last accessed and
        -: 1072:// modified times.
        -: 1073:// This function only extracts files, not archive directory records.
        -: 1074:inline mz_bool mz_zip_reader_extract_to_file(mz_zip_archive *pZip, mz_uint file_index,
        -: 1075:                                      const char *pDst_filename, mz_uint flags);
        -: 1076:inline mz_bool mz_zip_reader_extract_file_to_file(mz_zip_archive *pZip,
        -: 1077:                                           const char *pArchive_filename,
        -: 1078:                                           const char *pDst_filename,
        -: 1079:                                           mz_uint flags);
        -: 1080:#endif
        -: 1081:
        -: 1082:// Ends archive reading, freeing all allocations, and closing the input archive
        -: 1083:// file if mz_zip_reader_init_file() was used.
        -: 1084:inline mz_bool mz_zip_reader_end(mz_zip_archive *pZip);
        -: 1085:
        -: 1086:// ZIP archive writing
        -: 1087:
        -: 1088:#ifndef MINIZ_NO_ARCHIVE_WRITING_APIS
        -: 1089:
        -: 1090:// Inits a ZIP archive writer.
        -: 1091:inline mz_bool mz_zip_writer_init(mz_zip_archive *pZip, mz_uint64 existing_size);
        -: 1092:inline mz_bool mz_zip_writer_init_heap(mz_zip_archive *pZip,
        -: 1093:                                size_t size_to_reserve_at_beginning,
        -: 1094:                                size_t initial_allocation_size);
        -: 1095:
        -: 1096:#ifndef MINIZ_NO_STDIO
        -: 1097:inline mz_bool mz_zip_writer_init_file(mz_zip_archive *pZip, const char *pFilename,
        -: 1098:                                mz_uint64 size_to_reserve_at_beginning);
        -: 1099:#endif
        -: 1100:
        -: 1101:// Converts a ZIP archive reader object into a writer object, to allow efficient
        -: 1102:// in-place file appends to occur on an existing archive.
        -: 1103:// For archives opened using mz_zip_reader_init_file, pFilename must be the
        -: 1104:// archive's filename so it can be reopened for writing. If the file can't be
        -: 1105:// reopened, mz_zip_reader_end() will be called.
        -: 1106:// For archives opened using mz_zip_reader_init_mem, the memory block must be
        -: 1107:// growable using the realloc callback (which defaults to realloc unless you've
        -: 1108:// overridden it).
        -: 1109:// Finally, for archives opened using mz_zip_reader_init, the mz_zip_archive's
        -: 1110:// user provided m_pWrite function cannot be NULL.
        -: 1111:// Note: In-place archive modification is not recommended unless you know what
        -: 1112:// you're doing, because if execution stops or something goes wrong before
        -: 1113:// the archive is finalized the file's central directory will be hosed.
        -: 1114:inline mz_bool mz_zip_writer_init_from_reader(mz_zip_archive *pZip,
        -: 1115:                                       const char *pFilename);
        -: 1116:
        -: 1117:// Adds the contents of a memory buffer to an archive. These functions record
        -: 1118:// the current local time into the archive.
        -: 1119:// To add a directory entry, call this method with an archive name ending in a
        -: 1120:// forwardslash with empty buffer.
        -: 1121:// level_and_flags - compression level (0-10, see MZ_BEST_SPEED,
        -: 1122:// MZ_BEST_COMPRESSION, etc.) logically OR'd with zero or more mz_zip_flags, or
        -: 1123:// just set to MZ_DEFAULT_COMPRESSION.
        -: 1124:inline mz_bool mz_zip_writer_add_mem(mz_zip_archive *pZip, const char *pArchive_name,
        -: 1125:                              const void *pBuf, size_t buf_size,
        -: 1126:                              mz_uint level_and_flags);
        -: 1127:inline mz_bool mz_zip_writer_add_mem_ex(mz_zip_archive *pZip,
        -: 1128:                                 const char *pArchive_name, const void *pBuf,
        -: 1129:                                 size_t buf_size, const void *pComment,
        -: 1130:                                 mz_uint16 comment_size,
        -: 1131:                                 mz_uint level_and_flags, mz_uint64 uncomp_size,
        -: 1132:                                 mz_uint32 uncomp_crc32);
        -: 1133:
        -: 1134:#ifndef MINIZ_NO_STDIO
        -: 1135:// Adds the contents of a disk file to an archive. This function also records
        -: 1136:// the disk file's modified time into the archive.
        -: 1137:// level_and_flags - compression level (0-10, see MZ_BEST_SPEED,
        -: 1138:// MZ_BEST_COMPRESSION, etc.) logically OR'd with zero or more mz_zip_flags, or
        -: 1139:// just set to MZ_DEFAULT_COMPRESSION.
        -: 1140:inline mz_bool mz_zip_writer_add_file(mz_zip_archive *pZip, const char *pArchive_name,
        -: 1141:                               const char *pSrc_filename, const void *pComment,
        -: 1142:                               mz_uint16 comment_size, mz_uint level_and_flags);
        -: 1143:#endif
        -: 1144:
        -: 1145:// Adds a file to an archive by fully cloning the data from another archive.
        -: 1146:// This function fully clones the source file's compressed data (no
        -: 1147:// recompression), along with its full filename, extra data, and comment fields.
        -: 1148:inline mz_bool mz_zip_writer_add_from_zip_reader(mz_zip_archive *pZip,
        -: 1149:                                          mz_zip_archive *pSource_zip,
        -: 1150:                                          mz_uint file_index);
        -: 1151:
        -: 1152:// Finalizes the archive by writing the central directory records followed by
        -: 1153:// the end of central directory record.
        -: 1154:// After an archive is finalized, the only valid call on the mz_zip_archive
        -: 1155:// struct is mz_zip_writer_end().
        -: 1156:// An archive must be manually finalized by calling this function for it to be
        -: 1157:// valid.
        -: 1158:inline mz_bool mz_zip_writer_finalize_archive(mz_zip_archive *pZip);
        -: 1159:inline mz_bool mz_zip_writer_finalize_heap_archive(mz_zip_archive *pZip, void **pBuf,
        -: 1160:                                            size_t *pSize);
        -: 1161:
        -: 1162:// Ends archive writing, freeing all allocations, and closing the output file if
        -: 1163:// mz_zip_writer_init_file() was used.
        -: 1164:// Note for the archive to be valid, it must have been finalized before ending.
        -: 1165:inline mz_bool mz_zip_writer_end(mz_zip_archive *pZip);
        -: 1166:
        -: 1167:// Misc. high-level helper functions:
        -: 1168:
        -: 1169:// mz_zip_add_mem_to_archive_file_in_place() efficiently (but not atomically)
        -: 1170:// appends a memory blob to a ZIP archive.
        -: 1171:// level_and_flags - compression level (0-10, see MZ_BEST_SPEED,
        -: 1172:// MZ_BEST_COMPRESSION, etc.) logically OR'd with zero or more mz_zip_flags, or
        -: 1173:// just set to MZ_DEFAULT_COMPRESSION.
        -: 1174:inline mz_bool mz_zip_add_mem_to_archive_file_in_place(
        -: 1175:    const char *pZip_filename, const char *pArchive_name, const void *pBuf,
        -: 1176:    size_t buf_size, const void *pComment, mz_uint16 comment_size,
        -: 1177:    mz_uint level_and_flags);
        -: 1178:
        -: 1179:// Reads a single file from an archive into a heap block.
        -: 1180:// Returns NULL on failure.
        -: 1181:inline void *mz_zip_extract_archive_file_to_heap(const char *pZip_filename,
        -: 1182:                                          const char *pArchive_name,
        -: 1183:                                          size_t *pSize, mz_uint zip_flags);
        -: 1184:
        -: 1185:#endif // #ifndef MINIZ_NO_ARCHIVE_WRITING_APIS
        -: 1186:
        -: 1187:#endif // #ifndef MINIZ_NO_ARCHIVE_APIS
        -: 1188:
        -: 1189:// ------------------- Low-level Decompression API Definitions
        -: 1190:
        -: 1191:// Decompression flags used by tinfl_decompress().
        -: 1192:// TINFL_FLAG_PARSE_ZLIB_HEADER: If set, the input has a valid zlib header and
        -: 1193:// ends with an adler32 checksum (it's a valid zlib stream). Otherwise, the
        -: 1194:// input is a raw deflate stream.
        -: 1195:// TINFL_FLAG_HAS_MORE_INPUT: If set, there are more input bytes available
        -: 1196:// beyond the end of the supplied input buffer. If clear, the input buffer
        -: 1197:// contains all remaining input.
        -: 1198:// TINFL_FLAG_USING_NON_WRAPPING_OUTPUT_BUF: If set, the output buffer is large
        -: 1199:// enough to hold the entire decompressed stream. If clear, the output buffer is
        -: 1200:// at least the size of the dictionary (typically 32KB).
        -: 1201:// TINFL_FLAG_COMPUTE_ADLER32: Force adler-32 checksum computation of the
        -: 1202:// decompressed bytes.
        -: 1203:enum {
        -: 1204:  TINFL_FLAG_PARSE_ZLIB_HEADER = 1,
        -: 1205:  TINFL_FLAG_HAS_MORE_INPUT = 2,
        -: 1206:  TINFL_FLAG_USING_NON_WRAPPING_OUTPUT_BUF = 4,
        -: 1207:  TINFL_FLAG_COMPUTE_ADLER32 = 8
        -: 1208:};
        -: 1209:
        -: 1210:// High level decompression functions:
        -: 1211:// tinfl_decompress_mem_to_heap() decompresses a block in memory to a heap block
        -: 1212:// allocated via malloc().
        -: 1213:// On entry:
        -: 1214://  pSrc_buf, src_buf_len: Pointer and size of the Deflate or zlib source data
        -: 1215://  to decompress.
        -: 1216:// On return:
        -: 1217://  Function returns a pointer to the decompressed data, or NULL on failure.
        -: 1218://  *pOut_len will be set to the decompressed data's size, which could be larger
        -: 1219://  than src_buf_len on uncompressible data.
        -: 1220://  The caller must call mz_free() on the returned block when it's no longer
        -: 1221://  needed.
        -: 1222:inline void *tinfl_decompress_mem_to_heap(const void *pSrc_buf, size_t src_buf_len,
        -: 1223:                                   size_t *pOut_len, int flags);
        -: 1224:
        -: 1225:// tinfl_decompress_mem_to_mem() decompresses a block in memory to another block
        -: 1226:// in memory.
        -: 1227:// Returns TINFL_DECOMPRESS_MEM_TO_MEM_FAILED on failure, or the number of bytes
        -: 1228:// written on success.
        -: 1229:#define TINFL_DECOMPRESS_MEM_TO_MEM_FAILED ((size_t)(-1))
        -: 1230:inline size_t tinfl_decompress_mem_to_mem(void *pOut_buf, size_t out_buf_len,
        -: 1231:                                   const void *pSrc_buf, size_t src_buf_len,
        -: 1232:                                   int flags);
        -: 1233:
        -: 1234:// tinfl_decompress_mem_to_callback() decompresses a block in memory to an
        -: 1235:// internal 32KB buffer, and a user provided callback function will be called to
        -: 1236:// flush the buffer.
        -: 1237:// Returns 1 on success or 0 on failure.
        -: 1238:typedef int (*tinfl_put_buf_func_ptr)(const void *pBuf, int len, void *pUser);
        -: 1239:inline int tinfl_decompress_mem_to_callback(const void *pIn_buf, size_t *pIn_buf_size,
        -: 1240:                                     tinfl_put_buf_func_ptr pPut_buf_func,
        -: 1241:                                     void *pPut_buf_user, int flags);
        -: 1242:
        -: 1243:struct tinfl_decompressor_tag;
        -: 1244:typedef struct tinfl_decompressor_tag tinfl_decompressor;
        -: 1245:
        -: 1246:// Max size of LZ dictionary.
        -: 1247:#define TINFL_LZ_DICT_SIZE 32768
        -: 1248:
        -: 1249:// Return status.
        -: 1250:typedef enum {
        -: 1251:  TINFL_STATUS_BAD_PARAM = -3,
        -: 1252:  TINFL_STATUS_ADLER32_MISMATCH = -2,
        -: 1253:  TINFL_STATUS_FAILED = -1,
        -: 1254:  TINFL_STATUS_DONE = 0,
        -: 1255:  TINFL_STATUS_NEEDS_MORE_INPUT = 1,
        -: 1256:  TINFL_STATUS_HAS_MORE_OUTPUT = 2
        -: 1257:} tinfl_status;
        -: 1258:
        -: 1259:// Initializes the decompressor to its initial state.
        -: 1260:#define tinfl_init(r)                                                          \
        -: 1261:  do {                                                                         \
        -: 1262:    (r)->m_state = 0;                                                          \
        -: 1263:  }                                                                            \
        -: 1264:  MZ_MACRO_END
        -: 1265:#define tinfl_get_adler32(r) (r)->m_check_adler32
        -: 1266:
        -: 1267:// Main low-level decompressor coroutine function. This is the only function
        -: 1268:// actually needed for decompression. All the other functions are just
        -: 1269:// high-level helpers for improved usability.
        -: 1270:// This is a universal API, i.e. it can be used as a building block to build any
        -: 1271:// desired higher level decompression API. In the limit case, it can be called
        -: 1272:// once per every byte input or output.
        -: 1273:tinfl_status tinfl_decompress(tinfl_decompressor *r,
        -: 1274:                              const mz_uint8 *pIn_buf_next,
        -: 1275:                              size_t *pIn_buf_size, mz_uint8 *pOut_buf_start,
        -: 1276:                              mz_uint8 *pOut_buf_next, size_t *pOut_buf_size,
        -: 1277:                              const mz_uint32 decomp_flags);
        -: 1278:
        -: 1279:// Internal/private bits follow.
        -: 1280:enum {
        -: 1281:  TINFL_MAX_HUFF_TABLES = 3,
        -: 1282:  TINFL_MAX_HUFF_SYMBOLS_0 = 288,
        -: 1283:  TINFL_MAX_HUFF_SYMBOLS_1 = 32,
        -: 1284:  TINFL_MAX_HUFF_SYMBOLS_2 = 19,
        -: 1285:  TINFL_FAST_LOOKUP_BITS = 10,
        -: 1286:  TINFL_FAST_LOOKUP_SIZE = 1 << TINFL_FAST_LOOKUP_BITS
        -: 1287:};
        -: 1288:
        -: 1289:typedef struct {
        -: 1290:  mz_uint8 m_code_size[TINFL_MAX_HUFF_SYMBOLS_0];
        -: 1291:  mz_int16 m_look_up[TINFL_FAST_LOOKUP_SIZE],
        -: 1292:      m_tree[TINFL_MAX_HUFF_SYMBOLS_0 * 2];
        -: 1293:} tinfl_huff_table;
        -: 1294:
        -: 1295:#if MINIZ_HAS_64BIT_REGISTERS
        -: 1296:#define TINFL_USE_64BIT_BITBUF 1
        -: 1297:#endif
        -: 1298:
        -: 1299:#if TINFL_USE_64BIT_BITBUF
        -: 1300:typedef mz_uint64 tinfl_bit_buf_t;
        -: 1301:#define TINFL_BITBUF_SIZE (64)
        -: 1302:#else
        -: 1303:typedef mz_uint32 tinfl_bit_buf_t;
        -: 1304:#define TINFL_BITBUF_SIZE (32)
        -: 1305:#endif
        -: 1306:
        -: 1307:struct tinfl_decompressor_tag {
        -: 1308:  mz_uint32 m_state, m_num_bits, m_zhdr0, m_zhdr1, m_z_adler32, m_final, m_type,
        -: 1309:      m_check_adler32, m_dist, m_counter, m_num_extra,
        -: 1310:      m_table_sizes[TINFL_MAX_HUFF_TABLES];
        -: 1311:  tinfl_bit_buf_t m_bit_buf;
        -: 1312:  size_t m_dist_from_out_buf_start;
        -: 1313:  tinfl_huff_table m_tables[TINFL_MAX_HUFF_TABLES];
        -: 1314:  mz_uint8 m_raw_header[4],
        -: 1315:      m_len_codes[TINFL_MAX_HUFF_SYMBOLS_0 + TINFL_MAX_HUFF_SYMBOLS_1 + 137];
        -: 1316:};
        -: 1317:
        -: 1318:// ------------------- Low-level Compression API Definitions
        -: 1319:
        -: 1320:// Set TDEFL_LESS_MEMORY to 1 to use less memory (compression will be slightly
        -: 1321:// slower, and raw/dynamic blocks will be output more frequently).
        -: 1322:#define TDEFL_LESS_MEMORY 0
        -: 1323:
        -: 1324:// tdefl_init() compression flags logically OR'd together (low 12 bits contain
        -: 1325:// the max. number of probes per dictionary search):
        -: 1326:// TDEFL_DEFAULT_MAX_PROBES: The compressor defaults to 128 dictionary probes
        -: 1327:// per dictionary search. 0=Huffman only, 1=Huffman+LZ (fastest/crap
        -: 1328:// compression), 4095=Huffman+LZ (slowest/best compression).
        -: 1329:enum {
        -: 1330:  TDEFL_HUFFMAN_ONLY = 0,
        -: 1331:  TDEFL_DEFAULT_MAX_PROBES = 128,
        -: 1332:  TDEFL_MAX_PROBES_MASK = 0xFFF
        -: 1333:};
        -: 1334:
        -: 1335:// TDEFL_WRITE_ZLIB_HEADER: If set, the compressor outputs a zlib header before
        -: 1336:// the deflate data, and the Adler-32 of the source data at the end. Otherwise,
        -: 1337:// you'll get raw deflate data.
        -: 1338:// TDEFL_COMPUTE_ADLER32: Always compute the adler-32 of the input data (even
        -: 1339:// when not writing zlib headers).
        -: 1340:// TDEFL_GREEDY_PARSING_FLAG: Set to use faster greedy parsing, instead of more
        -: 1341:// efficient lazy parsing.
        -: 1342:// TDEFL_NONDETERMINISTIC_PARSING_FLAG: Enable to decrease the compressor's
        -: 1343:// initialization time to the minimum, but the output may vary from run to run
        -: 1344:// given the same input (depending on the contents of memory).
        -: 1345:// TDEFL_RLE_MATCHES: Only look for RLE matches (matches with a distance of 1)
        -: 1346:// TDEFL_FILTER_MATCHES: Discards matches <= 5 chars if enabled.
        -: 1347:// TDEFL_FORCE_ALL_STATIC_BLOCKS: Disable usage of optimized Huffman tables.
        -: 1348:// TDEFL_FORCE_ALL_RAW_BLOCKS: Only use raw (uncompressed) deflate blocks.
        -: 1349:// The low 12 bits are reserved to control the max # of hash probes per
        -: 1350:// dictionary lookup (see TDEFL_MAX_PROBES_MASK).
        -: 1351:enum {
        -: 1352:  TDEFL_WRITE_ZLIB_HEADER = 0x01000,
        -: 1353:  TDEFL_COMPUTE_ADLER32 = 0x02000,
        -: 1354:  TDEFL_GREEDY_PARSING_FLAG = 0x04000,
        -: 1355:  TDEFL_NONDETERMINISTIC_PARSING_FLAG = 0x08000,
        -: 1356:  TDEFL_RLE_MATCHES = 0x10000,
        -: 1357:  TDEFL_FILTER_MATCHES = 0x20000,
        -: 1358:  TDEFL_FORCE_ALL_STATIC_BLOCKS = 0x40000,
        -: 1359:  TDEFL_FORCE_ALL_RAW_BLOCKS = 0x80000
        -: 1360:};
        -: 1361:
        -: 1362:// High level compression functions:
        -: 1363:// tdefl_compress_mem_to_heap() compresses a block in memory to a heap block
        -: 1364:// allocated via malloc().
        -: 1365:// On entry:
        -: 1366://  pSrc_buf, src_buf_len: Pointer and size of source block to compress.
        -: 1367://  flags: The max match finder probes (default is 128) logically OR'd against
        -: 1368://  the above flags. Higher probes are slower but improve compression.
        -: 1369:// On return:
        -: 1370://  Function returns a pointer to the compressed data, or NULL on failure.
        -: 1371://  *pOut_len will be set to the compressed data's size, which could be larger
[...]
        -:10734:          for (int x = 0; x < samplesPerLine; x++) {
        -:10735:            unsigned int ui = *reinterpret_cast<unsigned int *>(
        -:10736:                                  &sampleData.at(dataOffset + x * sizeof(int)));
        -:10737:            deepImage->image[c][y][x] = (float)ui; // @fixme
        -:10738:          }
        -:10739:          dataOffset += sizeof(unsigned int) * samplesPerLine;
        -:10740:        } else if (channels[c].pixelType == 1) { // half
        -:10741:          for (int x = 0; x < samplesPerLine; x++) {
        -:10742:            FP16 f16;
        -:10743:            f16.u = *reinterpret_cast<unsigned short *>(
        -:10744:                        &sampleData.at(dataOffset + x * sizeof(short)));
        -:10745:            FP32 f32 = half_to_float(f16);
        -:10746:            deepImage->image[c][y][x] = f32.f;
        -:10747:            // printf("c[%d]  f(half) = %f (0x%08x)\n", c, f32.f, f16.u);
        -:10748:          }
        -:10749:          dataOffset += sizeof(short) * samplesPerLine;
        -:10750:        } else { // float
        -:10751:          for (int x = 0; x < samplesPerLine; x++) {
        -:10752:            float f = *reinterpret_cast<float *>(
        -:10753:                          &sampleData.at(dataOffset + x * sizeof(float)));
        -:10754:            // printf("  f = %f(0x%08x)\n", f, *((unsigned int *)&f));
        -:10755:            deepImage->image[c][y][x] = f;
        -:10756:          }
        -:10757:          dataOffset += sizeof(float) * samplesPerLine;
        -:10758:        }
        -:10759:      }
        -:10760:      // printf("total: %d\n", dataOffset);
        -:10761:    }
        -:10762:
        -:10763:  } // y
        -:10764:#endif
        -:10765:  fclose(fp);
        -:10766:
        -:10767:  return 0; // OK
        -:10768:}
        -:10769:
    #####:10770:void InitEXRImage(EXRImage *exrImage) {
    #####:10771:  if (exrImage == NULL) {
        -:10772:    return;
        -:10773:  }
        -:10774:
    #####:10775:  exrImage->num_custom_attributes = 0;
    #####:10776:  exrImage->num_channels = 0;
    #####:10777:  exrImage->channel_names = NULL;
    #####:10778:  exrImage->images = NULL;
    #####:10779:  exrImage->pixel_types = NULL;
    #####:10780:  exrImage->requested_pixel_types = NULL;
    %%%%%:10780-block  0
    %%%%%:10780-block  1
        -:10781:}
        -:10782:
    #####:10783:int FreeEXRImage(EXRImage *exrImage) {
        -:10784:
    #####:10785:  if (exrImage == NULL) {
    %%%%%:10785-block  0
        -:10786:    return -1; // Err
        -:10787:  }
        -:10788:
    #####:10789:  for (int i = 0; i < exrImage->num_channels; i++) {
    %%%%%:10789-block  0
    %%%%%:10789-block  1
        -:10790:
    #####:10791:    if (exrImage->channel_names && exrImage->channel_names[i]) {
    %%%%%:10791-block  0
    %%%%%:10791-block  1
    #####:10792:      free((char *)exrImage->channel_names[i]); // remove const
    %%%%%:10792-block  0
        -:10793:    }
        -:10794:
    #####:10795:    if (exrImage->images && exrImage->images[i]) {
    %%%%%:10795-block  0
    %%%%%:10795-block  1
    #####:10796:      free(exrImage->images[i]);
    %%%%%:10796-block  0
        -:10797:    }
        -:10798:  }
        -:10799:
    #####:10800:  if (exrImage->channel_names) {
    %%%%%:10800-block  0
    #####:10801:    free(exrImage->channel_names);
    %%%%%:10801-block  0
        -:10802:  }
        -:10803:
    #####:10804:  if (exrImage->images) {
    %%%%%:10804-block  0
    #####:10805:    free(exrImage->images);
    %%%%%:10805-block  0
        -:10806:  }
        -:10807:
    #####:10808:  if (exrImage->pixel_types) {
    %%%%%:10808-block  0
    #####:10809:    free(exrImage->pixel_types);
    %%%%%:10809-block  0
        -:10810:  }
        -:10811:
    #####:10812:  if (exrImage->requested_pixel_types) {
    %%%%%:10812-block  0
    #####:10813:    free(exrImage->requested_pixel_types);
    %%%%%:10813-block  0
        -:10814:  }
        -:10815:
    #####:10816:  for (int i = 0; i < exrImage->num_custom_attributes; i++) {
    %%%%%:10816-block  0
    %%%%%:10816-block  1
    #####:10817:    if (exrImage->custom_attributes[i].name) {
    %%%%%:10817-block  0
    #####:10818:      free(exrImage->custom_attributes[i].name);
    %%%%%:10818-block  0
        -:10819:    }
    #####:10820:    if (exrImage->custom_attributes[i].type) {
    %%%%%:10820-block  0
    #####:10821:      free(exrImage->custom_attributes[i].type);
    %%%%%:10821-block  0
        -:10822:    }
    #####:10823:    if (exrImage->custom_attributes[i].value) {
    %%%%%:10823-block  0
    #####:10824:      free(exrImage->custom_attributes[i].value);
    %%%%%:10824-block  0
        -:10825:    }
        -:10826:  }
        -:10827:
        -:10828:  return 0;
        -:10829:}
        -:10830:
    #####:10831:inline int ParseMultiChannelEXRHeaderFromFile(EXRImage *exrImage, const char *filename,
        -:10832:                                       const char **err) {
    #####:10833:  if (exrImage == NULL) {
    %%%%%:10833-block  0
    #####:10834:    if (err) {
    %%%%%:10834-block  0
    #####:10835:      (*err) = "Invalid argument.";
    %%%%%:10835-block  0
        -:10836:    }
    #####:10837:    return -1;
    %%%%%:10837-block  0
        -:10838:  }
        -:10839:
    #####:10840:  FILE *fp = fopen(filename, "rb");
    %%%%%:10840-block  0
    #####:10841:  if (!fp) {
    #####:10842:    if (err) {
    %%%%%:10842-block  0
    #####:10843:      (*err) = "Cannot read file.";
    %%%%%:10843-block  0
        -:10844:    }
    #####:10845:    return -1;
    %%%%%:10845-block  0
        -:10846:  }
        -:10847:
    #####:10848:  size_t filesize;
        -:10849:  // Compute size
    #####:10850:  fseek(fp, 0, SEEK_END);
    %%%%%:10850-block  0
    #####:10851:  filesize = ftell(fp);
    #####:10852:  fseek(fp, 0, SEEK_SET);
        -:10853:
    #####:10854:  std::vector<unsigned char> buf(filesize); // @todo { use mmap }
    %%%%%:10854-block  0
    #####:10855:  {
    #####:10856:    size_t ret;
    #####:10857:    ret = fread(&buf[0], 1, filesize, fp);
    #####:10858:    assert(ret == filesize);
    %%%%%:10858-block  0
    %%%%%:10858-block  1
    #####:10859:    fclose(fp);
    %%%%%:10859-block  0
    #####:10860:    (void)ret;
        -:10861:  }
        -:10862:
    #####:10863:  return ParseMultiChannelEXRHeaderFromMemory(exrImage, &buf.at(0), err);
    %%%%%:10863-block  0
    %%%%%:10863-block  1
    %%%%%:10863-block  2
        -:10864:}
        -:10865:
    #####:10866:int ParseMultiChannelEXRHeaderFromMemory(EXRImage *exrImage,
        -:10867:                                         const unsigned char *memory,
        -:10868:                                         const char **err) {
    #####:10869:  if (exrImage == NULL || memory == NULL) {
    %%%%%:10869-block  0
    #####:10870:    if (err) {
    %%%%%:10870-block  0
    #####:10871:      (*err) = "Invalid argument.";
    %%%%%:10871-block  0
        -:10872:    }
    #####:10873:    return -1;
    %%%%%:10873-block  0
        -:10874:  }
        -:10875:
    #####:10876:  const char *buf = reinterpret_cast<const char *>(memory);
        -:10877:
    #####:10878:  const char *marker = &buf[0];
        -:10879:
        -:10880:  // Header check.
    #####:10881:  {
    #####:10882:    const char header[] = {0x76, 0x2f, 0x31, 0x01};
        -:10883:
    #####:10884:    if (memcmp(marker, header, 4) != 0) {
    %%%%%:10884-block  0
    #####:10885:      if (err) {
    %%%%%:10885-block  0
    #####:10886:        (*err) = "Header mismatch.";
    %%%%%:10886-block  0
        -:10887:      }
    #####:10888:      return -3;
    %%%%%:10888-block  0
        -:10889:    }
    #####:10890:    marker += 4;
        -:10891:  }
        -:10892:
        -:10893:  // Version, scanline.
    #####:10894:  {
        -:10895:    // must be [2, 0, 0, 0]
    #####:10896:    if (marker[0] != 2 || marker[1] != 0 || marker[2] != 0 || marker[3] != 0) {
    %%%%%:10896-block  0
    %%%%%:10896-block  1
    %%%%%:10896-block  2
    %%%%%:10896-block  3
    #####:10897:      if (err) {
    %%%%%:10897-block  0
    #####:10898:        (*err) = "Unsupported version or scanline.";
    %%%%%:10898-block  0
        -:10899:      }
    #####:10900:      return -4;
    %%%%%:10900-block  0
        -:10901:    }
        -:10902:
    #####:10903:    marker += 4;
        -:10904:  }
        -:10905:
    #####:10906:  int dx = -1;
    #####:10907:  int dy = -1;
    #####:10908:  int dw = -1;
    #####:10909:  int dh = -1;
    #####:10910:  int numChannels = -1;
    #####:10911:  int displayWindow[4] = {-1, -1, -1, -1}; // @fixme.
    #####:10912:  float screenWindowCenter[2] = {0.0f, 0.0f}; // @fixme
    #####:10913:  float screenWindowWidth = 1.0f; // @fixme
    #####:10914:  float pixelAspectRatio = 1.0f;
    #####:10915:  unsigned char lineOrder = 0; // 0 -> increasing y; 1 -> decreasing
    #####:10916:  std::vector<ChannelInfo> channels;
    %%%%%:10916-block  0
    $$$$$:10916-block  1
        -:10917:
    #####:10918:  int numCustomAttributes = 0;
    #####:10919:  std::vector<EXRAttribute> customAttribs;
    %%%%%:10919-block  0
    %%%%%:10919-block  1
    $$$$$:10919-block  2
        -:10920:
        -:10921:  // Read attributes
    #####:10922:  for (;;) {
    #####:10923:    std::string attrName;
    %%%%%:10923-block  0
    %%%%%:10923-block  1
    $$$$$:10923-block  2
    #####:10924:    std::string attrType;
    %%%%%:10924-block  0
    $$$$$:10924-block  1
    #####:10925:    std::vector<unsigned char> data;
    %%%%%:10925-block  0
    %%%%%:10925-block  1
    $$$$$:10925-block  2
    #####:10926:    const char *marker_next = ReadAttribute(attrName, attrType, data, marker);
    %%%%%:10926-block  0
    #####:10927:    if (marker_next == NULL) {
    %%%%%:10927-block  0
    #####:10928:      marker++; // skip '\0'
    #####:10929:      break;
    %%%%%:10929-block  0
    %%%%%:10929-block  1
        -:10930:    }
        -:10931:
    #####:10932:    if (attrName.compare("compression") == 0) {
    %%%%%:10932-block  0
        -:10933:      // must be 0:No compression, 1: RLE, 2: ZIPs, 3: ZIP or 4: PIZ
    #####:10934:      if (data[0] > 4) {
    %%%%%:10934-block  0
    #####:10935:        if (err) {
    %%%%%:10935-block  0
    #####:10936:          (*err) = "Unsupported compression type.";
    %%%%%:10936-block  0
        -:10937:        }
    #####:10938:        return -5;
    %%%%%:10938-block  0
    %%%%%:10938-block  1
        -:10939:      }
        -:10940:
    #####:10941:    } else if (attrName.compare("channels") == 0) {
    %%%%%:10941-block  0
        -:10942:
        -:10943:      // name: zero-terminated string, from 1 to 255 bytes long
        -:10944:      // pixel type: int, possible values are: UINT = 0 HALF = 1 FLOAT = 2
        -:10945:      // pLinear: unsigned char, possible values are 0 and 1
        -:10946:      // reserved: three chars, should be zero
        -:10947:      // xSampling: int
        -:10948:      // ySampling: int
        -:10949:
    #####:10950:      ReadChannelInfo(channels, data);
    %%%%%:10950-block  0
        -:10951:
    #####:10952:      numChannels = channels.size();
    %%%%%:10952-block  0
        -:10953:
    #####:10954:      if (numChannels < 1) {
    %%%%%:10954-block  0
    #####:10955:        if (err) {
    %%%%%:10955-block  0
    #####:10956:          (*err) = "Invalid channels format.";
    %%%%%:10956-block  0
        -:10957:        }
    #####:10958:        return -6;
    %%%%%:10958-block  0
        -:10959:      }
        -:10960:
    #####:10961:    } else if (attrName.compare("dataWindow") == 0) {
    %%%%%:10961-block  0
    #####:10962:      memcpy(&dx, &data.at(0), sizeof(int));
    %%%%%:10962-block  0
    %%%%%:10962-block  1
    #####:10963:      memcpy(&dy, &data.at(4), sizeof(int));
    %%%%%:10963-block  0
    %%%%%:10963-block  1
    #####:10964:      memcpy(&dw, &data.at(8), sizeof(int));
    %%%%%:10964-block  0
    %%%%%:10964-block  1
    #####:10965:      memcpy(&dh, &data.at(12), sizeof(int));
    %%%%%:10965-block  0
    %%%%%:10965-block  1
    #####:10966:      if (IsBigEndian()) {
    %%%%%:10966-block  0
        -:10967:        swap4(reinterpret_cast<unsigned int *>(&dx));
        -:10968:        swap4(reinterpret_cast<unsigned int *>(&dy));
        -:10969:        swap4(reinterpret_cast<unsigned int *>(&dw));
    #####:10970:        swap4(reinterpret_cast<unsigned int *>(&dh));
        -:10971:      }
    #####:10972:    } else if (attrName.compare("displayWindow") == 0) {
    %%%%%:10972-block  0
    #####:10973:      memcpy(&displayWindow[0], &data.at(0), sizeof(int));
    %%%%%:10973-block  0
    %%%%%:10973-block  1
    #####:10974:      memcpy(&displayWindow[1], &data.at(4), sizeof(int));
    %%%%%:10974-block  0
    %%%%%:10974-block  1
    #####:10975:      memcpy(&displayWindow[2], &data.at(8), sizeof(int));
    %%%%%:10975-block  0
    %%%%%:10975-block  1
    #####:10976:      memcpy(&displayWindow[3], &data.at(12), sizeof(int));
    %%%%%:10976-block  0
    %%%%%:10976-block  1
    #####:10977:      if (IsBigEndian()) {
    %%%%%:10977-block  0
        -:10978:        swap4(reinterpret_cast<unsigned int *>(&displayWindow[0]));
        -:10979:        swap4(reinterpret_cast<unsigned int *>(&displayWindow[1]));
        -:10980:        swap4(reinterpret_cast<unsigned int *>(&displayWindow[2]));
    #####:10981:        swap4(reinterpret_cast<unsigned int *>(&displayWindow[3]));
        -:10982:      }
    #####:10983:    } else if (attrName.compare("lineOrder") == 0) {
    %%%%%:10983-block  0
    #####:10984:      memcpy(&lineOrder, &data.at(0), sizeof(lineOrder));
    %%%%%:10984-block  0
    %%%%%:10984-block  1
    #####:10985:      if (IsBigEndian()) {
    %%%%%:10985-block  0
    #####:10986:        swap4(reinterpret_cast<unsigned int *>(&lineOrder));
        -:10987:      }
    #####:10988:    } else if (attrName.compare("pixelAspectRatio") == 0) {
    %%%%%:10988-block  0
    #####:10989:      memcpy(&pixelAspectRatio, &data.at(0), sizeof(float));
    %%%%%:10989-block  0
    %%%%%:10989-block  1
    #####:10990:      if (IsBigEndian()) {
    %%%%%:10990-block  0
    #####:10991:        swap4(reinterpret_cast<unsigned int *>(&pixelAspectRatio));
        -:10992:      }
    #####:10993:    } else if (attrName.compare("screenWindowCenter") == 0) {
    %%%%%:10993-block  0
    #####:10994:      memcpy(&screenWindowCenter[0], &data.at(0), sizeof(float));
    %%%%%:10994-block  0
    %%%%%:10994-block  1
    #####:10995:      memcpy(&screenWindowCenter[1], &data.at(4), sizeof(float));
    %%%%%:10995-block  0
    %%%%%:10995-block  1
    #####:10996:      if (IsBigEndian()) {
    %%%%%:10996-block  0
        -:10997:        swap4(reinterpret_cast<unsigned int *>(&screenWindowCenter[0]));
    #####:10998:        swap4(reinterpret_cast<unsigned int *>(&screenWindowCenter[1]));
        -:10999:      }
    #####:11000:    } else if (attrName.compare("screenWindowWidth") == 0) {
    %%%%%:11000-block  0
    #####:11001:      memcpy(&screenWindowWidth, &data.at(0), sizeof(float));
    %%%%%:11001-block  0
    %%%%%:11001-block  1
    #####:11002:      if (IsBigEndian()) {
    %%%%%:11002-block  0
    #####:11003:        swap4(reinterpret_cast<unsigned int *>(&screenWindowWidth));
        -:11004:      }
        -:11005:    } else {
        -:11006:      // Custom attribute(up to TINYEXR_MAX_ATTRIBUTES)
    #####:11007:      if (numCustomAttributes < TINYEXR_MAX_ATTRIBUTES) {
    #####:11008:        EXRAttribute attrib;
    #####:11009:        attrib.name = strdup(attrName.c_str());
    %%%%%:11009-block  0
    #####:11010:        attrib.type = strdup(attrType.c_str());
    #####:11011:        attrib.size = data.size();
    %%%%%:11011-block  0
    #####:11012:        attrib.value = (unsigned char*)malloc(data.size());
    #####:11013:        memcpy((char*)attrib.value, &data.at(0), data.size());
    %%%%%:11013-block  0
    %%%%%:11013-block  1
    #####:11014:        customAttribs.push_back(attrib);
    %%%%%:11014-block  0
        -:11015:      }
        -:11016:    }
        -:11017:
    #####:11018:    marker = marker_next;
    %%%%%:11018-block  0
        -:11019:  }
        -:11020:
    #####:11021:  assert(dx >= 0);
    %%%%%:11021-block  0
    %%%%%:11021-block  1
    #####:11022:  assert(dy >= 0);
    %%%%%:11022-block  0
    %%%%%:11022-block  1
    #####:11023:  assert(dw >= 0);
    %%%%%:11023-block  0
    %%%%%:11023-block  1
    #####:11024:  assert(dh >= 0);
    %%%%%:11024-block  0
    %%%%%:11024-block  1
    #####:11025:  assert(numChannels >= 1);
    %%%%%:11025-block  0
    %%%%%:11025-block  1
        -:11026:
    #####:11027:  int dataWidth = dw - dx + 1;
    #####:11028:  int dataHeight = dh - dy + 1;
        -:11029:
    #####:11030:  {
    #####:11031:    exrImage->channel_names =
    #####:11032:        (const char **)malloc(sizeof(const char *) * numChannels);
    #####:11033:    for (int c = 0; c < numChannels; c++) {
    %%%%%:11033-block  0
    %%%%%:11033-block  1
    %%%%%:11033-block  2
        -:11034:#ifdef _WIN32
        -:11035:      exrImage->channel_names[c] = _strdup(channels[c].name.c_str());
        -:11036:#else
    #####:11037:      exrImage->channel_names[c] = strdup(channels[c].name.c_str());
    %%%%%:11037-block  0
        -:11038:#endif
        -:11039:    }
    #####:11040:    exrImage->num_channels = numChannels;
        -:11041:
    #####:11042:    exrImage->width = dataWidth;
    #####:11043:    exrImage->height = dataHeight;
    #####:11044:    exrImage->pixel_aspect_ratio = pixelAspectRatio;
    #####:11045:    exrImage->screen_window_center[0] = screenWindowCenter[0];
    #####:11046:    exrImage->screen_window_center[1] = screenWindowCenter[1];
    #####:11047:    exrImage->screen_window_width = screenWindowWidth;
    #####:11048:    exrImage->display_window[0] = displayWindow[0];
    #####:11049:    exrImage->display_window[1] = displayWindow[1];
    #####:11050:    exrImage->display_window[2] = displayWindow[2];
    #####:11051:    exrImage->display_window[3] = displayWindow[3];
    #####:11052:    exrImage->data_window[0] = dx;
    #####:11053:    exrImage->data_window[1] = dy;
    #####:11054:    exrImage->data_window[2] = dw;
    #####:11055:    exrImage->data_window[3] = dh;
    #####:11056:    exrImage->line_order = lineOrder;
        -:11057:
    #####:11058:    exrImage->pixel_types = (int *)malloc(sizeof(int) * numChannels);
    #####:11059:    for (int c = 0; c < numChannels; c++) {
    %%%%%:11059-block  0
    %%%%%:11059-block  1
    %%%%%:11059-block  2
    #####:11060:      exrImage->pixel_types[c] = channels[c].pixelType;
    %%%%%:11060-block  0
        -:11061:    }
        -:11062:
        -:11063:    // Initially fill with values of `pixel-types`
    #####:11064:    exrImage->requested_pixel_types = (int *)malloc(sizeof(int) * numChannels);
    #####:11065:    for (int c = 0; c < numChannels; c++) {
    %%%%%:11065-block  0
    %%%%%:11065-block  1
    %%%%%:11065-block  2
    #####:11066:      exrImage->requested_pixel_types[c] = channels[c].pixelType;
    %%%%%:11066-block  0
        -:11067:    }
        -:11068:  }
        -:11069:
        -:11070:  if (numCustomAttributes > 0) {
        -:11071:    assert(customAttribs.size() < TINYEXR_MAX_ATTRIBUTES);
        -:11072:    exrImage->num_custom_attributes = numCustomAttributes;
        -:11073:
        -:11074:    for (int i = 0; i < (int)customAttribs.size(); i++) {
        -:11075:      exrImage->custom_attributes[i] = customAttribs[i];
        -:11076:    }
        -:11077:  } 
        -:11078:
        -:11079:  return 0; // OK
        -:11080:}
        -:11081:
        -:11082:#endif
        -:11083:
        -:11084:#endif // __TINYEXR_H__
