        -:    0:Source:/home/edd993/CLionProjects/hdr_generator/include/externals/Eigen/src/Core/Product.h
        -:    0:Graph:/home/edd993/CLionProjects/hdr_generator/cmake-build-debug/CMakeFiles/hdr_generator.dir/main.cpp.gcno
        -:    0:Data:/home/edd993/CLionProjects/hdr_generator/cmake-build-debug/CMakeFiles/hdr_generator.dir/main.cpp.gcda
        -:    0:Runs:1
        -:    1:// This file is part of Eigen, a lightweight C++ template library
        -:    2:// for linear algebra.
        -:    3://
        -:    4:// Copyright (C) 2008-2011 Gael Guennebaud <gael.guennebaud@inria.fr>
        -:    5://
        -:    6:// This Source Code Form is subject to the terms of the Mozilla
        -:    7:// Public License v. 2.0. If a copy of the MPL was not distributed
        -:    8:// with this file, You can obtain one at http://mozilla.org/MPL/2.0/.
        -:    9:
        -:   10:#ifndef EIGEN_PRODUCT_H
        -:   11:#define EIGEN_PRODUCT_H
        -:   12:
        -:   13:namespace Eigen {
        -:   14:
        -:   15:template<typename Lhs, typename Rhs, int Option, typename StorageKind> class ProductImpl;
        -:   16:
        -:   17:namespace internal {
        -:   18:
        -:   19:template<typename Lhs, typename Rhs, int Option>
        -:   20:struct traits<Product<Lhs, Rhs, Option> >
        -:   21:{
        -:   22:  typedef typename remove_all<Lhs>::type LhsCleaned;
        -:   23:  typedef typename remove_all<Rhs>::type RhsCleaned;
        -:   24:  typedef traits<LhsCleaned> LhsTraits;
        -:   25:  typedef traits<RhsCleaned> RhsTraits;
        -:   26:  
        -:   27:  typedef MatrixXpr XprKind;
        -:   28:  
        -:   29:  typedef typename ScalarBinaryOpTraits<typename traits<LhsCleaned>::Scalar, typename traits<RhsCleaned>::Scalar>::ReturnType Scalar;
        -:   30:  typedef typename product_promote_storage_type<typename LhsTraits::StorageKind,
        -:   31:                                                typename RhsTraits::StorageKind,
        -:   32:                                                internal::product_type<Lhs,Rhs>::ret>::ret StorageKind;
        -:   33:  typedef typename promote_index_type<typename LhsTraits::StorageIndex,
        -:   34:                                      typename RhsTraits::StorageIndex>::type StorageIndex;
        -:   35:  
        -:   36:  enum {
        -:   37:    RowsAtCompileTime    = LhsTraits::RowsAtCompileTime,
        -:   38:    ColsAtCompileTime    = RhsTraits::ColsAtCompileTime,
        -:   39:    MaxRowsAtCompileTime = LhsTraits::MaxRowsAtCompileTime,
        -:   40:    MaxColsAtCompileTime = RhsTraits::MaxColsAtCompileTime,
        -:   41:    
        -:   42:    // FIXME: only needed by GeneralMatrixMatrixTriangular
        -:   43:    InnerSize = EIGEN_SIZE_MIN_PREFER_FIXED(LhsTraits::ColsAtCompileTime, RhsTraits::RowsAtCompileTime),
        -:   44:    
        -:   45:    // The storage order is somewhat arbitrary here. The correct one will be determined through the evaluator.
        -:   46:    Flags = (MaxRowsAtCompileTime==1 && MaxColsAtCompileTime!=1) ? RowMajorBit
        -:   47:          : (MaxColsAtCompileTime==1 && MaxRowsAtCompileTime!=1) ? 0
        -:   48:          : (   ((LhsTraits::Flags&NoPreferredStorageOrderBit) && (RhsTraits::Flags&RowMajorBit))
        -:   49:             || ((RhsTraits::Flags&NoPreferredStorageOrderBit) && (LhsTraits::Flags&RowMajorBit)) ) ? RowMajorBit
        -:   50:          : NoPreferredStorageOrderBit
        -:   51:  };
        -:   52:};
        -:   53:
        -:   54:} // end namespace internal
        -:   55:
        -:   56:/** \class Product
        -:   57:  * \ingroup Core_Module
        -:   58:  *
        -:   59:  * \brief Expression of the product of two arbitrary matrices or vectors
        -:   60:  *
        -:   61:  * \tparam _Lhs the type of the left-hand side expression
        -:   62:  * \tparam _Rhs the type of the right-hand side expression
        -:   63:  *
        -:   64:  * This class represents an expression of the product of two arbitrary matrices.
        -:   65:  *
        -:   66:  * The other template parameters are:
        -:   67:  * \tparam Option     can be DefaultProduct, AliasFreeProduct, or LazyProduct
        -:   68:  *
        -:   69:  */
        -:   70:template<typename _Lhs, typename _Rhs, int Option>
        -:   71:class Product : public ProductImpl<_Lhs,_Rhs,Option,
        -:   72:                                   typename internal::product_promote_storage_type<typename internal::traits<_Lhs>::StorageKind,
        -:   73:                                                                                   typename internal::traits<_Rhs>::StorageKind,
        -:   74:                                                                                   internal::product_type<_Lhs,_Rhs>::ret>::ret>
        -:   75:{
        -:   76:  public:
        -:   77:    
        -:   78:    typedef _Lhs Lhs;
        -:   79:    typedef _Rhs Rhs;
        -:   80:    
        -:   81:    typedef typename ProductImpl<
        -:   82:        Lhs, Rhs, Option,
        -:   83:        typename internal::product_promote_storage_type<typename internal::traits<Lhs>::StorageKind,
        -:   84:                                                        typename internal::traits<Rhs>::StorageKind,
        -:   85:                                                        internal::product_type<Lhs,Rhs>::ret>::ret>::Base Base;
        -:   86:    EIGEN_GENERIC_PUBLIC_INTERFACE(Product)
        -:   87:
        -:   88:    typedef typename internal::ref_selector<Lhs>::type LhsNested;
        -:   89:    typedef typename internal::ref_selector<Rhs>::type RhsNested;
        -:   90:    typedef typename internal::remove_all<LhsNested>::type LhsNestedCleaned;
        -:   91:    typedef typename internal::remove_all<RhsNested>::type RhsNestedCleaned;
        -:   92:
    6174*:   93:    EIGEN_DEVICE_FUNC Product(const Lhs& lhs, const Rhs& rhs) : m_lhs(lhs), m_rhs(rhs)
        -:   94:    {
    6174*:   95:      eigen_assert(lhs.cols() == rhs.rows()
    %%%%%:   95-block  0
    %%%%%:   95-block  1
    %%%%%:   95-block  2
    %%%%%:   95-block  3
    %%%%%:   95-block  4
    %%%%%:   95-block  5
    %%%%%:   95-block  6
    %%%%%:   95-block  7
    %%%%%:   95-block  8
       33:   95-block  9
    %%%%%:   95-block 10
    %%%%%:   95-block 11
        -:   96:        && "invalid matrix product"
        -:   97:        && "if you wanted a coeff-wise or a dot product use the respective explicit functions");
    4611*:   98:    }
------------------
_ZN5Eigen7ProductINS_9TransposeIKNS_5BlockIKNS_6MatrixIfLin1ELin1ELi0ELin1ELin1EEELin1ELi1ELb0EEEEENS2_INS2_INS3_IfLin1ELi1ELi0ELin1ELi1EEELin1ELi1ELb0EEELin1ELi1ELb0EEELi0EEC2ERKS8_RKSB_:
    #####:   93:    EIGEN_DEVICE_FUNC Product(const Lhs& lhs, const Rhs& rhs) : m_lhs(lhs), m_rhs(rhs)
        -:   94:    {
    #####:   95:      eigen_assert(lhs.cols() == rhs.rows()
    %%%%%:   95-block  0
    %%%%%:   95-block  1
        -:   96:        && "invalid matrix product"
        -:   97:        && "if you wanted a coeff-wise or a dot product use the respective explicit functions");
    #####:   98:    }
------------------
_ZN5Eigen7ProductINS_5BlockIKNS_6MatrixIfLin1ELin1ELi0ELin1ELin1EEELin1ELin1ELb1EEENS2_IfLin1ELi1ELi0ELin1ELi1EEELi0EEC2ERKS5_RKS6_:
        3:   93:    EIGEN_DEVICE_FUNC Product(const Lhs& lhs, const Rhs& rhs) : m_lhs(lhs), m_rhs(rhs)
        -:   94:    {
       3*:   95:      eigen_assert(lhs.cols() == rhs.rows()
        3:   95-block  0
    %%%%%:   95-block  1
        -:   96:        && "invalid matrix product"
        -:   97:        && "if you wanted a coeff-wise or a dot product use the respective explicit functions");
        3:   98:    }
------------------
_ZN5Eigen7ProductINS_15DiagonalWrapperIKNS_12CwiseUnaryOpINS_8internal17scalar_inverse_opIfEEKNS_5BlockIKNS_6MatrixIfLin1ELi1ELi0ELin1ELi1EEELin1ELi1ELb0EEEEEEES8_Li1EEC2ERKSE_RS9_:
        3:   93:    EIGEN_DEVICE_FUNC Product(const Lhs& lhs, const Rhs& rhs) : m_lhs(lhs), m_rhs(rhs)
        -:   94:    {
       3*:   95:      eigen_assert(lhs.cols() == rhs.rows()
        3:   95-block  0
    %%%%%:   95-block  1
        -:   96:        && "invalid matrix product"
        -:   97:        && "if you wanted a coeff-wise or a dot product use the respective explicit functions");
        3:   98:    }
------------------
_ZN5Eigen7ProductINS_9TransposeIKNS_5BlockIKNS_6MatrixIfLin1ELin1ELi0ELin1ELin1EEELin1ELin1ELb1EEEEENS3_IfLin1ELi1ELi0ELin1ELi1EEELi0EEC2ERKS8_RKS9_:
        3:   93:    EIGEN_DEVICE_FUNC Product(const Lhs& lhs, const Rhs& rhs) : m_lhs(lhs), m_rhs(rhs)
        -:   94:    {
       3*:   95:      eigen_assert(lhs.cols() == rhs.rows()
        3:   95-block  0
    %%%%%:   95-block  1
        -:   96:        && "invalid matrix product"
        -:   97:        && "if you wanted a coeff-wise or a dot product use the respective explicit functions");
        3:   98:    }
------------------
_ZN5Eigen7ProductINS_5BlockINS1_INS_6MatrixIfLin1ELin1ELi1ELin1ELin1EEELi1ELin1ELb1EEELi1ELin1ELb0EEENS_14TriangularViewINS1_IS3_Lin1ELin1ELb0EEELj2EEELi0EEC2ERKS5_RKS8_:
     1503:   93:    EIGEN_DEVICE_FUNC Product(const Lhs& lhs, const Rhs& rhs) : m_lhs(lhs), m_rhs(rhs)
        -:   94:    {
    1503*:   95:      eigen_assert(lhs.cols() == rhs.rows()
     1503:   95-block  0
    %%%%%:   95-block  1
        -:   96:        && "invalid matrix product"
        -:   97:        && "if you wanted a coeff-wise or a dot product use the respective explicit functions");
     1503:   98:    }
------------------
_ZN5Eigen7ProductINS_13CwiseBinaryOpINS_8internal17scalar_product_opIffEEKNS_14CwiseNullaryOpINS2_18scalar_constant_opIfEEKNS_6MatrixIfLi1ELin1ELi1ELi1ELin1EEEEEKNS_9TransposeIKNS_5BlockIKNSE_IKNSE_INS8_IfLin1ELin1ELi0ELin1ELin1EEELin1ELin1ELb0EEELin1ELi1ELb1EEELin1ELi1ELb0EEEEEEENS_14TriangularViewIKNSE_ISH_Lin1ELin1ELb0EEELj5EEELi0EEC2ERKSO_RKSS_:
     1503:   93:    EIGEN_DEVICE_FUNC Product(const Lhs& lhs, const Rhs& rhs) : m_lhs(lhs), m_rhs(rhs)
        -:   94:    {
    1503*:   95:      eigen_assert(lhs.cols() == rhs.rows()
     1503:   95-block  0
    %%%%%:   95-block  1
        -:   96:        && "invalid matrix product"
        -:   97:        && "if you wanted a coeff-wise or a dot product use the respective explicit functions");
     1503:   98:    }
------------------
_ZN5Eigen7ProductINS_14TriangularViewIKNS_5BlockINS_6MatrixIfLin1ELin1ELi0ELin1ELin1EEELin1ELin1ELb0EEELj5EEES4_Li0EEC2ERKS7_RKS4_:
       33:   93:    EIGEN_DEVICE_FUNC Product(const Lhs& lhs, const Rhs& rhs) : m_lhs(lhs), m_rhs(rhs)
        -:   94:    {
      33*:   95:      eigen_assert(lhs.cols() == rhs.rows()
       33:   95-block  0
    %%%%%:   95-block  1
        -:   96:        && "invalid matrix product"
        -:   97:        && "if you wanted a coeff-wise or a dot product use the respective explicit functions");
       33:   98:    }
------------------
_ZN5Eigen7ProductINS_14TriangularViewIKNS_9TransposeIKNS_5BlockINS_6MatrixIfLin1ELin1ELi0ELin1ELin1EEELin1ELin1ELb0EEEEELj6EEES6_Li0EEC2ERKSA_RS7_:
       33:   93:    EIGEN_DEVICE_FUNC Product(const Lhs& lhs, const Rhs& rhs) : m_lhs(lhs), m_rhs(rhs)
        -:   94:    {
      33*:   95:      eigen_assert(lhs.cols() == rhs.rows()
       33:   95-block  0
    %%%%%:   95-block  1
        -:   96:        && "invalid matrix product"
        -:   97:        && "if you wanted a coeff-wise or a dot product use the respective explicit functions");
       33:   98:    }
------------------
_ZN5Eigen7ProductINS_9TransposeIKNS_5BlockIKNS_6MatrixIfLin1ELin1ELi0ELin1ELin1EEELin1ELi1ELb0EEEEENS2_INS2_IS4_Lin1ELin1ELb0EEELin1ELin1ELb0EEELi0EEC2ERKS8_RKSA_:
    #####:   93:    EIGEN_DEVICE_FUNC Product(const Lhs& lhs, const Rhs& rhs) : m_lhs(lhs), m_rhs(rhs)
        -:   94:    {
    #####:   95:      eigen_assert(lhs.cols() == rhs.rows()
    %%%%%:   95-block  0
    %%%%%:   95-block  1
        -:   96:        && "invalid matrix product"
        -:   97:        && "if you wanted a coeff-wise or a dot product use the respective explicit functions");
    #####:   98:    }
------------------
_ZN5Eigen7ProductINS_5BlockINS1_INS_6MatrixIfLin1ELin1ELi0ELin1ELin1EEELin1ELin1ELb0EEELin1ELin1ELb0EEENS1_IKS3_Lin1ELi1ELb0EEELi0EEC2ERKS5_RKS7_:
    #####:   93:    EIGEN_DEVICE_FUNC Product(const Lhs& lhs, const Rhs& rhs) : m_lhs(lhs), m_rhs(rhs)
        -:   94:    {
    #####:   95:      eigen_assert(lhs.cols() == rhs.rows()
    %%%%%:   95-block  0
    %%%%%:   95-block  1
        -:   96:        && "invalid matrix product"
        -:   97:        && "if you wanted a coeff-wise or a dot product use the respective explicit functions");
    #####:   98:    }
------------------
_ZN5Eigen7ProductINS_9TransposeIKNS_5BlockINS2_INS_6MatrixIfLin1ELin1ELi0ELin1ELin1EEELin1ELi1ELb1EEELin1ELi1ELb0EEEEENS2_INS2_IS4_Lin1ELin1ELb0EEELin1ELin1ELb0EEELi0EEC2ERKS8_RKSA_:
     1530:   93:    EIGEN_DEVICE_FUNC Product(const Lhs& lhs, const Rhs& rhs) : m_lhs(lhs), m_rhs(rhs)
        -:   94:    {
    1530*:   95:      eigen_assert(lhs.cols() == rhs.rows()
     1530:   95-block  0
    %%%%%:   95-block  1
        -:   96:        && "invalid matrix product"
        -:   97:        && "if you wanted a coeff-wise or a dot product use the respective explicit functions");
     1530:   98:    }
------------------
        -:   99:
      66*:  100:    EIGEN_DEVICE_FUNC inline Index rows() const { return m_lhs.rows(); }
    %%%%%:  100-block  0
    %%%%%:  100-block  1
       33:  100-block  2
       33:  100-block  3
    %%%%%:  100-block  4
      66*:  101:    EIGEN_DEVICE_FUNC inline Index cols() const { return m_rhs.cols(); }
    %%%%%:  101-block  0
    %%%%%:  101-block  1
       33:  101-block  2
       33:  101-block  3
    %%%%%:  101-block  4
        -:  102:
       3*:  103:    EIGEN_DEVICE_FUNC const LhsNestedCleaned& lhs() const { return m_lhs; }
    %%%%%:  103-block  0
    %%%%%:  103-block  1
        3:  103-block  2
       3*:  104:    EIGEN_DEVICE_FUNC const RhsNestedCleaned& rhs() const { return m_rhs; }
    %%%%%:  104-block  0
    %%%%%:  104-block  1
        3:  104-block  2
    %%%%%:  104-block  3
    %%%%%:  104-block  4
        -:  105:
        -:  106:  protected:
        -:  107:
        -:  108:    LhsNested m_lhs;
        -:  109:    RhsNested m_rhs;
        -:  110:};
        -:  111:
        -:  112:namespace internal {
        -:  113:  
        -:  114:template<typename Lhs, typename Rhs, int Option, int ProductTag = internal::product_type<Lhs,Rhs>::ret>
    6174*:  115:class dense_product_base
        -:  116: : public internal::dense_xpr_base<Product<Lhs,Rhs,Option> >::type
        -:  117:{};
        -:  118:
        -:  119:/** Convertion to scalar for inner-products */
        -:  120:template<typename Lhs, typename Rhs, int Option>
    #####:  121:class dense_product_base<Lhs, Rhs, Option, InnerProduct>
        -:  122: : public internal::dense_xpr_base<Product<Lhs,Rhs,Option> >::type
        -:  123:{
        -:  124:  typedef Product<Lhs,Rhs,Option> ProductXpr;
        -:  125:  typedef typename internal::dense_xpr_base<ProductXpr>::type Base;
        -:  126:public:
        -:  127:  using Base::derived;
        -:  128:  typedef typename Base::Scalar Scalar;
        -:  129:  
        -:  130:  operator const Scalar() const
        -:  131:  {
        -:  132:    return internal::evaluator<ProductXpr>(derived()).coeff(0,0);
        -:  133:  }
        -:  134:};
        -:  135:
        -:  136:} // namespace internal
        -:  137:
        -:  138:// Generic API dispatcher
        -:  139:template<typename Lhs, typename Rhs, int Option, typename StorageKind>
        -:  140:class ProductImpl : public internal::generic_xpr_base<Product<Lhs,Rhs,Option>, MatrixXpr, StorageKind>::type
        -:  141:{
        -:  142:  public:
        -:  143:    typedef typename internal::generic_xpr_base<Product<Lhs,Rhs,Option>, MatrixXpr, StorageKind>::type Base;
        -:  144:};
        -:  145:
        -:  146:template<typename Lhs, typename Rhs, int Option>
    6174*:  147:class ProductImpl<Lhs,Rhs,Option,Dense>
    %%%%%:  147-block  0
    %%%%%:  147-block  1
        3:  147-block  2
        3:  147-block  3
        3:  147-block  4
     1503:  147-block  5
     1503:  147-block  6
    %%%%%:  147-block  7
    %%%%%:  147-block  8
    %%%%%:  147-block  9
       33:  147-block 10
       33:  147-block 11
    %%%%%:  147-block 12
    %%%%%:  147-block 13
     1530:  147-block 14
    %%%%%:  147-block 15
       33:  147-block 16
    %%%%%:  147-block 17
    %%%%%:  147-block 18
        -:  148:  : public internal::dense_product_base<Lhs,Rhs,Option>
        -:  149:{
        -:  150:    typedef Product<Lhs, Rhs, Option> Derived;
        -:  151:    
        -:  152:  public:
        -:  153:    
        -:  154:    typedef typename internal::dense_product_base<Lhs, Rhs, Option> Base;
        -:  155:    EIGEN_DENSE_PUBLIC_INTERFACE(Derived)
        -:  156:  protected:
        -:  157:    enum {
        -:  158:      IsOneByOne = (RowsAtCompileTime == 1 || RowsAtCompileTime == Dynamic) && 
        -:  159:                   (ColsAtCompileTime == 1 || ColsAtCompileTime == Dynamic),
        -:  160:      EnableCoeff = IsOneByOne || Option==LazyProduct
        -:  161:    };
        -:  162:    
        -:  163:  public:
        -:  164:  
        -:  165:    EIGEN_DEVICE_FUNC Scalar coeff(Index row, Index col) const
        -:  166:    {
        -:  167:      EIGEN_STATIC_ASSERT(EnableCoeff, THIS_METHOD_IS_ONLY_FOR_INNER_OR_LAZY_PRODUCTS);
        -:  168:      eigen_assert( (Option==LazyProduct) || (this->rows() == 1 && this->cols() == 1) );
        -:  169:      
        -:  170:      return internal::evaluator<Derived>(derived()).coeff(row,col);
        -:  171:    }
        -:  172:
        -:  173:    EIGEN_DEVICE_FUNC Scalar coeff(Index i) const
        -:  174:    {
        -:  175:      EIGEN_STATIC_ASSERT(EnableCoeff, THIS_METHOD_IS_ONLY_FOR_INNER_OR_LAZY_PRODUCTS);
        -:  176:      eigen_assert( (Option==LazyProduct) || (this->rows() == 1 && this->cols() == 1) );
        -:  177:      
        -:  178:      return internal::evaluator<Derived>(derived()).coeff(i);
        -:  179:    }
        -:  180:    
        -:  181:  
        -:  182:};
        -:  183:
        -:  184:} // end namespace Eigen
        -:  185:
        -:  186:#endif // EIGEN_PRODUCT_H
